2D Euler Solver: Node-Centered Finite-Volume-Method
Numerical Flux: 2D Roe flux with an entropy fix
Order of Accuracy: 1

Mesh Parameters:
Number of Elements: 100
Number of Interior Edges: 133
Number of Boundary Edges: 34

****************************************
           Simulation Start             
****************************************
niter: 1 Res: 1.003767354303430004e+00
niter: 2 Res: 6.971942978316126860e-01
niter: 3 Res: 6.346659129769877117e-01
niter: 4 Res: 5.348893779571275431e-01
niter: 5 Res: 4.600136718241020217e-01
niter: 6 Res: 4.240171637442444186e-01
niter: 7 Res: 3.992881438771386793e-01
niter: 8 Res: 3.712361348635259684e-01
niter: 9 Res: 3.414279114051324560e-01
niter: 10 Res: 3.181420981275500659e-01
niter: 11 Res: 3.046148198823026565e-01
niter: 12 Res: 2.966077134722934772e-01
niter: 13 Res: 2.891829624585247061e-01
niter: 14 Res: 2.811289602392897380e-01
niter: 15 Res: 2.737803028498915214e-01
niter: 16 Res: 2.681934643018875075e-01
niter: 17 Res: 2.640413518689797567e-01
niter: 18 Res: 2.602999386145504745e-01
niter: 19 Res: 2.561147638709758700e-01
niter: 20 Res: 2.510929604285619954e-01
niter: 21 Res: 2.452602405856454115e-01
niter: 22 Res: 2.389403915629140507e-01
niter: 23 Res: 2.325732805148667814e-01
niter: 24 Res: 2.264489965638948887e-01
niter: 25 Res: 2.204576518820355602e-01
niter: 26 Res: 2.140256260047272430e-01
niter: 27 Res: 2.063117995848776087e-01
niter: 28 Res: 1.965626721185241288e-01
niter: 29 Res: 1.844527942782605567e-01
niter: 30 Res: 1.702957367744132033e-01
niter: 31 Res: 1.550941869375805915e-01
niter: 32 Res: 1.404332181072093788e-01
niter: 33 Res: 1.281815137427902707e-01
niter: 34 Res: 1.199315264446489671e-01
niter: 35 Res: 1.162785740914422383e-01
niter: 36 Res: 1.164489771545128144e-01
niter: 37 Res: 1.187142596836000402e-01
niter: 38 Res: 1.212212542341997018e-01
niter: 39 Res: 1.225767611533397083e-01
niter: 40 Res: 1.220247236031976046e-01
niter: 41 Res: 1.193826039277448986e-01
niter: 42 Res: 1.148919645164146186e-01
niter: 43 Res: 1.090528042088625971e-01
niter: 44 Res: 1.024713962087188401e-01
niter: 45 Res: 9.573524215121057002e-02
niter: 46 Res: 8.932687583678380894e-02
niter: 47 Res: 8.358608585078185216e-02
niter: 48 Res: 7.871920213046901260e-02
niter: 49 Res: 7.484045758892307609e-02
niter: 50 Res: 7.201954488784138853e-02
niter: 51 Res: 7.030486707094407706e-02
niter: 52 Res: 6.971501271512599296e-02
niter: 53 Res: 7.020951545349046752e-02
niter: 54 Res: 7.166543876098761812e-02
niter: 55 Res: 7.388020610358732310e-02
niter: 56 Res: 7.660036368423982223e-02
niter: 57 Res: 7.956023804507625363e-02
niter: 58 Res: 8.251416065067836147e-02
niter: 59 Res: 8.525507687096811615e-02
niter: 60 Res: 8.762063583591792049e-02
niter: 61 Res: 8.949127661345664120e-02
niter: 62 Res: 9.078466440188430464e-02
niter: 63 Res: 9.144951491626954199e-02
niter: 64 Res: 9.146004546293151627e-02
niter: 65 Res: 9.081171339888952088e-02
niter: 66 Res: 8.951803199557641089e-02
niter: 67 Res: 8.760832849130995026e-02
niter: 68 Res: 8.512613088495983582e-02
niter: 69 Res: 8.212794248537728936e-02
niter: 70 Res: 7.868225448441187875e-02
niter: 71 Res: 7.486872270126242179e-02
niter: 72 Res: 7.077746742473886576e-02
niter: 73 Res: 6.650845412568012760e-02
niter: 74 Res: 6.217082845202396429e-02
niter: 75 Res: 5.788196473146822729e-02
niter: 76 Res: 5.376487663607703443e-02
niter: 77 Res: 4.994410949740218236e-02
niter: 78 Res: 4.653826700696021140e-02
niter: 79 Res: 4.364830362477042924e-02
niter: 80 Res: 4.134243316246056371e-02
niter: 81 Res: 3.964155095179073413e-02
niter: 82 Res: 3.851160708655912424e-02
niter: 83 Res: 3.786836605045024867e-02
niter: 84 Res: 3.759451075832138944e-02
niter: 85 Res: 3.756302279073244627e-02
niter: 86 Res: 3.765872363696980835e-02
niter: 87 Res: 3.779293748018339866e-02
niter: 88 Res: 3.791031393423368451e-02
niter: 89 Res: 3.798911116637947172e-02
niter: 90 Res: 3.803695554857943611e-02
niter: 91 Res: 3.808353574329718244e-02
niter: 92 Res: 3.817137918295688409e-02
niter: 93 Res: 3.834577923640006963e-02
niter: 94 Res: 3.864518927520520925e-02
niter: 95 Res: 3.909361221242394629e-02
niter: 96 Res: 3.969632898732315673e-02
niter: 97 Res: 4.043957280034334717e-02
niter: 98 Res: 4.129370829745841742e-02
niter: 99 Res: 4.221862002454265794e-02
niter: 100 Res: 4.316973013300746259e-02
niter: 101 Res: 4.410334941639224710e-02
niter: 102 Res: 4.498063157175255511e-02
niter: 103 Res: 4.576994271338565706e-02
niter: 104 Res: 4.644781857808025216e-02
niter: 105 Res: 4.699884850001281866e-02
niter: 106 Res: 4.741485520158268685e-02
niter: 107 Res: 4.769369599419084199e-02
niter: 108 Res: 4.783793863475023500e-02
niter: 109 Res: 4.785358804677214417e-02
niter: 110 Res: 4.774896998908924328e-02
niter: 111 Res: 4.753381980333040713e-02
niter: 112 Res: 4.721858082451642347e-02
niter: 113 Res: 4.681388549044873670e-02
niter: 114 Res: 4.633019125044219449e-02
niter: 115 Res: 4.577751852450970965e-02
niter: 116 Res: 4.516525450970627908e-02
niter: 117 Res: 4.450200950542657768e-02
niter: 118 Res: 4.379550622521469899e-02
niter: 119 Res: 4.305250089696663340e-02
niter: 120 Res: 4.227873716550525907e-02
niter: 121 Res: 4.147893951365472925e-02
niter: 122 Res: 4.065685256806485931e-02
niter: 123 Res: 3.981532841090032471e-02
niter: 124 Res: 3.895645195158342622e-02
niter: 125 Res: 3.808169681180290089e-02
niter: 126 Res: 3.719209776414567070e-02
niter: 127 Res: 3.628842541445001513e-02
niter: 128 Res: 3.537135083085170967e-02
niter: 129 Res: 3.444158862990397141e-02
niter: 130 Res: 3.350001435685252826e-02
niter: 131 Res: 3.254775694325799662e-02
niter: 132 Res: 3.158625600913392284e-02
niter: 133 Res: 3.061729450143413356e-02
niter: 134 Res: 2.964300971701954238e-02
niter: 135 Res: 2.866588607734560021e-02
niter: 136 Res: 2.768873641029336377e-02
niter: 137 Res: 2.671467643639957937e-02
niter: 138 Res: 2.574709575785692067e-02
niter: 139 Res: 2.478962826438972297e-02
niter: 140 Res: 2.384612387166083411e-02
niter: 141 Res: 2.292062226657496857e-02
niter: 142 Res: 2.201732848025350978e-02
niter: 143 Res: 2.114058949048812364e-02
niter: 144 Res: 2.029487043245933181e-02
niter: 145 Res: 1.948472820467408995e-02
niter: 146 Res: 1.871477926874196007e-02
niter: 147 Res: 1.798965739090489790e-02
niter: 148 Res: 1.731395617327959047e-02
niter: 149 Res: 1.669215084206914293e-02
niter: 150 Res: 1.612849442140907794e-02
niter: 151 Res: 1.562688569011855960e-02
niter: 152 Res: 1.519071058104574413e-02
niter: 153 Res: 1.482266482377452357e-02
niter: 154 Res: 1.452457271770487245e-02
niter: 155 Res: 1.429722310683890531e-02
niter: 156 Res: 1.414024652005367588e-02
niter: 157 Res: 1.405205502144338606e-02
niter: 158 Res: 1.402985807203962522e-02
niter: 159 Res: 1.406975531527350498e-02
niter: 160 Res: 1.416689414966022971e-02
niter: 161 Res: 1.431567009038701987e-02
niter: 162 Res: 1.450994384609169061e-02
niter: 163 Res: 1.474325098343236447e-02
niter: 164 Res: 1.500898639628363979e-02
niter: 165 Res: 1.530055391907428515e-02
niter: 166 Res: 1.561147899919299725e-02
niter: 167 Res: 1.593548794308630862e-02
niter: 168 Res: 1.626656044544234556e-02
niter: 169 Res: 1.659896343088231377e-02
niter: 170 Res: 1.692727208632525612e-02
niter: 171 Res: 1.724638605874845645e-02
niter: 172 Res: 1.755154562301084256e-02
niter: 173 Res: 1.783834775750239854e-02
niter: 174 Res: 1.810276478399566041e-02
niter: 175 Res: 1.834116531637324660e-02
niter: 176 Res: 1.855033655400616099e-02
niter: 177 Res: 1.872750652990876757e-02
niter: 178 Res: 1.887036453706704767e-02
niter: 179 Res: 1.897707803619809799e-02
niter: 180 Res: 1.904630455586484028e-02
niter: 181 Res: 1.907719732330378365e-02
niter: 182 Res: 1.906940364386776679e-02
niter: 183 Res: 1.902305538545657690e-02
niter: 184 Res: 1.893875129036373672e-02
niter: 185 Res: 1.881753119617161560e-02
niter: 186 Res: 1.866084257760994639e-02
niter: 187 Res: 1.847050011161546768e-02
niter: 188 Res: 1.824863921337573081e-02
niter: 189 Res: 1.799766469052404075e-02
niter: 190 Res: 1.772019578730264083e-02
niter: 191 Res: 1.741900786396264472e-02
niter: 192 Res: 1.709697669277482346e-02
niter: 193 Res: 1.675702098120717895e-02
niter: 194 Res: 1.640204714395020538e-02
niter: 195 Res: 1.603489849534676936e-02
niter: 196 Res: 1.565830922206656525e-02
niter: 197 Res: 1.527486427615365634e-02
niter: 198 Res: 1.488696618038480232e-02
niter: 199 Res: 1.449680937694225458e-02
niter: 200 Res: 1.410636256215674900e-02
niter: 201 Res: 1.371735913200413520e-02
niter: 202 Res: 1.333129547818769772e-02
niter: 203 Res: 1.294943655572866094e-02
niter: 204 Res: 1.257282789613234537e-02
niter: 205 Res: 1.220231304186472111e-02
niter: 206 Res: 1.183855522998000266e-02
niter: 207 Res: 1.148206207098196110e-02
niter: 208 Res: 1.113321196371117906e-02
niter: 209 Res: 1.079228105680882233e-02
niter: 210 Res: 1.045946970058077297e-02
niter: 211 Res: 1.013492751240706140e-02
niter: 212 Res: 9.818776383704180821e-03
niter: 213 Res: 9.511130966108095885e-03
niter: 214 Res: 9.212116369965666837e-03
niter: 215 Res: 8.921882973657346491e-03
niter: 216 Res: 8.640618366528242736e-03
niter: 217 Res: 8.368556524860352314e-03
niter: 218 Res: 8.105984348044359064e-03
niter: 219 Res: 7.853245664039528243e-03
niter: 220 Res: 7.610742756773313487e-03
niter: 221 Res: 7.378935384563536058e-03
niter: 222 Res: 7.158337162834137526e-03
niter: 223 Res: 6.949509094931763387e-03
niter: 224 Res: 6.753049973768366840e-03
niter: 225 Res: 6.569583369090337653e-03
niter: 226 Res: 6.399740985901326840e-03
niter: 227 Res: 6.244142350976993397e-03
niter: 228 Res: 6.103371068814074894e-03
niter: 229 Res: 5.977948279652285125e-03
niter: 230 Res: 5.868304417626335825e-03
niter: 231 Res: 5.774750842333919998e-03
niter: 232 Res: 5.697453309657702150e-03
niter: 233 Res: 5.636409708995996672e-03
niter: 234 Res: 5.591433436587077074e-03
niter: 235 Res: 5.562144443347984829e-03
niter: 236 Res: 5.547969610300693480e-03
niter: 237 Res: 5.548151925348034606e-03
niter: 238 Res: 5.561767932750700041e-03
niter: 239 Res: 5.587751686839309562e-03
niter: 240 Res: 5.624923190071538792e-03
niter: 241 Res: 5.672019012846114296e-03
niter: 242 Res: 5.727723001224860160e-03
niter: 243 Res: 5.790695349159033500e-03
niter: 244 Res: 5.859598739845955917e-03
niter: 245 Res: 5.933120746226389769e-03
niter: 246 Res: 6.009992151904686337e-03
niter: 247 Res: 6.089001236622725022e-03
niter: 248 Res: 6.169004333632072123e-03
niter: 249 Res: 6.248933115607842662e-03
niter: 250 Res: 6.327799124273438165e-03
niter: 251 Res: 6.404696054001018587e-03
niter: 252 Res: 6.478800256280002265e-03
niter: 253 Res: 6.549369869833391276e-03
niter: 254 Res: 6.615742913905933546e-03
niter: 255 Res: 6.677334618146946871e-03
niter: 256 Res: 6.733634205905046979e-03
niter: 257 Res: 6.784201300367958924e-03
niter: 258 Res: 6.828662084808975914e-03
niter: 259 Res: 6.866705318474617195e-03
niter: 260 Res: 6.898078286988088004e-03
niter: 261 Res: 6.922582749180441683e-03
niter: 262 Res: 6.940070929580016701e-03
niter: 263 Res: 6.950441596327469086e-03
niter: 264 Res: 6.953636257005031858e-03
niter: 265 Res: 6.949635499141945671e-03
niter: 266 Res: 6.938455497442320465e-03
niter: 267 Res: 6.920144705719183213e-03
niter: 268 Res: 6.894780747919691984e-03
niter: 269 Res: 6.862467519302931085e-03
niter: 270 Res: 6.823332505761727299e-03
niter: 271 Res: 6.777524326407977952e-03
niter: 272 Res: 6.725210501856122326e-03
niter: 273 Res: 6.666575448173528776e-03
niter: 274 Res: 6.601818694227612645e-03
niter: 275 Res: 6.531153318143150324e-03
niter: 276 Res: 6.454804596847536421e-03
niter: 277 Res: 6.373008861189887082e-03
niter: 278 Res: 6.286012547909588036e-03
niter: 279 Res: 6.194071438787717744e-03
niter: 280 Res: 6.097450076628424011e-03
niter: 281 Res: 5.996421347279914070e-03
niter: 282 Res: 5.891265958237410123e-03
niter: 283 Res: 5.782272546788320110e-03
niter: 284 Res: 5.669737871424753752e-03
niter: 285 Res: 5.553966896702510446e-03
niter: 286 Res: 5.435273014029820722e-03
niter: 287 Res: 5.313978411216235993e-03
niter: 288 Res: 5.190414490026031002e-03
niter: 289 Res: 5.064922364076318052e-03
niter: 290 Res: 4.937853439964786685e-03
niter: 291 Res: 4.809570044650463005e-03
niter: 292 Res: 4.680446086520959233e-03
niter: 293 Res: 4.550867744815313698e-03
niter: 294 Res: 4.421234163318603881e-03
niter: 295 Res: 4.291958107280083486e-03
niter: 296 Res: 4.163466532118091992e-03
niter: 297 Res: 4.036200999924829773e-03
niter: 298 Res: 3.910617860578876302e-03
niter: 299 Res: 3.787188089519587849e-03
niter: 300 Res: 3.666396646025947732e-03
niter: 301 Res: 3.548741185279900151e-03
niter: 302 Res: 3.434729926344461289e-03
niter: 303 Res: 3.324878450363483347e-03
niter: 304 Res: 3.219705185991813753e-03
niter: 305 Res: 3.119725342470399537e-03
niter: 306 Res: 3.025443087585674880e-03
niter: 307 Res: 2.937341851772662816e-03
niter: 308 Res: 2.855872782581413052e-03
niter: 309 Res: 2.781441580879472509e-03
niter: 310 Res: 2.714394213514849646e-03
niter: 311 Res: 2.655002289979523956e-03
niter: 312 Res: 2.603449164256639841e-03
niter: 313 Res: 2.559818012035225410e-03
niter: 314 Res: 2.524083169187485085e-03
niter: 315 Res: 2.496105850421860735e-03
niter: 316 Res: 2.475634990166330433e-03
niter: 317 Res: 2.462313409163891399e-03
niter: 318 Res: 2.455688907768967342e-03
niter: 319 Res: 2.455229341541109809e-03
niter: 320 Res: 2.460340353670232520e-03
niter: 321 Res: 2.470384283234846115e-03
niter: 322 Res: 2.484698839680843548e-03
niter: 323 Res: 2.502614382120627035e-03
niter: 324 Res: 2.523468988960482582e-03
niter: 325 Res: 2.546620869615525730e-03
niter: 326 Res: 2.571457994456937887e-03
niter: 327 Res: 2.597405067081079520e-03
niter: 328 Res: 2.623928124723479138e-03
niter: 329 Res: 2.650537136176018063e-03
niter: 330 Res: 2.676786989061935660e-03
niter: 331 Res: 2.702277239322189561e-03
niter: 332 Res: 2.726650952806564283e-03
niter: 333 Res: 2.749592915421267356e-03
niter: 334 Res: 2.770827433633320670e-03
niter: 335 Res: 2.790115896723397056e-03
niter: 336 Res: 2.807254228747693009e-03
niter: 337 Res: 2.822070322536423658e-03
niter: 338 Res: 2.834421519921202174e-03
niter: 339 Res: 2.844192180887281443e-03
niter: 340 Res: 2.851291368377321424e-03
niter: 341 Res: 2.855650663929291695e-03
niter: 342 Res: 2.857222121235455242e-03
niter: 343 Res: 2.855976359181080799e-03
niter: 344 Res: 2.851900792297714943e-03
niter: 345 Res: 2.844997994315382785e-03
niter: 346 Res: 2.835284189170010367e-03
niter: 347 Res: 2.822787863174585406e-03
niter: 348 Res: 2.807548491812739393e-03
niter: 349 Res: 2.789615374645493511e-03
niter: 350 Res: 2.769046572007773880e-03
niter: 351 Res: 2.745907937452467338e-03
niter: 352 Res: 2.720272240212175379e-03
niter: 353 Res: 2.692218372276056464e-03
niter: 354 Res: 2.661830635019525691e-03
niter: 355 Res: 2.629198100635227707e-03
niter: 356 Res: 2.594414043931879150e-03
niter: 357 Res: 2.557575440371898101e-03
niter: 358 Res: 2.518782526532827113e-03
niter: 359 Res: 2.478138419471354308e-03
niter: 360 Res: 2.435748791800279589e-03
niter: 361 Res: 2.391721599613177117e-03
niter: 362 Res: 2.346166860732064839e-03
niter: 363 Res: 2.299196481122621656e-03
niter: 364 Res: 2.250924127706301330e-03
niter: 365 Res: 2.201465146185424982e-03
niter: 366 Res: 2.150936522929737700e-03
niter: 367 Res: 2.099456890381310326e-03
niter: 368 Res: 2.047146575850598664e-03
niter: 369 Res: 1.994127694001295286e-03
niter: 370 Res: 1.940524283637122364e-03
niter: 371 Res: 1.886462489718574928e-03
niter: 372 Res: 1.832070791646970946e-03
niter: 373 Res: 1.777480278811579845e-03
niter: 374 Res: 1.722824974006919143e-03
niter: 375 Res: 1.668242204504294694e-03
niter: 376 Res: 1.613873019083883606e-03
niter: 377 Res: 1.559862646939847363e-03
niter: 378 Res: 1.506360990744104586e-03
niter: 379 Res: 1.453523140827539268e-03
niter: 380 Res: 1.401509889909748107e-03
niter: 381 Res: 1.350488217469600219e-03
niter: 382 Res: 1.300631699095563566e-03
niter: 383 Res: 1.252120778415998122e-03
niter: 384 Res: 1.205142817353367472e-03
niter: 385 Res: 1.159891814902188831e-03
niter: 386 Res: 1.116567657172239970e-03
niter: 387 Res: 1.075374735658714753e-03
niter: 388 Res: 1.036519753085840285e-03
niter: 389 Res: 1.000208536252600961e-03
niter: 390 Res: 9.666417059593553898e-04
niter: 391 Res: 9.360091291194223102e-04
niter: 392 Res: 9.084832088190547897e-04
niter: 393 Res: 8.842112556030967208e-04
niter: 394 Res: 8.633074111647350782e-04
niter: 395 Res: 8.458448237923942188e-04
niter: 396 Res: 8.318489415280170586e-04
niter: 397 Res: 8.212928254328752051e-04
niter: 398 Res: 8.140952423677784390e-04
niter: 399 Res: 8.101219726224355173e-04
niter: 400 Res: 8.091903219161585481e-04
niter: 401 Res: 8.110763667715346773e-04
niter: 402 Res: 8.155241032195527850e-04
niter: 403 Res: 8.222554922405549919e-04
niter: 404 Res: 8.309804201460556849e-04
niter: 405 Res: 8.414057772650658257e-04
niter: 406 Res: 8.532431291002068189e-04
niter: 407 Res: 8.662147342046894747e-04
niter: 408 Res: 8.800578973807148290e-04
niter: 409 Res: 8.945278094874155707e-04
niter: 410 Res: 9.093991149045386546e-04
niter: 411 Res: 9.244664780039394715e-04
niter: 412 Res: 9.395444096996209650e-04
niter: 413 Res: 9.544665820016348797e-04
niter: 414 Res: 9.690848160451396047e-04
niter: 415 Res: 9.832678862562039667e-04
niter: 416 Res: 9.969002450042380344e-04
niter: 417 Res: 1.009880740376522352e-03
niter: 418 Res: 1.022121374878463959e-03
niter: 419 Res: 1.033546134260270857e-03
niter: 420 Res: 1.044089902307089720e-03
niter: 421 Res: 1.053697468141397533e-03
niter: 422 Res: 1.062322626450141420e-03
niter: 423 Res: 1.069927367151517336e-03
niter: 424 Res: 1.076481148760609742e-03
niter: 425 Res: 1.081960248550738668e-03
niter: 426 Res: 1.086347182193407807e-03
niter: 427 Res: 1.089630185621695817e-03
niter: 428 Res: 1.091802752204142080e-03
niter: 429 Res: 1.092863218830909247e-03
niter: 430 Res: 1.092814395099231005e-03
niter: 431 Res: 1.091663230385730770e-03
niter: 432 Res: 1.089420514195850193e-03
niter: 433 Res: 1.086100605732311965e-03
niter: 434 Res: 1.081721189146817247e-03
niter: 435 Res: 1.076303051405404264e-03
niter: 436 Res: 1.069869880114212614e-03
niter: 437 Res: 1.062448079029431345e-03
niter: 438 Res: 1.054066599305599492e-03
niter: 439 Res: 1.044756784808583555e-03
niter: 440 Res: 1.034552230095294161e-03
niter: 441 Res: 1.023488649852067906e-03
niter: 442 Res: 1.011603758790598521e-03
niter: 443 Res: 9.989371611401403825e-04
niter: 444 Res: 9.855302490222412823e-04
niter: 445 Res: 9.714261090741891942e-04
niter: 446 Res: 9.566694367875887891e-04
niter: 447 Res: 9.413064580628844333e-04
niter: 448 Res: 9.253848575001943477e-04
niter: 449 Res: 9.089537129415372913e-04
niter: 450 Res: 8.920634357215431699e-04
niter: 451 Res: 8.747657159878589580e-04
niter: 452 Res: 8.571134723134104464e-04
niter: 453 Res: 8.391608046094215520e-04
niter: 454 Res: 8.209629490733593490e-04
niter: 455 Res: 8.025762335479571727e-04
niter: 456 Res: 7.840580312020192875e-04
niter: 457 Res: 7.654667098966096150e-04
niter: 458 Res: 7.468615738951205844e-04
niter: 459 Res: 7.283027937795393935e-04
niter: 460 Res: 7.098513195003079961e-04
niter: 461 Res: 6.915687704365573686e-04
niter: 462 Res: 6.735172952301535796e-04
niter: 463 Res: 6.557593930118369493e-04
niter: 464 Res: 6.383576866087409870e-04
niter: 465 Res: 6.213746374804509720e-04
niter: 466 Res: 6.048721917686371080e-04
niter: 467 Res: 5.889113471455618759e-04
niter: 468 Res: 5.735516314668340611e-04
niter: 469 Res: 5.588504868925240785e-04
niter: 470 Res: 5.448625574490718361e-04
niter: 471 Res: 5.316388842195032480e-04
niter: 472 Res: 5.192260204456128868e-04
niter: 473 Res: 5.076650886268085005e-04
niter: 474 Res: 4.969908124326937078e-04
niter: 475 Res: 4.872305668877438957e-04
niter: 476 Res: 4.784034992262210383e-04
niter: 477 Res: 4.705197783415066698e-04
niter: 478 Res: 4.635800311280732127e-04
niter: 479 Res: 4.575750180696786700e-04
niter: 480 Res: 4.524855878231562279e-04
niter: 481 Res: 4.482829321409045453e-04
niter: 482 Res: 4.449291403185597180e-04
niter: 483 Res: 4.423780293013531177e-04
niter: 484 Res: 4.405762048466858698e-04
niter: 485 Res: 4.394642935271353564e-04
niter: 486 Res: 4.389782766795824269e-04
niter: 487 Res: 4.390508562353677836e-04
niter: 488 Res: 4.396127879567713150e-04
niter: 489 Res: 4.405941283274538507e-04
niter: 490 Res: 4.419253550234917465e-04
niter: 491 Res: 4.435383354404091676e-04
niter: 492 Res: 4.453671313564693825e-04
niter: 493 Res: 4.473486393637676316e-04
niter: 494 Res: 4.494230754744183375e-04
niter: 495 Res: 4.515343183395565557e-04
niter: 496 Res: 4.536301289677005110e-04
niter: 497 Res: 4.556622661697514029e-04
niter: 498 Res: 4.575865167633427354e-04
niter: 499 Res: 4.593626582836738250e-04
niter: 500 Res: 4.609543700447604774e-04
niter: 501 Res: 4.623291062145891916e-04
niter: 502 Res: 4.634579423051291805e-04
niter: 503 Res: 4.643154043938889017e-04
niter: 504 Res: 4.648792884406640594e-04
niter: 505 Res: 4.651304754205660475e-04
niter: 506 Res: 4.650527465994091733e-04
niter: 507 Res: 4.646326021028095382e-04
niter: 508 Res: 4.638590850335044401e-04
niter: 509 Res: 4.627236126323903552e-04
niter: 510 Res: 4.612198154514902579e-04
niter: 511 Res: 4.593433850395534329e-04
niter: 512 Res: 4.570919303754702599e-04
niter: 513 Res: 4.544648430091219999e-04
niter: 514 Res: 4.514631707590250134e-04
niter: 515 Res: 4.480894996725854110e-04
niter: 516 Res: 4.443478439273268856e-04
niter: 517 Res: 4.402435432885807285e-04
niter: 518 Res: 4.357831677695476829e-04
niter: 519 Res: 4.309744290945260623e-04
niter: 520 Res: 4.258260986465514566e-04
niter: 521 Res: 4.203479315618718643e-04
niter: 522 Res: 4.145505966973216734e-04
niter: 523 Res: 4.084456122231622049e-04
niter: 524 Res: 4.020452866489158841e-04
niter: 525 Res: 3.953626651257011659e-04
niter: 526 Res: 3.884114809169979753e-04
niter: 527 Res: 3.812061120038010183e-04
niter: 528 Res: 3.737615428012394094e-04
niter: 529 Res: 3.660933310663204150e-04
niter: 530 Res: 3.582175801073809443e-04
niter: 531 Res: 3.501509164677824959e-04
niter: 532 Res: 3.419104733487856348e-04
niter: 533 Res: 3.335138800687277084e-04
niter: 534 Res: 3.249792579614809861e-04
niter: 535 Res: 3.163252231691482050e-04
niter: 536 Res: 3.075708968681062144e-04
niter: 537 Res: 2.987359235212621819e-04
niter: 538 Res: 2.898404978293716151e-04
niter: 539 Res: 2.809054010512580888e-04
niter: 540 Res: 2.719520473837520880e-04
niter: 541 Res: 2.630025410153714730e-04
niter: 542 Res: 2.540797442868506211e-04
niter: 543 Res: 2.452073570973227392e-04
niter: 544 Res: 2.364100071599293553e-04
niter: 545 Res: 2.277133498795491542e-04
niter: 546 Res: 2.191441753677124047e-04
niter: 547 Res: 2.107305182822404044e-04
niter: 548 Res: 2.025017635777459862e-04
niter: 549 Res: 1.944887377217372534e-04
niter: 550 Res: 1.867237702465403986e-04
niter: 551 Res: 1.792407046699862332e-04
niter: 552 Res: 1.720748308877567158e-04
niter: 553 Res: 1.652627037575720792e-04
niter: 554 Res: 1.588418059472544426e-04
niter: 555 Res: 1.528500093656402368e-04
niter: 556 Res: 1.473247919609456901e-04
niter: 557 Res: 1.423021792835795938e-04
niter: 558 Res: 1.378154073012064960e-04
niter: 559 Res: 1.338933462603703929e-04
niter: 560 Res: 1.305587827344530918e-04
niter: 561 Res: 1.278267183712705020e-04
niter: 562 Res: 1.257028924183030167e-04
niter: 563 Res: 1.241827499441696965e-04
niter: 564 Res: 1.232510431601745204e-04
niter: 565 Res: 1.228821679820078002e-04
niter: 566 Res: 1.230412201724439462e-04
niter: 567 Res: 1.236856376357808515e-04
niter: 568 Res: 1.247672113305665919e-04
niter: 569 Res: 1.262342170782397403e-04
niter: 570 Res: 1.280334440721706088e-04
niter: 571 Res: 1.301119562287258416e-04
niter: 572 Res: 1.324184962534616415e-04
niter: 573 Res: 1.349045094158055806e-04
niter: 574 Res: 1.375248131294059639e-04
niter: 575 Res: 1.402379668505480341e-04
niter: 576 Res: 1.430064075422704040e-04
niter: 577 Res: 1.457964145067306815e-04
niter: 578 Res: 1.485779590575752424e-04
niter: 579 Res: 1.513244835146296372e-04
niter: 580 Res: 1.540126429557664022e-04
niter: 581 Res: 1.566220334427213085e-04
niter: 582 Res: 1.591349226181988652e-04
niter: 583 Res: 1.615359926069884699e-04
niter: 584 Res: 1.638121008586369224e-04
niter: 585 Res: 1.659520615880905839e-04
niter: 586 Res: 1.679464485034261919e-04
niter: 587 Res: 1.697874182743183040e-04
niter: 588 Res: 1.714685534757464682e-04
niter: 589 Res: 1.729847233709618675e-04
niter: 590 Res: 1.743319607535093641e-04
niter: 591 Res: 1.755073530717215298e-04
niter: 592 Res: 1.765089461431560347e-04
niter: 593 Res: 1.773356588966013513e-04
niter: 594 Res: 1.779872077337644640e-04
niter: 595 Res: 1.784640392560641697e-04
niter: 596 Res: 1.787672702519762656e-04
niter: 597 Res: 1.788986339865297314e-04
niter: 598 Res: 1.788604319517144196e-04
niter: 599 Res: 1.786554903587659921e-04
niter: 600 Res: 1.782871207507742705e-04
niter: 601 Res: 1.777590841951421133e-04
niter: 602 Res: 1.770755585999425684e-04
niter: 603 Res: 1.762411087535968894e-04
niter: 604 Res: 1.752606587464396659e-04
niter: 605 Res: 1.741394664785897992e-04
niter: 606 Res: 1.728830999942560713e-04
niter: 607 Res: 1.714974154170805648e-04
niter: 608 Res: 1.699885362854085637e-04
niter: 609 Res: 1.683628341072461617e-04
niter: 610 Res: 1.666269099686930213e-04
niter: 611 Res: 1.647875770426211848e-04
niter: 612 Res: 1.628518438470120315e-04
niter: 613 Res: 1.608268981117621328e-04
niter: 614 Res: 1.587200911028778169e-04
niter: 615 Res: 1.565389222523049721e-04
niter: 616 Res: 1.542910239362236668e-04
niter: 617 Res: 1.519841462260294678e-04
niter: 618 Res: 1.496261414241161316e-04
niter: 619 Res: 1.472249481797178723e-04
niter: 620 Res: 1.447885749585253127e-04
niter: 621 Res: 1.423250826164039289e-04
niter: 622 Res: 1.398425658071968515e-04
niter: 623 Res: 1.373491329301726634e-04
niter: 624 Res: 1.348528843056748586e-04
niter: 625 Res: 1.323618882512916949e-04
niter: 626 Res: 1.298841547265928986e-04
niter: 627 Res: 1.274276062142517011e-04
niter: 628 Res: 1.250000455352774556e-04
niter: 629 Res: 1.226091203276535803e-04
niter: 630 Res: 1.202622839932613431e-04
niter: 631 Res: 1.179667530019296240e-04
niter: 632 Res: 1.157294605916790573e-04
niter: 633 Res: 1.135570070464661909e-04
niter: 634 Res: 1.114556069537179264e-04
niter: 635 Res: 1.094310340728539977e-04
niter: 636 Res: 1.074885647064822573e-04
niter: 637 Res: 1.056329207354019103e-04
niter: 638 Res: 1.038682137554095881e-04
niter: 639 Res: 1.021978919848171556e-04
niter: 640 Res: 1.006246917981436635e-04
niter: 641 Res: 9.915059585149227622e-05
niter: 642 Res: 9.777679976176742525e-05
niter: 643 Res: 9.650368916564719185e-05
niter: 644 Res: 9.533082875308766455e-05
niter: 645 Res: 9.425696444933936112e-05
niter: 646 Res: 9.328003945260992223e-05
niter: 647 Res: 9.239722423975625621e-05
niter: 648 Res: 9.160496003927335196e-05
niter: 649 Res: 9.089901469151907701e-05
niter: 650 Res: 9.027454925623127323e-05
niter: 651 Res: 8.972619330379098465e-05
niter: 652 Res: 8.924812654268992457e-05
niter: 653 Res: 8.883416427528963014e-05
niter: 654 Res: 8.847784419262079674e-05
niter: 655 Res: 8.817251216582709195e-05
niter: 656 Res: 8.791140495463862126e-05
niter: 657 Res: 8.768772808530358423e-05
niter: 658 Res: 8.749472754282260404e-05
niter: 659 Res: 8.732575432642657989e-05
niter: 660 Res: 8.717432127252693573e-05
niter: 661 Res: 8.703415193128106705e-05
niter: 662 Res: 8.689922154344637158e-05
niter: 663 Res: 8.676379042134504396e-05
niter: 664 Res: 8.662243019777446959e-05
niter: 665 Res: 8.647004354820211696e-05
niter: 666 Res: 8.630187804366445459e-05
niter: 667 Res: 8.611353483427671351e-05
niter: 668 Res: 8.590097285777589299e-05
niter: 669 Res: 8.566050925114029727e-05
niter: 670 Res: 8.538881657758776384e-05
niter: 671 Res: 8.508291745214827909e-05
niter: 672 Res: 8.474017707744330348e-05
niter: 673 Res: 8.435829414210926404e-05
niter: 674 Res: 8.393529047243122551e-05
niter: 675 Res: 8.346949977779405665e-05
niter: 676 Res: 8.295955577307190861e-05
niter: 677 Res: 8.240437991293506081e-05
niter: 678 Res: 8.180316894320976626e-05
niter: 679 Res: 8.115538242127981504e-05
niter: 680 Res: 8.046073034234924569e-05
niter: 681 Res: 7.971916097641871862e-05
niter: 682 Res: 7.893084899436190538e-05
niter: 683 Res: 7.809618396181158297e-05
niter: 684 Res: 7.721575923273357939e-05
niter: 685 Res: 7.629036130600216903e-05
niter: 686 Res: 7.532095966523623821e-05
niter: 687 Res: 7.430869712409291601e-05
niter: 688 Res: 7.325488071239374759e-05
niter: 689 Res: 7.216097310690073696e-05
niter: 690 Res: 7.102858463307282709e-05
niter: 691 Res: 6.985946585056750915e-05
niter: 692 Res: 6.865550073599665203e-05
niter: 693 Res: 6.741870048084575614e-05
niter: 694 Res: 6.615119792835690200e-05
niter: 695 Res: 6.485524265834030893e-05
niter: 696 Res: 6.353319674274786951e-05
niter: 697 Res: 6.218753120692413028e-05
niter: 698 Res: 6.082082319378400971e-05
niter: 699 Res: 5.943575387774962382e-05
niter: 700 Res: 5.803510712809556123e-05
niter: 701 Res: 5.662176894983795915e-05
niter: 702 Res: 5.519872769586575315e-05
niter: 703 Res: 5.376907505098798667e-05
niter: 704 Res: 5.233600776496210981e-05
niter: 705 Res: 5.090283006290042812e-05
niter: 706 Res: 4.947295666076046659e-05
niter: 707 Res: 4.804991622189558060e-05
niter: 708 Res: 4.663735504383661670e-05
niter: 709 Res: 4.523904065698424056e-05
niter: 710 Res: 4.385886490573800495e-05
niter: 711 Res: 4.250084591672918425e-05
niter: 712 Res: 4.116912819434649391e-05
niter: 713 Res: 3.986797982976033374e-05
niter: 714 Res: 3.860178560551741226e-05
niter: 715 Res: 3.737503445963720445e-05
niter: 716 Res: 3.619229956522086375e-05
niter: 717 Res: 3.505820901942525102e-05
niter: 718 Res: 3.397740509578801307e-05
niter: 719 Res: 3.295449004695631191e-05
niter: 720 Res: 3.199395686272185271e-05
niter: 721 Res: 3.110010415361873714e-05
niter: 722 Res: 3.027693556836289605e-05
niter: 723 Res: 2.952804588689291062e-05
niter: 724 Res: 2.885649811930986438e-05
niter: 725 Res: 2.826469819859565158e-05
niter: 726 Res: 2.775427605550582228e-05
niter: 727 Res: 2.732598323918782919e-05
niter: 728 Res: 2.697961750294143663e-05
niter: 729 Res: 2.671398341249048197e-05
niter: 730 Res: 2.652689513134164173e-05
niter: 731 Res: 2.641522333712854932e-05
niter: 732 Res: 2.637498353516179683e-05
niter: 733 Res: 2.640145863447438255e-05
niter: 734 Res: 2.648934554466645468e-05
niter: 735 Res: 2.663291395610119822e-05
niter: 736 Res: 2.682616573400772866e-05
niter: 737 Res: 2.706298505302119680e-05
niter: 738 Res: 2.733727192397495090e-05
niter: 739 Res: 2.764305467316706866e-05
niter: 740 Res: 2.797457957775425545e-05
niter: 741 Res: 2.832637805717133262e-05
niter: 742 Res: 2.869331328095608600e-05
niter: 743 Res: 2.907060899853361360e-05
niter: 744 Res: 2.945386372262730209e-05
niter: 745 Res: 2.983905338699986183e-05
niter: 746 Res: 3.022252535014582493e-05
niter: 747 Res: 3.060098621789711381e-05
niter: 748 Res: 3.097148551996721288e-05
niter: 749 Res: 3.133139685617821829e-05
niter: 750 Res: 3.167839774989659454e-05
niter: 751 Res: 3.201044911459056263e-05
niter: 752 Res: 3.232577497729444805e-05
niter: 753 Res: 3.262284289666610691e-05
niter: 754 Res: 3.290034535023452763e-05
niter: 755 Res: 3.315718224740246646e-05
niter: 756 Res: 3.339244463726877103e-05
niter: 757 Res: 3.360539962399802436e-05
niter: 758 Res: 3.379547645883858737e-05
niter: 759 Res: 3.396225374779768068e-05
niter: 760 Res: 3.410544770874481923e-05
niter: 761 Res: 3.422490139189636877e-05
niter: 762 Res: 3.432057478436856913e-05
niter: 763 Res: 3.439253571457864670e-05
niter: 764 Res: 3.444095147939759907e-05
niter: 765 Res: 3.446608111587043437e-05
niter: 766 Res: 3.446826825172212111e-05
niter: 767 Res: 3.444793447171483602e-05
niter: 768 Res: 3.440557313563372653e-05
niter: 769 Res: 3.434174360129462291e-05
niter: 770 Res: 3.425706580318853506e-05
niter: 771 Res: 3.415221513868598087e-05
niter: 772 Res: 3.402791763078002134e-05
niter: 773 Res: 3.388494532309825917e-05
niter: 774 Res: 3.372411188197677105e-05
niter: 775 Res: 3.354626837253020641e-05
niter: 776 Res: 3.335229918349399394e-05
niter: 777 Res: 3.314311807573633333e-05
niter: 778 Res: 3.291966433478375249e-05
niter: 779 Res: 3.268289900380057147e-05
niter: 780 Res: 3.243380118179933584e-05
niter: 781 Res: 3.217336436837909516e-05
niter: 782 Res: 3.190259284033202886e-05
niter: 783 Res: 3.162249804795453864e-05
niter: 784 Res: 3.133409501964474900e-05
niter: 785 Res: 3.103839876099260631e-05
niter: 786 Res: 3.073642064631291251e-05
niter: 787 Res: 3.042916479342445038e-05
niter: 788 Res: 3.011762441846305144e-05
niter: 789 Res: 2.980277817360637717e-05
niter: 790 Res: 2.948558646370111536e-05
niter: 791 Res: 2.916698775563620323e-05
niter: 792 Res: 2.884789488215153868e-05
niter: 793 Res: 2.852919136044575316e-05
niter: 794 Res: 2.821172773663995653e-05
niter: 795 Res: 2.789631798019821126e-05
niter: 796 Res: 2.758373595558415706e-05
niter: 797 Res: 2.727471199780323472e-05
niter: 798 Res: 2.696992962889686413e-05
niter: 799 Res: 2.667002244531867881e-05
niter: 800 Res: 2.637557122993872434e-05
niter: 801 Res: 2.608710131429630056e-05
niter: 802 Res: 2.580508024567471328e-05
niter: 803 Res: 2.552991579658390751e-05
niter: 804 Res: 2.526195436173960001e-05
niter: 805 Res: 2.500147977615320682e-05
niter: 806 Res: 2.474871259222622454e-05
niter: 807 Res: 2.450380984448141165e-05
niter: 808 Res: 2.426686531804307447e-05
niter: 809 Res: 2.403791034366568806e-05
niter: 810 Res: 2.381691510929351496e-05
niter: 811 Res: 2.360379049802026368e-05
niter: 812 Res: 2.339839041843090012e-05
niter: 813 Res: 2.320051461949408430e-05
niter: 814 Res: 2.300991193966819541e-05
niter: 815 Res: 2.282628395295334205e-05
niter: 816 Res: 2.264928896333405118e-05
niter: 817 Res: 2.247854628115877768e-05
niter: 818 Res: 2.231364072606043563e-05
niter: 819 Res: 2.215412729660587177e-05
niter: 820 Res: 2.199953592992706170e-05
niter: 821 Res: 2.184937630711989508e-05
niter: 822 Res: 2.170314261420720246e-05
niter: 823 Res: 2.156031824345931575e-05
niter: 824 Res: 2.142038034106270975e-05
niter: 825 Res: 2.128280418548568023e-05
niter: 826 Res: 2.114706734935733226e-05
niter: 827 Res: 2.101265360597167104e-05
niter: 828 Res: 2.087905656965632605e-05
niter: 829 Res: 2.074578303950032506e-05
niter: 830 Res: 2.061235604014365508e-05
niter: 831 Res: 2.047831756021861269e-05
niter: 832 Res: 2.034323097605711630e-05
niter: 833 Res: 2.020668317451351813e-05
niter: 834 Res: 2.006828637823744040e-05
niter: 835 Res: 1.992767968972961992e-05
niter: 836 Res: 1.978453036392459425e-05
niter: 837 Res: 1.963853482494052019e-05
niter: 838 Res: 1.948941944664317556e-05
niter: 839 Res: 1.933694111764075360e-05
niter: 840 Res: 1.918088760119345454e-05
niter: 841 Res: 1.902107771308079575e-05
niter: 842 Res: 1.885736134000613338e-05
niter: 843 Res: 1.868961930551801804e-05
niter: 844 Res: 1.851776310472218279e-05
niter: 845 Res: 1.834173453415777788e-05
niter: 846 Res: 1.816150520645938083e-05
niter: 847 Res: 1.797707599449097096e-05
niter: 848 Res: 1.778847638489026203e-05
niter: 849 Res: 1.759576378144269072e-05
niter: 850 Res: 1.739902275228091184e-05
niter: 851 Res: 1.719836422679428734e-05
niter: 852 Res: 1.699392466171472770e-05
niter: 853 Res: 1.678586517869541932e-05
niter: 854 Res: 1.657437067082640069e-05
niter: 855 Res: 1.635964889604049448e-05
niter: 856 Res: 1.614192954495913268e-05
niter: 857 Res: 1.592146330768275168e-05
niter: 858 Res: 1.569852090748483515e-05
niter: 859 Res: 1.547339213755297160e-05
niter: 860 Res: 1.524638487547870885e-05
niter: 861 Res: 1.501782407377446679e-05
niter: 862 Res: 1.478805074347650311e-05
niter: 863 Res: 1.455742089290817235e-05
niter: 864 Res: 1.432630445234585288e-05
niter: 865 Res: 1.409508413678942369e-05
niter: 866 Res: 1.386415428446574863e-05
niter: 867 Res: 1.363391960866337164e-05
niter: 868 Res: 1.340479390432882061e-05
niter: 869 Res: 1.317719864794724593e-05
niter: 870 Res: 1.295156151911250850e-05
niter: 871 Res: 1.272831480079189711e-05
niter: 872 Res: 1.250789365657487024e-05
niter: 873 Res: 1.229073427176271191e-05
niter: 874 Res: 1.207727184060538619e-05
niter: 875 Res: 1.186793839389033851e-05
niter: 876 Res: 1.166316045066691297e-05
niter: 877 Res: 1.146335649712770829e-05
niter: 878 Res: 1.126893429751345275e-05
niter: 879 Res: 1.108028802232677725e-05
niter: 880 Res: 1.089779524212322675e-05
niter: 881 Res: 1.072181377695322588e-05
niter: 882 Res: 1.055267845954841624e-05
niter: 883 Res: 1.039069784623607265e-05
niter: 884 Res: 1.023615092708123883e-05
niter: 885 Res: 1.008928391309815131e-05
niter: 886 Res: 9.950307159029916858e-06
niter: 887 Res: 9.819392317364803046e-06
niter: 888 Res: 9.696669801282619200e-06
niter: 889 Res: 9.582226644870603345e-06
niter: 890 Res: 9.476104840476220960e-06
niter: 891 Res: 9.378300224196601880e-06
niter: 892 Res: 9.288761990122333033e-06
niter: 893 Res: 9.207392838530405885e-06
niter: 894 Res: 9.134049817587007279e-06
niter: 895 Res: 9.068545834938947570e-06
niter: 896 Res: 9.010651825957148949e-06
niter: 897 Res: 8.960099520761701937e-06
niter: 898 Res: 8.916584754674221141e-06
niter: 899 Res: 8.879771219802559462e-06
niter: 900 Res: 8.849294576640369549e-06
niter: 901 Res: 8.824766804269381943e-06
niter: 902 Res: 8.805780692760119198e-06
niter: 903 Res: 8.791914359559177000e-06
niter: 904 Res: 8.782735706720694942e-06
niter: 905 Res: 8.777806723052018815e-06
niter: 906 Res: 8.776687555562960155e-06
niter: 907 Res: 8.778940297669731891e-06
niter: 908 Res: 8.784132450576923534e-06
niter: 909 Res: 8.791840017943243230e-06
niter: 910 Res: 8.801650237031364521e-06
niter: 911 Res: 8.813163926800863265e-06
niter: 912 Res: 8.825997467072964361e-06
niter: 913 Res: 8.839784426034191851e-06
niter: 914 Res: 8.854176848436606255e-06
niter: 915 Res: 8.868846241929600904e-06
niter: 916 Res: 8.883484277991940994e-06
niter: 917 Res: 8.897803242068353305e-06
niter: 918 Res: 8.911536262939273747e-06
niter: 919 Res: 8.924437351510441661e-06
niter: 920 Res: 8.936281260717858401e-06
niter: 921 Res: 8.946863221083960595e-06
niter: 922 Res: 8.955998541590513249e-06
niter: 923 Res: 8.963522124645992244e-06
niter: 924 Res: 8.969287892329441981e-06
niter: 925 Res: 8.973168155643649019e-06
niter: 926 Res: 8.975052931155870460e-06
niter: 927 Res: 8.974849221607879719e-06
niter: 928 Res: 8.972480267511711828e-06
niter: 929 Res: 8.967884783708349623e-06
niter: 930 Res: 8.961016181436535778e-06
niter: 931 Res: 8.951841787563206247e-06
niter: 932 Res: 8.940342061141116306e-06
niter: 933 Res: 8.926509815571575003e-06
niter: 934 Res: 8.910349447372015557e-06
niter: 935 Res: 8.891876170274606495e-06
niter: 936 Res: 8.871115267081931035e-06
niter: 937 Res: 8.848101348639469488e-06
niter: 938 Res: 8.822877626446337017e-06
niter: 939 Res: 8.795495203430317693e-06
niter: 940 Res: 8.766012378172931326e-06
niter: 941 Res: 8.734493960371325779e-06
niter: 942 Res: 8.701010610235380662e-06
niter: 943 Res: 8.665638185137557740e-06
niter: 944 Res: 8.628457108578725418e-06
niter: 945 Res: 8.589551752657389251e-06
niter: 946 Res: 8.549009839083406088e-06
niter: 947 Res: 8.506921851773303377e-06
niter: 948 Res: 8.463380473658302930e-06
niter: 949 Res: 8.418480034981635110e-06
niter: 950 Res: 8.372315982435506258e-06
niter: 951 Res: 8.324984362575655177e-06
niter: 952 Res: 8.276581328865924867e-06
niter: 953 Res: 8.227202664134231118e-06
niter: 954 Res: 8.176943322706582004e-06
niter: 955 Res: 8.125896995065651614e-06
niter: 956 Res: 8.074155692129176252e-06
niter: 957 Res: 8.021809351628519350e-06
niter: 958 Res: 7.968945471054799155e-06
niter: 959 Res: 7.915648754972455343e-06
niter: 960 Res: 7.862000798748349374e-06
niter: 961 Res: 7.808079791040420311e-06
niter: 962 Res: 7.753960243611403302e-06
niter: 963 Res: 7.699712748631740280e-06
niter: 964 Res: 7.645403767291606659e-06
niter: 965 Res: 7.591095442051490527e-06
niter: 966 Res: 7.536845440855477941e-06
niter: 967 Res: 7.482706834824677594e-06
niter: 968 Res: 7.428727997946921362e-06
niter: 969 Res: 7.374952544222681915e-06
niter: 970 Res: 7.321419294155251620e-06
niter: 971 Res: 7.268162266275518909e-06
niter: 972 Res: 7.215210705713722822e-06
niter: 973 Res: 7.162589136684781476e-06
niter: 974 Res: 7.110317443975514492e-06
niter: 975 Res: 7.058410985726669121e-06
niter: 976 Res: 7.006880725183218365e-06
niter: 977 Res: 6.955733393260830735e-06
niter: 978 Res: 6.904971671871067722e-06
niter: 979 Res: 6.854594397501691990e-06
niter: 980 Res: 6.804596783273993892e-06
niter: 981 Res: 6.754970664649191471e-06
niter: 982 Res: 6.705704747520874845e-06
niter: 983 Res: 6.656784884233256102e-06
niter: 984 Res: 6.608194347081012383e-06
niter: 985 Res: 6.559914117515270405e-06
niter: 986 Res: 6.511923179593870659e-06
niter: 987 Res: 6.464198812434350249e-06
niter: 988 Res: 6.416716892087076453e-06
niter: 989 Res: 6.369452187406897742e-06
niter: 990 Res: 6.322378647884782626e-06
niter: 991 Res: 6.275469700612432013e-06
niter: 992 Res: 6.228698527609812503e-06
niter: 993 Res: 6.182038337823956279e-06
niter: 994 Res: 6.135462633832620932e-06
niter: 995 Res: 6.088945462556527124e-06
niter: 996 Res: 6.042461653409420024e-06
niter: 997 Res: 5.995987048119479381e-06
niter: 998 Res: 5.949498708781405188e-06
niter: 999 Res: 5.902975115699366838e-06
niter: 1000 Res: 5.856396349155379454e-06
niter: 1001 Res: 5.809744251348937073e-06
niter: 1002 Res: 5.763002578340731242e-06
niter: 1003 Res: 5.716157130514781447e-06
niter: 1004 Res: 5.669195866275299162e-06
niter: 1005 Res: 5.622109002556752395e-06
niter: 1006 Res: 5.574889097749715982e-06
niter: 1007 Res: 5.527531115997728916e-06
niter: 1008 Res: 5.481003976456237080e-06
niter: 1009 Res: 5.433306091896430533e-06
niter: 1010 Res: 5.385663604089324346e-06
niter: 1011 Res: 5.336521344502948671e-06
niter: 1012 Res: 5.288007201154080580e-06
niter: 1013 Res: 5.241030757121432298e-06
niter: 1014 Res: 5.192813947314648547e-06
niter: 1015 Res: 5.144027193233106082e-06
niter: 1016 Res: 5.095745063629339409e-06
niter: 1017 Res: 5.046532598412868178e-06
niter: 1018 Res: 4.998345692327517370e-06
niter: 1019 Res: 4.949802911384548403e-06
niter: 1020 Res: 4.900034324403550305e-06
niter: 1021 Res: 4.851984989400209468e-06
niter: 1022 Res: 4.803625037690624215e-06
niter: 1023 Res: 4.754587552310184234e-06
niter: 1024 Res: 4.707306695014753678e-06
niter: 1025 Res: 4.657622711012470866e-06
niter: 1026 Res: 4.610412696335773430e-06
niter: 1027 Res: 4.561672566100687330e-06
niter: 1028 Res: 4.512575638229345749e-06
niter: 1029 Res: 4.465010547291192837e-06
niter: 1030 Res: 4.418031947020400621e-06
niter: 1031 Res: 4.370891829900507675e-06
niter: 1032 Res: 4.328319307867139362e-06
niter: 1033 Res: 4.278852843717090423e-06
niter: 1034 Res: 4.232127279189750688e-06
niter: 1035 Res: 4.186039985022463228e-06
niter: 1036 Res: 4.142594640389995128e-06
niter: 1037 Res: 4.104036123501383226e-06
niter: 1038 Res: 4.055981239282288157e-06
niter: 1039 Res: 4.014137147345327283e-06
niter: 1040 Res: 3.972146302365038254e-06
niter: 1041 Res: 3.935170434257374493e-06
niter: 1042 Res: 3.893231016091621133e-06
niter: 1043 Res: 3.854103477676871534e-06
niter: 1044 Res: 3.815514007625765735e-06
niter: 1045 Res: 3.775817502074403463e-06
niter: 1046 Res: 3.743185722363935848e-06
niter: 1047 Res: 3.705358455985729816e-06
niter: 1048 Res: 3.675325766915395140e-06
niter: 1049 Res: 3.641472202692703918e-06
niter: 1050 Res: 3.608657116459204237e-06
niter: 1051 Res: 3.575950780128581626e-06
niter: 1052 Res: 3.543364137689218492e-06
niter: 1053 Res: 3.511395404672614689e-06
niter: 1054 Res: 3.487430612300885940e-06
niter: 1055 Res: 3.457132776935937313e-06
niter: 1056 Res: 3.429793450934079906e-06
niter: 1057 Res: 3.405256030377970015e-06
niter: 1058 Res: 3.381149948212968688e-06
niter: 1059 Res: 3.358257810917941199e-06
niter: 1060 Res: 3.331659416916572621e-06
niter: 1061 Res: 3.310181708918736206e-06
niter: 1062 Res: 3.288443736654146158e-06
niter: 1063 Res: 3.268986542298689706e-06
niter: 1064 Res: 3.245747746514499128e-06
niter: 1065 Res: 3.231777563140717318e-06
niter: 1066 Res: 3.214332616378694479e-06
niter: 1067 Res: 3.191032768871625585e-06
niter: 1068 Res: 3.178009352743345890e-06
niter: 1069 Res: 3.161379574108009558e-06
niter: 1070 Res: 3.150811700103316057e-06
niter: 1071 Res: 3.138313410622499155e-06
niter: 1072 Res: 3.123054320431985219e-06
niter: 1073 Res: 3.116189905000317670e-06
niter: 1074 Res: 3.099574427187787654e-06
niter: 1075 Res: 3.092744286207649255e-06
niter: 1076 Res: 3.078398700436121574e-06
niter: 1077 Res: 3.068557651563308196e-06
niter: 1078 Res: 3.056612973289306681e-06
niter: 1079 Res: 3.047727465073290429e-06
niter: 1080 Res: 3.037631782956038281e-06
niter: 1081 Res: 3.028946300884320343e-06
niter: 1082 Res: 3.022683870238102253e-06
niter: 1083 Res: 3.012827062007962847e-06
niter: 1084 Res: 3.002484611717850497e-06
niter: 1085 Res: 2.992248093293453070e-06
niter: 1086 Res: 2.981624145061964048e-06
niter: 1087 Res: 2.974070284129982103e-06
niter: 1088 Res: 2.971163263836341978e-06
niter: 1089 Res: 2.956005967454669385e-06
niter: 1090 Res: 2.941422793424155882e-06
niter: 1091 Res: 2.933024087358955984e-06
niter: 1092 Res: 2.921656315022888469e-06
niter: 1093 Res: 2.914215032600737243e-06
niter: 1094 Res: 2.899602310949092224e-06
niter: 1095 Res: 2.888555008534745475e-06
niter: 1096 Res: 2.877485858549920606e-06
niter: 1097 Res: 2.865191889031654699e-06
niter: 1098 Res: 2.853982374556251115e-06
niter: 1099 Res: 2.845656929030454285e-06
niter: 1100 Res: 2.834386640333861582e-06
niter: 1101 Res: 2.831329026458817786e-06
niter: 1102 Res: 2.811333531311392882e-06
niter: 1103 Res: 2.797178845895488211e-06
niter: 1104 Res: 2.779673987972930014e-06
niter: 1105 Res: 2.764195869682425950e-06
niter: 1106 Res: 2.753456164832331203e-06
niter: 1107 Res: 2.738092322087371430e-06
niter: 1108 Res: 2.727885856568191084e-06
niter: 1109 Res: 2.710420610195975402e-06
niter: 1110 Res: 2.701474497498023203e-06
niter: 1111 Res: 2.682582633101791707e-06
niter: 1112 Res: 2.672612175624740006e-06
niter: 1113 Res: 2.655741214449176112e-06
niter: 1114 Res: 2.642188349695808625e-06
niter: 1115 Res: 2.629622622313546074e-06
niter: 1116 Res: 2.615035829646102551e-06
niter: 1117 Res: 2.593709135708563854e-06
niter: 1118 Res: 2.582266514687117476e-06
niter: 1119 Res: 2.567928423078248364e-06
niter: 1120 Res: 2.549371671408131329e-06
niter: 1121 Res: 2.528789514793467548e-06
niter: 1122 Res: 2.506554380177605830e-06
niter: 1123 Res: 2.485559413373865962e-06
niter: 1124 Res: 2.470967640322467632e-06
niter: 1125 Res: 2.458299379348575876e-06
niter: 1126 Res: 2.444352427389223667e-06
niter: 1127 Res: 2.431244005979369114e-06
niter: 1128 Res: 2.408389048194536968e-06
niter: 1129 Res: 2.390850702311849530e-06
niter: 1130 Res: 2.373346464336357410e-06
niter: 1131 Res: 2.357570346447120627e-06
niter: 1132 Res: 2.335345870703831080e-06
niter: 1133 Res: 2.317570223226114315e-06
niter: 1134 Res: 2.300250727498948474e-06
niter: 1135 Res: 2.290225100762864237e-06
niter: 1136 Res: 2.275511206003017402e-06
niter: 1137 Res: 2.254459672978212947e-06
niter: 1138 Res: 2.248991842005721531e-06
niter: 1139 Res: 2.229959264062365628e-06
niter: 1140 Res: 2.216091564884824324e-06
niter: 1141 Res: 2.206680211937452743e-06
niter: 1142 Res: 2.189494619040786781e-06
niter: 1143 Res: 2.162793493305690668e-06
niter: 1144 Res: 2.160296185874703733e-06
niter: 1145 Res: 2.133806800131256549e-06
niter: 1146 Res: 2.139130129219760060e-06
niter: 1147 Res: 2.112725252309307026e-06
niter: 1148 Res: 2.081026056776622626e-06
niter: 1149 Res: 2.065616046455742842e-06
niter: 1150 Res: 2.051439436829256555e-06
niter: 1151 Res: 2.034976160189458316e-06
niter: 1152 Res: 2.016986013035340650e-06
niter: 1153 Res: 1.991909589697486625e-06
niter: 1154 Res: 1.964725801096221996e-06
niter: 1155 Res: 1.966111198897357583e-06
niter: 1156 Res: 1.959630211816382904e-06
niter: 1157 Res: 1.921132239687675418e-06
niter: 1158 Res: 1.912951157655273478e-06
niter: 1159 Res: 1.896177772318947498e-06
niter: 1160 Res: 1.878058320776259815e-06
niter: 1161 Res: 1.856366215490620197e-06
niter: 1162 Res: 1.836548495230897328e-06
niter: 1163 Res: 1.837533336391449707e-06
niter: 1164 Res: 1.821940216703829597e-06
niter: 1165 Res: 1.838928753722450805e-06
niter: 1166 Res: 1.808147142405320099e-06
niter: 1167 Res: 1.796373582004756892e-06
niter: 1168 Res: 1.760095157503133970e-06
niter: 1169 Res: 1.763205513805735538e-06
niter: 1170 Res: 1.741750946074698492e-06
niter: 1171 Res: 1.733475904591597297e-06
niter: 1172 Res: 1.705378031565825678e-06
niter: 1173 Res: 1.714358951192284433e-06
niter: 1174 Res: 1.697206310477778936e-06
niter: 1175 Res: 1.685930393852062688e-06
niter: 1176 Res: 1.666654926553655291e-06
niter: 1177 Res: 1.625935357578793712e-06
niter: 1178 Res: 1.639126431855215244e-06
niter: 1179 Res: 1.630184698280032109e-06
niter: 1180 Res: 1.626476672670000614e-06
niter: 1181 Res: 1.611332143600428789e-06
niter: 1182 Res: 1.581767806397623250e-06
niter: 1183 Res: 1.555539110574380419e-06
niter: 1184 Res: 1.580919404941018088e-06
niter: 1185 Res: 1.555906029868573586e-06
niter: 1186 Res: 1.535341429956633907e-06
niter: 1187 Res: 1.503307627158947110e-06
niter: 1188 Res: 1.488074586441659413e-06
niter: 1189 Res: 1.501809485642518706e-06
niter: 1190 Res: 1.465466112859527832e-06
niter: 1191 Res: 1.460179013945985040e-06
niter: 1192 Res: 1.445197159107946846e-06
niter: 1193 Res: 1.456641215580043781e-06
niter: 1194 Res: 1.441824621612078247e-06
niter: 1195 Res: 1.420235868426071612e-06
niter: 1196 Res: 1.406485119060138194e-06
niter: 1197 Res: 1.400488106342277783e-06
niter: 1198 Res: 1.403518507707072923e-06
niter: 1199 Res: 1.381113863865752582e-06
niter: 1200 Res: 1.377277702311709114e-06
niter: 1201 Res: 1.366282621541028221e-06
niter: 1202 Res: 1.374040400245568307e-06
niter: 1203 Res: 1.372614898570277465e-06
niter: 1204 Res: 1.353368385921783412e-06
niter: 1205 Res: 1.340403258793076814e-06
niter: 1206 Res: 1.328678381552024197e-06
niter: 1207 Res: 1.321298845336040309e-06
niter: 1208 Res: 1.313469344461808687e-06
niter: 1209 Res: 1.303168562277492189e-06
niter: 1210 Res: 1.284488094342577133e-06
niter: 1211 Res: 1.294650541554517020e-06
niter: 1212 Res: 1.262633943953992649e-06
niter: 1213 Res: 1.249126887971774907e-06
niter: 1214 Res: 1.239236902593164848e-06
niter: 1215 Res: 1.265653642371456119e-06
niter: 1216 Res: 1.272344229118804747e-06
niter: 1217 Res: 1.257357613574158214e-06
niter: 1218 Res: 1.255806977618401509e-06
niter: 1219 Res: 1.256831404375836323e-06
niter: 1220 Res: 1.232083186925490878e-06
niter: 1221 Res: 1.240314513986197317e-06
niter: 1222 Res: 1.238450245771511401e-06
niter: 1223 Res: 1.222186474623954521e-06
niter: 1224 Res: 1.211203806144389877e-06
niter: 1225 Res: 1.196815277518030487e-06
niter: 1226 Res: 1.213285671833073315e-06
niter: 1227 Res: 1.233814490434343451e-06
niter: 1228 Res: 1.185580661965541507e-06
niter: 1229 Res: 1.227066677691983995e-06
niter: 1230 Res: 1.216467834370017149e-06
niter: 1231 Res: 1.171767044855441484e-06
niter: 1232 Res: 1.189936038623780792e-06
niter: 1233 Res: 1.155645655162388408e-06
niter: 1234 Res: 1.163424137797616777e-06
niter: 1235 Res: 1.155321695377395747e-06
niter: 1236 Res: 1.162031595798719246e-06
niter: 1237 Res: 1.166042466563178260e-06
niter: 1238 Res: 1.181688221734368030e-06
niter: 1239 Res: 1.194030684705663623e-06
niter: 1240 Res: 1.164369851465871964e-06
niter: 1241 Res: 1.124901681999466139e-06
niter: 1242 Res: 1.145381772724529350e-06
niter: 1243 Res: 1.137270324540840519e-06
niter: 1244 Res: 1.132521342665957927e-06
niter: 1245 Res: 1.121001338816937366e-06
niter: 1246 Res: 1.103597887022260205e-06
niter: 1247 Res: 1.105997103978583785e-06
niter: 1248 Res: 1.100229351918047899e-06
niter: 1249 Res: 1.102862178569824981e-06
niter: 1250 Res: 1.143482868051917661e-06
niter: 1251 Res: 1.109843805694639785e-06
niter: 1252 Res: 1.138348389220662093e-06
niter: 1253 Res: 1.069914215170840954e-06
niter: 1254 Res: 1.107236051954515898e-06
niter: 1255 Res: 1.091207357199456919e-06
niter: 1256 Res: 1.065952286832376280e-06
niter: 1257 Res: 1.082212690679361576e-06
niter: 1258 Res: 1.052713310534087835e-06
niter: 1259 Res: 1.039382350254282343e-06
niter: 1260 Res: 1.062168641185244234e-06
niter: 1261 Res: 1.020296233496551457e-06
niter: 1262 Res: 1.045613947394422455e-06
niter: 1263 Res: 1.079527988381622528e-06
niter: 1264 Res: 1.047505444826019308e-06
niter: 1265 Res: 1.039166876341599551e-06
niter: 1266 Res: 1.047850090675367280e-06
niter: 1267 Res: 1.041411962151224262e-06
niter: 1268 Res: 1.018791552397484555e-06
niter: 1269 Res: 1.028702457522203130e-06
niter: 1270 Res: 1.030067498075603979e-06
niter: 1271 Res: 1.011231624508277470e-06
niter: 1272 Res: 1.008989476914776038e-06
niter: 1273 Res: 1.023200547419289332e-06
niter: 1274 Res: 1.016300381464132888e-06
niter: 1275 Res: 1.021510680208230210e-06
niter: 1276 Res: 1.014191494642211087e-06
niter: 1277 Res: 1.008906161539152985e-06
niter: 1278 Res: 1.019414344064261719e-06
niter: 1279 Res: 1.016784151660566426e-06
niter: 1280 Res: 1.003411689194994762e-06
niter: 1281 Res: 9.746349392139825013e-07
niter: 1282 Res: 9.955554350718305774e-07
niter: 1283 Res: 9.545370602163164376e-07
niter: 1284 Res: 9.796122432415474910e-07
niter: 1285 Res: 9.635661026593499676e-07
niter: 1286 Res: 9.814098378023577188e-07
niter: 1287 Res: 9.766054337039805287e-07
niter: 1288 Res: 9.713651842533522617e-07
niter: 1289 Res: 9.909377734769342089e-07
niter: 1290 Res: 9.740557504041834928e-07
niter: 1291 Res: 9.627559464582498913e-07
niter: 1292 Res: 9.613865215970800237e-07
niter: 1293 Res: 9.670373369057549161e-07
niter: 1294 Res: 9.803366146975604328e-07
niter: 1295 Res: 9.640509864008554671e-07
niter: 1296 Res: 9.497676232572467323e-07
niter: 1297 Res: 9.634875350486719545e-07
niter: 1298 Res: 9.745295214007348755e-07
niter: 1299 Res: 9.739432852322194852e-07
niter: 1300 Res: 9.575488157244584762e-07
niter: 1301 Res: 9.415746504001392774e-07
niter: 1302 Res: 9.460026776230902444e-07
niter: 1303 Res: 9.410767886285988752e-07
niter: 1304 Res: 9.376755260418688248e-07
niter: 1305 Res: 9.272439128913737850e-07
niter: 1306 Res: 9.327810140747644659e-07
niter: 1307 Res: 9.023089315210445068e-07
niter: 1308 Res: 9.055298221161349130e-07
niter: 1309 Res: 8.987736048769169492e-07
niter: 1310 Res: 9.227093561166735227e-07
niter: 1311 Res: 9.062620658368082437e-07
niter: 1312 Res: 9.369896180218489157e-07
niter: 1313 Res: 8.774361453826291273e-07
niter: 1314 Res: 8.899158731558432911e-07
niter: 1315 Res: 9.143832946446932376e-07
niter: 1316 Res: 8.904466034426555489e-07
niter: 1317 Res: 8.721186747657601998e-07
niter: 1318 Res: 8.837517150786432866e-07
niter: 1319 Res: 8.847368119476837474e-07
niter: 1320 Res: 8.868848106302361243e-07
niter: 1321 Res: 8.740670485376548280e-07
niter: 1322 Res: 8.747691718449969459e-07
niter: 1323 Res: 8.644512760488876825e-07
niter: 1324 Res: 8.748439525559725807e-07
niter: 1325 Res: 8.647408475058145140e-07
niter: 1326 Res: 8.502496512735626689e-07
niter: 1327 Res: 8.637173257989375086e-07
niter: 1328 Res: 8.736698122791868972e-07
niter: 1329 Res: 8.678506283044474977e-07
niter: 1330 Res: 8.615159388206679185e-07
niter: 1331 Res: 8.582955885987021431e-07
niter: 1332 Res: 8.599909316305777563e-07
niter: 1333 Res: 8.510604405446215983e-07
niter: 1334 Res: 8.426436803481228538e-07
niter: 1335 Res: 8.613245820941924303e-07
niter: 1336 Res: 8.499777342602017756e-07
niter: 1337 Res: 8.548192494807995148e-07
niter: 1338 Res: 8.688817168079307433e-07
niter: 1339 Res: 8.609609480935406005e-07
niter: 1340 Res: 8.765163140187685422e-07
niter: 1341 Res: 8.799116192270572854e-07
niter: 1342 Res: 8.690495325687330324e-07
niter: 1343 Res: 8.764307698825597365e-07
niter: 1344 Res: 8.847745235923753472e-07
niter: 1345 Res: 9.029987593979967713e-07
niter: 1346 Res: 9.356942739392627370e-07
niter: 1347 Res: 9.237544998874235658e-07
niter: 1348 Res: 9.187106904594312139e-07
niter: 1349 Res: 9.226796636332738029e-07
niter: 1350 Res: 9.301623009021675305e-07
niter: 1351 Res: 9.428040578138620762e-07
niter: 1352 Res: 9.552052717395033187e-07
niter: 1353 Res: 9.651936131295963645e-07
niter: 1354 Res: 9.346298988738443451e-07
niter: 1355 Res: 9.172346702951962378e-07
niter: 1356 Res: 9.146403044913445235e-07
niter: 1357 Res: 8.990240389812931184e-07
niter: 1358 Res: 9.083895789587461650e-07
niter: 1359 Res: 9.075805239614148696e-07
niter: 1360 Res: 9.118516787199963766e-07
niter: 1361 Res: 9.271577188990390025e-07
niter: 1362 Res: 9.006054284236284946e-07
niter: 1363 Res: 9.064039325333337520e-07
niter: 1364 Res: 9.089233392135733798e-07
niter: 1365 Res: 8.965878827820909345e-07
niter: 1366 Res: 8.910129936836454140e-07
niter: 1367 Res: 8.813403575541564833e-07
niter: 1368 Res: 8.740081947865367846e-07
niter: 1369 Res: 8.773503227154036647e-07
niter: 1370 Res: 8.836036659753375323e-07
niter: 1371 Res: 8.821775096636282307e-07
niter: 1372 Res: 8.664053147011430455e-07
niter: 1373 Res: 8.675969851653364192e-07
niter: 1374 Res: 8.751832606417170835e-07
niter: 1375 Res: 8.654841609516734330e-07
niter: 1376 Res: 8.742176468891943164e-07
niter: 1377 Res: 8.791802724882301043e-07
niter: 1378 Res: 8.749090827239581030e-07
niter: 1379 Res: 8.674713083000806435e-07
niter: 1380 Res: 8.684921916432580724e-07
niter: 1381 Res: 8.560048304343881281e-07
niter: 1382 Res: 8.488482848038296643e-07
niter: 1383 Res: 8.421048031366389172e-07
niter: 1384 Res: 8.553056810182283113e-07
niter: 1385 Res: 8.635847307247363849e-07
niter: 1386 Res: 8.803617132668427977e-07
niter: 1387 Res: 8.882438957432179546e-07
niter: 1388 Res: 9.026681378013409071e-07
niter: 1389 Res: 9.004234918799012897e-07
niter: 1390 Res: 9.054531083373263147e-07
niter: 1391 Res: 9.114998510287480516e-07
niter: 1392 Res: 8.846501853442308082e-07
niter: 1393 Res: 8.969674120556544055e-07
niter: 1394 Res: 8.694673742731613687e-07
niter: 1395 Res: 8.800465462020498758e-07
niter: 1396 Res: 8.957573116411124700e-07
niter: 1397 Res: 8.928851222017665140e-07
niter: 1398 Res: 8.715396740224220899e-07
niter: 1399 Res: 8.847849703144084541e-07
niter: 1400 Res: 8.662143949503051926e-07
niter: 1401 Res: 8.631155486244642531e-07
niter: 1402 Res: 8.434015279436693236e-07
niter: 1403 Res: 8.417598487128206490e-07
niter: 1404 Res: 8.425946948578539095e-07
niter: 1405 Res: 8.365720782320997331e-07
niter: 1406 Res: 8.238453095782810254e-07
niter: 1407 Res: 8.089933702113563086e-07
niter: 1408 Res: 8.083673931332962493e-07
niter: 1409 Res: 8.069287536662504568e-07
niter: 1410 Res: 8.100171035281061659e-07
niter: 1411 Res: 8.107494626703384708e-07
niter: 1412 Res: 8.092798402386403691e-07
niter: 1413 Res: 8.123271042833060498e-07
niter: 1414 Res: 8.190666685058872760e-07
niter: 1415 Res: 8.150651519918663085e-07
niter: 1416 Res: 8.075511300943500185e-07
niter: 1417 Res: 8.119471977167418210e-07
niter: 1418 Res: 8.033255567923075849e-07
niter: 1419 Res: 8.052437902505479650e-07
niter: 1420 Res: 8.155612480341675151e-07
niter: 1421 Res: 8.158670478999666775e-07
niter: 1422 Res: 8.121072421839859704e-07
niter: 1423 Res: 8.139344644602902272e-07
niter: 1424 Res: 8.220125606081736354e-07
niter: 1425 Res: 8.319646748398311630e-07
niter: 1426 Res: 8.088377472984936844e-07
niter: 1427 Res: 8.162496223210043364e-07
niter: 1428 Res: 8.123975764452117835e-07
niter: 1429 Res: 8.356519635435582167e-07
niter: 1430 Res: 8.284439696542377896e-07
niter: 1431 Res: 8.234666025463833771e-07
niter: 1432 Res: 8.273349518495090867e-07
niter: 1433 Res: 8.529311048711285824e-07
niter: 1434 Res: 8.411476910988421539e-07
niter: 1435 Res: 8.196041384553967118e-07
niter: 1436 Res: 8.140494429890348985e-07
niter: 1437 Res: 8.183068727238116851e-07
niter: 1438 Res: 8.236252360114866146e-07
niter: 1439 Res: 8.232700147623589651e-07
niter: 1440 Res: 8.055311401044520203e-07
niter: 1441 Res: 8.233871260218463762e-07
niter: 1442 Res: 8.147486112149552077e-07
niter: 1443 Res: 8.063275137154759979e-07
niter: 1444 Res: 8.170980260105640002e-07
niter: 1445 Res: 8.166908379238563556e-07
niter: 1446 Res: 8.224528986320362785e-07
niter: 1447 Res: 8.212396672409318219e-07
niter: 1448 Res: 8.246936211023396468e-07
niter: 1449 Res: 8.191689463743149079e-07
niter: 1450 Res: 8.060996405261234670e-07
niter: 1451 Res: 8.115315887548401920e-07
niter: 1452 Res: 8.200506803518261654e-07
niter: 1453 Res: 8.217805767918669245e-07
niter: 1454 Res: 8.018258313220388480e-07
niter: 1455 Res: 7.971851172314192235e-07
niter: 1456 Res: 7.936250709930504194e-07
niter: 1457 Res: 7.926634869279273977e-07
niter: 1458 Res: 7.950120020069287620e-07
niter: 1459 Res: 7.912724570797538527e-07
Converged 
