2D Euler Solver: Node-Centered Finite-Volume-Method
Numerical Flux: 2D Roe flux with an entropy fix
Order of Accuracy: 2

Mesh Parameters:
Number of Elements: 400
Number of Interior Edges: 566
Number of Boundary Edges: 68

****************************************
           Simulation Start             
****************************************
niter: 1 Res: 8.265226905170218797e-16
niter: 2 Res: 9.703023460470365228e-16
niter: 3 Res: 8.947286193556210384e-16
niter: 4 Res: 9.896566616475490190e-16
niter: 5 Res: 1.035804042465890296e-15
niter: 6 Res: 1.040607083959739670e-15
niter: 7 Res: 9.822008424006699004e-16
niter: 8 Res: 1.094724992594293783e-15
niter: 9 Res: 1.069014550389008177e-15
niter: 10 Res: 1.163090563254157760e-15
niter: 11 Res: 1.134530585840572523e-15
niter: 12 Res: 1.009430285845576715e-15
niter: 13 Res: 1.180117355786582495e-15
niter: 14 Res: 1.199684587455561260e-15
niter: 15 Res: 1.238217810999307136e-15
niter: 16 Res: 1.081492590142692981e-15
niter: 17 Res: 1.133011586952428724e-15
niter: 18 Res: 1.198292375282596954e-15
niter: 19 Res: 1.139169362246646717e-15
niter: 20 Res: 1.018277879766039671e-15
niter: 21 Res: 1.048977610533678971e-15
niter: 22 Res: 1.016158891960736195e-15
niter: 23 Res: 1.019900232841419418e-15
niter: 24 Res: 9.453313555965719895e-16
niter: 25 Res: 1.112297103719119723e-15
niter: 26 Res: 9.658644534837401835e-16
niter: 27 Res: 1.017158309200924583e-15
niter: 28 Res: 1.210206740290727776e-15
niter: 29 Res: 1.141146164691694142e-15
niter: 30 Res: 1.211765091290015623e-15
niter: 31 Res: 1.153926096871496679e-15
niter: 32 Res: 1.099914424071185853e-15
niter: 33 Res: 1.107529049129715679e-15
niter: 34 Res: 1.176785214846864361e-15
niter: 35 Res: 1.143349591631972372e-15
niter: 36 Res: 1.160792786291608435e-15
niter: 37 Res: 1.161140173109156950e-15
niter: 38 Res: 1.101329225524347987e-15
niter: 39 Res: 1.092101683762763404e-15
niter: 40 Res: 1.224868353789012153e-15
niter: 41 Res: 1.228613930211059876e-15
niter: 42 Res: 1.182629843286696349e-15
niter: 43 Res: 1.162321296893368217e-15
niter: 44 Res: 1.123313889840071068e-15
niter: 45 Res: 1.144100211024531873e-15
niter: 46 Res: 1.099497948434203590e-15
niter: 47 Res: 1.030235147766832634e-15
niter: 48 Res: 1.114085340271007224e-15
niter: 49 Res: 1.042913821941607492e-15
niter: 50 Res: 1.102936014467159621e-15
niter: 51 Res: 1.128540887286015594e-15
niter: 52 Res: 1.071299082391034684e-15
niter: 53 Res: 1.134253304721150526e-15
niter: 54 Res: 1.058405396696725438e-15
niter: 55 Res: 1.063867699046585756e-15
niter: 56 Res: 1.085248398400666483e-15
niter: 57 Res: 1.095599406884065888e-15
niter: 58 Res: 1.070329100436427380e-15
niter: 59 Res: 1.109343132533594455e-15
niter: 60 Res: 1.191083211858570328e-15
niter: 61 Res: 1.115582030055107165e-15
niter: 62 Res: 1.105915755354607381e-15
niter: 63 Res: 1.088002153549212945e-15
niter: 64 Res: 1.132327154892642066e-15
niter: 65 Res: 1.077054039396465084e-15
niter: 66 Res: 1.124331198836526258e-15
niter: 67 Res: 1.041274207904821810e-15
niter: 68 Res: 1.100751959773921567e-15
niter: 69 Res: 1.120116928946674568e-15
niter: 70 Res: 1.045710030226268560e-15
niter: 71 Res: 1.143409077689339776e-15
niter: 72 Res: 1.178983031562512697e-15
niter: 73 Res: 1.063763733854261450e-15
niter: 74 Res: 1.056319447655915080e-15
niter: 75 Res: 1.202534185918211881e-15
niter: 76 Res: 1.052872403441488973e-15
niter: 77 Res: 1.122116662027273316e-15
niter: 78 Res: 1.123256476312816873e-15
niter: 79 Res: 1.088728559145732572e-15
niter: 80 Res: 1.131774180464891198e-15
niter: 81 Res: 1.058509484590214184e-15
niter: 82 Res: 1.149631422127926898e-15
niter: 83 Res: 1.120991132754620922e-15
niter: 84 Res: 1.085714067682285346e-15
niter: 85 Res: 1.063077644890516697e-15
niter: 86 Res: 1.075952946446513261e-15
niter: 87 Res: 1.123870732099376717e-15
niter: 88 Res: 1.197308111439567682e-15
niter: 89 Res: 1.125570844773602947e-15
niter: 90 Res: 1.108440182250239230e-15
niter: 91 Res: 1.141894917996230591e-15
niter: 92 Res: 1.040599784322704564e-15
niter: 93 Res: 1.180491607954258537e-15
niter: 94 Res: 1.138391237014873932e-15
niter: 95 Res: 1.126818883784266580e-15
niter: 96 Res: 1.038512571415425629e-15
niter: 97 Res: 1.134390976904892505e-15
niter: 98 Res: 1.152560774146098889e-15
niter: 99 Res: 1.241246699627702625e-15
niter: 100 Res: 1.187060940693661599e-15
niter: 101 Res: 1.096843453145874601e-15
niter: 102 Res: 1.067815555113705500e-15
niter: 103 Res: 1.126948497777107287e-15
niter: 104 Res: 1.180458641914064199e-15
niter: 105 Res: 1.203573070214876630e-15
niter: 106 Res: 1.163753070984975342e-15
niter: 107 Res: 1.225883754290786069e-15
niter: 108 Res: 1.038864901622232487e-15
niter: 109 Res: 1.023697285059111068e-15
niter: 110 Res: 1.023202359437808524e-15
niter: 111 Res: 1.137966011972181213e-15
niter: 112 Res: 1.218041559772021844e-15
niter: 113 Res: 1.204793737075162822e-15
niter: 114 Res: 1.120364962304885333e-15
niter: 115 Res: 1.146578538615907504e-15
niter: 116 Res: 1.193197569957744258e-15
niter: 117 Res: 1.115039543161116866e-15
niter: 118 Res: 1.179647134821229793e-15
niter: 119 Res: 1.154619925731454539e-15
niter: 120 Res: 1.148053553611973934e-15
niter: 121 Res: 1.188374343253159258e-15
niter: 122 Res: 1.287474383338164114e-15
niter: 123 Res: 1.144616391665737299e-15
niter: 124 Res: 1.179628865140230289e-15
niter: 125 Res: 1.135023498536590064e-15
niter: 126 Res: 1.188090833462230042e-15
niter: 127 Res: 1.228641586267455611e-15
niter: 128 Res: 1.109364854725762228e-15
niter: 129 Res: 1.127614466144979323e-15
niter: 130 Res: 1.138584267898453717e-15
niter: 131 Res: 1.154485371241223327e-15
niter: 132 Res: 1.167642544143057551e-15
niter: 133 Res: 1.283995496407889505e-15
niter: 134 Res: 1.209118609575434929e-15
niter: 135 Res: 1.136771362185211645e-15
niter: 136 Res: 1.129168159194863614e-15
niter: 137 Res: 1.231503515945563146e-15
niter: 138 Res: 1.136483633289165816e-15
niter: 139 Res: 1.193961247805806418e-15
niter: 140 Res: 1.131136458854152834e-15
niter: 141 Res: 9.778177697714397687e-16
niter: 142 Res: 1.115281279674065962e-15
niter: 143 Res: 1.060117994508587504e-15
niter: 144 Res: 1.063709553414498013e-15
niter: 145 Res: 9.609601715029477643e-16
niter: 146 Res: 1.066673425100356528e-15
niter: 147 Res: 1.082471302430121299e-15
niter: 148 Res: 1.057084338120965489e-15
niter: 149 Res: 1.161107449190488997e-15
niter: 150 Res: 1.162296492698934562e-15
niter: 151 Res: 1.112544677067815330e-15
niter: 152 Res: 1.173527978311550448e-15
niter: 153 Res: 1.195566313546968002e-15
niter: 154 Res: 1.126812161730068471e-15
niter: 155 Res: 1.127090739153972124e-15
niter: 156 Res: 1.118355473727277966e-15
niter: 157 Res: 1.092084120957379577e-15
niter: 158 Res: 1.152293095246971118e-15
niter: 159 Res: 1.165163097005855378e-15
niter: 160 Res: 1.089038032787991030e-15
niter: 161 Res: 1.043694794671264236e-15
niter: 162 Res: 1.127360052244211489e-15
niter: 163 Res: 1.066797635343190122e-15
niter: 164 Res: 1.108223849150160529e-15
niter: 165 Res: 1.075029418918483476e-15
niter: 166 Res: 1.109411514917172306e-15
niter: 167 Res: 1.060244994051491925e-15
niter: 168 Res: 1.033067991800205246e-15
niter: 169 Res: 1.048992748087400040e-15
niter: 170 Res: 1.129460558414450238e-15
niter: 171 Res: 1.103438223943181350e-15
niter: 172 Res: 1.222665299422159056e-15
niter: 173 Res: 1.044994481986993723e-15
niter: 174 Res: 1.039269737001684131e-15
niter: 175 Res: 1.131924336573909314e-15
niter: 176 Res: 1.034594329156049313e-15
niter: 177 Res: 1.100584262686181084e-15
niter: 178 Res: 1.164807135217456423e-15
niter: 179 Res: 1.174925510878435039e-15
niter: 180 Res: 1.047504064680025020e-15
niter: 181 Res: 1.044943681584192544e-15
niter: 182 Res: 1.092785872857366323e-15
niter: 183 Res: 1.040707066906716290e-15
niter: 184 Res: 1.155269137667840307e-15
niter: 185 Res: 1.134293353826650385e-15
niter: 186 Res: 1.030062898732284836e-15
niter: 187 Res: 1.048064050917865671e-15
niter: 188 Res: 1.059280121095696347e-15
niter: 189 Res: 1.192024312965950164e-15
niter: 190 Res: 1.199708093990504828e-15
niter: 191 Res: 1.085917132518241645e-15
niter: 192 Res: 1.100937593954635979e-15
niter: 193 Res: 1.045619532382968840e-15
niter: 194 Res: 1.013982151610697743e-15
niter: 195 Res: 1.013621466672943459e-15
niter: 196 Res: 1.059528504705108761e-15
niter: 197 Res: 1.139112291344215696e-15
niter: 198 Res: 1.057341920857353348e-15
niter: 199 Res: 1.106429583411810982e-15
niter: 200 Res: 1.152986187368711183e-15
niter: 201 Res: 1.236326451680171140e-15
niter: 202 Res: 1.173170826110070018e-15
niter: 203 Res: 1.069145601231096754e-15
niter: 204 Res: 1.224731100355733555e-15
niter: 205 Res: 1.202099200785435173e-15
niter: 206 Res: 1.191003932286209138e-15
niter: 207 Res: 1.168780223781348732e-15
niter: 208 Res: 1.102653025201075052e-15
niter: 209 Res: 1.141261562625525761e-15
niter: 210 Res: 1.267987672719383545e-15
niter: 211 Res: 1.135312824546699014e-15
niter: 212 Res: 1.230934749920723422e-15
niter: 213 Res: 1.326829699456539682e-15
niter: 214 Res: 1.207087869988932327e-15
niter: 215 Res: 1.286951073609158294e-15
niter: 216 Res: 1.174327765651683813e-15
niter: 217 Res: 1.160214779077403013e-15
niter: 218 Res: 1.057023983421065749e-15
niter: 219 Res: 1.165362632366454513e-15
niter: 220 Res: 1.108521321452958995e-15
niter: 221 Res: 1.168070081764297918e-15
niter: 222 Res: 1.145506035684404356e-15
niter: 223 Res: 1.093554765613475551e-15
niter: 224 Res: 1.147889695020367459e-15
niter: 225 Res: 1.151154106973397510e-15
niter: 226 Res: 1.138458875850174498e-15
niter: 227 Res: 1.238895131895165715e-15
niter: 228 Res: 1.188924918421605589e-15
niter: 229 Res: 1.198614244710163619e-15
niter: 230 Res: 1.185322791556895282e-15
niter: 231 Res: 1.142528379744352018e-15
niter: 232 Res: 1.151970772502912001e-15
niter: 233 Res: 1.120926683363604943e-15
niter: 234 Res: 1.160905394579757038e-15
niter: 235 Res: 1.170186124744652920e-15
niter: 236 Res: 1.174894686175389921e-15
niter: 237 Res: 1.151191539837504509e-15
niter: 238 Res: 1.098897351700020546e-15
niter: 239 Res: 1.160873065301073210e-15
niter: 240 Res: 1.162820856436940780e-15
niter: 241 Res: 1.120995105931967340e-15
niter: 242 Res: 1.134977923889585914e-15
niter: 243 Res: 1.129193749321262331e-15
niter: 244 Res: 1.140117241864440978e-15
niter: 245 Res: 1.212722913693147169e-15
niter: 246 Res: 1.250597685138579265e-15
niter: 247 Res: 1.185448143623967543e-15
niter: 248 Res: 1.174891704348430411e-15
niter: 249 Res: 1.201768691490888578e-15
niter: 250 Res: 1.162490779826203431e-15
niter: 251 Res: 1.246199879006642720e-15
niter: 252 Res: 1.192784825908964137e-15
niter: 253 Res: 1.167868437572906790e-15
niter: 254 Res: 1.176381633858287034e-15
niter: 255 Res: 1.173785898682859691e-15
niter: 256 Res: 1.270441097038158416e-15
niter: 257 Res: 1.151320411154716317e-15
niter: 258 Res: 1.070558383223349045e-15
niter: 259 Res: 1.035095651597448649e-15
niter: 260 Res: 1.196100223106372933e-15
niter: 261 Res: 1.198202949626164030e-15
niter: 262 Res: 1.121028070205870557e-15
niter: 263 Res: 1.207061903894494653e-15
niter: 264 Res: 1.188539583355718107e-15
niter: 265 Res: 1.030372095318135213e-15
niter: 266 Res: 1.113219910610647947e-15
niter: 267 Res: 1.107398671950983429e-15
niter: 268 Res: 1.048336624637482134e-15
niter: 269 Res: 1.159435857040945587e-15
niter: 270 Res: 1.056239706016614353e-15
niter: 271 Res: 1.190348647859492348e-15
niter: 272 Res: 1.180491151901023800e-15
niter: 273 Res: 1.060290675777286536e-15
niter: 274 Res: 1.159771297518365148e-15
niter: 275 Res: 1.142857074477143318e-15
niter: 276 Res: 1.191990044897642202e-15
niter: 277 Res: 1.211380432744876718e-15
niter: 278 Res: 1.144091459058902896e-15
niter: 279 Res: 1.117551903202938016e-15
niter: 280 Res: 1.175000831832223141e-15
niter: 281 Res: 1.227372759142415465e-15
niter: 282 Res: 1.167183936980961519e-15
niter: 283 Res: 1.169933556755341546e-15
niter: 284 Res: 1.263203718063373907e-15
niter: 285 Res: 1.164229822056760376e-15
niter: 286 Res: 1.244249677521657301e-15
niter: 287 Res: 1.224916393836539867e-15
niter: 288 Res: 1.158682263133554420e-15
niter: 289 Res: 1.116928121614878274e-15
niter: 290 Res: 1.120333769017057732e-15
niter: 291 Res: 1.125962943965392081e-15
niter: 292 Res: 1.133463032578116289e-15
niter: 293 Res: 1.150928828151588618e-15
niter: 294 Res: 1.208513424407532884e-15
niter: 295 Res: 1.068981058217019810e-15
niter: 296 Res: 1.059557801306598409e-15
niter: 297 Res: 1.125098437687768977e-15
niter: 298 Res: 1.125613684478003136e-15
niter: 299 Res: 1.104609636468808009e-15
niter: 300 Res: 1.079025776629049316e-15
niter: 301 Res: 1.171872505573767124e-15
niter: 302 Res: 1.176555283430300109e-15
niter: 303 Res: 1.097077074088958350e-15
niter: 304 Res: 1.147667474577491652e-15
niter: 305 Res: 1.130224368457904780e-15
niter: 306 Res: 1.178432497381350237e-15
niter: 307 Res: 1.071096852038739189e-15
niter: 308 Res: 1.071025972290781769e-15
niter: 309 Res: 1.119773739721933796e-15
niter: 310 Res: 1.141488179012004046e-15
niter: 311 Res: 1.124662765867514195e-15
niter: 312 Res: 1.176389600833749896e-15
niter: 313 Res: 1.244740819380828241e-15
niter: 314 Res: 1.219149478995384252e-15
niter: 315 Res: 1.206715759450988691e-15
niter: 316 Res: 1.188560337199468714e-15
niter: 317 Res: 1.251555079403153230e-15
niter: 318 Res: 1.156837452785605853e-15
niter: 319 Res: 1.136122385078567563e-15
niter: 320 Res: 1.136740092746527110e-15
niter: 321 Res: 1.215800029431421945e-15
niter: 322 Res: 1.160270550145199629e-15
niter: 323 Res: 1.274534345456894068e-15
niter: 324 Res: 1.187801974243900619e-15
niter: 325 Res: 1.196018249368063030e-15
niter: 326 Res: 1.101296389317601423e-15
niter: 327 Res: 1.105942020945367765e-15
niter: 328 Res: 1.106586036557003981e-15
niter: 329 Res: 1.230216644437148250e-15
niter: 330 Res: 1.310701263193770377e-15
niter: 331 Res: 1.325269105041752732e-15
niter: 332 Res: 1.159998460119935648e-15
niter: 333 Res: 1.115479075028266368e-15
niter: 334 Res: 1.112492809708415854e-15
niter: 335 Res: 1.071656024459212647e-15
niter: 336 Res: 1.067086360342975832e-15
niter: 337 Res: 1.101198331218300345e-15
niter: 338 Res: 1.152437928931460515e-15
niter: 339 Res: 1.142136391646235284e-15
niter: 340 Res: 1.117977327207194517e-15
niter: 341 Res: 1.125979438174239918e-15
niter: 342 Res: 1.055128633418946927e-15
niter: 343 Res: 1.145580678667414197e-15
niter: 344 Res: 1.170459441202083596e-15
niter: 345 Res: 1.205374644790720579e-15
niter: 346 Res: 1.063918957655764264e-15
niter: 347 Res: 1.051135522578901054e-15
niter: 348 Res: 1.068822699757428612e-15
niter: 349 Res: 1.129977100682530938e-15
niter: 350 Res: 1.118383126943720800e-15
niter: 351 Res: 1.197713981126767072e-15
niter: 352 Res: 1.128428225794364395e-15
niter: 353 Res: 1.076372172884209161e-15
niter: 354 Res: 1.123184545094783423e-15
niter: 355 Res: 1.140843050656180081e-15
niter: 356 Res: 1.009324933681014015e-15
niter: 357 Res: 9.916231655823416077e-16
niter: 358 Res: 1.042424097234256563e-15
niter: 359 Res: 1.170811526743715607e-15
niter: 360 Res: 1.190537428221015006e-15
niter: 361 Res: 1.179082048129335923e-15
niter: 362 Res: 1.166002429800774530e-15
niter: 363 Res: 1.178031187937736469e-15
niter: 364 Res: 1.290529441636374793e-15
niter: 365 Res: 1.227613052088645608e-15
niter: 366 Res: 1.271833814938425761e-15
niter: 367 Res: 1.221196976460412826e-15
niter: 368 Res: 1.183177880488561099e-15
niter: 369 Res: 1.327075925630849507e-15
niter: 370 Res: 1.238746322060056547e-15
niter: 371 Res: 1.160146860306673918e-15
niter: 372 Res: 1.231163400030311439e-15
niter: 373 Res: 1.349048600336603750e-15
niter: 374 Res: 1.188198986688566082e-15
niter: 375 Res: 1.177376216375427804e-15
niter: 376 Res: 1.267890306426216265e-15
niter: 377 Res: 1.194966419027726394e-15
niter: 378 Res: 1.250838226406445467e-15
niter: 379 Res: 1.277811071724432934e-15
niter: 380 Res: 1.323371297172155136e-15
niter: 381 Res: 1.190156167873710130e-15
niter: 382 Res: 1.119101481583640743e-15
niter: 383 Res: 1.134426189316341853e-15
niter: 384 Res: 1.186783914010992475e-15
niter: 385 Res: 1.223816852298062070e-15
niter: 386 Res: 1.189804923980596100e-15
niter: 387 Res: 1.129873879984229732e-15
niter: 388 Res: 1.143690578477628957e-15
niter: 389 Res: 1.179777023822391356e-15
niter: 390 Res: 1.114729886294530303e-15
niter: 391 Res: 1.111194971820866402e-15
niter: 392 Res: 1.144813678345216820e-15
niter: 393 Res: 1.122024969322170607e-15
niter: 394 Res: 1.065277739776622832e-15
niter: 395 Res: 1.124670009365848907e-15
niter: 396 Res: 1.137219778128695526e-15
niter: 397 Res: 1.118561840545421231e-15
niter: 398 Res: 1.044657210085627507e-15
niter: 399 Res: 1.224440090945056564e-15
niter: 400 Res: 1.189215958413616263e-15
niter: 401 Res: 1.128185791317056792e-15
niter: 402 Res: 1.187257370911288143e-15
niter: 403 Res: 1.235974854903318153e-15
niter: 404 Res: 1.199390915037306399e-15
niter: 405 Res: 1.140781686504511242e-15
niter: 406 Res: 1.232127967832070936e-15
niter: 407 Res: 1.052587090591072121e-15
niter: 408 Res: 1.162809098724938106e-15
niter: 409 Res: 1.137339806919029279e-15
niter: 410 Res: 1.219419556528720615e-15
niter: 411 Res: 1.266646083930484372e-15
niter: 412 Res: 1.156048767710401771e-15
niter: 413 Res: 1.131073497032793597e-15
niter: 414 Res: 1.118372236607077355e-15
niter: 415 Res: 1.105306826604874588e-15
niter: 416 Res: 1.193108966012000038e-15
niter: 417 Res: 1.070532014948799471e-15
niter: 418 Res: 1.127387318775665642e-15
niter: 419 Res: 1.142573908417965519e-15
niter: 420 Res: 1.200812855428402906e-15
niter: 421 Res: 1.114606620743319175e-15
niter: 422 Res: 1.168729588714992361e-15
niter: 423 Res: 1.104300986225122322e-15
niter: 424 Res: 1.120095161411102438e-15
niter: 425 Res: 1.173053278816189968e-15
niter: 426 Res: 1.127524036125773824e-15
niter: 427 Res: 1.169535260977142414e-15
niter: 428 Res: 1.175070629267977575e-15
niter: 429 Res: 1.159838811967145112e-15
niter: 430 Res: 1.117567678745902615e-15
niter: 431 Res: 1.064516288612949289e-15
niter: 432 Res: 1.125065433045294176e-15
niter: 433 Res: 1.100179848121771773e-15
niter: 434 Res: 1.075827792497710699e-15
niter: 435 Res: 1.111941974159933659e-15
niter: 436 Res: 1.075855488786675047e-15
niter: 437 Res: 1.188441524010781995e-15
niter: 438 Res: 1.163983384814176926e-15
niter: 439 Res: 1.100229249035204840e-15
niter: 440 Res: 1.147246550120535467e-15
niter: 441 Res: 1.141109116392326560e-15
niter: 442 Res: 1.209309033315257077e-15
niter: 443 Res: 1.233589402264998833e-15
niter: 444 Res: 1.182575960172855317e-15
niter: 445 Res: 1.183866266798298096e-15
niter: 446 Res: 1.226479273009635794e-15
niter: 447 Res: 1.230731035131738385e-15
niter: 448 Res: 1.226111317882750655e-15
niter: 449 Res: 1.188554709663371847e-15
niter: 450 Res: 1.255779700235585737e-15
niter: 451 Res: 1.300773430984991060e-15
niter: 452 Res: 1.183608697158430876e-15
niter: 453 Res: 1.213671761785167317e-15
niter: 454 Res: 1.202482188425772614e-15
niter: 455 Res: 1.293030249748080804e-15
niter: 456 Res: 1.128381609184805648e-15
niter: 457 Res: 1.154164067597950157e-15
niter: 458 Res: 1.126848425287333164e-15
niter: 459 Res: 1.207697652502785379e-15
niter: 460 Res: 1.224605664993060179e-15
niter: 461 Res: 1.194500485181482476e-15
niter: 462 Res: 1.189885214016083146e-15
niter: 463 Res: 1.217307876852504587e-15
niter: 464 Res: 1.155724689095193420e-15
niter: 465 Res: 1.183652445135090427e-15
niter: 466 Res: 1.050396897387792263e-15
niter: 467 Res: 1.218726584359152286e-15
niter: 468 Res: 1.214460661279048517e-15
niter: 469 Res: 1.205761616264892509e-15
niter: 470 Res: 1.084134213764022158e-15
niter: 471 Res: 1.096583507086020314e-15
niter: 472 Res: 1.066435583687440013e-15
niter: 473 Res: 1.125749193321655380e-15
niter: 474 Res: 1.280207075717683055e-15
niter: 475 Res: 1.144997085391115660e-15
niter: 476 Res: 1.100969364012759250e-15
niter: 477 Res: 1.162004307938251441e-15
niter: 478 Res: 1.049209388004882670e-15
niter: 479 Res: 1.104025808665248019e-15
niter: 480 Res: 1.142714623914420642e-15
niter: 481 Res: 1.174208388406605000e-15
niter: 482 Res: 1.077996897848710767e-15
niter: 483 Res: 1.131009421202029681e-15
niter: 484 Res: 1.163185123837787365e-15
niter: 485 Res: 1.093887223123978740e-15
niter: 486 Res: 1.156717955380472114e-15
niter: 487 Res: 1.118412079108615363e-15
niter: 488 Res: 1.132455900807108652e-15
niter: 489 Res: 1.134861796277861322e-15
niter: 490 Res: 1.138480252443851510e-15
niter: 491 Res: 1.108294200967536463e-15
niter: 492 Res: 1.022084570082987970e-15
niter: 493 Res: 1.191873614582056087e-15
niter: 494 Res: 1.163373434673990197e-15
niter: 495 Res: 1.180893089703207041e-15
niter: 496 Res: 1.177752385895535235e-15
niter: 497 Res: 1.201874280417510710e-15
niter: 498 Res: 1.155155719098352694e-15
niter: 499 Res: 1.145702656665596749e-15
niter: 500 Res: 1.176967160426966223e-15
niter: 501 Res: 1.125612940916262559e-15
niter: 502 Res: 1.142305120210910353e-15
niter: 503 Res: 1.151810567420207282e-15
niter: 504 Res: 1.138766761330860170e-15
niter: 505 Res: 1.126906973471051247e-15
niter: 506 Res: 1.235253606832067376e-15
niter: 507 Res: 1.214370068027430466e-15
niter: 508 Res: 1.210664084574290314e-15
niter: 509 Res: 1.161757027859327632e-15
niter: 510 Res: 1.214893628799774405e-15
niter: 511 Res: 1.078429343348235481e-15
niter: 512 Res: 1.273507676014683467e-15
niter: 513 Res: 1.173033717553592423e-15
niter: 514 Res: 1.221067240661310620e-15
niter: 515 Res: 1.246965916770099320e-15
niter: 516 Res: 1.150941266833308298e-15
niter: 517 Res: 1.079866600734311128e-15
niter: 518 Res: 1.124426395923581653e-15
niter: 519 Res: 1.231926277698355290e-15
niter: 520 Res: 1.214494681458498584e-15
niter: 521 Res: 1.212867711084777760e-15
niter: 522 Res: 1.174633122773986921e-15
niter: 523 Res: 1.345313060120659632e-15
niter: 524 Res: 1.182129103331268003e-15
niter: 525 Res: 1.214057060389628644e-15
niter: 526 Res: 1.064863087100199720e-15
niter: 527 Res: 1.185971644422167395e-15
niter: 528 Res: 1.262030564299770394e-15
niter: 529 Res: 1.180322535296479128e-15
niter: 530 Res: 1.144010970416351959e-15
niter: 531 Res: 1.273045215122322076e-15
niter: 532 Res: 1.216943903918936828e-15
niter: 533 Res: 1.208852162616572851e-15
niter: 534 Res: 1.163341954311748176e-15
niter: 535 Res: 1.237469040755894946e-15
niter: 536 Res: 1.164588414826275224e-15
niter: 537 Res: 1.238687385004460314e-15
niter: 538 Res: 1.107894199935294844e-15
niter: 539 Res: 1.075630776423928196e-15
niter: 540 Res: 1.153285411279842498e-15
niter: 541 Res: 1.121025227799069265e-15
niter: 542 Res: 1.174097482907273254e-15
niter: 543 Res: 1.185096334762662261e-15
niter: 544 Res: 1.095603341284326379e-15
niter: 545 Res: 1.134940678529758845e-15
niter: 546 Res: 1.121548026650132351e-15
niter: 547 Res: 1.129317247781442182e-15
niter: 548 Res: 1.165716906250399462e-15
niter: 549 Res: 1.199410344012928953e-15
niter: 550 Res: 1.107465785488469375e-15
niter: 551 Res: 1.068089103751266250e-15
niter: 552 Res: 1.117883416021034216e-15
niter: 553 Res: 1.177505312258063592e-15
niter: 554 Res: 1.256615955088789090e-15
niter: 555 Res: 1.206416992486429756e-15
niter: 556 Res: 1.099545895711663410e-15
niter: 557 Res: 1.161088716046186676e-15
niter: 558 Res: 1.141753249950530603e-15
niter: 559 Res: 1.183921301235709469e-15
niter: 560 Res: 1.125723226282343977e-15
niter: 561 Res: 1.190600526450047595e-15
niter: 562 Res: 1.223301028585120173e-15
niter: 563 Res: 1.202556641619358258e-15
niter: 564 Res: 1.141002578571193367e-15
niter: 565 Res: 1.062581417340514949e-15
niter: 566 Res: 1.077009874056756397e-15
niter: 567 Res: 1.094511928567591849e-15
niter: 568 Res: 1.153409091708541284e-15
niter: 569 Res: 1.060139048230488235e-15
niter: 570 Res: 1.135887438491317986e-15
niter: 571 Res: 1.146371615829649781e-15
niter: 572 Res: 1.242919741091662341e-15
niter: 573 Res: 1.196130476713929775e-15
niter: 574 Res: 1.176501634264468645e-15
niter: 575 Res: 1.167477938591724493e-15
niter: 576 Res: 1.158425593733226427e-15
niter: 577 Res: 1.253395533679047710e-15
niter: 578 Res: 1.125961226733149926e-15
niter: 579 Res: 1.105456297080768842e-15
niter: 580 Res: 1.118295521948356142e-15
niter: 581 Res: 1.282098890459142951e-15
niter: 582 Res: 1.207205597744093040e-15
niter: 583 Res: 1.147880288403234076e-15
niter: 584 Res: 1.170895083862383346e-15
niter: 585 Res: 1.115129194023269094e-15
niter: 586 Res: 1.141088020037890105e-15
niter: 587 Res: 1.116942365602146137e-15
niter: 588 Res: 1.098300320942363633e-15
niter: 589 Res: 1.103259319861553559e-15
niter: 590 Res: 1.093982934766691176e-15
niter: 591 Res: 1.073129333808941387e-15
niter: 592 Res: 1.106871463449230323e-15
niter: 593 Res: 1.135983886833371970e-15
niter: 594 Res: 1.106321348953803154e-15
niter: 595 Res: 1.106542696876367725e-15
niter: 596 Res: 1.089273583205396654e-15
niter: 597 Res: 1.074390061389970824e-15
niter: 598 Res: 1.185329503577111829e-15
niter: 599 Res: 1.018881922431178346e-15
niter: 600 Res: 1.044345393610678625e-15
niter: 601 Res: 1.201868751395988937e-15
niter: 602 Res: 1.071970073897976825e-15
niter: 603 Res: 1.172222481826570046e-15
niter: 604 Res: 1.155416550937559784e-15
niter: 605 Res: 1.104000637737281350e-15
niter: 606 Res: 1.210920920538094048e-15
niter: 607 Res: 1.154417197120213807e-15
niter: 608 Res: 1.139443134483700655e-15
niter: 609 Res: 1.192722603054829646e-15
niter: 610 Res: 1.275361826035316580e-15
niter: 611 Res: 1.166792330418661644e-15
niter: 612 Res: 1.079069859885827200e-15
niter: 613 Res: 1.135447164589137632e-15
niter: 614 Res: 1.163129203579838142e-15
niter: 615 Res: 1.090585638139108712e-15
niter: 616 Res: 1.165734047479874948e-15
niter: 617 Res: 1.246925966287160147e-15
niter: 618 Res: 1.165406867779331614e-15
niter: 619 Res: 1.187279762541354929e-15
niter: 620 Res: 1.124270197585508764e-15
niter: 621 Res: 1.139699294248729786e-15
niter: 622 Res: 1.082447228000716417e-15
niter: 623 Res: 1.169443050422378976e-15
niter: 624 Res: 1.144023684680613814e-15
niter: 625 Res: 1.194423928759116741e-15
niter: 626 Res: 1.282559562723245426e-15
niter: 627 Res: 1.177365622518640624e-15
niter: 628 Res: 1.057041854441171700e-15
niter: 629 Res: 1.108668809239280273e-15
niter: 630 Res: 1.010679426918042116e-15
niter: 631 Res: 1.083079798234256029e-15
niter: 632 Res: 1.089423599492603485e-15
niter: 633 Res: 1.208878115959801913e-15
niter: 634 Res: 1.271478120110423022e-15
niter: 635 Res: 1.173130022387609991e-15
niter: 636 Res: 1.215605632406199353e-15
niter: 637 Res: 1.165818021054207722e-15
niter: 638 Res: 1.039069126858422877e-15
niter: 639 Res: 1.090490458624941301e-15
niter: 640 Res: 1.097350699432487001e-15
niter: 641 Res: 1.096412283763105528e-15
niter: 642 Res: 1.174932143621366519e-15
niter: 643 Res: 1.129587509231536213e-15
niter: 644 Res: 1.153749572714276060e-15
niter: 645 Res: 1.136266596896182635e-15
niter: 646 Res: 1.240216006097976835e-15
niter: 647 Res: 1.191358892177518295e-15
niter: 648 Res: 1.197930052509382626e-15
niter: 649 Res: 1.267154231532555302e-15
niter: 650 Res: 1.116385004329459449e-15
niter: 651 Res: 1.072436865869706231e-15
niter: 652 Res: 1.129475570497208747e-15
niter: 653 Res: 1.098292318435683028e-15
niter: 654 Res: 1.048014863341384404e-15
niter: 655 Res: 1.152393388356201383e-15
niter: 656 Res: 1.081412474659510971e-15
niter: 657 Res: 1.069507568799194295e-15
niter: 658 Res: 1.199238457920637220e-15
niter: 659 Res: 1.171159617577025516e-15
niter: 660 Res: 1.014329478903245650e-15
niter: 661 Res: 1.034608286066026569e-15
niter: 662 Res: 1.072059069868276677e-15
niter: 663 Res: 1.076791913144477213e-15
niter: 664 Res: 9.929465813127798354e-16
niter: 665 Res: 1.082085548887797050e-15
niter: 666 Res: 1.053378876856828664e-15
niter: 667 Res: 1.114085693504019277e-15
niter: 668 Res: 1.177677623762272775e-15
niter: 669 Res: 1.030095171455721707e-15
niter: 670 Res: 1.105179266390900101e-15
niter: 671 Res: 1.132277009029958725e-15
niter: 672 Res: 1.104019627638987242e-15
niter: 673 Res: 1.163481634207488075e-15
niter: 674 Res: 1.110683836940931746e-15
niter: 675 Res: 1.123601599230607850e-15
niter: 676 Res: 1.092677036778161880e-15
niter: 677 Res: 1.263176378832837306e-15
niter: 678 Res: 1.208471475016190801e-15
niter: 679 Res: 1.174410826551195708e-15
niter: 680 Res: 1.121951269923619910e-15
niter: 681 Res: 1.181663164300580517e-15
niter: 682 Res: 1.196949904037065765e-15
niter: 683 Res: 1.146652068630434352e-15
niter: 684 Res: 1.166755216110808180e-15
niter: 685 Res: 1.077813754457592425e-15
niter: 686 Res: 1.035795850809215633e-15
niter: 687 Res: 1.147841233032753964e-15
niter: 688 Res: 1.164783615759959316e-15
niter: 689 Res: 1.163044100552566410e-15
niter: 690 Res: 1.200099311712650002e-15
niter: 691 Res: 1.093714042198123875e-15
niter: 692 Res: 1.049259338397679668e-15
niter: 693 Res: 1.100290252272992191e-15
niter: 694 Res: 1.134501773716692785e-15
niter: 695 Res: 1.119364678569419735e-15
niter: 696 Res: 1.092032452269534355e-15
niter: 697 Res: 1.145046213152671003e-15
niter: 698 Res: 1.080414934799060598e-15
niter: 699 Res: 1.143096735823363682e-15
niter: 700 Res: 1.216103238244120451e-15
niter: 701 Res: 1.156796770439826610e-15
niter: 702 Res: 1.119013199023194591e-15
niter: 703 Res: 1.104935238928767944e-15
niter: 704 Res: 1.166104730433701026e-15
niter: 705 Res: 1.097879671738319557e-15
niter: 706 Res: 1.074900280519380815e-15
niter: 707 Res: 1.107207430560134599e-15
niter: 708 Res: 1.071410954939337795e-15
niter: 709 Res: 1.204208554331241552e-15
niter: 710 Res: 1.056708941747806691e-15
niter: 711 Res: 1.236085161833598133e-15
niter: 712 Res: 1.154651906763338207e-15
niter: 713 Res: 1.085014274210057244e-15
niter: 714 Res: 1.165827385863253379e-15
niter: 715 Res: 1.108393258802996322e-15
niter: 716 Res: 1.114559903689606908e-15
niter: 717 Res: 1.039928492999931915e-15
niter: 718 Res: 1.247794469023457146e-15
niter: 719 Res: 1.183362436390627196e-15
niter: 720 Res: 1.157825140656158338e-15
niter: 721 Res: 1.079378454470597301e-15
niter: 722 Res: 1.050966014470500314e-15
niter: 723 Res: 1.081851403425135208e-15
niter: 724 Res: 1.189538848576848787e-15
niter: 725 Res: 1.152746739102458163e-15
niter: 726 Res: 1.114445994872926268e-15
niter: 727 Res: 1.114666066794660477e-15
niter: 728 Res: 1.091856824855574099e-15
niter: 729 Res: 1.153573808583201901e-15
niter: 730 Res: 1.184705462359091205e-15
niter: 731 Res: 1.170968207166303062e-15
niter: 732 Res: 1.174602149314213045e-15
niter: 733 Res: 1.094951413070816710e-15
niter: 734 Res: 1.144076612220045358e-15
niter: 735 Res: 1.165290418901882124e-15
niter: 736 Res: 1.136627714179003968e-15
niter: 737 Res: 1.086062464674849374e-15
niter: 738 Res: 1.086620950530799773e-15
niter: 739 Res: 1.229557382505213467e-15
niter: 740 Res: 1.113390310399548461e-15
niter: 741 Res: 1.079606022865803608e-15
niter: 742 Res: 1.145140398077682480e-15
niter: 743 Res: 1.219740186801908923e-15
niter: 744 Res: 1.145069443437020805e-15
niter: 745 Res: 1.171079131275498202e-15
niter: 746 Res: 1.185700134689956655e-15
niter: 747 Res: 1.194776644215937413e-15
niter: 748 Res: 1.175355218418658211e-15
niter: 749 Res: 1.134967972518376861e-15
niter: 750 Res: 1.163793352499267653e-15
niter: 751 Res: 1.146510913460170137e-15
niter: 752 Res: 1.120455160839710831e-15
niter: 753 Res: 1.217781045284519497e-15
niter: 754 Res: 1.044975018365493991e-15
niter: 755 Res: 1.211388068767215608e-15
niter: 756 Res: 1.191574411672655450e-15
niter: 757 Res: 1.206931161376538475e-15
niter: 758 Res: 1.089540309211910102e-15
niter: 759 Res: 1.137437801412279142e-15
niter: 760 Res: 1.055132871311895530e-15
niter: 761 Res: 1.179041743601614482e-15
niter: 762 Res: 1.074169640352822896e-15
niter: 763 Res: 1.103881663676940435e-15
niter: 764 Res: 1.188546914865083012e-15
niter: 765 Res: 1.061046690871447699e-15
niter: 766 Res: 1.183282360755619037e-15
niter: 767 Res: 1.119226055270986112e-15
niter: 768 Res: 1.131334625681078387e-15
niter: 769 Res: 1.111424055618963225e-15
niter: 770 Res: 1.159428441984902496e-15
niter: 771 Res: 1.095624920099866580e-15
niter: 772 Res: 1.274402589058517867e-15
niter: 773 Res: 1.170178146485443774e-15
niter: 774 Res: 1.225439977729137719e-15
niter: 775 Res: 1.074198533003829337e-15
niter: 776 Res: 1.116097589912812501e-15
niter: 777 Res: 1.172415404120963288e-15
niter: 778 Res: 1.159632364283421078e-15
niter: 779 Res: 1.134024037347505987e-15
niter: 780 Res: 1.212737114105002186e-15
niter: 781 Res: 1.250312618598715134e-15
niter: 782 Res: 1.221409127628764997e-15
niter: 783 Res: 1.181227192800434895e-15
niter: 784 Res: 1.069923298830540368e-15
niter: 785 Res: 1.157171084171612064e-15
niter: 786 Res: 1.198596039491882577e-15
niter: 787 Res: 1.042821778816154987e-15
niter: 788 Res: 1.293095608975410151e-15
niter: 789 Res: 1.122331509654562110e-15
niter: 790 Res: 1.180502579381200626e-15
niter: 791 Res: 1.083066090512735705e-15
niter: 792 Res: 1.255128277248623023e-15
niter: 793 Res: 1.200377570261976207e-15
niter: 794 Res: 1.181896788114664958e-15
niter: 795 Res: 1.183315764299756219e-15
niter: 796 Res: 1.109814730412358025e-15
niter: 797 Res: 1.165323711324105488e-15
niter: 798 Res: 1.189421969876038741e-15
niter: 799 Res: 1.220067486310405034e-15
niter: 800 Res: 1.072364727524312764e-15
niter: 801 Res: 1.133030049278181803e-15
niter: 802 Res: 1.085681187094043605e-15
niter: 803 Res: 1.091604256319156528e-15
niter: 804 Res: 1.112403469092314217e-15
niter: 805 Res: 1.033998532325128773e-15
niter: 806 Res: 1.094558740444935114e-15
niter: 807 Res: 1.116532675435422360e-15
niter: 808 Res: 1.096315925446811978e-15
niter: 809 Res: 1.122256308940126810e-15
niter: 810 Res: 1.191447610144018490e-15
niter: 811 Res: 1.128488141791253108e-15
niter: 812 Res: 1.191054249375691458e-15
niter: 813 Res: 1.227294799807790090e-15
niter: 814 Res: 1.105092672385981682e-15
niter: 815 Res: 1.080152773008894666e-15
niter: 816 Res: 1.124852466988440935e-15
niter: 817 Res: 1.173674641168040459e-15
niter: 818 Res: 1.170537173442078402e-15
niter: 819 Res: 1.168589396793116172e-15
niter: 820 Res: 1.134711633688179095e-15
niter: 821 Res: 1.110292376566112843e-15
niter: 822 Res: 1.191654662443368362e-15
niter: 823 Res: 1.182637779574238191e-15
niter: 824 Res: 1.142059958313517218e-15
niter: 825 Res: 1.033231948753600827e-15
niter: 826 Res: 1.120442969361418455e-15
niter: 827 Res: 1.075378691358648010e-15
niter: 828 Res: 1.223926246056456760e-15
niter: 829 Res: 1.103151856045620388e-15
niter: 830 Res: 1.171394833077576154e-15
niter: 831 Res: 1.282000207916339179e-15
niter: 832 Res: 1.154799946042867174e-15
niter: 833 Res: 1.146311355794003920e-15
niter: 834 Res: 1.076938226197944476e-15
niter: 835 Res: 1.185938623849045973e-15
niter: 836 Res: 1.161997080102139227e-15
niter: 837 Res: 1.176956149206068496e-15
niter: 838 Res: 1.082993668440701841e-15
niter: 839 Res: 1.092908679442443057e-15
niter: 840 Res: 1.246641215200941665e-15
niter: 841 Res: 1.144346104980238698e-15
niter: 842 Res: 1.064622559461748435e-15
niter: 843 Res: 1.173998427763330086e-15
niter: 844 Res: 1.259278733809078636e-15
niter: 845 Res: 1.249783888290548138e-15
niter: 846 Res: 1.175136270244815174e-15
niter: 847 Res: 1.152971151760428768e-15
niter: 848 Res: 1.130249699883207398e-15
niter: 849 Res: 1.194792094824135740e-15
niter: 850 Res: 1.242735653453658631e-15
niter: 851 Res: 1.369123935701062196e-15
niter: 852 Res: 1.348139505080786399e-15
niter: 853 Res: 1.207124023036195507e-15
niter: 854 Res: 1.231784136656584743e-15
niter: 855 Res: 1.166749559475478848e-15
niter: 856 Res: 1.112009774702080900e-15
niter: 857 Res: 1.131220222625765953e-15
niter: 858 Res: 1.121755550500697434e-15
niter: 859 Res: 1.222646623107417843e-15
niter: 860 Res: 1.218745143551902650e-15
niter: 861 Res: 1.165282795939665437e-15
niter: 862 Res: 1.208336141853467285e-15
niter: 863 Res: 1.143134386703688400e-15
niter: 864 Res: 1.082394440320687747e-15
niter: 865 Res: 1.084179159929192783e-15
niter: 866 Res: 1.086580177106886714e-15
niter: 867 Res: 1.211000685161688511e-15
niter: 868 Res: 1.173075429810693654e-15
niter: 869 Res: 1.147063843709636398e-15
niter: 870 Res: 1.100597212929239024e-15
niter: 871 Res: 1.143867653889096112e-15
niter: 872 Res: 1.238580792587326072e-15
niter: 873 Res: 1.248682185252272600e-15
niter: 874 Res: 1.197694143410682709e-15
niter: 875 Res: 1.171765907369374943e-15
niter: 876 Res: 1.168043295162085616e-15
niter: 877 Res: 1.255654005784913317e-15
niter: 878 Res: 1.149392065306676135e-15
niter: 879 Res: 1.040913752358186773e-15
niter: 880 Res: 1.163357093729814593e-15
niter: 881 Res: 1.120755998697607826e-15
niter: 882 Res: 1.138170193729190321e-15
niter: 883 Res: 1.150232939281517340e-15
niter: 884 Res: 1.193403177116478750e-15
niter: 885 Res: 1.227372512278963940e-15
niter: 886 Res: 1.194311775307006669e-15
niter: 887 Res: 1.112564029318566904e-15
niter: 888 Res: 1.116908618190661421e-15
niter: 889 Res: 1.044875405734758230e-15
niter: 890 Res: 1.169469933237710239e-15
niter: 891 Res: 1.047588631932922190e-15
niter: 892 Res: 1.093046724786011895e-15
niter: 893 Res: 1.143069620333773876e-15
niter: 894 Res: 1.128773954986757468e-15
niter: 895 Res: 1.196830080080611871e-15
niter: 896 Res: 1.175617052425856639e-15
niter: 897 Res: 1.252753755661495573e-15
niter: 898 Res: 1.326166719455874721e-15
niter: 899 Res: 1.202326871682205970e-15
niter: 900 Res: 1.208579518108958312e-15
niter: 901 Res: 1.159185341403340221e-15
niter: 902 Res: 1.281284154003921928e-15
niter: 903 Res: 1.135193979842641858e-15
niter: 904 Res: 1.143106750081118907e-15
niter: 905 Res: 1.137439830555850948e-15
niter: 906 Res: 1.173194005611033619e-15
niter: 907 Res: 1.227808730175625640e-15
niter: 908 Res: 1.273067175555815530e-15
niter: 909 Res: 1.260280552124237683e-15
niter: 910 Res: 1.198366492840780443e-15
niter: 911 Res: 1.183818247001295444e-15
niter: 912 Res: 1.146511044548584184e-15
niter: 913 Res: 1.208906125164429046e-15
niter: 914 Res: 1.157115105818987158e-15
niter: 915 Res: 1.169660799902482408e-15
niter: 916 Res: 1.239997319768320154e-15
niter: 917 Res: 1.230376257947169522e-15
niter: 918 Res: 1.190393189107745679e-15
niter: 919 Res: 1.121379605369090232e-15
niter: 920 Res: 1.160421382697119555e-15
niter: 921 Res: 1.087221047659823173e-15
niter: 922 Res: 1.213004458808834010e-15
niter: 923 Res: 1.172104128032460503e-15
niter: 924 Res: 1.184128549281985154e-15
niter: 925 Res: 1.120000262028141280e-15
niter: 926 Res: 1.131485970022403953e-15
niter: 927 Res: 1.123589964765223347e-15
niter: 928 Res: 1.092405448773758485e-15
niter: 929 Res: 1.048052452381328393e-15
niter: 930 Res: 1.174560246443430917e-15
niter: 931 Res: 1.194283563586985150e-15
niter: 932 Res: 1.217647339934168829e-15
niter: 933 Res: 1.240446072711342530e-15
niter: 934 Res: 1.195914484717182836e-15
niter: 935 Res: 1.180105924242739586e-15
niter: 936 Res: 1.142728038532852320e-15
niter: 937 Res: 1.223025731782146886e-15
niter: 938 Res: 1.237849818345668378e-15
niter: 939 Res: 1.191091104282006406e-15
niter: 940 Res: 1.197486354043100209e-15
niter: 941 Res: 1.146663209776459887e-15
niter: 942 Res: 1.104810699457905014e-15
niter: 943 Res: 1.206855464572158606e-15
niter: 944 Res: 1.145953971490833800e-15
niter: 945 Res: 1.106348733333622996e-15
niter: 946 Res: 1.147778558576326305e-15
niter: 947 Res: 1.151636479373324318e-15
niter: 948 Res: 1.186616069760493013e-15
niter: 949 Res: 1.104266072027022679e-15
niter: 950 Res: 1.151536924896077963e-15
niter: 951 Res: 1.200741188821970784e-15
niter: 952 Res: 1.085586972777375039e-15
niter: 953 Res: 1.099170921726603828e-15
niter: 954 Res: 1.028813037594353181e-15
niter: 955 Res: 1.132534862711790809e-15
niter: 956 Res: 1.094351599197625741e-15
niter: 957 Res: 1.162793959658603862e-15
niter: 958 Res: 1.073609202238583577e-15
niter: 959 Res: 1.071124363129817615e-15
niter: 960 Res: 1.101630972572227649e-15
niter: 961 Res: 1.170152824964145066e-15
niter: 962 Res: 1.177058367426054485e-15
niter: 963 Res: 1.125090694242753267e-15
niter: 964 Res: 1.237717733309440845e-15
niter: 965 Res: 1.186517398401865107e-15
niter: 966 Res: 1.157010203404474785e-15
niter: 967 Res: 1.229303386374840058e-15
niter: 968 Res: 1.146804564482146130e-15
niter: 969 Res: 1.212253609782961357e-15
niter: 970 Res: 1.364424415256533017e-15
niter: 971 Res: 1.276872229040253454e-15
niter: 972 Res: 1.234319482729923966e-15
niter: 973 Res: 1.259207942279970502e-15
niter: 974 Res: 1.229094428321482484e-15
niter: 975 Res: 1.303662448593024095e-15
niter: 976 Res: 1.264756026069120891e-15
niter: 977 Res: 1.146174576503153757e-15
niter: 978 Res: 1.214801197637553597e-15
niter: 979 Res: 1.176680825874438973e-15
niter: 980 Res: 1.153981269863355719e-15
niter: 981 Res: 1.212288375937414379e-15
niter: 982 Res: 1.110010378149446697e-15
niter: 983 Res: 1.159111175764360266e-15
niter: 984 Res: 1.133447982592192277e-15
niter: 985 Res: 1.123618180938709211e-15
niter: 986 Res: 1.084902101171921461e-15
niter: 987 Res: 1.126721282819658923e-15
niter: 988 Res: 1.155483881210153930e-15
niter: 989 Res: 1.201478081799290062e-15
niter: 990 Res: 1.175541331822507642e-15
niter: 991 Res: 1.227760260444102468e-15
niter: 992 Res: 1.205901551895872025e-15
niter: 993 Res: 1.190548554436310617e-15
niter: 994 Res: 1.156656816334580804e-15
niter: 995 Res: 1.104876952436124626e-15
niter: 996 Res: 1.132036388691051590e-15
niter: 997 Res: 1.212793008946628888e-15
niter: 998 Res: 1.136838060905119186e-15
niter: 999 Res: 1.146813705896062680e-15
niter: 1000 Res: 1.142079187485062485e-15
