2D Euler Solver: Node-Centered Finite-Volume-Method
Numerical Flux: 2D Roe flux with an entropy fix
Order of Accuracy: 2

Mesh Parameters:
Number of Elements: 100
Number of Interior Edges: 133
Number of Boundary Edges: 34

****************************************
           Simulation Start             
****************************************
niter: 1 Res: 9.260463387873567041e-16
niter: 2 Res: 1.070900716432225663e-15
niter: 3 Res: 9.844296788256181976e-16
niter: 4 Res: 9.627451133519916758e-16
niter: 5 Res: 1.184053599555169150e-15
niter: 6 Res: 1.120066853364864153e-15
niter: 7 Res: 1.048561446219194547e-15
niter: 8 Res: 9.710433154274272148e-16
niter: 9 Res: 9.588046993279375068e-16
niter: 10 Res: 1.001420943885262467e-15
niter: 11 Res: 1.256576535971982768e-15
niter: 12 Res: 1.119243039939335280e-15
niter: 13 Res: 1.036975075427335063e-15
niter: 14 Res: 1.015674706666750025e-15
niter: 15 Res: 1.161560430728503192e-15
niter: 16 Res: 1.194720094947445690e-15
niter: 17 Res: 1.004523343579840327e-15
niter: 18 Res: 9.981090292938351259e-16
niter: 19 Res: 1.017874664076060331e-15
niter: 20 Res: 8.613816087111968321e-16
niter: 21 Res: 9.576501015693153859e-16
niter: 22 Res: 1.126644713120896879e-15
niter: 23 Res: 1.133764664350507403e-15
niter: 24 Res: 1.036863111311636742e-15
niter: 25 Res: 9.202756005793477718e-16
niter: 26 Res: 1.150984569244280506e-15
niter: 27 Res: 1.157376745235616461e-15
niter: 28 Res: 1.128003656974856400e-15
niter: 29 Res: 1.061185523593505784e-15
niter: 30 Res: 1.071629104966391946e-15
niter: 31 Res: 9.612588368037316205e-16
niter: 32 Res: 9.525616623030249202e-16
niter: 33 Res: 9.430897384287410848e-16
niter: 34 Res: 9.412036199628712053e-16
niter: 35 Res: 1.059502672860029679e-15
niter: 36 Res: 1.101348928306803186e-15
niter: 37 Res: 1.116708697079787398e-15
niter: 38 Res: 9.916161378308333088e-16
niter: 39 Res: 1.001905337825302764e-15
niter: 40 Res: 9.685708665200057104e-16
niter: 41 Res: 9.585560601578718332e-16
niter: 42 Res: 1.092932008371355665e-15
niter: 43 Res: 9.686106924814395318e-16
niter: 44 Res: 9.501564065603813638e-16
niter: 45 Res: 9.713309837312639310e-16
niter: 46 Res: 1.213058453476568500e-15
niter: 47 Res: 1.184892583029596976e-15
niter: 48 Res: 1.080279500378014420e-15
niter: 49 Res: 1.278612108371555911e-15
niter: 50 Res: 1.122354001417030504e-15
niter: 51 Res: 1.078119562943988207e-15
niter: 52 Res: 8.841598774694335887e-16
niter: 53 Res: 1.035049559150090142e-15
niter: 54 Res: 1.036258234262504119e-15
niter: 55 Res: 1.091404175259136846e-15
niter: 56 Res: 1.009908257938594430e-15
niter: 57 Res: 1.021264794155782435e-15
niter: 58 Res: 9.971512701315678093e-16
niter: 59 Res: 9.024356874470996923e-16
niter: 60 Res: 1.039160865772535577e-15
niter: 61 Res: 1.069877691940297433e-15
niter: 62 Res: 1.090589625026360878e-15
niter: 63 Res: 1.004804553817678789e-15
niter: 64 Res: 1.009272191706699316e-15
niter: 65 Res: 1.116757389328131411e-15
niter: 66 Res: 1.060749787439708711e-15
niter: 67 Res: 1.183752135362968478e-15
niter: 68 Res: 9.819995215056614078e-16
niter: 69 Res: 9.227500986676019380e-16
niter: 70 Res: 1.140285640092518034e-15
niter: 71 Res: 8.607863198037575405e-16
niter: 72 Res: 1.058420942770811982e-15
niter: 73 Res: 1.058505292783278350e-15
niter: 74 Res: 1.007882744602910514e-15
niter: 75 Res: 1.082638976411615475e-15
niter: 76 Res: 1.084267212708620256e-15
niter: 77 Res: 9.820819909777181622e-16
niter: 78 Res: 9.599779754859430913e-16
niter: 79 Res: 9.909620784592779887e-16
niter: 80 Res: 1.115511706958360356e-15
niter: 81 Res: 9.669318368996009039e-16
niter: 82 Res: 8.904653453566821782e-16
niter: 83 Res: 1.136750507873372885e-15
niter: 84 Res: 1.223886505305328310e-15
niter: 85 Res: 1.185315327747914088e-15
niter: 86 Res: 1.037606443906547042e-15
niter: 87 Res: 1.060954023976678075e-15
niter: 88 Res: 1.088828708614816279e-15
niter: 89 Res: 1.023386522441262290e-15
niter: 90 Res: 9.989552858287765043e-16
niter: 91 Res: 9.420935006083536064e-16
niter: 92 Res: 1.008495957121806136e-15
niter: 93 Res: 8.838125475714442657e-16
niter: 94 Res: 1.082436870236330367e-15
niter: 95 Res: 1.078612639940316072e-15
niter: 96 Res: 1.110824570505986960e-15
niter: 97 Res: 1.240926290721317558e-15
niter: 98 Res: 9.856953450321179522e-16
niter: 99 Res: 9.305534106141448614e-16
niter: 100 Res: 9.111415577569540515e-16
niter: 101 Res: 9.997776104808395975e-16
niter: 102 Res: 1.254089588802336491e-15
niter: 103 Res: 8.210361540064541720e-16
niter: 104 Res: 9.431427507913677826e-16
niter: 105 Res: 1.149448922437593183e-15
niter: 106 Res: 1.047178952262653230e-15
niter: 107 Res: 9.933272822707116684e-16
niter: 108 Res: 9.091151759006485600e-16
niter: 109 Res: 1.128495342710646320e-15
niter: 110 Res: 1.062244079016450329e-15
niter: 111 Res: 1.193356437462811696e-15
niter: 112 Res: 1.212644064237911236e-15
niter: 113 Res: 1.223491706181335157e-15
niter: 114 Res: 1.277733103930984404e-15
niter: 115 Res: 1.152723979097974825e-15
niter: 116 Res: 1.058448003297613945e-15
niter: 117 Res: 1.166164870931225165e-15
niter: 118 Res: 1.024546105105848335e-15
niter: 119 Res: 1.003889895102375852e-15
niter: 120 Res: 1.111923179553288925e-15
niter: 121 Res: 9.711168253499448808e-16
niter: 122 Res: 8.877050723562552273e-16
niter: 123 Res: 1.085227795338956460e-15
niter: 124 Res: 9.211280915625009265e-16
niter: 125 Res: 9.111536164275875430e-16
niter: 126 Res: 9.160477937274651708e-16
niter: 127 Res: 9.348959232985343224e-16
niter: 128 Res: 1.049119223282129474e-15
niter: 129 Res: 1.196978476329410934e-15
niter: 130 Res: 1.030020485305667856e-15
niter: 131 Res: 9.391056679077663242e-16
niter: 132 Res: 1.205114401044781552e-15
niter: 133 Res: 1.061353796647315994e-15
niter: 134 Res: 8.586643630305526786e-16
niter: 135 Res: 1.169172302975630671e-15
niter: 136 Res: 1.053508750514156526e-15
niter: 137 Res: 1.113472237191443090e-15
niter: 138 Res: 1.072187608631377024e-15
niter: 139 Res: 1.151020628349792325e-15
niter: 140 Res: 1.235221237671933967e-15
niter: 141 Res: 9.542994409502080540e-16
niter: 142 Res: 8.997920837286855631e-16
niter: 143 Res: 1.073461836576740229e-15
niter: 144 Res: 1.091579455401705899e-15
niter: 145 Res: 8.948914169022560061e-16
niter: 146 Res: 9.270172401185039948e-16
niter: 147 Res: 1.126987523551636833e-15
niter: 148 Res: 1.117053202532591091e-15
niter: 149 Res: 1.063156369506659767e-15
niter: 150 Res: 8.898963527755984086e-16
niter: 151 Res: 8.760776787557130811e-16
niter: 152 Res: 9.699249053686557000e-16
niter: 153 Res: 8.041576093972823348e-16
niter: 154 Res: 9.751976330124130639e-16
niter: 155 Res: 1.168110108579195781e-15
niter: 156 Res: 1.268480879120096159e-15
niter: 157 Res: 1.077779483594893998e-15
niter: 158 Res: 1.152579705241678325e-15
niter: 159 Res: 1.111935056560598384e-15
niter: 160 Res: 9.683016627767433243e-16
niter: 161 Res: 1.101031839220890727e-15
niter: 162 Res: 9.397605128641364352e-16
niter: 163 Res: 9.678808118407466865e-16
niter: 164 Res: 9.469467976424157407e-16
niter: 165 Res: 9.061058320396038216e-16
niter: 166 Res: 8.840686540700720610e-16
niter: 167 Res: 9.580770620041294467e-16
niter: 168 Res: 9.672631394630634913e-16
niter: 169 Res: 9.356224032505677896e-16
niter: 170 Res: 8.058306722854931382e-16
niter: 171 Res: 9.568700760737873001e-16
niter: 172 Res: 9.273222403599454377e-16
niter: 173 Res: 1.170647020419350317e-15
niter: 174 Res: 1.025685049954468144e-15
niter: 175 Res: 1.003514817187435689e-15
niter: 176 Res: 1.155790126826076690e-15
niter: 177 Res: 1.204487737536279504e-15
niter: 178 Res: 1.127459504569509802e-15
niter: 179 Res: 1.183314590507569136e-15
niter: 180 Res: 1.137538882902273845e-15
niter: 181 Res: 9.787874067685945449e-16
niter: 182 Res: 1.039635613727804875e-15
niter: 183 Res: 8.799374807341910858e-16
niter: 184 Res: 9.394284872803290975e-16
niter: 185 Res: 9.534184384191563751e-16
niter: 186 Res: 9.400295746615629834e-16
niter: 187 Res: 9.380591885348305462e-16
niter: 188 Res: 1.083345663184475807e-15
niter: 189 Res: 1.180451063453465892e-15
niter: 190 Res: 1.071475602466494525e-15
niter: 191 Res: 1.003536749824857227e-15
niter: 192 Res: 1.158134773784610163e-15
niter: 193 Res: 9.925192967082107759e-16
niter: 194 Res: 9.861998414490605301e-16
niter: 195 Res: 9.505573317381787766e-16
niter: 196 Res: 9.261450312209403158e-16
niter: 197 Res: 9.519316696399496476e-16
niter: 198 Res: 1.122187590856022194e-15
niter: 199 Res: 1.123938302189526029e-15
niter: 200 Res: 1.018633141842893434e-15
niter: 201 Res: 1.097302467010070689e-15
niter: 202 Res: 9.987256510204469531e-16
niter: 203 Res: 8.541384417525937310e-16
niter: 204 Res: 1.076101493415176075e-15
niter: 205 Res: 1.135250752493986435e-15
niter: 206 Res: 1.083336028627524900e-15
niter: 207 Res: 1.259542489000407819e-15
niter: 208 Res: 1.000006040908146314e-15
niter: 209 Res: 1.066370013609243951e-15
niter: 210 Res: 1.003739248382967233e-15
niter: 211 Res: 1.058465636695053843e-15
niter: 212 Res: 8.437517417952308151e-16
niter: 213 Res: 8.756419958679239976e-16
niter: 214 Res: 1.065372002580891797e-15
niter: 215 Res: 1.086703951920247746e-15
niter: 216 Res: 1.021316541773535852e-15
niter: 217 Res: 9.460649009373185512e-16
niter: 218 Res: 8.409985679412704693e-16
niter: 219 Res: 9.196182174071540964e-16
niter: 220 Res: 1.050025271343551497e-15
niter: 221 Res: 1.017528521805175120e-15
niter: 222 Res: 1.128244553395383295e-15
niter: 223 Res: 1.078767475206681395e-15
niter: 224 Res: 1.066819609709087740e-15
niter: 225 Res: 9.567145639170547923e-16
niter: 226 Res: 9.965153459542587279e-16
niter: 227 Res: 9.567477198072878209e-16
niter: 228 Res: 1.098238600764759754e-15
niter: 229 Res: 9.544839530989422075e-16
niter: 230 Res: 1.056938020357765119e-15
niter: 231 Res: 9.398589506779993669e-16
niter: 232 Res: 1.236568570870255728e-15
niter: 233 Res: 1.097138564650449400e-15
niter: 234 Res: 1.146292352584679392e-15
niter: 235 Res: 1.250907060230060815e-15
niter: 236 Res: 9.515735554924489342e-16
niter: 237 Res: 1.108737303029191008e-15
niter: 238 Res: 9.719388214884055863e-16
niter: 239 Res: 8.979348639556050488e-16
niter: 240 Res: 9.158574684617568501e-16
niter: 241 Res: 9.441462692840054365e-16
niter: 242 Res: 1.023150234961037595e-15
niter: 243 Res: 1.038992369812940288e-15
niter: 244 Res: 1.011011691563501139e-15
niter: 245 Res: 1.011172601290126540e-15
niter: 246 Res: 1.018500403049644565e-15
niter: 247 Res: 1.062478155257023699e-15
niter: 248 Res: 9.066067667371964958e-16
niter: 249 Res: 9.043811858834647522e-16
niter: 250 Res: 9.958228803472823584e-16
niter: 251 Res: 1.002543730925799305e-15
niter: 252 Res: 9.817113220387925604e-16
niter: 253 Res: 8.793457092863382111e-16
niter: 254 Res: 1.112387459054823329e-15
niter: 255 Res: 9.797387868156415128e-16
niter: 256 Res: 1.061994163603405747e-15
niter: 257 Res: 1.266848160768784003e-15
niter: 258 Res: 9.951523780594605236e-16
niter: 259 Res: 8.421320799369224449e-16
niter: 260 Res: 9.730604465630854801e-16
niter: 261 Res: 1.050294085223333235e-15
niter: 262 Res: 9.436323316080847575e-16
niter: 263 Res: 9.921143973440485690e-16
niter: 264 Res: 1.044585127333388799e-15
niter: 265 Res: 1.019043488368769411e-15
niter: 266 Res: 1.003232459662186770e-15
niter: 267 Res: 8.772255761134971512e-16
niter: 268 Res: 1.054149967787292282e-15
niter: 269 Res: 9.019683231569131190e-16
niter: 270 Res: 1.086411971676369140e-15
niter: 271 Res: 1.022016048255460447e-15
niter: 272 Res: 9.749327239352672873e-16
niter: 273 Res: 9.636620843807352982e-16
niter: 274 Res: 9.074329054737209378e-16
niter: 275 Res: 8.973461306052759961e-16
niter: 276 Res: 9.723132803149702859e-16
niter: 277 Res: 9.053880048812015610e-16
niter: 278 Res: 9.729369630904159863e-16
niter: 279 Res: 9.424024089249729478e-16
niter: 280 Res: 9.064911987772770795e-16
niter: 281 Res: 1.060527772368249880e-15
niter: 282 Res: 9.164821241583324169e-16
niter: 283 Res: 9.998436337133465924e-16
niter: 284 Res: 1.020089392974017334e-15
niter: 285 Res: 1.110556515882830096e-15
niter: 286 Res: 1.100472722315546783e-15
niter: 287 Res: 9.026849024510068192e-16
niter: 288 Res: 9.715021272974352325e-16
niter: 289 Res: 1.235478834093549047e-15
niter: 290 Res: 8.372163662306937020e-16
niter: 291 Res: 9.836022824817864164e-16
niter: 292 Res: 1.088903263751356060e-15
niter: 293 Res: 1.177406891681463039e-15
niter: 294 Res: 1.150203178245519560e-15
niter: 295 Res: 1.136390731977325198e-15
niter: 296 Res: 9.315561937423693386e-16
niter: 297 Res: 8.546683631621631789e-16
niter: 298 Res: 1.009152168802644676e-15
niter: 299 Res: 1.132062231342581003e-15
niter: 300 Res: 1.118976328570197263e-15
niter: 301 Res: 9.678360022063992779e-16
niter: 302 Res: 1.188929741401982160e-15
niter: 303 Res: 1.025999111056584588e-15
niter: 304 Res: 1.064585103695119837e-15
niter: 305 Res: 9.553268033782807230e-16
niter: 306 Res: 1.020784626327837052e-15
niter: 307 Res: 1.029547890140218765e-15
niter: 308 Res: 1.097536765017121312e-15
niter: 309 Res: 9.740083231829878149e-16
niter: 310 Res: 9.577383762991773471e-16
niter: 311 Res: 1.021487743692472881e-15
niter: 312 Res: 1.062367985210755149e-15
niter: 313 Res: 7.665492841172551140e-16
niter: 314 Res: 9.165590041759275285e-16
niter: 315 Res: 7.325555398819240196e-16
niter: 316 Res: 8.646542617848265723e-16
niter: 317 Res: 8.643248428238875787e-16
niter: 318 Res: 9.307203661547221670e-16
niter: 319 Res: 9.807584265032670211e-16
niter: 320 Res: 9.626708500045443974e-16
niter: 321 Res: 9.751626222477177216e-16
niter: 322 Res: 9.449449001032149876e-16
niter: 323 Res: 7.604057009107871972e-16
niter: 324 Res: 9.297092211053041910e-16
niter: 325 Res: 9.155467385047355051e-16
niter: 326 Res: 1.012014015287377213e-15
niter: 327 Res: 9.710385831946115084e-16
niter: 328 Res: 1.006173622688805651e-15
niter: 329 Res: 1.067367847239558578e-15
niter: 330 Res: 1.204742345918143868e-15
niter: 331 Res: 1.020751548780886654e-15
niter: 332 Res: 1.205423024180024468e-15
niter: 333 Res: 1.067650549402985534e-15
niter: 334 Res: 9.608503186612499587e-16
niter: 335 Res: 1.046672615802249678e-15
niter: 336 Res: 9.792212163273607711e-16
niter: 337 Res: 9.377720644762786709e-16
niter: 338 Res: 8.457372664944484820e-16
niter: 339 Res: 1.036995628899065609e-15
niter: 340 Res: 1.024573285091534491e-15
niter: 341 Res: 1.089180521483047641e-15
niter: 342 Res: 9.649226057952706299e-16
niter: 343 Res: 8.891563240367106159e-16
niter: 344 Res: 1.074556940475521814e-15
niter: 345 Res: 1.101118633634661123e-15
niter: 346 Res: 9.319011745999508876e-16
niter: 347 Res: 9.908213597923622914e-16
niter: 348 Res: 1.041492317228025673e-15
niter: 349 Res: 9.980869770292267101e-16
niter: 350 Res: 8.916651762558831594e-16
niter: 351 Res: 1.012859890054699689e-15
niter: 352 Res: 1.012192568304233750e-15
niter: 353 Res: 9.826031720491212769e-16
niter: 354 Res: 9.192284512364233415e-16
niter: 355 Res: 8.232476150415040939e-16
niter: 356 Res: 9.190403095027135081e-16
niter: 357 Res: 8.850203243462185803e-16
niter: 358 Res: 7.954920505938051466e-16
niter: 359 Res: 8.845037007962634773e-16
niter: 360 Res: 9.233642542194244052e-16
niter: 361 Res: 1.148566715411849334e-15
niter: 362 Res: 9.932336480160857250e-16
niter: 363 Res: 9.523282600981013153e-16
niter: 364 Res: 8.752719662011519207e-16
niter: 365 Res: 8.613049322083411753e-16
niter: 366 Res: 1.339293837559554477e-15
niter: 367 Res: 1.102237771347901333e-15
niter: 368 Res: 8.727469776174773472e-16
niter: 369 Res: 9.402082665755207547e-16
niter: 370 Res: 1.051139277502278910e-15
niter: 371 Res: 1.102560612567945971e-15
niter: 372 Res: 1.170012613819730351e-15
niter: 373 Res: 9.626969527002418889e-16
niter: 374 Res: 9.542927227175990711e-16
niter: 375 Res: 1.032027899170627845e-15
niter: 376 Res: 1.081941524350561885e-15
niter: 377 Res: 9.199780737558677090e-16
niter: 378 Res: 1.167537569252777618e-15
niter: 379 Res: 1.062994138279707542e-15
niter: 380 Res: 9.476920749072946875e-16
niter: 381 Res: 1.034437008877211166e-15
niter: 382 Res: 1.138990720802419909e-15
niter: 383 Res: 1.168798932346121612e-15
niter: 384 Res: 1.153061405981204510e-15
niter: 385 Res: 1.335720624157588875e-15
niter: 386 Res: 1.170435805045830165e-15
niter: 387 Res: 1.278510632744401559e-15
niter: 388 Res: 1.048178559755049092e-15
niter: 389 Res: 9.624571068624416227e-16
niter: 390 Res: 1.074910640099373233e-15
niter: 391 Res: 9.058116983485584578e-16
niter: 392 Res: 1.063472738715169822e-15
niter: 393 Res: 1.093339086185403040e-15
niter: 394 Res: 9.480846922782560890e-16
niter: 395 Res: 1.154421363664563093e-15
niter: 396 Res: 9.209005042956475381e-16
niter: 397 Res: 9.193132151803207407e-16
niter: 398 Res: 8.264693907188571012e-16
niter: 399 Res: 8.829130884009753155e-16
niter: 400 Res: 9.135815135803060307e-16
niter: 401 Res: 8.589607292397063369e-16
niter: 402 Res: 7.636690742355063290e-16
niter: 403 Res: 8.153489261485451138e-16
niter: 404 Res: 8.243681256109966982e-16
niter: 405 Res: 9.847022682182677077e-16
niter: 406 Res: 1.061692161684568590e-15
niter: 407 Res: 1.023873375298174625e-15
niter: 408 Res: 9.579615523110904994e-16
niter: 409 Res: 7.408048288881703147e-16
niter: 410 Res: 7.715318274458565340e-16
niter: 411 Res: 8.053833525627994137e-16
niter: 412 Res: 8.186179436612449177e-16
niter: 413 Res: 9.557136169890165738e-16
niter: 414 Res: 9.945305351806581334e-16
niter: 415 Res: 1.003032091180799612e-15
niter: 416 Res: 9.554400812851693772e-16
niter: 417 Res: 1.075165011396360111e-15
niter: 418 Res: 1.054098662572991480e-15
niter: 419 Res: 1.271576411248534594e-15
niter: 420 Res: 9.593145612814980026e-16
niter: 421 Res: 8.707634691772425695e-16
niter: 422 Res: 1.036858382286597886e-15
niter: 423 Res: 8.178943024388580322e-16
niter: 424 Res: 1.045871451357456767e-15
niter: 425 Res: 1.105338323270804113e-15
niter: 426 Res: 1.002270050697822220e-15
niter: 427 Res: 1.112287129110817976e-15
niter: 428 Res: 1.145367580931127586e-15
niter: 429 Res: 9.947900328637249619e-16
niter: 430 Res: 8.847605295414191883e-16
niter: 431 Res: 1.004860542121239504e-15
niter: 432 Res: 9.050571951254922595e-16
niter: 433 Res: 9.959252447099435976e-16
niter: 434 Res: 1.148341903766238398e-15
niter: 435 Res: 9.271396098931466066e-16
niter: 436 Res: 8.855581661419564979e-16
niter: 437 Res: 1.020928470879906779e-15
niter: 438 Res: 1.097083808821364277e-15
niter: 439 Res: 9.681037586000600312e-16
niter: 440 Res: 9.138786009965969991e-16
niter: 441 Res: 1.045771078222549489e-15
niter: 442 Res: 8.986104635561681363e-16
niter: 443 Res: 9.428133927866505673e-16
niter: 444 Res: 1.065277636788296454e-15
niter: 445 Res: 1.112251078383142486e-15
niter: 446 Res: 1.083317576920837317e-15
niter: 447 Res: 1.015887520789314381e-15
niter: 448 Res: 1.173513519188949591e-15
niter: 449 Res: 1.053422479060727000e-15
niter: 450 Res: 1.126362210626358144e-15
niter: 451 Res: 9.207075568432162737e-16
niter: 452 Res: 1.035961532921662617e-15
niter: 453 Res: 1.009243696910198808e-15
niter: 454 Res: 1.159927501923479499e-15
niter: 455 Res: 8.628581134440928827e-16
niter: 456 Res: 8.448320220632042601e-16
niter: 457 Res: 9.540982366106871093e-16
niter: 458 Res: 8.211370288566897987e-16
niter: 459 Res: 1.059264043977489184e-15
niter: 460 Res: 1.092876077801677802e-15
niter: 461 Res: 1.021091918870233685e-15
niter: 462 Res: 9.697769564282791217e-16
niter: 463 Res: 9.724795349898823286e-16
niter: 464 Res: 8.371241268357322093e-16
niter: 465 Res: 8.691868678908316703e-16
niter: 466 Res: 8.426031669040743037e-16
niter: 467 Res: 9.421706358637677525e-16
niter: 468 Res: 9.960912734867943381e-16
niter: 469 Res: 8.150091510308584434e-16
niter: 470 Res: 1.166710663282243407e-15
niter: 471 Res: 8.338453886032130747e-16
niter: 472 Res: 8.610619652942437120e-16
niter: 473 Res: 8.296737966671339058e-16
niter: 474 Res: 9.903604148617490776e-16
niter: 475 Res: 9.704123474527063062e-16
niter: 476 Res: 1.068190389512510227e-15
niter: 477 Res: 9.407762466274608321e-16
niter: 478 Res: 1.013442545456294790e-15
niter: 479 Res: 1.074192223347855870e-15
niter: 480 Res: 1.174322668026177553e-15
niter: 481 Res: 1.208804829111665271e-15
niter: 482 Res: 1.014852679474203326e-15
niter: 483 Res: 1.217372695646185754e-15
niter: 484 Res: 1.163489876876397488e-15
niter: 485 Res: 1.051123103568413333e-15
niter: 486 Res: 1.007165036565005433e-15
niter: 487 Res: 1.013055509223386908e-15
niter: 488 Res: 1.032001534300075595e-15
niter: 489 Res: 1.038782807922902195e-15
niter: 490 Res: 1.114996863277315676e-15
niter: 491 Res: 9.734909413328635234e-16
niter: 492 Res: 9.929038221793457163e-16
niter: 493 Res: 1.143159008924438645e-15
niter: 494 Res: 1.036732598609800792e-15
niter: 495 Res: 1.056934514844428321e-15
niter: 496 Res: 1.239185877701259991e-15
niter: 497 Res: 1.092981813963905878e-15
niter: 498 Res: 9.053868588612184218e-16
niter: 499 Res: 1.010242333010460057e-15
niter: 500 Res: 9.744570625241965316e-16
niter: 501 Res: 8.909854360347347898e-16
niter: 502 Res: 9.427449234295953793e-16
niter: 503 Res: 1.044529711010912123e-15
niter: 504 Res: 1.014530647626277720e-15
niter: 505 Res: 1.026503628427668035e-15
niter: 506 Res: 1.017838954291928884e-15
niter: 507 Res: 1.027163288223385559e-15
niter: 508 Res: 9.539175261795905938e-16
niter: 509 Res: 9.810784021599724036e-16
niter: 510 Res: 9.323851000805900748e-16
niter: 511 Res: 1.086557866774903154e-15
niter: 512 Res: 9.036760681461088740e-16
niter: 513 Res: 1.202772438547274554e-15
niter: 514 Res: 9.220733082898219436e-16
niter: 515 Res: 9.540092156871767723e-16
niter: 516 Res: 9.844870017716720371e-16
niter: 517 Res: 1.070841750199856670e-15
niter: 518 Res: 9.310364627067157585e-16
niter: 519 Res: 8.870231852882759881e-16
niter: 520 Res: 8.569912229211448573e-16
niter: 521 Res: 9.603386411055792793e-16
niter: 522 Res: 1.017323473649563115e-15
niter: 523 Res: 9.294035426239464453e-16
niter: 524 Res: 9.397193607068544067e-16
niter: 525 Res: 9.089329384310554734e-16
niter: 526 Res: 8.979651891230321607e-16
niter: 527 Res: 9.414503652330116411e-16
niter: 528 Res: 9.811962857718202547e-16
niter: 529 Res: 1.010278949158028750e-15
niter: 530 Res: 1.113395100683414265e-15
niter: 531 Res: 1.024890343165100573e-15
niter: 532 Res: 1.016614144683630696e-15
niter: 533 Res: 9.329549782253905325e-16
niter: 534 Res: 8.869776750617849596e-16
niter: 535 Res: 9.925750394111373771e-16
niter: 536 Res: 8.766862697363836237e-16
niter: 537 Res: 1.029828734814204564e-15
niter: 538 Res: 7.309550326821211187e-16
niter: 539 Res: 7.976285668083096672e-16
niter: 540 Res: 9.410580135645477885e-16
niter: 541 Res: 8.737357023923892740e-16
niter: 542 Res: 1.034612863281786934e-15
niter: 543 Res: 1.045647974688093974e-15
niter: 544 Res: 1.033447640387297662e-15
niter: 545 Res: 9.440630158502000180e-16
niter: 546 Res: 1.023237712758664982e-15
niter: 547 Res: 8.847864880113164340e-16
niter: 548 Res: 9.324850050698451572e-16
niter: 549 Res: 8.843381556188325135e-16
niter: 550 Res: 9.272931302070773239e-16
niter: 551 Res: 9.102354355277499268e-16
niter: 552 Res: 9.650898161834336519e-16
niter: 553 Res: 9.732065631312322170e-16
niter: 554 Res: 1.014388311295861622e-15
niter: 555 Res: 8.134932783911920729e-16
niter: 556 Res: 9.272251798655928551e-16
niter: 557 Res: 9.110679749620352811e-16
niter: 558 Res: 9.776612783640101236e-16
niter: 559 Res: 1.115748031812598830e-15
niter: 560 Res: 1.080270103674046777e-15
niter: 561 Res: 9.821328235304548142e-16
niter: 562 Res: 8.697193593635426601e-16
niter: 563 Res: 9.049955525137700851e-16
niter: 564 Res: 8.789007374888304283e-16
niter: 565 Res: 8.953589675981479113e-16
niter: 566 Res: 1.076040220360870917e-15
niter: 567 Res: 1.027895146563058548e-15
niter: 568 Res: 9.222869978540638410e-16
niter: 569 Res: 9.176669116864958136e-16
niter: 570 Res: 1.048826770615676073e-15
niter: 571 Res: 1.001442157981725765e-15
niter: 572 Res: 1.142900681352679683e-15
niter: 573 Res: 1.310783325124523040e-15
niter: 574 Res: 1.097915389586218338e-15
niter: 575 Res: 1.020271785170329451e-15
niter: 576 Res: 9.212141879376299252e-16
niter: 577 Res: 9.048338367975683244e-16
niter: 578 Res: 9.160791671853573453e-16
niter: 579 Res: 9.229708614583783281e-16
niter: 580 Res: 9.421885253930455101e-16
niter: 581 Res: 1.050072600357655184e-15
niter: 582 Res: 9.524197667519175289e-16
niter: 583 Res: 8.959336684416507160e-16
niter: 584 Res: 8.719987482402892584e-16
niter: 585 Res: 9.317257792701717516e-16
niter: 586 Res: 9.832039187145546715e-16
niter: 587 Res: 9.705867145421290181e-16
niter: 588 Res: 9.089861117131517894e-16
niter: 589 Res: 1.048642374911816772e-15
niter: 590 Res: 1.172366480219113808e-15
niter: 591 Res: 1.014810631564824232e-15
niter: 592 Res: 8.670026970980214251e-16
niter: 593 Res: 7.893208314566843411e-16
niter: 594 Res: 1.054870394906118895e-15
niter: 595 Res: 1.119710794389617159e-15
niter: 596 Res: 9.022658809921228673e-16
niter: 597 Res: 9.219351328037010328e-16
niter: 598 Res: 9.212820601975829119e-16
niter: 599 Res: 8.852976543772206799e-16
niter: 600 Res: 9.049513038501683788e-16
niter: 601 Res: 9.111117489788199610e-16
niter: 602 Res: 8.628868521464389321e-16
niter: 603 Res: 1.017782856778514346e-15
niter: 604 Res: 9.947519033662945992e-16
niter: 605 Res: 9.383213669578444770e-16
niter: 606 Res: 9.313760381904150909e-16
niter: 607 Res: 1.023906412770245367e-15
niter: 608 Res: 1.070202233090329768e-15
niter: 609 Res: 1.038632619811403078e-15
niter: 610 Res: 8.896835224279084175e-16
niter: 611 Res: 9.551278903948984312e-16
niter: 612 Res: 9.854231107757364081e-16
niter: 613 Res: 8.988407601292515945e-16
niter: 614 Res: 1.100266235277858422e-15
niter: 615 Res: 8.481004979843884276e-16
niter: 616 Res: 8.016731420022657415e-16
niter: 617 Res: 9.752087979998772372e-16
niter: 618 Res: 8.673539580845734032e-16
niter: 619 Res: 1.056440888951509097e-15
niter: 620 Res: 1.017635551169183683e-15
niter: 621 Res: 1.230763770454022206e-15
niter: 622 Res: 1.075259883731599291e-15
niter: 623 Res: 9.711996949852261537e-16
niter: 624 Res: 9.450796025891050325e-16
niter: 625 Res: 1.041850493305193352e-15
niter: 626 Res: 9.609029716202084312e-16
niter: 627 Res: 1.168084179013062311e-15
niter: 628 Res: 9.090765368506491505e-16
niter: 629 Res: 9.648924636078150561e-16
niter: 630 Res: 1.041354858167938156e-15
niter: 631 Res: 1.023153943808054197e-15
niter: 632 Res: 1.105310271734299616e-15
niter: 633 Res: 9.740876248877723596e-16
niter: 634 Res: 1.176388057585904316e-15
niter: 635 Res: 8.814066996713728345e-16
niter: 636 Res: 8.755507399022191751e-16
niter: 637 Res: 8.777622794415631684e-16
niter: 638 Res: 9.487695810939147083e-16
niter: 639 Res: 9.785753581622012656e-16
niter: 640 Res: 8.836168952791675363e-16
niter: 641 Res: 1.064382495323800083e-15
niter: 642 Res: 8.765410674604088909e-16
niter: 643 Res: 9.819790443448794253e-16
niter: 644 Res: 8.740130062684946741e-16
niter: 645 Res: 9.157608935445269299e-16
niter: 646 Res: 9.091060193041740187e-16
niter: 647 Res: 1.107952361181387005e-15
niter: 648 Res: 1.205840506410742434e-15
niter: 649 Res: 1.023668109493626312e-15
niter: 650 Res: 1.019746164614196880e-15
niter: 651 Res: 9.248631520645565003e-16
niter: 652 Res: 9.977346584831312083e-16
niter: 653 Res: 1.129765715596181035e-15
niter: 654 Res: 1.121625773322665189e-15
niter: 655 Res: 1.062406199323454285e-15
niter: 656 Res: 1.035869151147852534e-15
niter: 657 Res: 9.395821150878499061e-16
niter: 658 Res: 1.115787640182379872e-15
niter: 659 Res: 1.169518156119826371e-15
niter: 660 Res: 8.518110306702315514e-16
niter: 661 Res: 1.018646220223836705e-15
niter: 662 Res: 1.102992190608228129e-15
niter: 663 Res: 1.027420190927979882e-15
niter: 664 Res: 9.416497747700333085e-16
niter: 665 Res: 9.908409720453052742e-16
niter: 666 Res: 8.772639930969213353e-16
niter: 667 Res: 1.054290291148154868e-15
niter: 668 Res: 9.452451488214747545e-16
niter: 669 Res: 1.077076078253047860e-15
niter: 670 Res: 1.053780444272518839e-15
niter: 671 Res: 9.631368913301481447e-16
niter: 672 Res: 9.080222051626220076e-16
niter: 673 Res: 9.264896835515871361e-16
niter: 674 Res: 9.670275798730510791e-16
niter: 675 Res: 9.694965283417143001e-16
niter: 676 Res: 9.846984000865552965e-16
niter: 677 Res: 9.081184308709719966e-16
niter: 678 Res: 9.149787285237434135e-16
niter: 679 Res: 8.253009929201865035e-16
niter: 680 Res: 8.718075678790285395e-16
niter: 681 Res: 8.481189358932317966e-16
niter: 682 Res: 9.051491781121405574e-16
niter: 683 Res: 9.272594623598366757e-16
niter: 684 Res: 9.492630588372417133e-16
niter: 685 Res: 9.949856289685823329e-16
niter: 686 Res: 1.088924939095467681e-15
niter: 687 Res: 9.481076435344967769e-16
niter: 688 Res: 1.036745755474318702e-15
niter: 689 Res: 1.370247090762147572e-15
niter: 690 Res: 1.195388570657102148e-15
niter: 691 Res: 1.154314737925632614e-15
niter: 692 Res: 1.153992274746182058e-15
niter: 693 Res: 9.957708982952134475e-16
niter: 694 Res: 9.411537233967826379e-16
niter: 695 Res: 9.426750801076215959e-16
niter: 696 Res: 9.626641755840528781e-16
niter: 697 Res: 9.508553141551681203e-16
niter: 698 Res: 8.875767126373045128e-16
niter: 699 Res: 9.171241225978787533e-16
niter: 700 Res: 8.945002794339812458e-16
niter: 701 Res: 7.884159326537513007e-16
niter: 702 Res: 7.432756199160341581e-16
niter: 703 Res: 7.802722786707573836e-16
niter: 704 Res: 9.093854902195752866e-16
niter: 705 Res: 9.066230035066531539e-16
niter: 706 Res: 9.616849801292512799e-16
niter: 707 Res: 8.322774076517441599e-16
niter: 708 Res: 9.075246197950270754e-16
niter: 709 Res: 1.070655917972547475e-15
niter: 710 Res: 8.991947605903983463e-16
niter: 711 Res: 1.020679966447874377e-15
niter: 712 Res: 1.052848463609785122e-15
niter: 713 Res: 9.865314238437338519e-16
niter: 714 Res: 9.479732563560080207e-16
niter: 715 Res: 9.898310956811215894e-16
niter: 716 Res: 8.939300180949593973e-16
niter: 717 Res: 9.683002362689976770e-16
niter: 718 Res: 8.714811677891818137e-16
niter: 719 Res: 1.077939182462911575e-15
niter: 720 Res: 1.158072203506175617e-15
niter: 721 Res: 9.575458087984685158e-16
niter: 722 Res: 9.503722993531992167e-16
niter: 723 Res: 1.127931660619399448e-15
niter: 724 Res: 9.823373133017315599e-16
niter: 725 Res: 9.802155173944930087e-16
niter: 726 Res: 1.069894625258335649e-15
niter: 727 Res: 1.251672793434725600e-15
niter: 728 Res: 9.531413160073666024e-16
niter: 729 Res: 1.034478677993591097e-15
niter: 730 Res: 9.885787821680116400e-16
niter: 731 Res: 9.634032292916078828e-16
niter: 732 Res: 1.092320889659198487e-15
niter: 733 Res: 8.396286276424067963e-16
niter: 734 Res: 1.066216127453812100e-15
niter: 735 Res: 1.161282748961648528e-15
niter: 736 Res: 1.097402350178997287e-15
niter: 737 Res: 1.004539604149875192e-15
niter: 738 Res: 1.137500630666149380e-15
niter: 739 Res: 1.035934003072673695e-15
niter: 740 Res: 8.574041750549984225e-16
niter: 741 Res: 1.088085178817875147e-15
niter: 742 Res: 1.076766746583450258e-15
niter: 743 Res: 1.029947876796449954e-15
niter: 744 Res: 1.302877513861727983e-15
niter: 745 Res: 9.995731743354558919e-16
niter: 746 Res: 9.496384398420174591e-16
niter: 747 Res: 1.017876271498450131e-15
niter: 748 Res: 1.130141465010168803e-15
niter: 749 Res: 1.058339783767108022e-15
niter: 750 Res: 1.183080629345868227e-15
niter: 751 Res: 1.005783533787543568e-15
niter: 752 Res: 9.732766036190314691e-16
niter: 753 Res: 1.091935811127369319e-15
niter: 754 Res: 9.447019812736516136e-16
niter: 755 Res: 1.153540125551505263e-15
niter: 756 Res: 1.018135952037049634e-15
niter: 757 Res: 9.208588319267937000e-16
niter: 758 Res: 8.676529148128215255e-16
niter: 759 Res: 9.693359025967404166e-16
niter: 760 Res: 9.593618541289888304e-16
niter: 761 Res: 9.042472940851719561e-16
niter: 762 Res: 9.915235241799583257e-16
niter: 763 Res: 1.047205481483052917e-15
niter: 764 Res: 9.868285393982158515e-16
niter: 765 Res: 9.719523616386963365e-16
niter: 766 Res: 1.151336692859225457e-15
niter: 767 Res: 1.017514017553088276e-15
niter: 768 Res: 9.820358625043220055e-16
niter: 769 Res: 1.029799926719514533e-15
niter: 770 Res: 1.006340213014559237e-15
niter: 771 Res: 9.970438622276793196e-16
niter: 772 Res: 1.040055080996747528e-15
niter: 773 Res: 1.048401973560728284e-15
niter: 774 Res: 1.082511079823405120e-15
niter: 775 Res: 9.486845929322376238e-16
niter: 776 Res: 9.777197401437764940e-16
niter: 777 Res: 1.001867377951652772e-15
niter: 778 Res: 1.147759831101365755e-15
niter: 779 Res: 1.087680708760564057e-15
niter: 780 Res: 9.378256837260011595e-16
niter: 781 Res: 1.129576920149767283e-15
niter: 782 Res: 1.083570551637118573e-15
niter: 783 Res: 1.090948660626108795e-15
niter: 784 Res: 1.013060180028959779e-15
niter: 785 Res: 1.120282283359263897e-15
niter: 786 Res: 1.040147975023706178e-15
niter: 787 Res: 9.548040164795592340e-16
niter: 788 Res: 1.119258424406046563e-15
niter: 789 Res: 1.067449434716341320e-15
niter: 790 Res: 9.542654244828110154e-16
niter: 791 Res: 9.851344798411649056e-16
niter: 792 Res: 1.035563100243680162e-15
niter: 793 Res: 1.060241585824697434e-15
niter: 794 Res: 1.075945850827603460e-15
niter: 795 Res: 1.000811029259908446e-15
niter: 796 Res: 1.005024610451745209e-15
niter: 797 Res: 9.108037143405085860e-16
niter: 798 Res: 9.715711878896534181e-16
niter: 799 Res: 9.322920125675099684e-16
niter: 800 Res: 9.017793682461550797e-16
niter: 801 Res: 9.973349128700438826e-16
niter: 802 Res: 1.003866156664624486e-15
niter: 803 Res: 1.082119779440950606e-15
niter: 804 Res: 1.117277887086312338e-15
niter: 805 Res: 1.073954995976330263e-15
niter: 806 Res: 8.702278550113362605e-16
niter: 807 Res: 9.782677573036200079e-16
niter: 808 Res: 1.149743487529928185e-15
niter: 809 Res: 1.134320887976012375e-15
niter: 810 Res: 1.064366617493809804e-15
niter: 811 Res: 1.228410274685538080e-15
niter: 812 Res: 1.031211595908279020e-15
niter: 813 Res: 9.903180548245599403e-16
niter: 814 Res: 9.489591219635752766e-16
niter: 815 Res: 8.047618139496424077e-16
niter: 816 Res: 1.071433318154129707e-15
niter: 817 Res: 9.969240681351995704e-16
niter: 818 Res: 1.008100729517086588e-15
niter: 819 Res: 1.005640037405053195e-15
niter: 820 Res: 1.196778241351289360e-15
niter: 821 Res: 1.021215445601600402e-15
niter: 822 Res: 1.141562591678619963e-15
niter: 823 Res: 1.039332183735248173e-15
niter: 824 Res: 9.514346972924935929e-16
niter: 825 Res: 9.249685346743043666e-16
niter: 826 Res: 8.989347017712959873e-16
niter: 827 Res: 9.109089883980400725e-16
niter: 828 Res: 8.337128982947425175e-16
niter: 829 Res: 8.280944914747344338e-16
niter: 830 Res: 9.182806284083962977e-16
niter: 831 Res: 9.450887333204880856e-16
niter: 832 Res: 1.065111777044374591e-15
niter: 833 Res: 9.111796052659457378e-16
niter: 834 Res: 9.827875390532450252e-16
niter: 835 Res: 1.213165835757329257e-15
niter: 836 Res: 1.072944513865489643e-15
niter: 837 Res: 9.355277573073363511e-16
niter: 838 Res: 1.125153118105762721e-15
niter: 839 Res: 1.170638214293129898e-15
niter: 840 Res: 9.524210076018220427e-16
niter: 841 Res: 1.136591829450907314e-15
niter: 842 Res: 9.658314976513785465e-16
niter: 843 Res: 8.850724969208097908e-16
niter: 844 Res: 8.886990035575591636e-16
niter: 845 Res: 9.114411194978145704e-16
niter: 846 Res: 1.083638829022416160e-15
niter: 847 Res: 9.518802449972689173e-16
niter: 848 Res: 9.846833302853069788e-16
niter: 849 Res: 1.004240228489541285e-15
niter: 850 Res: 1.083879262924704674e-15
niter: 851 Res: 9.477191229631675572e-16
niter: 852 Res: 9.422768995231684560e-16
niter: 853 Res: 8.983622110678840291e-16
niter: 854 Res: 8.909313466616996213e-16
niter: 855 Res: 1.065123477338138566e-15
niter: 856 Res: 9.377118554115738473e-16
niter: 857 Res: 8.853374674819344618e-16
niter: 858 Res: 9.958168024364095889e-16
niter: 859 Res: 9.235874172027615074e-16
niter: 860 Res: 8.629641923731062596e-16
niter: 861 Res: 8.799185563211898370e-16
niter: 862 Res: 9.745441060381124593e-16
niter: 863 Res: 1.185746470971648885e-15
niter: 864 Res: 8.996027429479792810e-16
niter: 865 Res: 9.608597605829731804e-16
niter: 866 Res: 1.152915369772473042e-15
niter: 867 Res: 9.548558537901321705e-16
niter: 868 Res: 8.182313903407289749e-16
niter: 869 Res: 8.270807232394408298e-16
niter: 870 Res: 9.225770294893177164e-16
niter: 871 Res: 9.503411582949715846e-16
niter: 872 Res: 1.002976071835836011e-15
niter: 873 Res: 9.162713177052453930e-16
niter: 874 Res: 9.082046890027705484e-16
niter: 875 Res: 9.826731626099733966e-16
niter: 876 Res: 9.548762294497816825e-16
niter: 877 Res: 9.714349769352820695e-16
niter: 878 Res: 1.129756246157379769e-15
niter: 879 Res: 1.049678747217985735e-15
niter: 880 Res: 8.993644165295887506e-16
niter: 881 Res: 8.575950758646472373e-16
niter: 882 Res: 9.752986518436656934e-16
niter: 883 Res: 1.254709315359688185e-15
niter: 884 Res: 8.739719403622042281e-16
niter: 885 Res: 8.579805348101736323e-16
niter: 886 Res: 9.310461340719346467e-16
niter: 887 Res: 8.195222219430870255e-16
niter: 888 Res: 9.188622313910817562e-16
niter: 889 Res: 9.871659387541420788e-16
niter: 890 Res: 9.693145000811210769e-16
niter: 891 Res: 1.179432769345126145e-15
niter: 892 Res: 1.004407629908259735e-15
niter: 893 Res: 1.188565127775442217e-15
niter: 894 Res: 1.063835630487876297e-15
niter: 895 Res: 1.038324545373348587e-15
niter: 896 Res: 1.243302721447844748e-15
niter: 897 Res: 1.205754111991437121e-15
niter: 898 Res: 1.337960724155534084e-15
niter: 899 Res: 1.213042592804833812e-15
niter: 900 Res: 1.115195699688556573e-15
niter: 901 Res: 1.048267865063035077e-15
niter: 902 Res: 9.681728855210581936e-16
niter: 903 Res: 8.616343841571803778e-16
niter: 904 Res: 1.028789655119371578e-15
niter: 905 Res: 1.107799317291607896e-15
niter: 906 Res: 1.093694470167075033e-15
niter: 907 Res: 1.016377920547328795e-15
niter: 908 Res: 9.402507713667087202e-16
niter: 909 Res: 1.029589664760069428e-15
niter: 910 Res: 9.842740647794155340e-16
niter: 911 Res: 1.218066232849088481e-15
niter: 912 Res: 1.260466678117290912e-15
niter: 913 Res: 1.214988679319036619e-15
niter: 914 Res: 1.286063792583212938e-15
niter: 915 Res: 8.614370232227758530e-16
niter: 916 Res: 8.287272196668859958e-16
niter: 917 Res: 1.060154443727607265e-15
niter: 918 Res: 1.016591399281331310e-15
niter: 919 Res: 9.081443819591295513e-16
niter: 920 Res: 9.953734800777864235e-16
niter: 921 Res: 1.132823731443605650e-15
niter: 922 Res: 1.165982707258880692e-15
niter: 923 Res: 9.287791444853420507e-16
niter: 924 Res: 8.651042644747261363e-16
niter: 925 Res: 1.145131792799983691e-15
niter: 926 Res: 1.089114051517532830e-15
niter: 927 Res: 1.008098605149262943e-15
niter: 928 Res: 9.505983106001545430e-16
niter: 929 Res: 8.134594355184901817e-16
niter: 930 Res: 8.297139015499179291e-16
niter: 931 Res: 1.055333738751041346e-15
niter: 932 Res: 9.707332038226948276e-16
niter: 933 Res: 9.884825126057410676e-16
niter: 934 Res: 1.000318186374312826e-15
niter: 935 Res: 1.010515439531614954e-15
niter: 936 Res: 1.029654278392136698e-15
niter: 937 Res: 9.982638664349169521e-16
niter: 938 Res: 1.280158860014409814e-15
niter: 939 Res: 1.038093277156036997e-15
niter: 940 Res: 1.096321840167710150e-15
niter: 941 Res: 1.077067913393955862e-15
niter: 942 Res: 9.822513806078162273e-16
niter: 943 Res: 9.923715685556640220e-16
niter: 944 Res: 9.598911290184940331e-16
niter: 945 Res: 9.071411851069870596e-16
niter: 946 Res: 9.508219804453963643e-16
niter: 947 Res: 8.757112357198935170e-16
niter: 948 Res: 8.850324306367449186e-16
niter: 949 Res: 1.091904756806298384e-15
niter: 950 Res: 1.017785696104237342e-15
niter: 951 Res: 8.735024458903820261e-16
niter: 952 Res: 8.575378686523303586e-16
niter: 953 Res: 8.221429383557631608e-16
niter: 954 Res: 1.121600885003703269e-15
niter: 955 Res: 1.185864053615604297e-15
niter: 956 Res: 8.967133938011845605e-16
niter: 957 Res: 9.139087986810907452e-16
niter: 958 Res: 1.036264414617205832e-15
niter: 959 Res: 1.016223873101358200e-15
niter: 960 Res: 9.745970932887146022e-16
niter: 961 Res: 8.832747692225143530e-16
niter: 962 Res: 8.424179079036013276e-16
niter: 963 Res: 8.981023054038967034e-16
niter: 964 Res: 8.308042653684306147e-16
niter: 965 Res: 9.175332195804527623e-16
niter: 966 Res: 9.264020227235543618e-16
niter: 967 Res: 8.538265347172610544e-16
niter: 968 Res: 8.559678238862813230e-16
niter: 969 Res: 9.416058506040602673e-16
niter: 970 Res: 1.372130374332855604e-15
niter: 971 Res: 8.717707259797659655e-16
niter: 972 Res: 8.752399868135311707e-16
niter: 973 Res: 9.717045258857318078e-16
niter: 974 Res: 8.144089292390597910e-16
niter: 975 Res: 8.581666182734496369e-16
niter: 976 Res: 9.139514918048174300e-16
niter: 977 Res: 9.089956454369922342e-16
niter: 978 Res: 9.428405365560985958e-16
niter: 979 Res: 1.037965934631147696e-15
niter: 980 Res: 1.037494422435397829e-15
niter: 981 Res: 8.800041822490198973e-16
niter: 982 Res: 9.840127400767937248e-16
niter: 983 Res: 9.722993934210514643e-16
niter: 984 Res: 9.476484765281630091e-16
niter: 985 Res: 1.025234854683704258e-15
niter: 986 Res: 1.114428560713164682e-15
niter: 987 Res: 1.201067587522436635e-15
niter: 988 Res: 7.956527659542270721e-16
niter: 989 Res: 7.760277033353596501e-16
niter: 990 Res: 7.188418436741120986e-16
niter: 991 Res: 9.444355892875324089e-16
niter: 992 Res: 9.771181487264628832e-16
niter: 993 Res: 8.897648689235513686e-16
niter: 994 Res: 9.389621056166949636e-16
niter: 995 Res: 1.008120138689807818e-15
niter: 996 Res: 8.593897213543734947e-16
niter: 997 Res: 9.882007188098175802e-16
niter: 998 Res: 8.889527417690530007e-16
niter: 999 Res: 1.056954580442473177e-15
niter: 1000 Res: 8.359930047173927042e-16
