2D Euler Solver: Node-Centered Finite-Volume-Method
Numerical Flux: 2D Roe flux with an entropy fix
Order of Accuracy: 1

Mesh Parameters:
Number of Elements: 100
Number of Interior Edges: 133
Number of Boundary Edges: 34

****************************************
           Simulation Start             
****************************************
niter: 1 Res: 4.578352294341559217e-16
niter: 2 Res: 7.082903502856021149e-16
niter: 3 Res: 8.003024386462574572e-16
niter: 4 Res: 8.082410925044376338e-16
niter: 5 Res: 8.191810864182688952e-16
niter: 6 Res: 8.366208983048742004e-16
niter: 7 Res: 8.129808968512726271e-16
niter: 8 Res: 7.582781977289851168e-16
niter: 9 Res: 7.694078098120565644e-16
niter: 10 Res: 7.780186421894469745e-16
niter: 11 Res: 8.719987441155489719e-16
niter: 12 Res: 8.139254046091512062e-16
niter: 13 Res: 8.081136553124447928e-16
niter: 14 Res: 7.846132508777709034e-16
niter: 15 Res: 7.877692340690908040e-16
niter: 16 Res: 7.763080584338734005e-16
niter: 17 Res: 7.377095224802671353e-16
niter: 18 Res: 7.614177312407245434e-16
niter: 19 Res: 7.152936489470959771e-16
niter: 20 Res: 8.198222196092208614e-16
niter: 21 Res: 8.836329671861591646e-16
niter: 22 Res: 8.063362327464263332e-16
niter: 23 Res: 8.440632103606961640e-16
niter: 24 Res: 8.768097976752118049e-16
niter: 25 Res: 7.454224793264097565e-16
niter: 26 Res: 7.606794201255213512e-16
niter: 27 Res: 8.979237161167128053e-16
niter: 28 Res: 8.000771248586031921e-16
niter: 29 Res: 8.096514800669955722e-16
niter: 30 Res: 9.106675855512385526e-16
niter: 31 Res: 8.143356157916035142e-16
niter: 32 Res: 8.190704877603113057e-16
niter: 33 Res: 7.747918274330480733e-16
niter: 34 Res: 7.567698810057255627e-16
niter: 35 Res: 7.844847191443515840e-16
niter: 36 Res: 7.887652837245114674e-16
niter: 37 Res: 7.344991570786155089e-16
niter: 38 Res: 7.228395445658676676e-16
niter: 39 Res: 7.918484505644850222e-16
niter: 40 Res: 7.930990719770388414e-16
niter: 41 Res: 7.236098460770257458e-16
niter: 42 Res: 7.444966002330596747e-16
niter: 43 Res: 7.828442509327830951e-16
niter: 44 Res: 7.290772504978706360e-16
niter: 45 Res: 8.685949315218724100e-16
niter: 46 Res: 8.172666192806659253e-16
niter: 47 Res: 8.768232839198458129e-16
niter: 48 Res: 8.503163494877190004e-16
niter: 49 Res: 8.006738485190442554e-16
niter: 50 Res: 8.484475614922976969e-16
niter: 51 Res: 7.433638182000836001e-16
niter: 52 Res: 7.306717461497008519e-16
niter: 53 Res: 7.522521283623834888e-16
niter: 54 Res: 6.472604427432735697e-16
niter: 55 Res: 7.163417492347507872e-16
niter: 56 Res: 6.778369170044382191e-16
niter: 57 Res: 6.586458539316936196e-16
niter: 58 Res: 7.277090235999275195e-16
niter: 59 Res: 8.571464904305420157e-16
niter: 60 Res: 8.621400580495916347e-16
niter: 61 Res: 9.300731107338149570e-16
niter: 62 Res: 8.527520712336413166e-16
niter: 63 Res: 8.129077010145020930e-16
niter: 64 Res: 7.811284386578982402e-16
niter: 65 Res: 7.216480709503454206e-16
niter: 66 Res: 6.967656044147276096e-16
niter: 67 Res: 7.030937036309549491e-16
niter: 68 Res: 7.624418798898678950e-16
niter: 69 Res: 7.655935911574817287e-16
niter: 70 Res: 8.037437761938014813e-16
niter: 71 Res: 7.260092276988585013e-16
niter: 72 Res: 8.142800709779662249e-16
niter: 73 Res: 7.567620806908442620e-16
niter: 74 Res: 7.824334175309771394e-16
niter: 75 Res: 8.345781915241273651e-16
niter: 76 Res: 7.662018196656502527e-16
niter: 77 Res: 7.799228769060032540e-16
niter: 78 Res: 8.046776824947127735e-16
niter: 79 Res: 7.014195490879655136e-16
niter: 80 Res: 7.240720653655391840e-16
niter: 81 Res: 7.503874792251295544e-16
niter: 82 Res: 6.858083668542915074e-16
niter: 83 Res: 7.094747862291022812e-16
niter: 84 Res: 6.363157047541375341e-16
niter: 85 Res: 8.150912304705464316e-16
niter: 86 Res: 7.559139596351109757e-16
niter: 87 Res: 7.357388235030086513e-16
niter: 88 Res: 8.204765241645260997e-16
niter: 89 Res: 8.548629165484811218e-16
niter: 90 Res: 8.370002923413529124e-16
niter: 91 Res: 8.511991015791178685e-16
niter: 92 Res: 7.296855781136913217e-16
niter: 93 Res: 7.356892014693078431e-16
niter: 94 Res: 7.716455328618270696e-16
niter: 95 Res: 7.880069098665262373e-16
niter: 96 Res: 7.389434481381071244e-16
niter: 97 Res: 6.965467288160773023e-16
niter: 98 Res: 6.858710429828376505e-16
niter: 99 Res: 7.059549842609804637e-16
niter: 100 Res: 7.984119543027984545e-16
niter: 101 Res: 8.353278765254220040e-16
niter: 102 Res: 8.130827321821673414e-16
niter: 103 Res: 7.491914201259031791e-16
niter: 104 Res: 8.570896536313583304e-16
niter: 105 Res: 6.737323479862361872e-16
niter: 106 Res: 8.062034393340727497e-16
niter: 107 Res: 7.889924415958296018e-16
niter: 108 Res: 7.543351690229219399e-16
niter: 109 Res: 7.361761362286091183e-16
niter: 110 Res: 6.808178676712797245e-16
niter: 111 Res: 6.600518232308261972e-16
niter: 112 Res: 8.429193186477010332e-16
niter: 113 Res: 8.377461954991494203e-16
niter: 114 Res: 6.949762130316173044e-16
niter: 115 Res: 7.839202098612006019e-16
niter: 116 Res: 7.195306009440316887e-16
niter: 117 Res: 6.775539412046830132e-16
niter: 118 Res: 8.041802360060152230e-16
niter: 119 Res: 8.439462532646170615e-16
niter: 120 Res: 9.166686309336559435e-16
niter: 121 Res: 7.550726751696450033e-16
niter: 122 Res: 7.212405014097388800e-16
niter: 123 Res: 7.044778367510779942e-16
niter: 124 Res: 7.173634500403822387e-16
niter: 125 Res: 7.105358271532910633e-16
niter: 126 Res: 6.558960489963853110e-16
niter: 127 Res: 7.783087925954370235e-16
niter: 128 Res: 9.303646033008497715e-16
niter: 129 Res: 7.865378756226614663e-16
niter: 130 Res: 7.854767937629271437e-16
niter: 131 Res: 8.966302590974343503e-16
niter: 132 Res: 7.738965480760310089e-16
niter: 133 Res: 7.224319899021217119e-16
niter: 134 Res: 7.184875666523820820e-16
niter: 135 Res: 7.515989420010039819e-16
niter: 136 Res: 7.433246742519197163e-16
niter: 137 Res: 7.514060493283832880e-16
niter: 138 Res: 7.437194726028069958e-16
niter: 139 Res: 7.494361132307847836e-16
niter: 140 Res: 6.923090619318456854e-16
niter: 141 Res: 7.604514021065035639e-16
niter: 142 Res: 7.752808580972149295e-16
niter: 143 Res: 7.798144851167836838e-16
niter: 144 Res: 6.351960710558661282e-16
niter: 145 Res: 7.231535303947379921e-16
niter: 146 Res: 7.355595236288605986e-16
niter: 147 Res: 8.869551910655322709e-16
niter: 148 Res: 6.999705985897685484e-16
niter: 149 Res: 8.014129266562496656e-16
niter: 150 Res: 8.852009047512027386e-16
niter: 151 Res: 6.561125295414030728e-16
niter: 152 Res: 6.999987150089713895e-16
niter: 153 Res: 6.828829592526072688e-16
niter: 154 Res: 7.584035602821051474e-16
niter: 155 Res: 6.699979039343757494e-16
niter: 156 Res: 6.822451944203549366e-16
niter: 157 Res: 7.389442537016876498e-16
niter: 158 Res: 7.900337509638903613e-16
niter: 159 Res: 8.710069492904929641e-16
niter: 160 Res: 7.854489518349232674e-16
niter: 161 Res: 7.308229840554106216e-16
niter: 162 Res: 7.061670538111122978e-16
niter: 163 Res: 7.475280372680287442e-16
niter: 164 Res: 8.065627424289464447e-16
niter: 165 Res: 7.774836677076938573e-16
niter: 166 Res: 7.945867675197776798e-16
niter: 167 Res: 7.529141435727261760e-16
niter: 168 Res: 9.577281849722569607e-16
niter: 169 Res: 9.177617087962779685e-16
niter: 170 Res: 8.184446670355490610e-16
niter: 171 Res: 7.616514991743301421e-16
niter: 172 Res: 8.470484003673460183e-16
niter: 173 Res: 7.326565999961299255e-16
niter: 174 Res: 8.368618414079151801e-16
niter: 175 Res: 8.477059949310490747e-16
niter: 176 Res: 8.733119732457504702e-16
niter: 177 Res: 9.117791938200703177e-16
niter: 178 Res: 8.197188967325713977e-16
niter: 179 Res: 8.982252826714739703e-16
niter: 180 Res: 6.947238558843037783e-16
niter: 181 Res: 9.027689946062111458e-16
niter: 182 Res: 8.048417308849673983e-16
niter: 183 Res: 7.791020596662451808e-16
niter: 184 Res: 7.868338479482148960e-16
niter: 185 Res: 7.573337061547496262e-16
niter: 186 Res: 7.350524095049655666e-16
niter: 187 Res: 9.590750072357297311e-16
niter: 188 Res: 8.568245702994048132e-16
niter: 189 Res: 7.177955909815671541e-16
niter: 190 Res: 7.697197760887384435e-16
niter: 191 Res: 7.929210755909278925e-16
niter: 192 Res: 9.914912679543630093e-16
niter: 193 Res: 1.000493533998925027e-15
niter: 194 Res: 7.302889304786219046e-16
niter: 195 Res: 8.474311587033633667e-16
niter: 196 Res: 8.923704420840179290e-16
niter: 197 Res: 8.737108749702740368e-16
niter: 198 Res: 8.764852977631249771e-16
niter: 199 Res: 7.951574769854225288e-16
niter: 200 Res: 9.803136307454945446e-16
niter: 201 Res: 9.617450396851344568e-16
niter: 202 Res: 8.827489535387497428e-16
niter: 203 Res: 7.297117172301705861e-16
niter: 204 Res: 9.197252390187263818e-16
niter: 205 Res: 9.054116667578540074e-16
niter: 206 Res: 7.137402375991325944e-16
niter: 207 Res: 8.106103839667919948e-16
niter: 208 Res: 7.734169255189267200e-16
niter: 209 Res: 7.597858461013726149e-16
niter: 210 Res: 8.077364527260633118e-16
niter: 211 Res: 7.407537168861243962e-16
niter: 212 Res: 8.768838245449064037e-16
niter: 213 Res: 9.931464526047723872e-16
niter: 214 Res: 9.412328136804339053e-16
niter: 215 Res: 1.050955146635549564e-15
niter: 216 Res: 9.994585691633804054e-16
niter: 217 Res: 9.101753404041117298e-16
niter: 218 Res: 9.145329880035846893e-16
niter: 219 Res: 8.488298809944524061e-16
niter: 220 Res: 7.980689582271003534e-16
niter: 221 Res: 8.600578635964966478e-16
niter: 222 Res: 9.099092564784183867e-16
niter: 223 Res: 7.491441255823996648e-16
niter: 224 Res: 7.114406279195870939e-16
niter: 225 Res: 8.812098570410393461e-16
niter: 226 Res: 8.795667735451230621e-16
niter: 227 Res: 8.929003337218304801e-16
niter: 228 Res: 8.014354288969823362e-16
niter: 229 Res: 8.574841111205126551e-16
niter: 230 Res: 7.988642050053423243e-16
niter: 231 Res: 9.292440132701001719e-16
niter: 232 Res: 7.248103781699608995e-16
niter: 233 Res: 7.728377836240564397e-16
niter: 234 Res: 7.127528769056135914e-16
niter: 235 Res: 7.892793974328858721e-16
niter: 236 Res: 8.277004989727842084e-16
niter: 237 Res: 7.679184968550428415e-16
niter: 238 Res: 8.208773611302472867e-16
niter: 239 Res: 8.580258758717336172e-16
niter: 240 Res: 8.739625756793019657e-16
niter: 241 Res: 9.179563711589844763e-16
niter: 242 Res: 6.320403717278438587e-16
niter: 243 Res: 7.201464297028562416e-16
niter: 244 Res: 7.826295822740605091e-16
niter: 245 Res: 7.036812807691378977e-16
niter: 246 Res: 7.280994278502953048e-16
niter: 247 Res: 7.912120142944893731e-16
niter: 248 Res: 8.625719736726933784e-16
niter: 249 Res: 7.724917323654911687e-16
niter: 250 Res: 7.804510702068989825e-16
niter: 251 Res: 7.776203648730752737e-16
niter: 252 Res: 7.695656542247528549e-16
niter: 253 Res: 8.885602360958845277e-16
niter: 254 Res: 8.681379136817566517e-16
niter: 255 Res: 9.123891307010139267e-16
niter: 256 Res: 9.059336037190540247e-16
niter: 257 Res: 8.173486650235978892e-16
niter: 258 Res: 8.543285651253748295e-16
niter: 259 Res: 9.157807614385021826e-16
niter: 260 Res: 9.225921953578774667e-16
niter: 261 Res: 7.757480255571946382e-16
niter: 262 Res: 8.251285414150552659e-16
niter: 263 Res: 7.862749244279868558e-16
niter: 264 Res: 6.733988420156638275e-16
niter: 265 Res: 7.284387189333103634e-16
niter: 266 Res: 8.086809961602120255e-16
niter: 267 Res: 8.588038891699863530e-16
niter: 268 Res: 8.781196688186439335e-16
niter: 269 Res: 8.444034696961732211e-16
niter: 270 Res: 8.871526231638794537e-16
niter: 271 Res: 9.108997191103409349e-16
niter: 272 Res: 8.119605495899463383e-16
niter: 273 Res: 7.930606721240987954e-16
niter: 274 Res: 8.839803351354178921e-16
niter: 275 Res: 8.275971775835337564e-16
niter: 276 Res: 8.028073804342469266e-16
niter: 277 Res: 7.335038357864595998e-16
niter: 278 Res: 7.487209771663651715e-16
niter: 279 Res: 9.444700944098793119e-16
niter: 280 Res: 1.075322064340280862e-15
niter: 281 Res: 8.167036603723518826e-16
niter: 282 Res: 8.260238899485792355e-16
niter: 283 Res: 9.154225441668413289e-16
niter: 284 Res: 7.224039286198075272e-16
niter: 285 Res: 7.565062262245485166e-16
niter: 286 Res: 7.202601685800035931e-16
niter: 287 Res: 6.880532408140997375e-16
niter: 288 Res: 6.390500042252243047e-16
niter: 289 Res: 7.196401116603671927e-16
niter: 290 Res: 8.199437061511959515e-16
niter: 291 Res: 8.809969697573042516e-16
niter: 292 Res: 7.957531048060824056e-16
niter: 293 Res: 6.572299129139429748e-16
niter: 294 Res: 7.417344273991205823e-16
niter: 295 Res: 7.717982262139027724e-16
niter: 296 Res: 8.089615380216044487e-16
niter: 297 Res: 8.370666596945820696e-16
niter: 298 Res: 7.290120049885173615e-16
niter: 299 Res: 6.908789575353776380e-16
niter: 300 Res: 8.796752267419122623e-16
niter: 301 Res: 8.103798000746325551e-16
niter: 302 Res: 7.074917314654810723e-16
niter: 303 Res: 6.180937167231438544e-16
niter: 304 Res: 7.343224496887053513e-16
niter: 305 Res: 6.977113862467597522e-16
niter: 306 Res: 8.026337879678001343e-16
niter: 307 Res: 9.957476873969170616e-16
niter: 308 Res: 8.164663586421625144e-16
niter: 309 Res: 9.073323292115458199e-16
niter: 310 Res: 8.973222915978824689e-16
niter: 311 Res: 7.720695685233334599e-16
niter: 312 Res: 6.677408062741662927e-16
niter: 313 Res: 6.421733793548497543e-16
niter: 314 Res: 7.313996507841364927e-16
niter: 315 Res: 8.259288415363749521e-16
niter: 316 Res: 7.025315321420200676e-16
niter: 317 Res: 6.035057179768181005e-16
niter: 318 Res: 9.771826543569177797e-16
niter: 319 Res: 8.310874677978963838e-16
niter: 320 Res: 7.813469964417683529e-16
niter: 321 Res: 7.558461734326792653e-16
niter: 322 Res: 7.397079779784391227e-16
niter: 323 Res: 9.489393727522920234e-16
niter: 324 Res: 9.508459287811353560e-16
niter: 325 Res: 7.291527074494154099e-16
niter: 326 Res: 6.976777342425212068e-16
niter: 327 Res: 8.017891607467614812e-16
niter: 328 Res: 8.224066007650243953e-16
niter: 329 Res: 7.703665947756786792e-16
niter: 330 Res: 7.647197575098363795e-16
niter: 331 Res: 7.847579287763015437e-16
niter: 332 Res: 7.644598066055844141e-16
niter: 333 Res: 7.728245306818641272e-16
niter: 334 Res: 7.617841744031460276e-16
niter: 335 Res: 7.971748113583196899e-16
niter: 336 Res: 8.968732159580695285e-16
niter: 337 Res: 1.020001911019387420e-15
niter: 338 Res: 9.539269728197951927e-16
niter: 339 Res: 9.286350414044340612e-16
niter: 340 Res: 8.051702814564382674e-16
niter: 341 Res: 7.690663339818099923e-16
niter: 342 Res: 9.688944008920630896e-16
niter: 343 Res: 8.742212742489269139e-16
niter: 344 Res: 7.254945311985242167e-16
niter: 345 Res: 6.935271809481493414e-16
niter: 346 Res: 7.760139129588754063e-16
niter: 347 Res: 7.897289867870498985e-16
niter: 348 Res: 8.311246537965533781e-16
niter: 349 Res: 8.459290154803912467e-16
niter: 350 Res: 8.275630304422277597e-16
niter: 351 Res: 8.115193123640712260e-16
niter: 352 Res: 9.194893521987517660e-16
niter: 353 Res: 8.580908042709683365e-16
niter: 354 Res: 7.345862321726864831e-16
niter: 355 Res: 7.196560402207582536e-16
niter: 356 Res: 9.359940775440132177e-16
niter: 357 Res: 9.462789290396317222e-16
niter: 358 Res: 7.978760791331368991e-16
niter: 359 Res: 8.392574855136914434e-16
niter: 360 Res: 8.887386946691410469e-16
niter: 361 Res: 8.248869757338675690e-16
niter: 362 Res: 7.201970010842920711e-16
niter: 363 Res: 8.088692659846540139e-16
niter: 364 Res: 8.173756792554419869e-16
niter: 365 Res: 8.196229403410879322e-16
niter: 366 Res: 8.280958115345255140e-16
niter: 367 Res: 7.919287425341262822e-16
niter: 368 Res: 7.977875377870218558e-16
niter: 369 Res: 7.553022528347248791e-16
niter: 370 Res: 6.725146672344783965e-16
niter: 371 Res: 7.220071699011643948e-16
niter: 372 Res: 6.911481804424451930e-16
niter: 373 Res: 6.657091250006054348e-16
niter: 374 Res: 7.441837932844904213e-16
niter: 375 Res: 8.069926760524784349e-16
niter: 376 Res: 8.527809857669771592e-16
niter: 377 Res: 7.285261731780106896e-16
niter: 378 Res: 8.304719449018446093e-16
niter: 379 Res: 8.255939809841868531e-16
niter: 380 Res: 7.585225387358545249e-16
niter: 381 Res: 9.253306721012202294e-16
niter: 382 Res: 9.705604224279721287e-16
niter: 383 Res: 9.564618693948884890e-16
niter: 384 Res: 6.727825688168182834e-16
niter: 385 Res: 6.372482466476421729e-16
niter: 386 Res: 6.904545179723636810e-16
niter: 387 Res: 7.384654061658406562e-16
niter: 388 Res: 7.651401185685558021e-16
niter: 389 Res: 6.796622183827044682e-16
niter: 390 Res: 8.209102362291619616e-16
niter: 391 Res: 6.831754729236656542e-16
niter: 392 Res: 6.854658732868573241e-16
niter: 393 Res: 8.501047719037792012e-16
niter: 394 Res: 7.838436266894726064e-16
niter: 395 Res: 6.449171154888065787e-16
niter: 396 Res: 6.926428181559173673e-16
niter: 397 Res: 7.852272152910600426e-16
niter: 398 Res: 6.266053431417181221e-16
niter: 399 Res: 5.975803229896601442e-16
niter: 400 Res: 5.534602884243735731e-16
niter: 401 Res: 6.818983399658329551e-16
niter: 402 Res: 6.657496634943872568e-16
niter: 403 Res: 6.099581625353812901e-16
niter: 404 Res: 6.601043121450637998e-16
niter: 405 Res: 6.740544366239057390e-16
niter: 406 Res: 8.288623305782955858e-16
niter: 407 Res: 7.581651932247666760e-16
niter: 408 Res: 6.945023656548658919e-16
niter: 409 Res: 6.803548321690886462e-16
niter: 410 Res: 6.867203091123092080e-16
niter: 411 Res: 6.013732899592804271e-16
niter: 412 Res: 6.203684126775853602e-16
niter: 413 Res: 6.858474629855828917e-16
niter: 414 Res: 7.559013940645373435e-16
niter: 415 Res: 6.656597782655788529e-16
niter: 416 Res: 7.768738984098400499e-16
niter: 417 Res: 7.776952913917679241e-16
niter: 418 Res: 6.711021141845432536e-16
niter: 419 Res: 6.957860794347347444e-16
niter: 420 Res: 7.835565444172086802e-16
niter: 421 Res: 8.895844789872364410e-16
niter: 422 Res: 8.856188282891109702e-16
niter: 423 Res: 8.226065983450614179e-16
niter: 424 Res: 9.213152466019053457e-16
niter: 425 Res: 6.762494782043090078e-16
niter: 426 Res: 7.213753974196342429e-16
niter: 427 Res: 8.014423582543176055e-16
niter: 428 Res: 7.649001809080845420e-16
niter: 429 Res: 8.138534586243154953e-16
niter: 430 Res: 7.901446817444013178e-16
niter: 431 Res: 7.793978208192767209e-16
niter: 432 Res: 7.249608515254373869e-16
niter: 433 Res: 8.061184500631029115e-16
niter: 434 Res: 8.789443931418408371e-16
niter: 435 Res: 9.805206010725949406e-16
niter: 436 Res: 8.258270233592687076e-16
niter: 437 Res: 7.394816257265616418e-16
niter: 438 Res: 8.943657779685340217e-16
niter: 439 Res: 8.572595677623915351e-16
niter: 440 Res: 8.528512165870608607e-16
niter: 441 Res: 7.303365562219862475e-16
niter: 442 Res: 9.966576014376914523e-16
niter: 443 Res: 8.167335338021434253e-16
niter: 444 Res: 6.342220158158706263e-16
niter: 445 Res: 7.708462485946533469e-16
niter: 446 Res: 7.443439037977824578e-16
niter: 447 Res: 7.052270093289229002e-16
niter: 448 Res: 7.243366928706087822e-16
niter: 449 Res: 7.502822694934309199e-16
niter: 450 Res: 7.873877796507434370e-16
niter: 451 Res: 7.214329317159009894e-16
niter: 452 Res: 7.726628020321816249e-16
niter: 453 Res: 7.182746576238502587e-16
niter: 454 Res: 8.773805984956514840e-16
niter: 455 Res: 7.425230309905642872e-16
niter: 456 Res: 8.384965544288560730e-16
niter: 457 Res: 8.794237651808521926e-16
niter: 458 Res: 8.129732007981733988e-16
niter: 459 Res: 8.063621722921164704e-16
niter: 460 Res: 8.364682678009416379e-16
niter: 461 Res: 9.210041277136164564e-16
niter: 462 Res: 7.983517617396712314e-16
niter: 463 Res: 8.253990247835067286e-16
niter: 464 Res: 6.591954959758848033e-16
niter: 465 Res: 7.802606932566005917e-16
niter: 466 Res: 8.028100236128652278e-16
niter: 467 Res: 8.408520240984315558e-16
niter: 468 Res: 8.598279934001179794e-16
niter: 469 Res: 7.120852794964491421e-16
niter: 470 Res: 8.009491707650806737e-16
niter: 471 Res: 8.150992074320368883e-16
niter: 472 Res: 7.124461130467889575e-16
niter: 473 Res: 6.841434983483309311e-16
niter: 474 Res: 5.859568058245926984e-16
niter: 475 Res: 6.851436596996995447e-16
niter: 476 Res: 7.132079811820226483e-16
niter: 477 Res: 7.443660106065840744e-16
niter: 478 Res: 8.000773151510708733e-16
niter: 479 Res: 7.917266187748622985e-16
niter: 480 Res: 8.533460549112899017e-16
niter: 481 Res: 8.297778415546167058e-16
niter: 482 Res: 9.344832714000379460e-16
niter: 483 Res: 8.708303071056226339e-16
niter: 484 Res: 8.614508250285433295e-16
niter: 485 Res: 8.816660573112219435e-16
niter: 486 Res: 8.174141861051671490e-16
niter: 487 Res: 8.321964412179411301e-16
niter: 488 Res: 8.294258443461724674e-16
niter: 489 Res: 7.922306735968093594e-16
niter: 490 Res: 8.738551774560982583e-16
niter: 491 Res: 9.562709150874384167e-16
niter: 492 Res: 6.706677979989484207e-16
niter: 493 Res: 7.207924047152777002e-16
niter: 494 Res: 7.889122857424058894e-16
niter: 495 Res: 6.450654253963964747e-16
niter: 496 Res: 7.514242591749902466e-16
niter: 497 Res: 8.922700098469818889e-16
niter: 498 Res: 8.016843033281848889e-16
niter: 499 Res: 7.611307826933987780e-16
niter: 500 Res: 6.914881587920211976e-16
niter: 501 Res: 7.132783926985698183e-16
niter: 502 Res: 6.554479438855836009e-16
niter: 503 Res: 6.990973605843427422e-16
niter: 504 Res: 8.420332420481900787e-16
niter: 505 Res: 8.746323482073919325e-16
niter: 506 Res: 7.306136029652015269e-16
niter: 507 Res: 8.561100729640145995e-16
niter: 508 Res: 7.227740612063267541e-16
niter: 509 Res: 8.301383451924208432e-16
niter: 510 Res: 8.401699457806383250e-16
niter: 511 Res: 6.815249619934263359e-16
niter: 512 Res: 7.446596487696132704e-16
niter: 513 Res: 6.812426081710468226e-16
niter: 514 Res: 6.570490574716372649e-16
niter: 515 Res: 7.901749685350268953e-16
niter: 516 Res: 9.193905154294608490e-16
niter: 517 Res: 7.300997527143144928e-16
niter: 518 Res: 6.673915691007474746e-16
niter: 519 Res: 5.947566682378121712e-16
niter: 520 Res: 7.013779645422508789e-16
niter: 521 Res: 7.851774516921051985e-16
niter: 522 Res: 7.731485954801074593e-16
niter: 523 Res: 9.521707750475626990e-16
niter: 524 Res: 7.588153864863951025e-16
niter: 525 Res: 7.657294960965779059e-16
niter: 526 Res: 7.710683705852661824e-16
niter: 527 Res: 7.569494575945788045e-16
niter: 528 Res: 6.958733546701810939e-16
niter: 529 Res: 5.907164538455628170e-16
niter: 530 Res: 6.606604843420009449e-16
niter: 531 Res: 6.248684354545864420e-16
niter: 532 Res: 6.331966630903845110e-16
niter: 533 Res: 6.133765796142875887e-16
niter: 534 Res: 6.892671120217387619e-16
niter: 535 Res: 7.816395680716133406e-16
niter: 536 Res: 8.744494697704326380e-16
niter: 537 Res: 7.137852737180150147e-16
niter: 538 Res: 8.133210919678698049e-16
niter: 539 Res: 6.944733423802188787e-16
niter: 540 Res: 8.465344660399620924e-16
niter: 541 Res: 6.796700111490515960e-16
niter: 542 Res: 6.475018239472856687e-16
niter: 543 Res: 6.735442918521611076e-16
niter: 544 Res: 6.874238694380042787e-16
niter: 545 Res: 9.107630454216148718e-16
niter: 546 Res: 7.282004916855797943e-16
niter: 547 Res: 6.906067112918462064e-16
niter: 548 Res: 7.207140646875385933e-16
niter: 549 Res: 6.538720498991528489e-16
niter: 550 Res: 6.446079226308039018e-16
niter: 551 Res: 6.540300654716587399e-16
niter: 552 Res: 8.426700079032004587e-16
niter: 553 Res: 7.925509034979947997e-16
niter: 554 Res: 7.143036350886371283e-16
niter: 555 Res: 8.404878971462424861e-16
niter: 556 Res: 8.423584840416263183e-16
niter: 557 Res: 7.771025701935726378e-16
niter: 558 Res: 7.519220933213588355e-16
niter: 559 Res: 7.271878838662480967e-16
niter: 560 Res: 7.882812512246814436e-16
niter: 561 Res: 8.573742169228968697e-16
niter: 562 Res: 7.808384578502102284e-16
niter: 563 Res: 8.562487937499715815e-16
niter: 564 Res: 9.189716919408590512e-16
niter: 565 Res: 8.788751347050859117e-16
niter: 566 Res: 6.017994599134373418e-16
niter: 567 Res: 6.672952021917048676e-16
niter: 568 Res: 6.773777642594975329e-16
niter: 569 Res: 7.548937912511682374e-16
niter: 570 Res: 7.343231896074381481e-16
niter: 571 Res: 6.928977305114620035e-16
niter: 572 Res: 7.502158361363780475e-16
niter: 573 Res: 6.561796054539526873e-16
niter: 574 Res: 7.063562398990023261e-16
niter: 575 Res: 7.535454147528622287e-16
niter: 576 Res: 7.713113204214522550e-16
niter: 577 Res: 8.144224377924839695e-16
niter: 578 Res: 6.705244081166401378e-16
niter: 579 Res: 6.469298767925507876e-16
niter: 580 Res: 6.273647933804304267e-16
niter: 581 Res: 7.769825823270080141e-16
niter: 582 Res: 7.258879225231569400e-16
niter: 583 Res: 6.986762306200260679e-16
niter: 584 Res: 7.384801464130778569e-16
niter: 585 Res: 6.934466556051617929e-16
niter: 586 Res: 6.399297837167804429e-16
niter: 587 Res: 7.376988804972760641e-16
niter: 588 Res: 6.466620309071239439e-16
niter: 589 Res: 6.997377359168599181e-16
niter: 590 Res: 6.566765703547833680e-16
niter: 591 Res: 6.238249267457371024e-16
niter: 592 Res: 6.387360323602025334e-16
niter: 593 Res: 6.693755829049480877e-16
niter: 594 Res: 5.876935379190498593e-16
niter: 595 Res: 6.563792829945485957e-16
niter: 596 Res: 9.052769313215015145e-16
niter: 597 Res: 6.245736980984127596e-16
niter: 598 Res: 6.587964406924910205e-16
niter: 599 Res: 6.665215243352911610e-16
niter: 600 Res: 7.442534394761543385e-16
niter: 601 Res: 7.493137087138345383e-16
niter: 602 Res: 7.299344003142835721e-16
niter: 603 Res: 6.516551412229368543e-16
niter: 604 Res: 6.928234355749428880e-16
niter: 605 Res: 6.759710203675634584e-16
niter: 606 Res: 6.676678041149990989e-16
niter: 607 Res: 7.236006198935568788e-16
niter: 608 Res: 7.119129356825421072e-16
niter: 609 Res: 7.183714724164542136e-16
niter: 610 Res: 7.617519151981131996e-16
niter: 611 Res: 6.866846150364053441e-16
niter: 612 Res: 7.199303285389548445e-16
niter: 613 Res: 7.442322515566293020e-16
niter: 614 Res: 6.517455713831838784e-16
niter: 615 Res: 6.330684285020594764e-16
niter: 616 Res: 6.306828794095373156e-16
niter: 617 Res: 7.259015084333851995e-16
niter: 618 Res: 6.471658509815193557e-16
niter: 619 Res: 7.238351081638374340e-16
niter: 620 Res: 7.569033174244898664e-16
niter: 621 Res: 7.484618236766294324e-16
niter: 622 Res: 8.481975922147377370e-16
niter: 623 Res: 6.226670595965175220e-16
niter: 624 Res: 7.345387219782971286e-16
niter: 625 Res: 7.079572079520238859e-16
niter: 626 Res: 8.685065370460784090e-16
niter: 627 Res: 6.555773303828775676e-16
niter: 628 Res: 7.568042588681204955e-16
niter: 629 Res: 9.262327057583485259e-16
niter: 630 Res: 7.878380239160988638e-16
niter: 631 Res: 7.098773803372921611e-16
niter: 632 Res: 7.120932750624585576e-16
niter: 633 Res: 6.498850140984133421e-16
niter: 634 Res: 7.651139613837786796e-16
niter: 635 Res: 8.429946468140892579e-16
niter: 636 Res: 8.197527488883867690e-16
niter: 637 Res: 8.212519383921877106e-16
niter: 638 Res: 8.366449172924949953e-16
niter: 639 Res: 7.461732398023677250e-16
niter: 640 Res: 8.387500896004321451e-16
niter: 641 Res: 9.399189857740300067e-16
niter: 642 Res: 7.462906865799870432e-16
niter: 643 Res: 8.282406169442541105e-16
niter: 644 Res: 7.080819067386123710e-16
niter: 645 Res: 6.242557784454855717e-16
niter: 646 Res: 6.222197748755807816e-16
niter: 647 Res: 7.959284955281967806e-16
niter: 648 Res: 7.826326792493450774e-16
niter: 649 Res: 6.289190644555106930e-16
niter: 650 Res: 6.586523477994477886e-16
niter: 651 Res: 6.640215914323521991e-16
niter: 652 Res: 6.942417422382321853e-16
niter: 653 Res: 7.509325305525293152e-16
niter: 654 Res: 8.058359336553807076e-16
niter: 655 Res: 7.904985261048769034e-16
niter: 656 Res: 6.681263340959651474e-16
niter: 657 Res: 6.937044547941494072e-16
niter: 658 Res: 7.018800091003049031e-16
niter: 659 Res: 7.971622774344681457e-16
niter: 660 Res: 6.741183359620185370e-16
niter: 661 Res: 6.911717902862828692e-16
niter: 662 Res: 7.501316275747229028e-16
niter: 663 Res: 7.520209887601855352e-16
niter: 664 Res: 7.881732779245289944e-16
niter: 665 Res: 6.596153371885459892e-16
niter: 666 Res: 8.182472260794995879e-16
niter: 667 Res: 7.468227418682036419e-16
niter: 668 Res: 7.074035991113598849e-16
niter: 669 Res: 5.947255102748214119e-16
niter: 670 Res: 6.969754436116279491e-16
niter: 671 Res: 7.105287854307306292e-16
niter: 672 Res: 6.151542518308294796e-16
niter: 673 Res: 7.527680625607280473e-16
niter: 674 Res: 7.904246358372826538e-16
niter: 675 Res: 8.675454165348341087e-16
niter: 676 Res: 7.595205011538240234e-16
niter: 677 Res: 8.399844519652367942e-16
niter: 678 Res: 8.317917918829048061e-16
niter: 679 Res: 7.824144366769190157e-16
niter: 680 Res: 7.710979422322468259e-16
niter: 681 Res: 6.957598686906733343e-16
niter: 682 Res: 6.684223732446567783e-16
niter: 683 Res: 6.246631123968891836e-16
niter: 684 Res: 7.897313583055847248e-16
niter: 685 Res: 8.947687886007216459e-16
niter: 686 Res: 1.020090492461070391e-15
niter: 687 Res: 8.576173140770847177e-16
niter: 688 Res: 6.225006649393310119e-16
niter: 689 Res: 6.895038749766433616e-16
niter: 690 Res: 6.609293507847633566e-16
niter: 691 Res: 8.011717646254340886e-16
niter: 692 Res: 8.191144657945836934e-16
niter: 693 Res: 9.039267255992716719e-16
niter: 694 Res: 6.397300739835416108e-16
niter: 695 Res: 7.064812003046648607e-16
niter: 696 Res: 6.963874551608939268e-16
niter: 697 Res: 6.350555703379496071e-16
niter: 698 Res: 6.814462497484885072e-16
niter: 699 Res: 7.800785571469416634e-16
niter: 700 Res: 8.372592014344831759e-16
niter: 701 Res: 7.630544625010933902e-16
niter: 702 Res: 7.362776507720744718e-16
niter: 703 Res: 6.980219630440300270e-16
niter: 704 Res: 6.613759178172449057e-16
niter: 705 Res: 6.664728787311335385e-16
niter: 706 Res: 6.338484001049794667e-16
niter: 707 Res: 6.165817369295420751e-16
niter: 708 Res: 6.785215608398759921e-16
niter: 709 Res: 6.657091277075681219e-16
niter: 710 Res: 7.906291803305957693e-16
niter: 711 Res: 6.942573551217824212e-16
niter: 712 Res: 9.196802749000934653e-16
niter: 713 Res: 8.063095123127948960e-16
niter: 714 Res: 6.829322157826173980e-16
niter: 715 Res: 7.203903954518200687e-16
niter: 716 Res: 6.719667450346607196e-16
niter: 717 Res: 7.825385179714644575e-16
niter: 718 Res: 8.681824681510464989e-16
niter: 719 Res: 8.531324976922636101e-16
niter: 720 Res: 7.664116823610079902e-16
niter: 721 Res: 7.070366477569414230e-16
niter: 722 Res: 7.654654773923339146e-16
niter: 723 Res: 6.717211559363128985e-16
niter: 724 Res: 7.552159211496797874e-16
niter: 725 Res: 7.071132673078753619e-16
niter: 726 Res: 6.429626311132831267e-16
niter: 727 Res: 7.916285720427790472e-16
niter: 728 Res: 8.230795476426823941e-16
niter: 729 Res: 7.273520052163509307e-16
niter: 730 Res: 7.650325106144452091e-16
niter: 731 Res: 7.838319059685910402e-16
niter: 732 Res: 8.095605522216585980e-16
niter: 733 Res: 7.666404334962782629e-16
niter: 734 Res: 7.847863047839461373e-16
niter: 735 Res: 7.064017479132306661e-16
niter: 736 Res: 7.235482914081460077e-16
niter: 737 Res: 7.492193547915816591e-16
niter: 738 Res: 7.284110876885821680e-16
niter: 739 Res: 6.745468740120246428e-16
niter: 740 Res: 7.528340611529422088e-16
niter: 741 Res: 7.336735396013932208e-16
niter: 742 Res: 7.502335689169184447e-16
niter: 743 Res: 7.032841099211046510e-16
niter: 744 Res: 6.997242492988709613e-16
niter: 745 Res: 6.851279341373693876e-16
niter: 746 Res: 6.632936129775651672e-16
niter: 747 Res: 6.638844638278404918e-16
niter: 748 Res: 6.042054842549105558e-16
niter: 749 Res: 6.487391036463214214e-16
niter: 750 Res: 8.924502980893056041e-16
niter: 751 Res: 8.021997364004362158e-16
niter: 752 Res: 7.281088236508055997e-16
niter: 753 Res: 7.505752242096422633e-16
niter: 754 Res: 7.459838319919255996e-16
niter: 755 Res: 8.251264708996968521e-16
niter: 756 Res: 7.676716838201929428e-16
niter: 757 Res: 7.380110745751477569e-16
niter: 758 Res: 6.784535799812725963e-16
niter: 759 Res: 8.458223917709410320e-16
niter: 760 Res: 8.766428890652420849e-16
niter: 761 Res: 8.425867818103061467e-16
niter: 762 Res: 8.399483824201374641e-16
niter: 763 Res: 7.681509492451231188e-16
niter: 764 Res: 6.968423401418689146e-16
niter: 765 Res: 6.779380086177965672e-16
niter: 766 Res: 7.327233712071810115e-16
niter: 767 Res: 6.942484242752549264e-16
niter: 768 Res: 7.086947641632992310e-16
niter: 769 Res: 7.949937787359854290e-16
niter: 770 Res: 9.008149389369776227e-16
niter: 771 Res: 9.034542361497988329e-16
niter: 772 Res: 7.185688499770505267e-16
niter: 773 Res: 6.784994947172518132e-16
niter: 774 Res: 7.541999205048380670e-16
niter: 775 Res: 7.912742404571429846e-16
niter: 776 Res: 7.962180330238959457e-16
niter: 777 Res: 6.912105522268158350e-16
niter: 778 Res: 7.264510217413806834e-16
niter: 779 Res: 7.646376940032561589e-16
niter: 780 Res: 6.871528392022035834e-16
niter: 781 Res: 7.930705141429733210e-16
niter: 782 Res: 6.490108255272000997e-16
niter: 783 Res: 6.553168127531230301e-16
niter: 784 Res: 5.872279756661569920e-16
niter: 785 Res: 6.482472134470239090e-16
niter: 786 Res: 6.016484686890096175e-16
niter: 787 Res: 6.328761202371317356e-16
niter: 788 Res: 6.499641435858473719e-16
niter: 789 Res: 6.417967146147294017e-16
niter: 790 Res: 7.265833807666940598e-16
niter: 791 Res: 7.205156702575021578e-16
niter: 792 Res: 7.970056469284009554e-16
niter: 793 Res: 7.528969602586488756e-16
niter: 794 Res: 7.128457948975482723e-16
niter: 795 Res: 8.284661312405784730e-16
niter: 796 Res: 6.589605732388826801e-16
niter: 797 Res: 6.740664013353338283e-16
niter: 798 Res: 6.499982289366552725e-16
niter: 799 Res: 5.871241865771798619e-16
niter: 800 Res: 6.512644255266083848e-16
niter: 801 Res: 7.376912578795320577e-16
niter: 802 Res: 7.342904689713614309e-16
niter: 803 Res: 8.617534919899743204e-16
niter: 804 Res: 8.466442152625418017e-16
niter: 805 Res: 8.352010824183343043e-16
niter: 806 Res: 6.733283237168385000e-16
niter: 807 Res: 7.736562472282276739e-16
niter: 808 Res: 7.764944685824702068e-16
niter: 809 Res: 6.375000989005780528e-16
niter: 810 Res: 6.581416760759578343e-16
niter: 811 Res: 6.956335375861763281e-16
niter: 812 Res: 6.889779428363739200e-16
niter: 813 Res: 7.018277980162812700e-16
niter: 814 Res: 7.503183893904082545e-16
niter: 815 Res: 7.882400875574074288e-16
niter: 816 Res: 7.944660255793883539e-16
niter: 817 Res: 7.431362629950552467e-16
niter: 818 Res: 8.656656800207949769e-16
niter: 819 Res: 8.487059399000657999e-16
niter: 820 Res: 8.325217821264254929e-16
niter: 821 Res: 8.924081137765390403e-16
niter: 822 Res: 6.711172151726620842e-16
niter: 823 Res: 6.673087607003344580e-16
niter: 824 Res: 7.719123219560571641e-16
niter: 825 Res: 9.026165206787466686e-16
niter: 826 Res: 7.920820858559972713e-16
niter: 827 Res: 7.972541608693846002e-16
niter: 828 Res: 7.564678655674040164e-16
niter: 829 Res: 7.241222862140111826e-16
niter: 830 Res: 7.303921975083196434e-16
niter: 831 Res: 8.529627547417145710e-16
niter: 832 Res: 7.942365811188201113e-16
niter: 833 Res: 8.262203009670744330e-16
niter: 834 Res: 6.453321266883688100e-16
niter: 835 Res: 7.231251716194820954e-16
niter: 836 Res: 7.718297919523378512e-16
niter: 837 Res: 7.340127182463638574e-16
niter: 838 Res: 7.936749045505493008e-16
niter: 839 Res: 7.651948155288175781e-16
niter: 840 Res: 7.083989110210206310e-16
niter: 841 Res: 9.216062335581059252e-16
niter: 842 Res: 8.336419689053425032e-16
niter: 843 Res: 7.435276480102023025e-16
niter: 844 Res: 7.506372688253619573e-16
niter: 845 Res: 7.696830635658895835e-16
niter: 846 Res: 7.129570242396412269e-16
niter: 847 Res: 6.395569059425145897e-16
niter: 848 Res: 6.828416531002912657e-16
niter: 849 Res: 7.004761013387760465e-16
niter: 850 Res: 7.308049423063779960e-16
niter: 851 Res: 7.756788388977693521e-16
niter: 852 Res: 9.438646397252918810e-16
niter: 853 Res: 9.612014719126962614e-16
niter: 854 Res: 8.500250379947226147e-16
niter: 855 Res: 8.231859043566915432e-16
niter: 856 Res: 8.077010576900564091e-16
niter: 857 Res: 7.145327602008764211e-16
niter: 858 Res: 7.725252873030997390e-16
niter: 859 Res: 7.181183319147782385e-16
niter: 860 Res: 8.351758090132549734e-16
niter: 861 Res: 8.912006288418295734e-16
niter: 862 Res: 7.913715673795807700e-16
niter: 863 Res: 7.320047873021376991e-16
niter: 864 Res: 6.246131134879296968e-16
niter: 865 Res: 6.865764982938119398e-16
niter: 866 Res: 7.802912003089230434e-16
niter: 867 Res: 6.652773720715213392e-16
niter: 868 Res: 8.215885794822629597e-16
niter: 869 Res: 7.507506124576932019e-16
niter: 870 Res: 7.379882218471843817e-16
niter: 871 Res: 9.353058146624201603e-16
niter: 872 Res: 6.712829373653395675e-16
niter: 873 Res: 8.114783140535551871e-16
niter: 874 Res: 7.361965719335685220e-16
niter: 875 Res: 7.052621325739414675e-16
niter: 876 Res: 6.817263665114821461e-16
niter: 877 Res: 7.580153481366660583e-16
niter: 878 Res: 6.797143046936890268e-16
niter: 879 Res: 7.270272949061297889e-16
niter: 880 Res: 6.864344362883344823e-16
niter: 881 Res: 7.992899725173303101e-16
niter: 882 Res: 7.929755616796417815e-16
niter: 883 Res: 7.649211900368695795e-16
niter: 884 Res: 6.738305500527544276e-16
niter: 885 Res: 6.892805928565862532e-16
niter: 886 Res: 5.956857605008828895e-16
niter: 887 Res: 6.680900326426806501e-16
niter: 888 Res: 7.788535952304530603e-16
niter: 889 Res: 8.130435628827605803e-16
niter: 890 Res: 7.735438365593249261e-16
niter: 891 Res: 6.502834974217675293e-16
niter: 892 Res: 6.878190256259168342e-16
niter: 893 Res: 7.612870980218536963e-16
niter: 894 Res: 6.014887288704528183e-16
niter: 895 Res: 5.995436630444299940e-16
niter: 896 Res: 6.157268716354237513e-16
niter: 897 Res: 7.067428652687422298e-16
niter: 898 Res: 6.985177159646467013e-16
niter: 899 Res: 7.008198614614178209e-16
niter: 900 Res: 7.664795302054576084e-16
niter: 901 Res: 7.502866687787061732e-16
niter: 902 Res: 6.647912429481093548e-16
niter: 903 Res: 6.653362349544242193e-16
niter: 904 Res: 6.619479676170314687e-16
niter: 905 Res: 7.018515067079061263e-16
niter: 906 Res: 6.725387924701806625e-16
niter: 907 Res: 7.089976456549305792e-16
niter: 908 Res: 8.112088167942619972e-16
niter: 909 Res: 8.025554535186667361e-16
niter: 910 Res: 6.616400327943452370e-16
niter: 911 Res: 7.805623893406833382e-16
niter: 912 Res: 7.718313666904436357e-16
niter: 913 Res: 7.138174307082175286e-16
niter: 914 Res: 7.708968428899632714e-16
niter: 915 Res: 7.108825426528679928e-16
niter: 916 Res: 7.408039412696090191e-16
niter: 917 Res: 7.499033400002443572e-16
niter: 918 Res: 8.347115857629479285e-16
niter: 919 Res: 7.495122100492601446e-16
niter: 920 Res: 7.857758724414294191e-16
niter: 921 Res: 8.750077651292733987e-16
niter: 922 Res: 7.618849680279864379e-16
niter: 923 Res: 7.567420914808099175e-16
niter: 924 Res: 7.752537137945223699e-16
niter: 925 Res: 8.716550024844565415e-16
niter: 926 Res: 9.172929416824127492e-16
niter: 927 Res: 8.338554409733630835e-16
niter: 928 Res: 7.517643596558053103e-16
niter: 929 Res: 9.189750083919122776e-16
niter: 930 Res: 8.648884583830010216e-16
niter: 931 Res: 7.378862507202590269e-16
niter: 932 Res: 8.095699320059748435e-16
niter: 933 Res: 7.260362527940363106e-16
niter: 934 Res: 7.807007281207276398e-16
niter: 935 Res: 7.936533036144737805e-16
niter: 936 Res: 8.266066283893922063e-16
niter: 937 Res: 7.419160215269268207e-16
niter: 938 Res: 8.312606186298266151e-16
niter: 939 Res: 9.394344858355531323e-16
niter: 940 Res: 1.001457810052622058e-15
niter: 941 Res: 8.911260913062819325e-16
niter: 942 Res: 7.681049636958017957e-16
niter: 943 Res: 7.287963583841979946e-16
niter: 944 Res: 7.398682939412666646e-16
niter: 945 Res: 7.010734268617142463e-16
niter: 946 Res: 6.440932103593514783e-16
niter: 947 Res: 6.746164718221941925e-16
niter: 948 Res: 7.561327545634968531e-16
niter: 949 Res: 6.587847798887364499e-16
niter: 950 Res: 7.427137747987518246e-16
niter: 951 Res: 6.729385849371062929e-16
niter: 952 Res: 8.217352024427948573e-16
niter: 953 Res: 7.820535563004246871e-16
niter: 954 Res: 7.827815377703083075e-16
niter: 955 Res: 6.929931459711745208e-16
niter: 956 Res: 8.995981290880148737e-16
niter: 957 Res: 8.701759016430246235e-16
niter: 958 Res: 8.733214142349370570e-16
niter: 959 Res: 7.500079059868863072e-16
niter: 960 Res: 8.945345205127786566e-16
niter: 961 Res: 6.472219163414276413e-16
niter: 962 Res: 7.560535968337096122e-16
niter: 963 Res: 7.735143112809907294e-16
niter: 964 Res: 8.197705912272497434e-16
niter: 965 Res: 8.446168484578200035e-16
niter: 966 Res: 1.084382629976822282e-15
niter: 967 Res: 1.093429590221852117e-15
niter: 968 Res: 8.642077796880771016e-16
niter: 969 Res: 8.445826930747447463e-16
niter: 970 Res: 8.648350490615393858e-16
niter: 971 Res: 8.335007275004578374e-16
niter: 972 Res: 8.994411504391642575e-16
niter: 973 Res: 7.941196455940411921e-16
niter: 974 Res: 9.251278522916151927e-16
niter: 975 Res: 7.389321320830104618e-16
niter: 976 Res: 7.681936104851405877e-16
niter: 977 Res: 7.965247105225275735e-16
niter: 978 Res: 7.357487492457455377e-16
niter: 979 Res: 7.617869216927473562e-16
niter: 980 Res: 7.722816803246427796e-16
niter: 981 Res: 8.201466603546277212e-16
niter: 982 Res: 9.754933546286379981e-16
niter: 983 Res: 9.492490595281106681e-16
niter: 984 Res: 1.009988574633636755e-15
niter: 985 Res: 7.783525611089689744e-16
niter: 986 Res: 8.416753575878069729e-16
niter: 987 Res: 7.344889084521762432e-16
niter: 988 Res: 7.945145328614526540e-16
niter: 989 Res: 8.916966228370095541e-16
niter: 990 Res: 1.054307665657226244e-15
niter: 991 Res: 1.016310092796932890e-15
niter: 992 Res: 7.499123450370491122e-16
niter: 993 Res: 7.654707620809028064e-16
niter: 994 Res: 7.438004325753245787e-16
niter: 995 Res: 7.121907901190103150e-16
niter: 996 Res: 6.950476729113424950e-16
niter: 997 Res: 8.504791171514022950e-16
niter: 998 Res: 9.655653453046731482e-16
niter: 999 Res: 8.029514471149347042e-16
niter: 1000 Res: 9.024527283836717341e-16
