2D Euler Solver: Node-Centered Finite-Volume-Method
Numerical Flux: 2D Roe flux with an entropy fix
Order of Accuracy: 1

Mesh Parameters:
Number of Elements: 25600
Number of Interior Edges: 38128
Number of Boundary Edges: 544

****************************************
           Simulation Start             
****************************************
niter: 1 Res: 4.205193365013033745e-16
niter: 2 Res: 6.227812535255659227e-16
niter: 3 Res: 8.151986819466266515e-16
niter: 4 Res: 8.786594887338156869e-16
niter: 5 Res: 9.107648960536315550e-16
niter: 6 Res: 9.251991891481549354e-16
niter: 7 Res: 9.288694844359866776e-16
niter: 8 Res: 9.282006570617233326e-16
niter: 9 Res: 9.350030664558538920e-16
niter: 10 Res: 9.399572301252323581e-16
niter: 11 Res: 9.398734288370646059e-16
niter: 12 Res: 9.351712986849707752e-16
niter: 13 Res: 9.276785688659901439e-16
niter: 14 Res: 9.297821976266020112e-16
niter: 15 Res: 9.257444095148607254e-16
niter: 16 Res: 9.220022963483149203e-16
niter: 17 Res: 9.371824459271672820e-16
niter: 18 Res: 9.273257223250470243e-16
niter: 19 Res: 9.337208282754318928e-16
niter: 20 Res: 9.306197109080400154e-16
niter: 21 Res: 9.288129527795419934e-16
niter: 22 Res: 9.356572048376031346e-16
niter: 23 Res: 9.307764724279493441e-16
niter: 24 Res: 9.322906553701845064e-16
niter: 25 Res: 9.384446716749600278e-16
niter: 26 Res: 9.387734518638629974e-16
niter: 27 Res: 9.330392927203312180e-16
niter: 28 Res: 9.277998661234693076e-16
niter: 29 Res: 9.254379303589262728e-16
niter: 30 Res: 9.174870161832866150e-16
niter: 31 Res: 9.196379649418020452e-16
niter: 32 Res: 9.207122348471518080e-16
niter: 33 Res: 9.215286208940922478e-16
niter: 34 Res: 9.337807056827096429e-16
niter: 35 Res: 9.310043820765966009e-16
niter: 36 Res: 9.242646284840111992e-16
niter: 37 Res: 9.297934397376858416e-16
niter: 38 Res: 9.333412459109117576e-16
niter: 39 Res: 9.263626031976729767e-16
niter: 40 Res: 9.233338875984007813e-16
niter: 41 Res: 9.192668219188377171e-16
niter: 42 Res: 9.289015002854354083e-16
niter: 43 Res: 9.189399658455588090e-16
niter: 44 Res: 9.183161194987092750e-16
niter: 45 Res: 9.242633888043686249e-16
niter: 46 Res: 9.230381534626665303e-16
niter: 47 Res: 9.237468182493737364e-16
niter: 48 Res: 9.224210327739870906e-16
niter: 49 Res: 9.259615994596751174e-16
niter: 50 Res: 9.170984354131822073e-16
niter: 51 Res: 9.228732168947304549e-16
niter: 52 Res: 9.212742881435003625e-16
niter: 53 Res: 9.181872017000630414e-16
niter: 54 Res: 9.170753395511836575e-16
niter: 55 Res: 9.197028535531754714e-16
niter: 56 Res: 9.189273590738776985e-16
niter: 57 Res: 9.193222536949040865e-16
niter: 58 Res: 9.194442782016338198e-16
niter: 59 Res: 9.133026789347661936e-16
niter: 60 Res: 9.182569129877014410e-16
niter: 61 Res: 9.158790713679070697e-16
niter: 62 Res: 9.151127622559643895e-16
niter: 63 Res: 9.160338733006454123e-16
niter: 64 Res: 9.170548446274183294e-16
niter: 65 Res: 9.070397349287012637e-16
niter: 66 Res: 9.149383182699922796e-16
niter: 67 Res: 9.234219511044332411e-16
niter: 68 Res: 9.160590898047724130e-16
niter: 69 Res: 9.092500016114370682e-16
niter: 70 Res: 9.182434937794216222e-16
niter: 71 Res: 9.233976529514219110e-16
niter: 72 Res: 9.258931662881826087e-16
niter: 73 Res: 9.067880000726005001e-16
niter: 74 Res: 9.163235322504411142e-16
niter: 75 Res: 9.295289880370461745e-16
niter: 76 Res: 9.269340814263598261e-16
niter: 77 Res: 9.293412952527332787e-16
niter: 78 Res: 9.153248039337349486e-16
niter: 79 Res: 9.228910681594150422e-16
niter: 80 Res: 9.097390677116951998e-16
niter: 81 Res: 9.085790422053516158e-16
niter: 82 Res: 9.243497355371811153e-16
niter: 83 Res: 9.285113879571022186e-16
niter: 84 Res: 9.141402532871785152e-16
niter: 85 Res: 9.256017649572894638e-16
niter: 86 Res: 9.273232038068311806e-16
niter: 87 Res: 9.229302418559946118e-16
niter: 88 Res: 9.030002990384600317e-16
niter: 89 Res: 9.101105624773545731e-16
niter: 90 Res: 9.078050447780904280e-16
niter: 91 Res: 9.141867756999018100e-16
niter: 92 Res: 9.150411016089423356e-16
niter: 93 Res: 9.156203778055159751e-16
niter: 94 Res: 9.095987308836280092e-16
niter: 95 Res: 9.187510187565509020e-16
niter: 96 Res: 9.160332034247779240e-16
niter: 97 Res: 9.107342315858971087e-16
niter: 98 Res: 9.231836229573396283e-16
niter: 99 Res: 9.124261987142874896e-16
niter: 100 Res: 9.041615339274862129e-16
niter: 101 Res: 9.213654350946258915e-16
niter: 102 Res: 9.210243074239117416e-16
niter: 103 Res: 9.197810435486855944e-16
niter: 104 Res: 9.048336317111131504e-16
niter: 105 Res: 9.148443415896670372e-16
niter: 106 Res: 9.206897463830100583e-16
niter: 107 Res: 9.128349983729875682e-16
niter: 108 Res: 9.088986503863025072e-16
niter: 109 Res: 9.146325327163937874e-16
niter: 110 Res: 9.159906242927879796e-16
niter: 111 Res: 9.178144223027096455e-16
niter: 112 Res: 9.139998805799627313e-16
niter: 113 Res: 9.190939618987451946e-16
niter: 114 Res: 9.185265385717876344e-16
niter: 115 Res: 9.138016106541890213e-16
niter: 116 Res: 9.166172588385174839e-16
niter: 117 Res: 9.244222569521453006e-16
niter: 118 Res: 9.225870103454435858e-16
niter: 119 Res: 9.217260003515917766e-16
niter: 120 Res: 9.280079077129112396e-16
niter: 121 Res: 9.181968240425141505e-16
niter: 122 Res: 9.230442466399328916e-16
niter: 123 Res: 9.199451553118824444e-16
niter: 124 Res: 9.160912725517694207e-16
niter: 125 Res: 9.152501177512735082e-16
niter: 126 Res: 9.193709397898701509e-16
niter: 127 Res: 9.184369370433518412e-16
niter: 128 Res: 9.175217149707122121e-16
niter: 129 Res: 9.188668646832781173e-16
niter: 130 Res: 9.217838845401489699e-16
niter: 131 Res: 9.124632788104167284e-16
niter: 132 Res: 9.183478827781785946e-16
niter: 133 Res: 9.226837422975737098e-16
niter: 134 Res: 9.172706465188066170e-16
niter: 135 Res: 9.158106948426984322e-16
niter: 136 Res: 9.205796484128626672e-16
niter: 137 Res: 9.149003964596477374e-16
niter: 138 Res: 9.073769917279044732e-16
niter: 139 Res: 9.183982580555012676e-16
niter: 140 Res: 9.190290285478228818e-16
niter: 141 Res: 9.174851311106600807e-16
niter: 142 Res: 9.215286235244225213e-16
niter: 143 Res: 9.191023761188714499e-16
niter: 144 Res: 9.199555942629507573e-16
niter: 145 Res: 9.210122654545202928e-16
niter: 146 Res: 9.182148915639515454e-16
niter: 147 Res: 9.197691000249508017e-16
niter: 148 Res: 9.086935704526287924e-16
niter: 149 Res: 9.119322959759114522e-16
niter: 150 Res: 9.141592530360331394e-16
niter: 151 Res: 9.202329060761254281e-16
niter: 152 Res: 9.197051205133096224e-16
niter: 153 Res: 9.253903143270237259e-16
niter: 154 Res: 9.261761310263347613e-16
niter: 155 Res: 9.252441167893482155e-16
niter: 156 Res: 9.297138198192157376e-16
niter: 157 Res: 9.163607236364788061e-16
niter: 158 Res: 9.139024823644215002e-16
niter: 159 Res: 9.151179495367894971e-16
niter: 160 Res: 9.159356545564608290e-16
niter: 161 Res: 9.170258774674517827e-16
niter: 162 Res: 9.204151517442071189e-16
niter: 163 Res: 9.137688389432043299e-16
niter: 164 Res: 9.108986044320626730e-16
niter: 165 Res: 9.230881546000430978e-16
niter: 166 Res: 9.141943397199535684e-16
niter: 167 Res: 9.191360589975263116e-16
niter: 168 Res: 9.234732276442572251e-16
niter: 169 Res: 9.156470552236080830e-16
niter: 170 Res: 9.108846936565003255e-16
niter: 171 Res: 9.029905983984991576e-16
niter: 172 Res: 9.183600661712750199e-16
niter: 173 Res: 9.219360730769512371e-16
niter: 174 Res: 9.154221950971935723e-16
niter: 175 Res: 9.153988068442440513e-16
niter: 176 Res: 9.245817077045165444e-16
niter: 177 Res: 9.199532711057864569e-16
niter: 178 Res: 9.179888089028151476e-16
niter: 179 Res: 9.133588747457496574e-16
niter: 180 Res: 9.035082514968007371e-16
niter: 181 Res: 9.185679117105849556e-16
niter: 182 Res: 9.236395894009646975e-16
niter: 183 Res: 9.232013167133122613e-16
niter: 184 Res: 9.140855161288828797e-16
niter: 185 Res: 9.204423319509597104e-16
niter: 186 Res: 9.120192124082230553e-16
niter: 187 Res: 9.090326889002571083e-16
niter: 188 Res: 9.097703448354768725e-16
niter: 189 Res: 9.003685780598267127e-16
niter: 190 Res: 9.136470585562430441e-16
niter: 191 Res: 9.150034947880587522e-16
niter: 192 Res: 9.105788708887033851e-16
niter: 193 Res: 9.086256533368636129e-16
niter: 194 Res: 9.112065861834003125e-16
niter: 195 Res: 9.074334906821002156e-16
niter: 196 Res: 9.053295060703031566e-16
niter: 197 Res: 9.155324034176835380e-16
niter: 198 Res: 9.158227090378157682e-16
niter: 199 Res: 9.231599158723036655e-16
niter: 200 Res: 9.135960494316077872e-16
niter: 201 Res: 9.078609673245860766e-16
niter: 202 Res: 9.178268631170151888e-16
niter: 203 Res: 9.172930317427653254e-16
niter: 204 Res: 9.186990020932772221e-16
niter: 205 Res: 9.215594360747261836e-16
niter: 206 Res: 9.186740401979587858e-16
niter: 207 Res: 9.239568995951805409e-16
niter: 208 Res: 9.160517475462245337e-16
niter: 209 Res: 9.263042694092655587e-16
niter: 210 Res: 9.182634180953774168e-16
niter: 211 Res: 9.162722033352674179e-16
niter: 212 Res: 9.159728346811825105e-16
niter: 213 Res: 9.249634458144569934e-16
niter: 214 Res: 9.220800475665401985e-16
niter: 215 Res: 9.179925477842988519e-16
niter: 216 Res: 9.129051601153746164e-16
niter: 217 Res: 9.080093148968044329e-16
niter: 218 Res: 9.118141359856654945e-16
niter: 219 Res: 9.150063958823828411e-16
niter: 220 Res: 9.113740440982818115e-16
niter: 221 Res: 9.187291092763031511e-16
niter: 222 Res: 9.111664215031466738e-16
niter: 223 Res: 9.176865151784864504e-16
niter: 224 Res: 9.067342451653944201e-16
niter: 225 Res: 9.101163469452242525e-16
niter: 226 Res: 9.074100556568462919e-16
niter: 227 Res: 9.020014761606768797e-16
niter: 228 Res: 9.177406342539127929e-16
niter: 229 Res: 9.110014996363595166e-16
niter: 230 Res: 9.089794198115233181e-16
niter: 231 Res: 9.038002972635150404e-16
niter: 232 Res: 9.044247261227274977e-16
niter: 233 Res: 9.130675341426686448e-16
niter: 234 Res: 9.088145485220596665e-16
niter: 235 Res: 9.082622511160359172e-16
niter: 236 Res: 9.113737786621344698e-16
niter: 237 Res: 9.102898673675659037e-16
niter: 238 Res: 9.048848031841157042e-16
niter: 239 Res: 9.037628473432937643e-16
niter: 240 Res: 9.047165765203198162e-16
niter: 241 Res: 9.152143238732537441e-16
niter: 242 Res: 9.132925511358345018e-16
niter: 243 Res: 9.133272132365173233e-16
niter: 244 Res: 9.042604883294867844e-16
niter: 245 Res: 9.016665702350183705e-16
niter: 246 Res: 9.054367153670169212e-16
niter: 247 Res: 9.169543303767728363e-16
niter: 248 Res: 9.140645495066014996e-16
niter: 249 Res: 9.055718989697887710e-16
niter: 250 Res: 9.144126588755788828e-16
niter: 251 Res: 9.162434537792825601e-16
niter: 252 Res: 9.163054001556210891e-16
niter: 253 Res: 9.044222152429731103e-16
niter: 254 Res: 9.085742925052771899e-16
niter: 255 Res: 9.116791936983319799e-16
niter: 256 Res: 9.067319055845947376e-16
niter: 257 Res: 9.075894120981890922e-16
niter: 258 Res: 9.183105870648055737e-16
niter: 259 Res: 9.141247312595780412e-16
niter: 260 Res: 9.093468337844578911e-16
niter: 261 Res: 9.157263248693132232e-16
niter: 262 Res: 9.073989322842423100e-16
niter: 263 Res: 9.179208318046703705e-16
niter: 264 Res: 9.129763936370029282e-16
niter: 265 Res: 9.064430972035330827e-16
niter: 266 Res: 8.985234811332592543e-16
niter: 267 Res: 9.113120893660422180e-16
niter: 268 Res: 9.210831192762406305e-16
niter: 269 Res: 9.161367014425681800e-16
niter: 270 Res: 9.051990130989548469e-16
niter: 271 Res: 9.113789648166567147e-16
niter: 272 Res: 9.190005928320661030e-16
niter: 273 Res: 9.127133157178460581e-16
niter: 274 Res: 9.133769670398442374e-16
niter: 275 Res: 9.045638985292245930e-16
niter: 276 Res: 9.081543847181669920e-16
niter: 277 Res: 9.080960303327618718e-16
niter: 278 Res: 9.000826474072908387e-16
niter: 279 Res: 9.103884149052020698e-16
niter: 280 Res: 9.062773076178265308e-16
niter: 281 Res: 8.994366910165938882e-16
niter: 282 Res: 9.151582109560735736e-16
niter: 283 Res: 9.055019600835201195e-16
niter: 284 Res: 9.034373662981733930e-16
niter: 285 Res: 9.172947249605763796e-16
niter: 286 Res: 9.130432607222307023e-16
niter: 287 Res: 9.116532814206086576e-16
niter: 288 Res: 9.055165464463131643e-16
niter: 289 Res: 9.086250272415051149e-16
niter: 290 Res: 9.099339959647708199e-16
niter: 291 Res: 9.076439058565589561e-16
niter: 292 Res: 8.973144260407240493e-16
niter: 293 Res: 9.099465449938578853e-16
niter: 294 Res: 9.152511198993315151e-16
niter: 295 Res: 9.078700727671245583e-16
niter: 296 Res: 9.034403203230311305e-16
niter: 297 Res: 8.981253418428523528e-16
niter: 298 Res: 9.058096070465377964e-16
niter: 299 Res: 9.081710591279844089e-16
niter: 300 Res: 9.056940428796759854e-16
niter: 301 Res: 9.107082637725125898e-16
niter: 302 Res: 9.015667196542950930e-16
niter: 303 Res: 8.871799125315443463e-16
niter: 304 Res: 8.975418956468600657e-16
niter: 305 Res: 9.044474813122507832e-16
niter: 306 Res: 9.186282053879823308e-16
niter: 307 Res: 9.165362315366992564e-16
niter: 308 Res: 9.143442415610934204e-16
niter: 309 Res: 9.032562600511003303e-16
niter: 310 Res: 9.204481803306105505e-16
niter: 311 Res: 9.155250253241439490e-16
niter: 312 Res: 9.121133656879404802e-16
niter: 313 Res: 9.035931514510908809e-16
niter: 314 Res: 9.078950311656789816e-16
niter: 315 Res: 9.165857467997484351e-16
niter: 316 Res: 9.212180587165625164e-16
niter: 317 Res: 9.174509544322222683e-16
niter: 318 Res: 9.112565606872127939e-16
niter: 319 Res: 9.190483068574723232e-16
niter: 320 Res: 9.084975067613476519e-16
niter: 321 Res: 9.234372278193117442e-16
niter: 322 Res: 9.202630091882827762e-16
niter: 323 Res: 9.111190854512888539e-16
niter: 324 Res: 9.046551652055924109e-16
niter: 325 Res: 9.067695907427307012e-16
niter: 326 Res: 9.139362078609763497e-16
niter: 327 Res: 9.007488277398295983e-16
niter: 328 Res: 9.173755850997600753e-16
niter: 329 Res: 9.122359730250618190e-16
niter: 330 Res: 9.056832070899120102e-16
niter: 331 Res: 9.049310494769111679e-16
niter: 332 Res: 9.059275171956588077e-16
niter: 333 Res: 9.003991741335551653e-16
niter: 334 Res: 9.223906244333397861e-16
niter: 335 Res: 9.039108695224178597e-16
niter: 336 Res: 9.087770311768616384e-16
niter: 337 Res: 9.054808830296340253e-16
niter: 338 Res: 9.153233463393132938e-16
niter: 339 Res: 9.148003447854315415e-16
niter: 340 Res: 9.140766170286683024e-16
niter: 341 Res: 9.125294120005271630e-16
niter: 342 Res: 9.087654542255222017e-16
niter: 343 Res: 9.019298421263710931e-16
niter: 344 Res: 9.046056062700040562e-16
niter: 345 Res: 9.117525147956503308e-16
niter: 346 Res: 9.092889925036317322e-16
niter: 347 Res: 9.038728510244042327e-16
niter: 348 Res: 9.128419754162733188e-16
niter: 349 Res: 9.156295036654454914e-16
niter: 350 Res: 9.067071028749203689e-16
niter: 351 Res: 9.074878704389826238e-16
niter: 352 Res: 8.991888491475481628e-16
niter: 353 Res: 8.968685157308989444e-16
niter: 354 Res: 8.951310116105550180e-16
niter: 355 Res: 8.961342452722931441e-16
niter: 356 Res: 9.069746027360944169e-16
niter: 357 Res: 9.034330217685048799e-16
niter: 358 Res: 9.005273961852999331e-16
niter: 359 Res: 9.119698803975469739e-16
niter: 360 Res: 9.149068739900687948e-16
niter: 361 Res: 9.029842599365782991e-16
niter: 362 Res: 9.014992218501877585e-16
niter: 363 Res: 9.048864390299849261e-16
niter: 364 Res: 8.973854256096165311e-16
niter: 365 Res: 8.980692001239962762e-16
niter: 366 Res: 9.024227022827059813e-16
niter: 367 Res: 8.928061506550989970e-16
niter: 368 Res: 8.980400180882814745e-16
niter: 369 Res: 9.091745200557234726e-16
niter: 370 Res: 9.115844861140353803e-16
niter: 371 Res: 9.085981706833518899e-16
niter: 372 Res: 9.118536573808677529e-16
niter: 373 Res: 9.075779268408298256e-16
niter: 374 Res: 9.087721990220404305e-16
niter: 375 Res: 9.140646752802290838e-16
niter: 376 Res: 9.086922379243929395e-16
niter: 377 Res: 9.144963870193589124e-16
niter: 378 Res: 9.111483721241266342e-16
niter: 379 Res: 9.133132440729109937e-16
niter: 380 Res: 9.174570293175486063e-16
niter: 381 Res: 9.092918003983436971e-16
niter: 382 Res: 9.100984127834975063e-16
niter: 383 Res: 9.058207157798894507e-16
niter: 384 Res: 8.992338532302693628e-16
niter: 385 Res: 8.968529014968072031e-16
niter: 386 Res: 9.065589137411437361e-16
niter: 387 Res: 9.099705564194031183e-16
niter: 388 Res: 9.076210198603289801e-16
niter: 389 Res: 9.094364126584368925e-16
niter: 390 Res: 9.062764700834885525e-16
niter: 391 Res: 9.114561682411532833e-16
niter: 392 Res: 9.039350959124378863e-16
niter: 393 Res: 9.011594730625179074e-16
niter: 394 Res: 8.983365396927023418e-16
niter: 395 Res: 9.055959111469847348e-16
niter: 396 Res: 9.038869697953067019e-16
niter: 397 Res: 8.916623270195172004e-16
niter: 398 Res: 9.056787244072869817e-16
niter: 399 Res: 8.956280980834652587e-16
niter: 400 Res: 9.097847166867771992e-16
niter: 401 Res: 9.080898018307538434e-16
niter: 402 Res: 9.094294949791588476e-16
niter: 403 Res: 9.043585110907536732e-16
niter: 404 Res: 9.038583572427480791e-16
niter: 405 Res: 9.057709744789220173e-16
niter: 406 Res: 9.046341938765103171e-16
niter: 407 Res: 9.027052988501087050e-16
niter: 408 Res: 9.031218355288910398e-16
niter: 409 Res: 9.098066314127442744e-16
niter: 410 Res: 9.048334701344569226e-16
niter: 411 Res: 9.088327460466724004e-16
niter: 412 Res: 9.082842048820464326e-16
niter: 413 Res: 9.081376244137501639e-16
niter: 414 Res: 8.912035227757724829e-16
niter: 415 Res: 8.976608324899918443e-16
niter: 416 Res: 8.977682259623484934e-16
niter: 417 Res: 8.999655691012049352e-16
niter: 418 Res: 9.071041184420736045e-16
niter: 419 Res: 9.150424348026196357e-16
niter: 420 Res: 8.966819091338004136e-16
niter: 421 Res: 8.997514717320819791e-16
niter: 422 Res: 9.108595095092688232e-16
niter: 423 Res: 9.064179748561062631e-16
niter: 424 Res: 8.984886927008711733e-16
niter: 425 Res: 8.995967803951548757e-16
niter: 426 Res: 9.046372621003647843e-16
niter: 427 Res: 9.104813126564040162e-16
niter: 428 Res: 9.023026515102337788e-16
niter: 429 Res: 9.119517197302697642e-16
niter: 430 Res: 9.124526569694454657e-16
niter: 431 Res: 8.991796760361727519e-16
niter: 432 Res: 9.138064841393322364e-16
niter: 433 Res: 9.046901287537288377e-16
niter: 434 Res: 9.021970521147129239e-16
niter: 435 Res: 9.069512127716644220e-16
niter: 436 Res: 9.062102244169607405e-16
niter: 437 Res: 8.990330098324415925e-16
niter: 438 Res: 8.918817094293888010e-16
niter: 439 Res: 9.055850806182936836e-16
niter: 440 Res: 8.960537304553779988e-16
niter: 441 Res: 9.091558644384151683e-16
niter: 442 Res: 9.015243192155929198e-16
niter: 443 Res: 9.000343612067340925e-16
niter: 444 Res: 9.020152122410560986e-16
niter: 445 Res: 9.088312641607634111e-16
niter: 446 Res: 9.063682958291700066e-16
niter: 447 Res: 8.972258543939267889e-16
niter: 448 Res: 9.125923580899082857e-16
niter: 449 Res: 9.130670126286786061e-16
niter: 450 Res: 9.137131311739522696e-16
niter: 451 Res: 9.091617261087365583e-16
niter: 452 Res: 9.070477792291397395e-16
niter: 453 Res: 9.082979001696587087e-16
niter: 454 Res: 9.120621118279442380e-16
niter: 455 Res: 9.130356338107077169e-16
niter: 456 Res: 9.221079768846791050e-16
niter: 457 Res: 9.042439219817621282e-16
niter: 458 Res: 9.149327555907956378e-16
niter: 459 Res: 9.140469746834755618e-16
niter: 460 Res: 8.993255810562411369e-16
niter: 461 Res: 9.097300205595872490e-16
niter: 462 Res: 8.980078371570977119e-16
niter: 463 Res: 9.053322175869201023e-16
niter: 464 Res: 8.992380120658805326e-16
niter: 465 Res: 8.962299340877811508e-16
niter: 466 Res: 8.955723632834667183e-16
niter: 467 Res: 8.973363942700634164e-16
niter: 468 Res: 8.916659025048792031e-16
niter: 469 Res: 9.046970642019847823e-16
niter: 470 Res: 9.070261950638955280e-16
niter: 471 Res: 9.031695153784705439e-16
niter: 472 Res: 9.096496949741722558e-16
niter: 473 Res: 9.028851920395490311e-16
niter: 474 Res: 9.057218294240515872e-16
niter: 475 Res: 9.147814125177296376e-16
niter: 476 Res: 9.146960250375763824e-16
niter: 477 Res: 9.027608522786729884e-16
niter: 478 Res: 8.989517693033794373e-16
niter: 479 Res: 9.019151818303120654e-16
niter: 480 Res: 9.099191794054311498e-16
niter: 481 Res: 9.054733065501046733e-16
niter: 482 Res: 9.022044723686999503e-16
niter: 483 Res: 9.009337379028250625e-16
niter: 484 Res: 8.989818381372366432e-16
niter: 485 Res: 8.986312089729073903e-16
niter: 486 Res: 8.981410572873890124e-16
niter: 487 Res: 9.061437861815015084e-16
niter: 488 Res: 9.038810615390262240e-16
niter: 489 Res: 8.990516980676447588e-16
niter: 490 Res: 9.042075939575110381e-16
niter: 491 Res: 9.088913671395903708e-16
niter: 492 Res: 8.968534456460105607e-16
niter: 493 Res: 8.951040584503659261e-16
niter: 494 Res: 8.974299754251199769e-16
niter: 495 Res: 8.875861193215271631e-16
niter: 496 Res: 8.966317408838587103e-16
niter: 497 Res: 9.056598540895468700e-16
niter: 498 Res: 9.071733325514750462e-16
niter: 499 Res: 9.011395831610537653e-16
niter: 500 Res: 9.000997676486220010e-16
niter: 501 Res: 9.044934807023153653e-16
niter: 502 Res: 8.969774629900548862e-16
niter: 503 Res: 8.987430644472237920e-16
niter: 504 Res: 8.893800843757385242e-16
niter: 505 Res: 8.957813160582108480e-16
niter: 506 Res: 8.984600523594340585e-16
niter: 507 Res: 9.042017807484685202e-16
niter: 508 Res: 9.144917838859563018e-16
niter: 509 Res: 9.147751545818291049e-16
niter: 510 Res: 9.046073505439545059e-16
niter: 511 Res: 8.931383388063050035e-16
niter: 512 Res: 9.041579704160583110e-16
niter: 513 Res: 9.052156037724726234e-16
niter: 514 Res: 9.099153158487635095e-16
niter: 515 Res: 8.964831105434211890e-16
niter: 516 Res: 8.989547537351468098e-16
niter: 517 Res: 9.090749361800784233e-16
niter: 518 Res: 9.033200528241640914e-16
niter: 519 Res: 9.127481092442825297e-16
niter: 520 Res: 9.075650083698565924e-16
niter: 521 Res: 8.989876141894295201e-16
niter: 522 Res: 9.016607227304929394e-16
niter: 523 Res: 9.041471247089464501e-16
niter: 524 Res: 9.063434268382537997e-16
niter: 525 Res: 8.989939608344849885e-16
niter: 526 Res: 9.064794089201160770e-16
niter: 527 Res: 9.024523014696122507e-16
niter: 528 Res: 8.995802808245508115e-16
niter: 529 Res: 9.012764471846402044e-16
niter: 530 Res: 9.079359581107282793e-16
niter: 531 Res: 9.099995479827817679e-16
niter: 532 Res: 8.960195114160901302e-16
niter: 533 Res: 9.059232096357483585e-16
niter: 534 Res: 9.107567074076348733e-16
niter: 535 Res: 8.994860208046307033e-16
niter: 536 Res: 8.989176967901504579e-16
niter: 537 Res: 9.002512200400153267e-16
niter: 538 Res: 8.968456989625076444e-16
niter: 539 Res: 8.990150625915158170e-16
niter: 540 Res: 8.942752373903393394e-16
niter: 541 Res: 8.897513752857562456e-16
niter: 542 Res: 8.920567257952790204e-16
niter: 543 Res: 9.039223352354119474e-16
niter: 544 Res: 8.993765886191351303e-16
niter: 545 Res: 8.942102058638387344e-16
niter: 546 Res: 9.019135029235718194e-16
niter: 547 Res: 8.958214936879168019e-16
niter: 548 Res: 9.046700444254650668e-16
niter: 549 Res: 8.987504023637128272e-16
niter: 550 Res: 8.958364394355868136e-16
niter: 551 Res: 9.090349948245005266e-16
niter: 552 Res: 9.103544479728125393e-16
niter: 553 Res: 9.015550817697322301e-16
niter: 554 Res: 8.981709889340187452e-16
niter: 555 Res: 8.972430096594767635e-16
niter: 556 Res: 9.023170297139154309e-16
niter: 557 Res: 9.015284192167695566e-16
niter: 558 Res: 9.056949929592679354e-16
niter: 559 Res: 8.995603844789657512e-16
niter: 560 Res: 9.045194119644163589e-16
niter: 561 Res: 8.971564609970673448e-16
niter: 562 Res: 9.066021415696085624e-16
niter: 563 Res: 9.157613101254234363e-16
niter: 564 Res: 9.085873998412704506e-16
niter: 565 Res: 9.044797001403820496e-16
niter: 566 Res: 8.987545887506504380e-16
niter: 567 Res: 8.987244114146724779e-16
niter: 568 Res: 8.953094779763702661e-16
niter: 569 Res: 8.921569901498946509e-16
niter: 570 Res: 8.979183049293233030e-16
niter: 571 Res: 9.066550208925110494e-16
niter: 572 Res: 8.973225526894898017e-16
niter: 573 Res: 9.014683514841624480e-16
niter: 574 Res: 9.008752636453262656e-16
niter: 575 Res: 9.025714209599006736e-16
niter: 576 Res: 9.105344822774106761e-16
niter: 577 Res: 9.109353362850654773e-16
niter: 578 Res: 9.060362399007635789e-16
niter: 579 Res: 9.048155538378940835e-16
niter: 580 Res: 9.012618733205881353e-16
niter: 581 Res: 8.967999081366806782e-16
niter: 582 Res: 9.040779036414502475e-16
niter: 583 Res: 9.104880787673313535e-16
niter: 584 Res: 9.068803020392468567e-16
niter: 585 Res: 9.163411793338353653e-16
niter: 586 Res: 9.120914243324190989e-16
niter: 587 Res: 9.099123285625840069e-16
niter: 588 Res: 9.021103997684181535e-16
niter: 589 Res: 9.020268162616676153e-16
niter: 590 Res: 8.975859856537069345e-16
niter: 591 Res: 9.007504352166034689e-16
niter: 592 Res: 8.951162314443300924e-16
niter: 593 Res: 9.031665382417362020e-16
niter: 594 Res: 9.127563177086932881e-16
niter: 595 Res: 9.132918282681116568e-16
niter: 596 Res: 9.021201976817919285e-16
niter: 597 Res: 9.058847058165727810e-16
niter: 598 Res: 9.033335756255633206e-16
niter: 599 Res: 9.067726748841487277e-16
niter: 600 Res: 9.068562348747006819e-16
niter: 601 Res: 9.022070123101535893e-16
niter: 602 Res: 8.955393462588617408e-16
niter: 603 Res: 9.000479602377578196e-16
niter: 604 Res: 9.063279423676092735e-16
niter: 605 Res: 9.021947166657869998e-16
niter: 606 Res: 9.062038639833826328e-16
niter: 607 Res: 9.041646422153097982e-16
niter: 608 Res: 9.205613209230519361e-16
niter: 609 Res: 9.058636496950001691e-16
niter: 610 Res: 8.972980249130718345e-16
niter: 611 Res: 8.960363945793057251e-16
niter: 612 Res: 9.143315899750874953e-16
niter: 613 Res: 9.047444719731745961e-16
niter: 614 Res: 9.021076251872671118e-16
niter: 615 Res: 9.058309052393159477e-16
niter: 616 Res: 9.078374660366841608e-16
niter: 617 Res: 8.964919021709345144e-16
niter: 618 Res: 8.985178717586977862e-16
niter: 619 Res: 9.022210252275545291e-16
niter: 620 Res: 8.948169436286404270e-16
niter: 621 Res: 9.096857896462130075e-16
niter: 622 Res: 9.011840744092838343e-16
niter: 623 Res: 8.980322351268996287e-16
niter: 624 Res: 8.996388435195232150e-16
niter: 625 Res: 9.024072129380636446e-16
niter: 626 Res: 9.068137682137743132e-16
niter: 627 Res: 9.000945321550677794e-16
niter: 628 Res: 9.090452049562958491e-16
niter: 629 Res: 9.042820286402363189e-16
niter: 630 Res: 9.063842500628751448e-16
niter: 631 Res: 9.038954608751910660e-16
niter: 632 Res: 9.037904141644528900e-16
niter: 633 Res: 8.986238924270269007e-16
niter: 634 Res: 9.089830586371274865e-16
niter: 635 Res: 9.058837452283544811e-16
niter: 636 Res: 9.089566209503075015e-16
niter: 637 Res: 9.094972075219607017e-16
niter: 638 Res: 9.011688167398769269e-16
niter: 639 Res: 9.061622726414243222e-16
niter: 640 Res: 8.983230419077402084e-16
niter: 641 Res: 8.978891292215108812e-16
niter: 642 Res: 9.004929032862107616e-16
niter: 643 Res: 9.120515726691605837e-16
niter: 644 Res: 9.006050955527599151e-16
niter: 645 Res: 9.034114741748954246e-16
niter: 646 Res: 9.019736211408457901e-16
niter: 647 Res: 9.028648272199072054e-16
niter: 648 Res: 8.957739156003306868e-16
niter: 649 Res: 9.049795339672507650e-16
niter: 650 Res: 9.004072810740053964e-16
niter: 651 Res: 9.004122648720693996e-16
niter: 652 Res: 9.241204703670806752e-16
niter: 653 Res: 9.117462943049454549e-16
niter: 654 Res: 9.118679190336125985e-16
niter: 655 Res: 9.003649868397101993e-16
niter: 656 Res: 9.067842332152181186e-16
niter: 657 Res: 9.066962238516691930e-16
niter: 658 Res: 9.016622643420719882e-16
niter: 659 Res: 9.082917736499161221e-16
niter: 660 Res: 8.996732925209050924e-16
niter: 661 Res: 9.073348620638246118e-16
niter: 662 Res: 8.930546488355491426e-16
niter: 663 Res: 9.011478684953324767e-16
niter: 664 Res: 9.156749722759280429e-16
niter: 665 Res: 9.010503294208929279e-16
niter: 666 Res: 8.939378117499915657e-16
niter: 667 Res: 8.853920508659821185e-16
niter: 668 Res: 8.916370651233237741e-16
niter: 669 Res: 8.991528096857360714e-16
niter: 670 Res: 9.054247895750086358e-16
niter: 671 Res: 8.990482539676776906e-16
niter: 672 Res: 8.970044769394393495e-16
niter: 673 Res: 9.018270895206199114e-16
niter: 674 Res: 9.000778038465465417e-16
niter: 675 Res: 9.073821122701215726e-16
niter: 676 Res: 9.102975835536545538e-16
niter: 677 Res: 8.962535680077482191e-16
niter: 678 Res: 8.958271158477347098e-16
niter: 679 Res: 9.010865352881466781e-16
niter: 680 Res: 9.014304428704453889e-16
niter: 681 Res: 9.095559154067835000e-16
niter: 682 Res: 9.003586611186346866e-16
niter: 683 Res: 9.035579532231129060e-16
niter: 684 Res: 9.016809505846121134e-16
niter: 685 Res: 9.115676211792215989e-16
niter: 686 Res: 9.192738146161613362e-16
niter: 687 Res: 9.123408210845839543e-16
niter: 688 Res: 9.093625583478205489e-16
niter: 689 Res: 9.046089559100095400e-16
niter: 690 Res: 9.070043904174174105e-16
niter: 691 Res: 9.029090786577165675e-16
niter: 692 Res: 9.174291705391053256e-16
niter: 693 Res: 9.163345705195994144e-16
niter: 694 Res: 9.126814113099250438e-16
niter: 695 Res: 9.018390369428084650e-16
niter: 696 Res: 9.138139906295548078e-16
niter: 697 Res: 9.120923972186888075e-16
niter: 698 Res: 9.107362414815109248e-16
niter: 699 Res: 9.092574526539879883e-16
niter: 700 Res: 9.040016675752186687e-16
niter: 701 Res: 9.116584764733272966e-16
niter: 702 Res: 9.080678206802126507e-16
niter: 703 Res: 9.021977000643396602e-16
niter: 704 Res: 9.116100943876777037e-16
niter: 705 Res: 9.080247082140674759e-16
niter: 706 Res: 9.075072425757501043e-16
niter: 707 Res: 9.095624738055550173e-16
niter: 708 Res: 9.027143922225436446e-16
niter: 709 Res: 9.042133403076675312e-16
niter: 710 Res: 9.041199569220795094e-16
niter: 711 Res: 9.036855028138107603e-16
niter: 712 Res: 9.004121737541478058e-16
niter: 713 Res: 9.013665917321124545e-16
niter: 714 Res: 8.983487273572902562e-16
niter: 715 Res: 9.120533097238518398e-16
niter: 716 Res: 9.110874779002755572e-16
niter: 717 Res: 9.143780803258419852e-16
niter: 718 Res: 9.108031884891987851e-16
niter: 719 Res: 9.062283282848576737e-16
niter: 720 Res: 9.030189902734018477e-16
niter: 721 Res: 9.065041718642158536e-16
niter: 722 Res: 9.062324760692008542e-16
niter: 723 Res: 9.106173665059631522e-16
niter: 724 Res: 9.057934724755922869e-16
niter: 725 Res: 8.969940420333353975e-16
niter: 726 Res: 9.038989247759871209e-16
niter: 727 Res: 9.162006387348371677e-16
niter: 728 Res: 9.109243112571058931e-16
niter: 729 Res: 9.209803750127674773e-16
niter: 730 Res: 9.104179414145113079e-16
niter: 731 Res: 9.083107978916678777e-16
niter: 732 Res: 9.038160614033857999e-16
niter: 733 Res: 9.012840707236333308e-16
niter: 734 Res: 9.029316664199590535e-16
niter: 735 Res: 9.043778175567819255e-16
niter: 736 Res: 8.959752930633213088e-16
niter: 737 Res: 9.036046267621230620e-16
niter: 738 Res: 9.030146116393162798e-16
niter: 739 Res: 9.112876328951582707e-16
niter: 740 Res: 8.981052031341705964e-16
niter: 741 Res: 9.097453934049365443e-16
niter: 742 Res: 8.967353144896309645e-16
niter: 743 Res: 8.956060577474156644e-16
niter: 744 Res: 9.011411102349630914e-16
niter: 745 Res: 9.057403074551044915e-16
niter: 746 Res: 9.018681724345045605e-16
niter: 747 Res: 9.019833343708265380e-16
niter: 748 Res: 8.979493487045632350e-16
niter: 749 Res: 8.994980878669870387e-16
niter: 750 Res: 8.940326264395502347e-16
niter: 751 Res: 9.045095442132637559e-16
niter: 752 Res: 9.019285310142125450e-16
niter: 753 Res: 9.002470093637126144e-16
niter: 754 Res: 9.023137091038967932e-16
niter: 755 Res: 8.940674588129607788e-16
niter: 756 Res: 9.096881571558861853e-16
niter: 757 Res: 8.991357352745670134e-16
niter: 758 Res: 9.032763635614837607e-16
niter: 759 Res: 9.101643709005426893e-16
niter: 760 Res: 9.016292716877670716e-16
niter: 761 Res: 9.049324742323989379e-16
niter: 762 Res: 9.020982732543343576e-16
niter: 763 Res: 9.013450142901197040e-16
niter: 764 Res: 9.125352372805230234e-16
niter: 765 Res: 9.013863941368870671e-16
niter: 766 Res: 9.070778301140865785e-16
niter: 767 Res: 8.969108323943169573e-16
niter: 768 Res: 9.057561226728761634e-16
niter: 769 Res: 9.145694893774687227e-16
niter: 770 Res: 9.098717868228352960e-16
niter: 771 Res: 9.063263553028957099e-16
niter: 772 Res: 9.140131218214852202e-16
niter: 773 Res: 9.009926337813921205e-16
niter: 774 Res: 9.061756861746011208e-16
niter: 775 Res: 9.054346863145749179e-16
niter: 776 Res: 9.086779228986618880e-16
niter: 777 Res: 9.105504906586955873e-16
niter: 778 Res: 9.018603458401362355e-16
niter: 779 Res: 9.189130310665068347e-16
niter: 780 Res: 9.083268171165872632e-16
niter: 781 Res: 9.060562125571830147e-16
niter: 782 Res: 9.116409776400281160e-16
niter: 783 Res: 9.072660028731629387e-16
niter: 784 Res: 9.059580528853185064e-16
niter: 785 Res: 9.044277048558530294e-16
niter: 786 Res: 9.023267402268744306e-16
niter: 787 Res: 9.133759918398060507e-16
niter: 788 Res: 9.067221573221620332e-16
niter: 789 Res: 9.143069581608889470e-16
niter: 790 Res: 9.071212764732657832e-16
niter: 791 Res: 9.163982892109838602e-16
niter: 792 Res: 9.025395661583098568e-16
niter: 793 Res: 9.085419213454770353e-16
niter: 794 Res: 9.070273081605694032e-16
niter: 795 Res: 9.073237965332758356e-16
niter: 796 Res: 8.989657173049745272e-16
niter: 797 Res: 8.981074565473289507e-16
niter: 798 Res: 8.976637453109531843e-16
niter: 799 Res: 9.031366255564172560e-16
niter: 800 Res: 9.062816669061911678e-16
niter: 801 Res: 9.062779050911181568e-16
niter: 802 Res: 9.120622454278007123e-16
niter: 803 Res: 9.060617471736891220e-16
niter: 804 Res: 9.002202254783968285e-16
niter: 805 Res: 8.998902279920851943e-16
niter: 806 Res: 9.073957888519171625e-16
niter: 807 Res: 9.115891270322684414e-16
niter: 808 Res: 9.169062798042449777e-16
niter: 809 Res: 9.024131910133230146e-16
niter: 810 Res: 9.011137572130130704e-16
niter: 811 Res: 9.003049798386347021e-16
niter: 812 Res: 9.038398273398576289e-16
niter: 813 Res: 9.152064271561094870e-16
niter: 814 Res: 9.121135542099310484e-16
niter: 815 Res: 8.926676149107346729e-16
niter: 816 Res: 8.927456149863035624e-16
niter: 817 Res: 8.932812816884784322e-16
niter: 818 Res: 8.880067504305415474e-16
niter: 819 Res: 8.909153162223012639e-16
niter: 820 Res: 8.961246549764341660e-16
niter: 821 Res: 9.019287974670047727e-16
niter: 822 Res: 9.054582577717626243e-16
niter: 823 Res: 9.081549846086540577e-16
niter: 824 Res: 9.072721847189411359e-16
niter: 825 Res: 8.948779928126956129e-16
niter: 826 Res: 8.972002600754275442e-16
niter: 827 Res: 8.989304954964565007e-16
niter: 828 Res: 9.017998009494574224e-16
niter: 829 Res: 9.045395051987909682e-16
niter: 830 Res: 9.041538861316992630e-16
niter: 831 Res: 9.068564444007175135e-16
niter: 832 Res: 9.112603169199599269e-16
niter: 833 Res: 9.049882865348056594e-16
niter: 834 Res: 9.025734753699228683e-16
niter: 835 Res: 9.101846870812719164e-16
niter: 836 Res: 8.973371585345114240e-16
niter: 837 Res: 8.945599213465894108e-16
niter: 838 Res: 9.072423501100367258e-16
niter: 839 Res: 9.084874817547788371e-16
niter: 840 Res: 9.070633185676301354e-16
niter: 841 Res: 8.935905130478052249e-16
niter: 842 Res: 8.956589923843208722e-16
niter: 843 Res: 8.932702143284247439e-16
niter: 844 Res: 8.986550980748955862e-16
niter: 845 Res: 9.039996241856052108e-16
niter: 846 Res: 9.006472864878092661e-16
niter: 847 Res: 8.996231158264172357e-16
niter: 848 Res: 8.997235921154562409e-16
niter: 849 Res: 8.967102608524459373e-16
niter: 850 Res: 8.926327713500734799e-16
niter: 851 Res: 9.031492325638991463e-16
niter: 852 Res: 9.030178442343533209e-16
niter: 853 Res: 9.177921865372217617e-16
niter: 854 Res: 9.135531337087213267e-16
niter: 855 Res: 9.072699681097319468e-16
niter: 856 Res: 9.018639406005711531e-16
niter: 857 Res: 9.008553342265517219e-16
niter: 858 Res: 8.976755229723009263e-16
niter: 859 Res: 9.088857949080931993e-16
niter: 860 Res: 9.037284962643034967e-16
niter: 861 Res: 8.987408262076812957e-16
niter: 862 Res: 8.951797074285926431e-16
niter: 863 Res: 9.015844346720404850e-16
niter: 864 Res: 9.023556933635493883e-16
niter: 865 Res: 8.971807038317620683e-16
niter: 866 Res: 9.059633666629168345e-16
niter: 867 Res: 9.058464248628862816e-16
niter: 868 Res: 9.019057116139377043e-16
niter: 869 Res: 9.094983919301562484e-16
niter: 870 Res: 9.051439292246696706e-16
niter: 871 Res: 9.006044974856916997e-16
niter: 872 Res: 9.010655369225339788e-16
niter: 873 Res: 9.088464281554363431e-16
niter: 874 Res: 8.969583741168700012e-16
niter: 875 Res: 9.101174085548659454e-16
niter: 876 Res: 9.096551283110142531e-16
niter: 877 Res: 9.007505933868622641e-16
niter: 878 Res: 9.066481807931856210e-16
niter: 879 Res: 9.107833500309308110e-16
niter: 880 Res: 9.146187474559412197e-16
niter: 881 Res: 9.049370539041207473e-16
niter: 882 Res: 9.171072631654084400e-16
niter: 883 Res: 9.030931293920685602e-16
niter: 884 Res: 9.010482758342291175e-16
niter: 885 Res: 9.028051924094382248e-16
niter: 886 Res: 9.107168109446081967e-16
niter: 887 Res: 9.096717696414997212e-16
niter: 888 Res: 9.023081761409602891e-16
niter: 889 Res: 8.985660247181938887e-16
niter: 890 Res: 9.033704936985808967e-16
niter: 891 Res: 9.064251519542787500e-16
niter: 892 Res: 9.024049914252670640e-16
niter: 893 Res: 9.019782709395651208e-16
niter: 894 Res: 9.084749620613965340e-16
niter: 895 Res: 8.912923387680247877e-16
niter: 896 Res: 8.992222545334126715e-16
niter: 897 Res: 8.979440702346088207e-16
niter: 898 Res: 9.037293973118778791e-16
niter: 899 Res: 9.019762176112155887e-16
niter: 900 Res: 9.112056797641217723e-16
niter: 901 Res: 8.994952756649576639e-16
niter: 902 Res: 9.095856399642169252e-16
niter: 903 Res: 9.165231847277932595e-16
niter: 904 Res: 9.093743248925757161e-16
niter: 905 Res: 9.160983341890114875e-16
niter: 906 Res: 9.060480465739204451e-16
niter: 907 Res: 9.138940333026472450e-16
niter: 908 Res: 8.963731511756216912e-16
niter: 909 Res: 9.040448456091920250e-16
niter: 910 Res: 9.065832567793093348e-16
niter: 911 Res: 8.992965587812926011e-16
niter: 912 Res: 9.023759094711104040e-16
niter: 913 Res: 8.903756849412488665e-16
niter: 914 Res: 9.041427552339422551e-16
niter: 915 Res: 9.096801333964386540e-16
niter: 916 Res: 9.035477087980499889e-16
niter: 917 Res: 9.055853567418408085e-16
niter: 918 Res: 9.065451293473258702e-16
niter: 919 Res: 9.081074093860200433e-16
niter: 920 Res: 9.106817355866237136e-16
niter: 921 Res: 9.098999952585318610e-16
niter: 922 Res: 9.072641114045890523e-16
niter: 923 Res: 9.027226703223935643e-16
niter: 924 Res: 9.109023451826250884e-16
niter: 925 Res: 9.051886706777301896e-16
niter: 926 Res: 9.026914432419881884e-16
niter: 927 Res: 9.009311286140942762e-16
niter: 928 Res: 9.013530647412731312e-16
niter: 929 Res: 9.046459654218750756e-16
niter: 930 Res: 9.061361888809590592e-16
niter: 931 Res: 9.016214063543384794e-16
niter: 932 Res: 9.038255936793454172e-16
niter: 933 Res: 9.042181306648914829e-16
niter: 934 Res: 9.029908864824413608e-16
niter: 935 Res: 8.959654457996228161e-16
niter: 936 Res: 8.943464754027119848e-16
niter: 937 Res: 9.024169412021809650e-16
niter: 938 Res: 9.106275998999113067e-16
niter: 939 Res: 9.026725410246824608e-16
niter: 940 Res: 8.984080291133796041e-16
niter: 941 Res: 9.069308236167564398e-16
niter: 942 Res: 9.009255363116465642e-16
niter: 943 Res: 8.964554950232183449e-16
niter: 944 Res: 9.051650468645853385e-16
niter: 945 Res: 8.990549159343905447e-16
niter: 946 Res: 8.972612182544747418e-16
niter: 947 Res: 8.979283224888511127e-16
niter: 948 Res: 9.020270401324557875e-16
niter: 949 Res: 9.000973599615637923e-16
niter: 950 Res: 8.998236129224234149e-16
niter: 951 Res: 9.004568554601514572e-16
niter: 952 Res: 9.093535307340638958e-16
niter: 953 Res: 9.064778347488991496e-16
niter: 954 Res: 9.133427141459431637e-16
niter: 955 Res: 8.944453206169000983e-16
niter: 956 Res: 9.059535626018543758e-16
niter: 957 Res: 8.993480830991213788e-16
niter: 958 Res: 8.989050200172306512e-16
niter: 959 Res: 9.092983587742974127e-16
niter: 960 Res: 9.122799900876636542e-16
niter: 961 Res: 9.048799083770768933e-16
niter: 962 Res: 9.093701080126006366e-16
niter: 963 Res: 8.937956443493878006e-16
niter: 964 Res: 9.006336700944285567e-16
niter: 965 Res: 9.109035720549026072e-16
niter: 966 Res: 9.080697043628266297e-16
niter: 967 Res: 9.011353229280794523e-16
niter: 968 Res: 9.051264028020503385e-16
niter: 969 Res: 8.993758372717265238e-16
niter: 970 Res: 8.946067934710121834e-16
niter: 971 Res: 9.046980578067612272e-16
niter: 972 Res: 9.063891304871303664e-16
niter: 973 Res: 9.125136763206328698e-16
niter: 974 Res: 9.102525031988925939e-16
niter: 975 Res: 9.064567728294142434e-16
niter: 976 Res: 8.945434262283007157e-16
niter: 977 Res: 9.044589364874385562e-16
niter: 978 Res: 9.125580826553499166e-16
niter: 979 Res: 9.100276312754945553e-16
niter: 980 Res: 9.023759939794766925e-16
niter: 981 Res: 9.065879143244197044e-16
niter: 982 Res: 9.103565738221414197e-16
niter: 983 Res: 9.154334454001636355e-16
niter: 984 Res: 9.061139148050838406e-16
niter: 985 Res: 9.178607119502120293e-16
niter: 986 Res: 9.089348546188019728e-16
niter: 987 Res: 9.120245452926714852e-16
niter: 988 Res: 8.980582232019729721e-16
niter: 989 Res: 9.037303174915709585e-16
niter: 990 Res: 9.039972724697156248e-16
niter: 991 Res: 9.208663329371308845e-16
niter: 992 Res: 9.100464117347072230e-16
niter: 993 Res: 9.018377012587803147e-16
niter: 994 Res: 9.005356152959737450e-16
niter: 995 Res: 9.036580377698864079e-16
niter: 996 Res: 9.041172104377652408e-16
niter: 997 Res: 8.986960062652018611e-16
niter: 998 Res: 9.065691740520509042e-16
niter: 999 Res: 8.959796205643213970e-16
niter: 1000 Res: 9.084246211517582545e-16
