2D Euler Solver: Node-Centered Finite-Volume-Method
Numerical Flux: 2D Roe flux with an entropy fix
Order of Accuracy: 2

Mesh Parameters:
Number of Elements: 100
Number of Interior Edges: 133
Number of Boundary Edges: 34

****************************************
           Simulation Start             
****************************************
niter: 1 Res: 1.003767354303430004e+00
niter: 2 Res: 7.413354145424788655e-01
niter: 3 Res: 6.135731652503342293e-01
niter: 4 Res: 5.471215409650804773e-01
niter: 5 Res: 4.834337918425397618e-01
niter: 6 Res: 4.403256989087466211e-01
niter: 7 Res: 4.206205359050507187e-01
niter: 8 Res: 4.063200990165111715e-01
niter: 9 Res: 3.877444160666635997e-01
niter: 10 Res: 3.697773258937104290e-01
niter: 11 Res: 3.580515721519064165e-01
niter: 12 Res: 3.498865250317614861e-01
niter: 13 Res: 3.397019690052073271e-01
niter: 14 Res: 3.267982198246011660e-01
niter: 15 Res: 3.149623027168808043e-01
niter: 16 Res: 3.070911932824582635e-01
niter: 17 Res: 3.028345081208287937e-01
niter: 18 Res: 3.006408885627634420e-01
niter: 19 Res: 2.993081241314038965e-01
niter: 20 Res: 2.975219710651205163e-01
niter: 21 Res: 2.937182643172517871e-01
niter: 22 Res: 2.872168532227902249e-01
niter: 23 Res: 2.792468421306751880e-01
niter: 24 Res: 2.722120937840192822e-01
niter: 25 Res: 2.673932937562635281e-01
niter: 26 Res: 2.634204353460086745e-01
niter: 27 Res: 2.571997696409069056e-01
niter: 28 Res: 2.460547947574332484e-01
niter: 29 Res: 2.291136391213035861e-01
niter: 30 Res: 2.075785668517735882e-01
niter: 31 Res: 1.844868677359433606e-01
niter: 32 Res: 1.643192124574222868e-01
niter: 33 Res: 1.519761203130955418e-01
niter: 34 Res: 1.502574797828621633e-01
niter: 35 Res: 1.574098028929680204e-01
niter: 36 Res: 1.683631906918379162e-01
niter: 37 Res: 1.782077308150435413e-01
niter: 38 Res: 1.841034666377021345e-01
niter: 39 Res: 1.852988116346452885e-01
niter: 40 Res: 1.823737803852721051e-01
niter: 41 Res: 1.765782138695411174e-01
niter: 42 Res: 1.694792667167436817e-01
niter: 43 Res: 1.624760315952641643e-01
niter: 44 Res: 1.562068028706029288e-01
niter: 45 Res: 1.505266150886559462e-01
niter: 46 Res: 1.450888571961398699e-01
niter: 47 Res: 1.397637367783879370e-01
niter: 48 Res: 1.346255208972102491e-01
niter: 49 Res: 1.300470555249533533e-01
niter: 50 Res: 1.268916448801290509e-01
niter: 51 Res: 1.261352132434105933e-01
niter: 52 Res: 1.280881661991473686e-01
niter: 53 Res: 1.319655441651841066e-01
niter: 54 Res: 1.363011463163513459e-01
niter: 55 Res: 1.399672046005875914e-01
niter: 56 Res: 1.426944430444148648e-01
niter: 57 Res: 1.446798140237713082e-01
niter: 58 Res: 1.464233501117664649e-01
niter: 59 Res: 1.487309781647759566e-01
niter: 60 Res: 1.517330915029773963e-01
niter: 61 Res: 1.543574951795897987e-01
niter: 62 Res: 1.555295342043908347e-01
niter: 63 Res: 1.552051829161203433e-01
niter: 64 Res: 1.539956862278350214e-01
niter: 65 Res: 1.526194116533668155e-01
niter: 66 Res: 1.519826360781500463e-01
niter: 67 Res: 1.525919879501993481e-01
niter: 68 Res: 1.533398353606664488e-01
niter: 69 Res: 1.520642215961921506e-01
niter: 70 Res: 1.476786572787212315e-01
niter: 71 Res: 1.411395960291654539e-01
niter: 72 Res: 1.342662595400412606e-01
niter: 73 Res: 1.282083770305127990e-01
niter: 74 Res: 1.232657759178012596e-01
niter: 75 Res: 1.193739045063606785e-01
niter: 76 Res: 1.160770646207727602e-01
niter: 77 Res: 1.126109004468174857e-01
niter: 78 Res: 1.086276035113695471e-01
niter: 79 Res: 1.046442365171533773e-01
niter: 80 Res: 1.015890332536847074e-01
niter: 81 Res: 1.000837374412805458e-01
niter: 82 Res: 1.002641695413805101e-01
niter: 83 Res: 1.019063292947522126e-01
niter: 84 Res: 1.042926181564592797e-01
niter: 85 Res: 1.061873881503552219e-01
niter: 86 Res: 1.064002533965189290e-01
niter: 87 Res: 1.044556403317582205e-01
niter: 88 Res: 1.006997327403328923e-01
niter: 89 Res: 9.590001569510384072e-02
niter: 90 Res: 9.084070537883379148e-02
niter: 91 Res: 8.617783938539691491e-02
niter: 92 Res: 8.242034029308112353e-02
niter: 93 Res: 7.987850354662209829e-02
niter: 94 Res: 7.861201191799932486e-02
niter: 95 Res: 7.844285348800431046e-02
niter: 96 Res: 7.901908997815663971e-02
niter: 97 Res: 7.990808653921596671e-02
niter: 98 Res: 8.071497234410546229e-02
niter: 99 Res: 8.120702927779209490e-02
niter: 100 Res: 8.139561528914238120e-02
niter: 101 Res: 8.152497370548905664e-02
niter: 102 Res: 8.193844268259579955e-02
niter: 103 Res: 8.287869664208522003e-02
niter: 104 Res: 8.435174865887636042e-02
niter: 105 Res: 8.612486047407351408e-02
niter: 106 Res: 8.782896486983350626e-02
niter: 107 Res: 8.909389091531001725e-02
niter: 108 Res: 8.965838809126364106e-02
niter: 109 Res: 8.942183357892545537e-02
niter: 110 Res: 8.842963647796195370e-02
niter: 111 Res: 8.681386109177438581e-02
niter: 112 Res: 8.472857780161945074e-02
niter: 113 Res: 8.230973716067202517e-02
niter: 114 Res: 7.966400582517424445e-02
niter: 115 Res: 7.687489843074826745e-02
niter: 116 Res: 7.401472405525456877e-02
niter: 117 Res: 7.115841188555237229e-02
niter: 118 Res: 6.839862979833663537e-02
niter: 119 Res: 6.585800800278571177e-02
niter: 120 Res: 6.368865739286577732e-02
niter: 121 Res: 6.204988587888212587e-02
niter: 122 Res: 6.106675236710834564e-02
niter: 123 Res: 6.078529218317001853e-02
niter: 124 Res: 6.114777639843375912e-02
niter: 125 Res: 6.200564630527753696e-02
niter: 126 Res: 6.316449229839356250e-02
niter: 127 Res: 6.443763447664555000e-02
niter: 128 Res: 6.568518139690340818e-02
niter: 129 Res: 6.682857122832001895e-02
niter: 130 Res: 6.784316951724196632e-02
niter: 131 Res: 6.873769414982827675e-02
niter: 132 Res: 6.953038108134974860e-02
niter: 133 Res: 7.022991586389362717e-02
niter: 134 Res: 7.082528234136954703e-02
niter: 135 Res: 7.128455026528146554e-02
niter: 136 Res: 7.156031721546918245e-02
niter: 137 Res: 7.159933370646498485e-02
niter: 138 Res: 7.135435779421718527e-02
niter: 139 Res: 7.079637843080542614e-02
niter: 140 Res: 6.992493175034358854e-02
niter: 141 Res: 6.877385530755300569e-02
niter: 142 Res: 6.740987029343453729e-02
niter: 143 Res: 6.592242001221676473e-02
niter: 144 Res: 6.440563602967563916e-02
niter: 145 Res: 6.293674506663678170e-02
niter: 146 Res: 6.155810477047992529e-02
niter: 147 Res: 6.027007279203226014e-02
niter: 148 Res: 5.903798480375576502e-02
niter: 149 Res: 5.781038781715736041e-02
niter: 150 Res: 5.654102871057013063e-02
niter: 151 Res: 5.520646370904091355e-02
niter: 152 Res: 5.381407228388159630e-02
niter: 153 Res: 5.239944579803689634e-02
niter: 154 Res: 5.101560972459975862e-02
niter: 155 Res: 4.971849997532113569e-02
niter: 156 Res: 4.855345547346853752e-02
niter: 157 Res: 4.754638155817215994e-02
niter: 158 Res: 4.670114950029518458e-02
niter: 159 Res: 4.600257381050246175e-02
niter: 160 Res: 4.542290477507607976e-02
niter: 161 Res: 4.492960337772698015e-02
niter: 162 Res: 4.449284552431213152e-02
niter: 163 Res: 4.409196516406071326e-02
niter: 164 Res: 4.372038021970273830e-02
niter: 165 Res: 4.338845490124096371e-02
niter: 166 Res: 4.312356669617534860e-02
niter: 167 Res: 4.296671943339911565e-02
niter: 168 Res: 4.296558074062770821e-02
niter: 169 Res: 4.316481584930887544e-02
niter: 170 Res: 4.359574660146923325e-02
niter: 171 Res: 4.426808687595810976e-02
niter: 172 Res: 4.516617268786082134e-02
niter: 173 Res: 4.625062940739851913e-02
niter: 174 Res: 4.746452029187209209e-02
niter: 175 Res: 4.874173854671397937e-02
niter: 176 Res: 5.001523642158112876e-02
niter: 177 Res: 5.122345029208344447e-02
niter: 178 Res: 5.231426707008179910e-02
niter: 179 Res: 5.324666761328396281e-02
niter: 180 Res: 5.399064502066996951e-02
niter: 181 Res: 5.452610809640785067e-02
niter: 182 Res: 5.484139353722094351e-02
niter: 183 Res: 5.493182341806579494e-02
niter: 184 Res: 5.479854118958551318e-02
niter: 185 Res: 5.444769255352081144e-02
niter: 186 Res: 5.388991097609608510e-02
niter: 187 Res: 5.314001744947795258e-02
niter: 188 Res: 5.221682886566822446e-02
niter: 189 Res: 5.114296499284392422e-02
niter: 190 Res: 4.994453761626145571e-02
niter: 191 Res: 4.865060039042117673e-02
niter: 192 Res: 4.729224978179250027e-02
niter: 193 Res: 4.590131314419833297e-02
niter: 194 Res: 4.450864684086431461e-02
niter: 195 Res: 4.314218531410297930e-02
niter: 196 Res: 4.182500137691762265e-02
niter: 197 Res: 4.057371505959758706e-02
niter: 198 Res: 3.939758049370235132e-02
niter: 199 Res: 3.829846801955826691e-02
niter: 200 Res: 3.727176378595389861e-02
niter: 201 Res: 3.630799431364518243e-02
niter: 202 Res: 3.539482661646946304e-02
niter: 203 Res: 3.451904979314140975e-02
niter: 204 Res: 3.366821627769248093e-02
niter: 205 Res: 3.283176844743922879e-02
niter: 206 Res: 3.200163707581522160e-02
niter: 207 Res: 3.117241954261864081e-02
niter: 208 Res: 3.034130145994375083e-02
niter: 209 Res: 2.950787683380184587e-02
niter: 210 Res: 2.867396958516233926e-02
niter: 211 Res: 2.784349115864196908e-02
niter: 212 Res: 2.702231011270045391e-02
niter: 213 Res: 2.621807552549041548e-02
niter: 214 Res: 2.543993073915859146e-02
niter: 215 Res: 2.469807216250757831e-02
niter: 216 Res: 2.400313998841745178e-02
niter: 217 Res: 2.336546468298624987e-02
niter: 218 Res: 2.279422884160785603e-02
niter: 219 Res: 2.229663456165298027e-02
niter: 220 Res: 2.187718739961508341e-02
niter: 221 Res: 2.153721238437361976e-02
niter: 222 Res: 2.127469783378928975e-02
niter: 223 Res: 2.108451520702944726e-02
niter: 224 Res: 2.095901006686408038e-02
niter: 225 Res: 2.088884467322297059e-02
niter: 226 Res: 2.086397698460246142e-02
niter: 227 Res: 2.087463146568099490e-02
niter: 228 Res: 2.091210583445854421e-02
niter: 229 Res: 2.096932386538243737e-02
niter: 230 Res: 2.104109816870925256e-02
niter: 231 Res: 2.112411230014872229e-02
niter: 232 Res: 2.121666920471128662e-02
niter: 233 Res: 2.131828234721271781e-02
niter: 234 Res: 2.142920221051727858e-02
niter: 235 Res: 2.154996924721562859e-02
niter: 236 Res: 2.168106448316414053e-02
niter: 237 Res: 2.182270570660424167e-02
niter: 238 Res: 2.197476244827754541e-02
niter: 239 Res: 2.213678097879637902e-02
niter: 240 Res: 2.230807328459058839e-02
niter: 241 Res: 2.248782306165733602e-02
niter: 242 Res: 2.267514864728870788e-02
niter: 243 Res: 2.286909829403659805e-02
niter: 244 Res: 2.306857008917853960e-02
niter: 245 Res: 2.327217089375514456e-02
niter: 246 Res: 2.347804690709368036e-02
niter: 247 Res: 2.368372605364382766e-02
niter: 248 Res: 2.388600827299643820e-02
niter: 249 Res: 2.408092812697916127e-02
niter: 250 Res: 2.426380015042959096e-02
niter: 251 Res: 2.442934446905184118e-02
niter: 252 Res: 2.457187977205601420e-02
niter: 253 Res: 2.468556323081409071e-02
niter: 254 Res: 2.476465272848767454e-02
niter: 255 Res: 2.480376607248477999e-02
niter: 256 Res: 2.479811453891733394e-02
niter: 257 Res: 2.474369341525880367e-02
niter: 258 Res: 2.463741910773898161e-02
niter: 259 Res: 2.447720958472713454e-02
niter: 260 Res: 2.426201128807962265e-02
niter: 261 Res: 2.399178034051154332e-02
niter: 262 Res: 2.366742850677808208e-02
niter: 263 Res: 2.329074496823798843e-02
niter: 264 Res: 2.286430395411973363e-02
niter: 265 Res: 2.239136627705380633e-02
niter: 266 Res: 2.187578053503296330e-02
niter: 267 Res: 2.132188774676895340e-02
niter: 268 Res: 2.073443184433325370e-02
niter: 269 Res: 2.011847785801371136e-02
niter: 270 Res: 1.947933965306273760e-02
niter: 271 Res: 1.882251939472598737e-02
niter: 272 Res: 1.815366111127489357e-02
niter: 273 Res: 1.747852038352138218e-02
niter: 274 Res: 1.680295099725168106e-02
niter: 275 Res: 1.613290719883741370e-02
niter: 276 Res: 1.547445614204209612e-02
niter: 277 Res: 1.483379488963334873e-02
niter: 278 Res: 1.421725320937041945e-02
niter: 279 Res: 1.363127360191891853e-02
niter: 280 Res: 1.308235437843277560e-02
niter: 281 Res: 1.257691845400222587e-02
niter: 282 Res: 1.212111422051737053e-02
niter: 283 Res: 1.172053286050191850e-02
niter: 284 Res: 1.137985696824266382e-02
niter: 285 Res: 1.110247670615076981e-02
niter: 286 Res: 1.089012940687364428e-02
niter: 287 Res: 1.074263304792562150e-02
niter: 288 Res: 1.065778000353071950e-02
niter: 289 Res: 1.063142903415881420e-02
niter: 290 Res: 1.065778879569716231e-02
niter: 291 Res: 1.072984282179857696e-02
niter: 292 Res: 1.083984058048500197e-02
niter: 293 Res: 1.097977856429840048e-02
niter: 294 Res: 1.114181439846986463e-02
niter: 295 Res: 1.131858406202735680e-02
niter: 296 Res: 1.150341672434240792e-02
niter: 297 Res: 1.169045775595685920e-02
niter: 298 Res: 1.187471774852274890e-02
niter: 299 Res: 1.205206635631192978e-02
niter: 300 Res: 1.221918747582766314e-02
niter: 301 Res: 1.237350897582720384e-02
niter: 302 Res: 1.251311710639744536e-02
niter: 303 Res: 1.263666329493477736e-02
niter: 304 Res: 1.274326928660593494e-02
niter: 305 Res: 1.283243533837848463e-02
niter: 306 Res: 1.290395522402720124e-02
niter: 307 Res: 1.295784097584705072e-02
niter: 308 Res: 1.299425945825372249e-02
niter: 309 Res: 1.301348199217831035e-02
niter: 310 Res: 1.301584735139466389e-02
niter: 311 Res: 1.300173760942922689e-02
niter: 312 Res: 1.297156562461656594e-02
niter: 313 Res: 1.292577248878520359e-02
niter: 314 Res: 1.286483306130116293e-02
niter: 315 Res: 1.278926773352195671e-02
niter: 316 Res: 1.269965873574238624e-02
niter: 317 Res: 1.259666949921773270e-02
niter: 318 Res: 1.248106571613862882e-02
niter: 319 Res: 1.235373673485970665e-02
niter: 320 Res: 1.221571577902993110e-02
niter: 321 Res: 1.206819724250785854e-02
niter: 322 Res: 1.191254909087378563e-02
niter: 323 Res: 1.175031832021546097e-02
niter: 324 Res: 1.158322759751701479e-02
niter: 325 Res: 1.141316170210235001e-02
niter: 326 Res: 1.124214320315658315e-02
niter: 327 Res: 1.107229786523119403e-02
niter: 328 Res: 1.090581142233061455e-02
niter: 329 Res: 1.074488040617820744e-02
niter: 330 Res: 1.059166045205548086e-02
niter: 331 Res: 1.044821577037973771e-02
niter: 332 Res: 1.031647317989469251e-02
niter: 333 Res: 1.019818327840187056e-02
niter: 334 Res: 1.009489012906366993e-02
niter: 335 Res: 1.000790951024117109e-02
niter: 336 Res: 9.938314600953613437e-03
niter: 337 Res: 9.886927206028607584e-03
niter: 338 Res: 9.854312415211882725e-03
niter: 339 Res: 9.840774942481738535e-03
niter: 340 Res: 9.846356162095707201e-03
niter: 341 Res: 9.870831800841360290e-03
niter: 342 Res: 9.913711089394214651e-03
niter: 343 Res: 9.974238700903258897e-03
niter: 344 Res: 1.005140090474891321e-02
niter: 345 Res: 1.014393705950791293e-02
niter: 346 Res: 1.025035698806234415e-02
niter: 347 Res: 1.036896409721904493e-02
niter: 348 Res: 1.049788349371160064e-02
niter: 349 Res: 1.063509392373111935e-02
niter: 350 Res: 1.077846216696833059e-02
niter: 351 Res: 1.092577852602725358e-02
niter: 352 Res: 1.107479220459950398e-02
niter: 353 Res: 1.122324558821509617e-02
niter: 354 Res: 1.136890666724975005e-02
niter: 355 Res: 1.150959903537735439e-02
niter: 356 Res: 1.164322904612006236e-02
niter: 357 Res: 1.176780982335478426e-02
niter: 358 Res: 1.188148191595962168e-02
niter: 359 Res: 1.198253047971187431e-02
niter: 360 Res: 1.206939897233060867e-02
niter: 361 Res: 1.214069946214156419e-02
niter: 362 Res: 1.219521977073765098e-02
niter: 363 Res: 1.223192778286299326e-02
niter: 364 Res: 1.224997334833336469e-02
niter: 365 Res: 1.224868825871751679e-02
niter: 366 Res: 1.222758479807648131e-02
niter: 367 Res: 1.218635334071536784e-02
niter: 368 Res: 1.212485940453030334e-02
niter: 369 Res: 1.204314047600997355e-02
niter: 370 Res: 1.194140281550243321e-02
niter: 371 Res: 1.182001834299180494e-02
niter: 372 Res: 1.167952160802518922e-02
niter: 373 Res: 1.152060677215672665e-02
niter: 374 Res: 1.134412448364734670e-02
niter: 375 Res: 1.115107850310318935e-02
niter: 376 Res: 1.094262194197184734e-02
niter: 377 Res: 1.072005299705407894e-02
niter: 378 Res: 1.048481009491173711e-02
niter: 379 Res: 1.023846639100330427e-02
niter: 380 Res: 9.982723590161338839e-03
niter: 381 Res: 9.719405058860437763e-03
niter: 382 Res: 9.450448177647121153e-03
niter: 383 Res: 9.177895827150483674e-03
niter: 384 Res: 8.903886807437004156e-03
niter: 385 Res: 8.630644854483122963e-03
niter: 386 Res: 8.360465739429841225e-03
niter: 387 Res: 8.095701723661927543e-03
niter: 388 Res: 7.838742415774837408e-03
niter: 389 Res: 7.591990874350164169e-03
niter: 390 Res: 7.357833687868413526e-03
niter: 391 Res: 7.138603832598029893e-03
niter: 392 Res: 6.936535474017053657e-03
niter: 393 Res: 6.753710646163138195e-03
niter: 394 Res: 6.591998973634327630e-03
niter: 395 Res: 6.452993233347330791e-03
niter: 396 Res: 6.337945350015369329e-03
niter: 397 Res: 6.247708949495476421e-03
niter: 398 Res: 6.182695310811204235e-03
niter: 399 Res: 6.142848982648537425e-03
niter: 400 Res: 6.127647293011989627e-03
niter: 401 Res: 6.136124786029169449e-03
niter: 402 Res: 6.166920017813247619e-03
niter: 403 Res: 6.218339072706547191e-03
niter: 404 Res: 6.288428382591780726e-03
niter: 405 Res: 6.375049246996298234e-03
niter: 406 Res: 6.475947650243297701e-03
niter: 407 Res: 6.588815000316376735e-03
niter: 408 Res: 6.711337638792313695e-03
niter: 409 Res: 6.841234894859576053e-03
niter: 410 Res: 6.976286814760375432e-03
niter: 411 Res: 7.114353443541539777e-03
niter: 412 Res: 7.253387764019447563e-03
niter: 413 Res: 7.391444264145435178e-03
niter: 414 Res: 7.526684764827791009e-03
niter: 415 Res: 7.657382721381896830e-03
niter: 416 Res: 7.781926798851831681e-03
niter: 417 Res: 7.898824164274257861e-03
niter: 418 Res: 8.006703659954763144e-03
niter: 419 Res: 8.104318825378098445e-03
niter: 420 Res: 8.190550615039373164e-03
niter: 421 Res: 8.264409603435895341e-03
niter: 422 Res: 8.325037462812929015e-03
niter: 423 Res: 8.371707530037044570e-03
niter: 424 Res: 8.403824333453454795e-03
niter: 425 Res: 8.420922017559420020e-03
niter: 426 Res: 8.422661673635338173e-03
niter: 427 Res: 8.408827650848495552e-03
niter: 428 Res: 8.379322979446639924e-03
niter: 429 Res: 8.334164081958486681e-03
niter: 430 Res: 8.273474977867865954e-03
niter: 431 Res: 8.197481201597750164e-03
niter: 432 Res: 8.106503653522051725e-03
niter: 433 Res: 8.000952590925603999e-03
niter: 434 Res: 7.881321942797621383e-03
niter: 435 Res: 7.748184102118299901e-03
niter: 436 Res: 7.602185315107854759e-03
niter: 437 Res: 7.444041752015576746e-03
niter: 438 Res: 7.274536311391611131e-03
niter: 439 Res: 7.094516182022968243e-03
niter: 440 Res: 6.904891165533410570e-03
niter: 441 Res: 6.706632749088741255e-03
niter: 442 Res: 6.500773911430223449e-03
niter: 443 Res: 6.288409644986176460e-03
niter: 444 Res: 6.070698178713310883e-03
niter: 445 Res: 5.848862884961709627e-03
niter: 446 Res: 5.624194840402556468e-03
niter: 447 Res: 5.398055973435587039e-03
niter: 448 Res: 5.171882650829214348e-03
niter: 449 Res: 4.947189410741115873e-03
niter: 450 Res: 4.725572307174109865e-03
niter: 451 Res: 4.508710956637063810e-03
niter: 452 Res: 4.298367837573553035e-03
niter: 453 Res: 4.096382671763340241e-03
niter: 454 Res: 3.904658850832948020e-03
niter: 455 Res: 3.725138002771943065e-03
niter: 456 Res: 3.559758242084973268e-03
niter: 457 Res: 3.410391962778906109e-03
niter: 458 Res: 3.278760954140160899e-03
niter: 459 Res: 3.166330810419640436e-03
niter: 460 Res: 3.074193097635970727e-03
niter: 461 Res: 3.002951223307270476e-03
niter: 462 Res: 2.952631498536612865e-03
niter: 463 Res: 2.922640859811489154e-03
niter: 464 Res: 2.911785042582403817e-03
niter: 465 Res: 2.918347295129654177e-03
niter: 466 Res: 2.940213262259018870e-03
niter: 467 Res: 2.975018425830307494e-03
niter: 468 Res: 3.020293485532647790e-03
niter: 469 Res: 3.073589024902675243e-03
niter: 470 Res: 3.132569820818807433e-03
niter: 471 Res: 3.195077403329118961e-03
niter: 472 Res: 3.259164910002420798e-03
niter: 473 Res: 3.323110689569671976e-03
niter: 474 Res: 3.385417302092813378e-03
niter: 475 Res: 3.444801558486774995e-03
niter: 476 Res: 3.500179834767508120e-03
niter: 477 Res: 3.550651548686324394e-03
niter: 478 Res: 3.595482596172764472e-03
niter: 479 Res: 3.634089750341598819e-03
niter: 480 Res: 3.666026489875558268e-03
niter: 481 Res: 3.690970386234168361e-03
niter: 482 Res: 3.708711982163338892e-03
niter: 483 Res: 3.719144990429936164e-03
niter: 484 Res: 3.722257597294466140e-03
niter: 485 Res: 3.718124646304982357e-03
niter: 486 Res: 3.706900489131239370e-03
niter: 487 Res: 3.688812311472627718e-03
niter: 488 Res: 3.664153767606177694e-03
niter: 489 Res: 3.633278783352233976e-03
niter: 490 Res: 3.596595412131304518e-03
niter: 491 Res: 3.554559651440143252e-03
niter: 492 Res: 3.507669147105164573e-03
niter: 493 Res: 3.456456730234685765e-03
niter: 494 Res: 3.401483747284029212e-03
niter: 495 Res: 3.343333157790229649e-03
niter: 496 Res: 3.282602388086449611e-03
niter: 497 Res: 3.219895943761609189e-03
niter: 498 Res: 3.155817800132397401e-03
niter: 499 Res: 3.090963609757720401e-03
niter: 500 Res: 3.025912790184398776e-03
niter: 501 Res: 2.961220584319352103e-03
niter: 502 Res: 2.897410219859019448e-03
niter: 503 Res: 2.834965331844069639e-03
niter: 504 Res: 2.774322850724982286e-03
niter: 505 Res: 2.715866593027667277e-03
niter: 506 Res: 2.659921816914859096e-03
niter: 507 Res: 2.606751014074673752e-03
niter: 508 Res: 2.556551196191676843e-03
niter: 509 Res: 2.509452894265278705e-03
niter: 510 Res: 2.465521021019849955e-03
niter: 511 Res: 2.424757653844541918e-03
niter: 512 Res: 2.387106685916553974e-03
niter: 513 Res: 2.352460178219289814e-03
niter: 514 Res: 2.320666138648497939e-03
niter: 515 Res: 2.291537369393158597e-03
niter: 516 Res: 2.264860970041868062e-03
niter: 517 Res: 2.240408066158519791e-03
niter: 518 Res: 2.217943350446833009e-03
niter: 519 Res: 2.197234070187059456e-03
niter: 520 Res: 2.178058161105984533e-03
niter: 521 Res: 2.160211303838212391e-03
niter: 522 Res: 2.143512754945240198e-03
niter: 523 Res: 2.127809872647083971e-03
niter: 524 Res: 2.112981313293161700e-03
niter: 525 Res: 2.098938916511714891e-03
niter: 526 Res: 2.085628325594239465e-03
niter: 527 Res: 2.073028407508160659e-03
niter: 528 Res: 2.061149547498869992e-03
niter: 529 Res: 2.050030900390794903e-03
niter: 530 Res: 2.039736688114094677e-03
niter: 531 Res: 2.030351643641344333e-03
niter: 532 Res: 2.021975717440947437e-03
niter: 533 Res: 2.014718184402487181e-03
niter: 534 Res: 2.008691316168732203e-03
niter: 535 Res: 2.004003813523738253e-03
niter: 536 Res: 2.000754222157074408e-03
niter: 537 Res: 1.999024577868937884e-03
niter: 538 Res: 1.998874539007034195e-03
niter: 539 Res: 2.000336259976673563e-03
niter: 540 Res: 2.003410237138280106e-03
niter: 541 Res: 2.008062316683942652e-03
niter: 542 Res: 2.014221995570665471e-03
niter: 543 Res: 2.021782076331213231e-03
niter: 544 Res: 2.030599661726994933e-03
niter: 545 Res: 2.040498403604473158e-03
niter: 546 Res: 2.051271859273616580e-03
niter: 547 Res: 2.062687763664680651e-03
niter: 548 Res: 2.074492999337751702e-03
niter: 549 Res: 2.086419039192656012e-03
niter: 550 Res: 2.098187646239891083e-03
niter: 551 Res: 2.109516637177088951e-03
niter: 552 Res: 2.120125547215352940e-03
niter: 553 Res: 2.129741068146451689e-03
niter: 554 Res: 2.138102166242389877e-03
niter: 555 Res: 2.144964818434195921e-03
niter: 556 Res: 2.150106332541206963e-03
niter: 557 Res: 2.153329239300628625e-03
niter: 558 Res: 2.154464760417700193e-03
niter: 559 Res: 2.153375868147078005e-03
niter: 560 Res: 2.149959958563515353e-03
niter: 561 Res: 2.144151163270147792e-03
niter: 562 Res: 2.135922323295621345e-03
niter: 563 Res: 2.125286644672337317e-03
niter: 564 Res: 2.112299047737663856e-03
niter: 565 Res: 2.097057211422075854e-03
niter: 566 Res: 2.079702299375231749e-03
niter: 567 Res: 2.060419336277432949e-03
niter: 568 Res: 2.039437179684924772e-03
niter: 569 Res: 2.017028005111610057e-03
niter: 570 Res: 1.993506190116648910e-03
niter: 571 Res: 1.969226448326015771e-03
niter: 572 Res: 1.944581029550867309e-03
niter: 573 Res: 1.919995772513638423e-03
niter: 574 Res: 1.895924780018741658e-03
niter: 575 Res: 1.872843493310829806e-03
niter: 576 Res: 1.851239985591286935e-03
niter: 577 Res: 1.831604387073800227e-03
niter: 578 Res: 1.814416504651152583e-03
niter: 579 Res: 1.800131908221747979e-03
niter: 580 Res: 1.789167008088724930e-03
niter: 581 Res: 1.781883909663903830e-03
niter: 582 Res: 1.778576051565899799e-03
niter: 583 Res: 1.779455750957120806e-03
niter: 584 Res: 1.784644743969457598e-03
niter: 585 Res: 1.794168595802850914e-03
niter: 586 Res: 1.807955484126538533e-03
niter: 587 Res: 1.825839394103593834e-03
niter: 588 Res: 1.847567294975272986e-03
niter: 589 Res: 1.872809488211103941e-03
niter: 590 Res: 1.901172090107747020e-03
niter: 591 Res: 1.932210558527018432e-03
niter: 592 Res: 1.965443273103078658e-03
niter: 593 Res: 2.000364381367197505e-03
niter: 594 Res: 2.036455371869768435e-03
niter: 595 Res: 2.073195079301437278e-03
niter: 596 Res: 2.110068032085023540e-03
niter: 597 Res: 2.146571204477662562e-03
niter: 598 Res: 2.182219331621816812e-03
niter: 599 Res: 2.216548995116098073e-03
niter: 600 Res: 2.249121700175498936e-03
niter: 601 Res: 2.279526155242198038e-03
niter: 602 Res: 2.307379941055430657e-03
niter: 603 Res: 2.332330726358365896e-03
niter: 604 Res: 2.354057156600982293e-03
niter: 605 Res: 2.372269513400199290e-03
niter: 606 Res: 2.386710217582564599e-03
niter: 607 Res: 2.397154228035091976e-03
niter: 608 Res: 2.403409372245863488e-03
niter: 609 Res: 2.405316631998475046e-03
niter: 610 Res: 2.402750398700539535e-03
niter: 611 Res: 2.395618706778942630e-03
niter: 612 Res: 2.383863449978094236e-03
niter: 613 Res: 2.367460583845413906e-03
niter: 614 Res: 2.346420317864640961e-03
niter: 615 Res: 2.320787302274727754e-03
niter: 616 Res: 2.290640817454095337e-03
niter: 617 Res: 2.256094977571457966e-03
niter: 618 Res: 2.217298964929940563e-03
niter: 619 Res: 2.174437316770470516e-03
niter: 620 Res: 2.127730292045407375e-03
niter: 621 Res: 2.077434351354878316e-03
niter: 622 Res: 2.023842788166503072e-03
niter: 623 Res: 1.967286552478085364e-03
niter: 624 Res: 1.908135307349008479e-03
niter: 625 Res: 1.846798751252700429e-03
niter: 626 Res: 1.783728220373841621e-03
niter: 627 Res: 1.719418547732020882e-03
niter: 628 Res: 1.654410090293298701e-03
niter: 629 Res: 1.589290727035602875e-03
niter: 630 Res: 1.524697462831218868e-03
niter: 631 Res: 1.461317026606798533e-03
niter: 632 Res: 1.399884515121321144e-03
niter: 633 Res: 1.341178715487899124e-03
niter: 634 Res: 1.286012298596251029e-03
niter: 635 Res: 1.235214757317696071e-03
niter: 636 Res: 1.189606033116092504e-03
niter: 637 Res: 1.149959604102487746e-03
niter: 638 Res: 1.116955745828702605e-03
niter: 639 Res: 1.091128757127367331e-03
niter: 640 Res: 1.072815511279390753e-03
niter: 641 Res: 1.062115266378391761e-03
niter: 642 Res: 1.058870462423384690e-03
niter: 643 Res: 1.062674350254713684e-03
niter: 644 Res: 1.072904774998058742e-03
niter: 645 Res: 1.088776993658894382e-03
niter: 646 Res: 1.109404783445420333e-03
niter: 647 Res: 1.133859336673244053e-03
niter: 648 Res: 1.161218554812470808e-03
niter: 649 Res: 1.190603402502865820e-03
niter: 650 Res: 1.221201351938274631e-03
niter: 651 Res: 1.252278954115072221e-03
niter: 652 Res: 1.283186306595258475e-03
niter: 653 Res: 1.313356082924455178e-03
niter: 654 Res: 1.342299288843800363e-03
niter: 655 Res: 1.369599318942939757e-03
niter: 656 Res: 1.394905361853078420e-03
niter: 657 Res: 1.417925797287699838e-03
niter: 658 Res: 1.438421944098700533e-03
niter: 659 Res: 1.456202332844611005e-03
niter: 660 Res: 1.471117562601366403e-03
niter: 661 Res: 1.483055736845554674e-03
niter: 662 Res: 1.491938439698255615e-03
niter: 663 Res: 1.497717199377200702e-03
niter: 664 Res: 1.500370382286074326e-03
niter: 665 Res: 1.499900463637988653e-03
niter: 666 Res: 1.496331625779859622e-03
niter: 667 Res: 1.489707641650330145e-03
niter: 668 Res: 1.480090007079745956e-03
niter: 669 Res: 1.467556291447278706e-03
niter: 670 Res: 1.452198681369259873e-03
niter: 671 Res: 1.434122696535709883e-03
niter: 672 Res: 1.413446060637674195e-03
niter: 673 Res: 1.390297713578971493e-03
niter: 674 Res: 1.364816953991471789e-03
niter: 675 Res: 1.337152703500345523e-03
niter: 676 Res: 1.307462886360902764e-03
niter: 677 Res: 1.275913919967463150e-03
niter: 678 Res: 1.242680313411325668e-03
niter: 679 Res: 1.207944372589569082e-03
niter: 680 Res: 1.171896011321874173e-03
niter: 681 Res: 1.134732668183163588e-03
niter: 682 Res: 1.096659328057609335e-03
niter: 683 Res: 1.057888645075346756e-03
niter: 684 Res: 1.018641158891251753e-03
niter: 685 Res: 9.791455878917513980e-04
niter: 686 Res: 9.396391693026991728e-04
niter: 687 Res: 9.003679950612100864e-04
niter: 688 Res: 8.615872611228295522e-04
niter: 689 Res: 8.235613036763501232e-04
niter: 690 Res: 7.865632363450023772e-04
niter: 691 Res: 7.508739278306806588e-04
niter: 692 Res: 7.167799746689894683e-04
niter: 693 Res: 6.845702436394350294e-04
niter: 694 Res: 6.545305123362500947e-04
niter: 695 Res: 6.269357729099604400e-04
niter: 696 Res: 6.020399466752204875e-04
niter: 697 Res: 5.800631468401885741e-04
niter: 698 Res: 5.611772401778294993e-04
niter: 699 Res: 5.454912145057834146e-04
niter: 700 Res: 5.330385390664490325e-04
niter: 701 Res: 5.237689886317409022e-04
niter: 702 Res: 5.175470067517335413e-04
niter: 703 Res: 5.141575631262963568e-04
niter: 704 Res: 5.133189179812383540e-04
niter: 705 Res: 5.147002907742270587e-04
niter: 706 Res: 5.179416460385645026e-04
niter: 707 Res: 5.226728484243184977e-04
niter: 708 Res: 5.285301291434890171e-04
niter: 709 Res: 5.351687719907272404e-04
niter: 710 Res: 5.422718156933973611e-04
niter: 711 Res: 5.495551830487034389e-04
niter: 712 Res: 5.567699526743485157e-04
niter: 713 Res: 5.637025529464730240e-04
niter: 714 Res: 5.701735764634582307e-04
niter: 715 Res: 5.760357699968441953e-04
niter: 716 Res: 5.811716035631538926e-04
niter: 717 Res: 5.854906906016234475e-04
niter: 718 Res: 5.889272287666460831e-04
niter: 719 Res: 5.914375570241197505e-04
niter: 720 Res: 5.929978747396747385e-04
niter: 721 Res: 5.936021364527312074e-04
niter: 722 Res: 5.932601167877830798e-04
niter: 723 Res: 5.919956292822990121e-04
niter: 724 Res: 5.898448777635143924e-04
niter: 725 Res: 5.868549171706934943e-04
niter: 726 Res: 5.830822010164534407e-04
niter: 727 Res: 5.785911941507022871e-04
niter: 728 Res: 5.734530316485403692e-04
niter: 729 Res: 5.677442072482827892e-04
niter: 730 Res: 5.615452777357228661e-04
niter: 731 Res: 5.549395730584969844e-04
niter: 732 Res: 5.480119058142066775e-04
niter: 733 Res: 5.408472781909542211e-04
niter: 734 Res: 5.335295895263276371e-04
niter: 735 Res: 5.261403533183983293e-04
niter: 736 Res: 5.187574386922327212e-04
niter: 737 Res: 5.114538576557876816e-04
niter: 738 Res: 5.042966255138564211e-04
niter: 739 Res: 4.973457269340354845e-04
niter: 740 Res: 4.906532236126486543e-04
niter: 741 Res: 4.842625405040886497e-04
niter: 742 Res: 4.782079655466847309e-04
niter: 743 Res: 4.725143923159832440e-04
niter: 744 Res: 4.671973261221028803e-04
niter: 745 Res: 4.622631622326890091e-04
niter: 746 Res: 4.577097311267142293e-04
niter: 747 Res: 4.535270913263410851e-04
niter: 748 Res: 4.496985369037963818e-04
niter: 749 Res: 4.462017756514557358e-04
niter: 750 Res: 4.430102262091275764e-04
niter: 751 Res: 4.400943787646129134e-04
niter: 752 Res: 4.374231643061335210e-04
niter: 753 Res: 4.349652813240506913e-04
niter: 754 Res: 4.326904354722390040e-04
niter: 755 Res: 4.305704559915408784e-04
niter: 756 Res: 4.285802615869565972e-04
niter: 757 Res: 4.266986570984320761e-04
niter: 758 Res: 4.249089500198279337e-04
niter: 759 Res: 4.231993823481315880e-04
niter: 760 Res: 4.215633782841893078e-04
niter: 761 Res: 4.199996120043607653e-04
niter: 762 Res: 4.185119024014032681e-04
niter: 763 Res: 4.171089436174009782e-04
niter: 764 Res: 4.158038817973774837e-04
niter: 765 Res: 4.146137500865768174e-04
niter: 766 Res: 4.135587757991147960e-04
niter: 767 Res: 4.126615760880379354e-04
niter: 768 Res: 4.119462614121342380e-04
niter: 769 Res: 4.114374695389883766e-04
niter: 770 Res: 4.111593565239413084e-04
niter: 771 Res: 4.111345746374480965e-04
niter: 772 Res: 4.113832700986402055e-04
niter: 773 Res: 4.119221351667406517e-04
niter: 774 Res: 4.127635490722435826e-04
niter: 775 Res: 4.139148401538249094e-04
niter: 776 Res: 4.153776971579906021e-04
niter: 777 Res: 4.171477511699412809e-04
niter: 778 Res: 4.192143414905904184e-04
niter: 779 Res: 4.215604696523750643e-04
niter: 780 Res: 4.241629365315660659e-04
niter: 781 Res: 4.269926490398058484e-04
niter: 782 Res: 4.300150758798967215e-04
niter: 783 Res: 4.331908269023696748e-04
niter: 784 Res: 4.364763278842451319e-04
niter: 785 Res: 4.398245620626571682e-04
niter: 786 Res: 4.431858511767345298e-04
niter: 787 Res: 4.465086516749075334e-04
niter: 788 Res: 4.497403456016090310e-04
niter: 789 Res: 4.528280099951169932e-04
niter: 790 Res: 4.557191529671770027e-04
niter: 791 Res: 4.583624086705158579e-04
niter: 792 Res: 4.607081868785739705e-04
niter: 793 Res: 4.627092757958231953e-04
niter: 794 Res: 4.643213989606426954e-04
niter: 795 Res: 4.655037287341765506e-04
niter: 796 Res: 4.662193599683894904e-04
niter: 797 Res: 4.664357480896263401e-04
niter: 798 Res: 4.661251161428078956e-04
niter: 799 Res: 4.652648353515375724e-04
niter: 800 Res: 4.638377835825047472e-04
niter: 801 Res: 4.618326857478236166e-04
niter: 802 Res: 4.592444396820442821e-04
niter: 803 Res: 4.560744303907091264e-04
niter: 804 Res: 4.523308347027447766e-04
niter: 805 Res: 4.480289172492388033e-04
niter: 806 Res: 4.431913171774172575e-04
niter: 807 Res: 4.378483229698665758e-04
niter: 808 Res: 4.320381299669802519e-04
niter: 809 Res: 4.258070714330290858e-04
niter: 810 Res: 4.192098090297846570e-04
niter: 811 Res: 4.123094620544880671e-04
niter: 812 Res: 4.051776465669749820e-04
niter: 813 Res: 3.978943855566381390e-04
niter: 814 Res: 3.905478397877849795e-04
niter: 815 Res: 3.832337968552126418e-04
niter: 816 Res: 3.760548448948983625e-04
niter: 817 Res: 3.691191502394397051e-04
niter: 818 Res: 3.625387592702091822e-04
niter: 819 Res: 3.564273590571772547e-04
niter: 820 Res: 3.508974647483554393e-04
niter: 821 Res: 3.460570580491702177e-04
niter: 822 Res: 3.420057804007508467e-04
niter: 823 Res: 3.388308791886250398e-04
niter: 824 Res: 3.366031991100711389e-04
niter: 825 Res: 3.353735797063527751e-04
niter: 826 Res: 3.351700381911067216e-04
niter: 827 Res: 3.359960663718724347e-04
niter: 828 Res: 3.378302512286300314e-04
niter: 829 Res: 3.406272619640391417e-04
niter: 830 Res: 3.443200699270024040e-04
niter: 831 Res: 3.488231229506955815e-04
niter: 832 Res: 3.540361123704932915e-04
niter: 833 Res: 3.598479586656031719e-04
niter: 834 Res: 3.661406895243238019e-04
niter: 835 Res: 3.727929687770939102e-04
niter: 836 Res: 3.796831304425414967e-04
niter: 837 Res: 3.866916590005426541e-04
niter: 838 Res: 3.937031235716600334e-04
niter: 839 Res: 4.006076168994572801e-04
niter: 840 Res: 4.073017723360462957e-04
niter: 841 Res: 4.136894385271564444e-04
niter: 842 Res: 4.196820877218620529e-04
niter: 843 Res: 4.251990242373863689e-04
niter: 844 Res: 4.301674480671454693e-04
niter: 845 Res: 4.345224170552270618e-04
niter: 846 Res: 4.382067407014322217e-04
niter: 847 Res: 4.411708299715507483e-04
niter: 848 Res: 4.433725206148811035e-04
niter: 849 Res: 4.447768822102742600e-04
niter: 850 Res: 4.453560213283109127e-04
niter: 851 Res: 4.450888844606469791e-04
niter: 852 Res: 4.439610645443409958e-04
niter: 853 Res: 4.419646137673269326e-04
niter: 854 Res: 4.390978647077944095e-04
niter: 855 Res: 4.353652616342440040e-04
niter: 856 Res: 4.307772038461908756e-04
niter: 857 Res: 4.253499032318644067e-04
niter: 858 Res: 4.191052586931376237e-04
niter: 859 Res: 4.120707507322286106e-04
niter: 860 Res: 4.042793602543366259e-04
niter: 861 Res: 3.957695165557402104e-04
niter: 862 Res: 3.865850804618379296e-04
niter: 863 Res: 3.767753696576617230e-04
niter: 864 Res: 3.663952343276686966e-04
niter: 865 Res: 3.555051921590110802e-04
niter: 866 Res: 3.441716323116353923e-04
niter: 867 Res: 3.324670977243533764e-04
niter: 868 Res: 3.204706533311342011e-04
niter: 869 Res: 3.082683433597579407e-04
niter: 870 Res: 2.959537319221003512e-04
niter: 871 Res: 2.836285051001069383e-04
niter: 872 Res: 2.714030857043619321e-04
niter: 873 Res: 2.593971692332285831e-04
niter: 874 Res: 2.477400261303095959e-04
niter: 875 Res: 2.365703282295678674e-04
niter: 876 Res: 2.260351502535756947e-04
niter: 877 Res: 2.162876900265937635e-04
niter: 878 Res: 2.074831904460849603e-04
niter: 879 Res: 1.997726137749073611e-04
niter: 880 Res: 1.932939183179570308e-04
niter: 881 Res: 1.881613907951258365e-04
niter: 882 Res: 1.844543332779700201e-04
niter: 883 Res: 1.822072048501806405e-04
niter: 884 Res: 1.814036078839992793e-04
niter: 885 Res: 1.819759077983588015e-04
niter: 886 Res: 1.838108499771594470e-04
niter: 887 Res: 1.867598924826114064e-04
niter: 888 Res: 1.906518830684466421e-04
niter: 889 Res: 1.953055834672041318e-04
niter: 890 Res: 2.005402175055466963e-04
niter: 891 Res: 2.061831956349803303e-04
niter: 892 Res: 2.120750006925055332e-04
niter: 893 Res: 2.180717102231339048e-04
niter: 894 Res: 2.240457996196163436e-04
niter: 895 Res: 2.298858332414865089e-04
niter: 896 Res: 2.354955227152362017e-04
niter: 897 Res: 2.407924884516127152e-04
niter: 898 Res: 2.457069384393469513e-04
niter: 899 Res: 2.501803881047650886e-04
niter: 900 Res: 2.541644842237553051e-04
niter: 901 Res: 2.576199579315741799e-04
niter: 902 Res: 2.605157098811291486e-04
niter: 903 Res: 2.628280189984623610e-04
niter: 904 Res: 2.645398610513732102e-04
niter: 905 Res: 2.656403217056609554e-04
niter: 906 Res: 2.661240892019807783e-04
niter: 907 Res: 2.659910132374049686e-04
niter: 908 Res: 2.652457184341816651e-04
niter: 909 Res: 2.638972626829568999e-04
niter: 910 Res: 2.619588324069674801e-04
niter: 911 Res: 2.594474683976885263e-04
niter: 912 Res: 2.563838172659741897e-04
niter: 913 Res: 2.527919047517371114e-04
niter: 914 Res: 2.486989281409354149e-04
niter: 915 Res: 2.441350658783788218e-04
niter: 916 Res: 2.391333031322105110e-04
niter: 917 Res: 2.337292725777278429e-04
niter: 918 Res: 2.279611099751451962e-04
niter: 919 Res: 2.218693242431127462e-04
niter: 920 Res: 2.154966815559193659e-04
niter: 921 Res: 2.088881024651397086e-04
niter: 922 Res: 2.020905700383978981e-04
niter: 923 Res: 1.951530453052789985e-04
niter: 924 Res: 1.881263837233670944e-04
niter: 925 Res: 1.810632425633595054e-04
niter: 926 Res: 1.740179638542156768e-04
niter: 927 Res: 1.670464104563385271e-04
niter: 928 Res: 1.602057239347791633e-04
niter: 929 Res: 1.535539625559423805e-04
niter: 930 Res: 1.471495670500346236e-04
niter: 931 Res: 1.410505934273070089e-04
niter: 932 Res: 1.353136503954481887e-04
niter: 933 Res: 1.299924903637660566e-04
niter: 934 Res: 1.251362349847173424e-04
niter: 935 Res: 1.207872749717809886e-04
niter: 936 Res: 1.169789690899707363e-04
niter: 937 Res: 1.137333665492591700e-04
niter: 938 Res: 1.110592630063205610e-04
niter: 939 Res: 1.089509348784428809e-04
niter: 940 Res: 1.073878466067752649e-04
niter: 941 Res: 1.063354836234361431e-04
niter: 942 Res: 1.057472620927127967e-04
niter: 943 Res: 1.055672676415653373e-04
niter: 944 Res: 1.057334439892622786e-04
niter: 945 Res: 1.061808235747923782e-04
niter: 946 Res: 1.068444581275017504e-04
niter: 947 Res: 1.076618284186948874e-04
niter: 948 Res: 1.085746425549162649e-04
niter: 949 Res: 1.095300372684349371e-04
niter: 950 Res: 1.104812626176208750e-04
niter: 951 Res: 1.113879592457225497e-04
niter: 952 Res: 1.122161390740530798e-04
niter: 953 Res: 1.129379665089959712e-04
niter: 954 Res: 1.135314171956711246e-04
niter: 955 Res: 1.139798709543470012e-04
niter: 956 Res: 1.142716777951121139e-04
niter: 957 Res: 1.143997218841712415e-04
niter: 958 Res: 1.143609979171791033e-04
niter: 959 Res: 1.141562070565218807e-04
niter: 960 Res: 1.137893746259085190e-04
niter: 961 Res: 1.132674885605889422e-04
niter: 962 Res: 1.126001556120567547e-04
niter: 963 Res: 1.118001071567133599e-04
niter: 964 Res: 1.108793211529574788e-04
niter: 965 Res: 1.098545525896112444e-04
niter: 966 Res: 1.087424825398432981e-04
niter: 967 Res: 1.075608476353144029e-04
niter: 968 Res: 1.063280983380713852e-04
niter: 969 Res: 1.050629968286654470e-04
niter: 970 Res: 1.037842806351073371e-04
niter: 971 Res: 1.025104008887919361e-04
niter: 972 Res: 1.012592484014311796e-04
niter: 973 Res: 1.000477837191070940e-04
niter: 974 Res: 9.889155771130156479e-05
niter: 975 Res: 9.780418515722042144e-05
niter: 976 Res: 9.679687070578908465e-05
niter: 977 Res: 9.587807504917087689e-05
niter: 978 Res: 9.505336544556573525e-05
niter: 979 Res: 9.432544311032812253e-05
niter: 980 Res: 9.369430132263913678e-05
niter: 981 Res: 9.315745425513609975e-05
niter: 982 Res: 9.271018762318021490e-05
niter: 983 Res: 9.234580775772349942e-05
niter: 984 Res: 9.205589069352632494e-05
niter: 985 Res: 9.183054617171018728e-05
niter: 986 Res: 9.165871041499234519e-05
niter: 987 Res: 9.152847135748630849e-05
niter: 988 Res: 9.142741865642646558e-05
niter: 989 Res: 9.134300409721239286e-05
niter: 990 Res: 9.126289714466349846e-05
niter: 991 Res: 9.117532330799823267e-05
niter: 992 Res: 9.106937657388785451e-05
niter: 993 Res: 9.093529961536311445e-05
niter: 994 Res: 9.076472649487337481e-05
niter: 995 Res: 9.055088306295826575e-05
niter: 996 Res: 9.028874115718677092e-05
niter: 997 Res: 8.997512452029453897e-05
niter: 998 Res: 8.960876687869687043e-05
niter: 999 Res: 8.919032523925216115e-05
niter: 1000 Res: 8.872235341517826189e-05
niter: 1001 Res: 8.820924159830189292e-05
niter: 1002 Res: 8.765712722117079071e-05
niter: 1003 Res: 8.707378060168950002e-05
niter: 1004 Res: 8.646846637062584676e-05
niter: 1005 Res: 8.585177907028994436e-05
niter: 1006 Res: 8.523544923771670789e-05
niter: 1007 Res: 8.463211532299396453e-05
niter: 1008 Res: 8.405505725153475155e-05
niter: 1009 Res: 8.351788944225779451e-05
niter: 1010 Res: 8.303421442889859238e-05
niter: 1011 Res: 8.261724254326234193e-05
niter: 1012 Res: 8.227938788854629096e-05
niter: 1013 Res: 8.203185549577930735e-05
niter: 1014 Res: 8.188423850266350504e-05
niter: 1015 Res: 8.184414681685813419e-05
niter: 1016 Res: 8.191688943121232182e-05
niter: 1017 Res: 8.210523094437792067e-05
niter: 1018 Res: 8.240923875942254156e-05
niter: 1019 Res: 8.282623116139210741e-05
niter: 1020 Res: 8.335082872491755390e-05
niter: 1021 Res: 8.397510340165471919e-05
niter: 1022 Res: 8.468881230826921910e-05
niter: 1023 Res: 8.547969778581910195e-05
niter: 1024 Res: 8.633383236907699954e-05
niter: 1025 Res: 8.723598693666256322e-05
niter: 1026 Res: 8.817000228119666624e-05
niter: 1027 Res: 8.911914784688432397e-05
niter: 1028 Res: 9.006645566970700558e-05
niter: 1029 Res: 9.099502193996188344e-05
niter: 1030 Res: 9.188827245305897283e-05
niter: 1031 Res: 9.273019131062336406e-05
niter: 1032 Res: 9.350551441290248615e-05
niter: 1033 Res: 9.419989067957920085e-05
niter: 1034 Res: 9.480001463787829862e-05
niter: 1035 Res: 9.529373428240617012e-05
niter: 1036 Res: 9.567013805194168798e-05
niter: 1037 Res: 9.591962456212582732e-05
niter: 1038 Res: 9.603395844991273163e-05
niter: 1039 Res: 9.600631538219025487e-05
niter: 1040 Res: 9.583131898537202266e-05
niter: 1041 Res: 9.550507217385876895e-05
niter: 1042 Res: 9.502518507946015923e-05
niter: 1043 Res: 9.439080152968424089e-05
niter: 1044 Res: 9.360262577019376289e-05
niter: 1045 Res: 9.266295086818624686e-05
niter: 1046 Res: 9.157568998976534569e-05
niter: 1047 Res: 9.034641145565371978e-05
niter: 1048 Res: 8.898237818566458407e-05
niter: 1049 Res: 8.749259172212673654e-05
niter: 1050 Res: 8.588784050947293391e-05
niter: 1051 Res: 8.418075131145656741e-05
niter: 1052 Res: 8.238584152712399064e-05
niter: 1053 Res: 8.051956851693852901e-05
niter: 1054 Res: 7.860036969870677409e-05
niter: 1055 Res: 7.664868394229110973e-05
niter: 1056 Res: 7.468694053242944130e-05
niter: 1057 Res: 7.273949669698047057e-05
niter: 1058 Res: 7.083249870973499607e-05
niter: 1059 Res: 6.899363572823300394e-05
niter: 1060 Res: 6.725175140770283408e-05
niter: 1061 Res: 6.563627854193336715e-05
niter: 1062 Res: 6.417646995410281757e-05
niter: 1063 Res: 6.290041812803044718e-05
niter: 1064 Res: 6.183388865226378394e-05
niter: 1065 Res: 6.099903663407628255e-05
niter: 1066 Res: 6.041312273708062308e-05
niter: 1067 Res: 6.008738225594245094e-05
niter: 1068 Res: 6.002620990946963905e-05
niter: 1069 Res: 6.022679332505473290e-05
niter: 1070 Res: 6.067926097385223545e-05
niter: 1071 Res: 6.136732280747760429e-05
niter: 1072 Res: 6.226930038599566889e-05
niter: 1073 Res: 6.335939181937960912e-05
niter: 1074 Res: 6.460900583939482216e-05
niter: 1075 Res: 6.598802392999338225e-05
niter: 1076 Res: 6.746589444677953307e-05
niter: 1077 Res: 6.901251141851340960e-05
niter: 1078 Res: 7.059887120081184025e-05
niter: 1079 Res: 7.219752724645714652e-05
niter: 1080 Res: 7.378287709890195051e-05
niter: 1081 Res: 7.533131950265862457e-05
niter: 1082 Res: 7.682131697915078785e-05
niter: 1083 Res: 7.823339360444539080e-05
niter: 1084 Res: 7.955009123897296963e-05
niter: 1085 Res: 8.075590136397076200e-05
niter: 1086 Res: 8.183718457644598794e-05
niter: 1087 Res: 8.278208577392026884e-05
niter: 1088 Res: 8.358045012795193001e-05
niter: 1089 Res: 8.422374281542087762e-05
niter: 1090 Res: 8.470497408539412649e-05
niter: 1091 Res: 8.501863028165697605e-05
niter: 1092 Res: 8.516061090205316478e-05
niter: 1093 Res: 8.512817143400374092e-05
niter: 1094 Res: 8.491977261189623152e-05
niter: 1095 Res: 8.453559838451865530e-05
niter: 1096 Res: 8.397639014549178359e-05
niter: 1097 Res: 8.324438019125929820e-05
niter: 1098 Res: 8.234303144952863081e-05
niter: 1099 Res: 8.127669441124711755e-05
niter: 1100 Res: 8.005080256754046873e-05
niter: 1101 Res: 7.867205047280842272e-05
niter: 1102 Res: 7.714825540901751745e-05
niter: 1103 Res: 7.548814838881231181e-05
niter: 1104 Res: 7.370134887864764213e-05
niter: 1105 Res: 7.179849356163232562e-05
niter: 1106 Res: 6.979135345195849362e-05
niter: 1107 Res: 6.769285725335000010e-05
niter: 1108 Res: 6.551706622004416745e-05
niter: 1109 Res: 6.327918187031489827e-05
niter: 1110 Res: 6.099561573588942789e-05
niter: 1111 Res: 5.868408688970503512e-05
niter: 1112 Res: 5.636369582631871257e-05
niter: 1113 Res: 5.405495050575052489e-05
niter: 1114 Res: 5.177975342450068518e-05
niter: 1115 Res: 4.956136440389208672e-05
niter: 1116 Res: 4.742432767174105748e-05
niter: 1117 Res: 4.539431138981651919e-05
niter: 1118 Res: 4.349777529213452856e-05
niter: 1119 Res: 4.176137247358324239e-05
niter: 1120 Res: 4.021101133624978800e-05
niter: 1121 Res: 3.887055621088712759e-05
niter: 1122 Res: 3.776023005118032613e-05
niter: 1123 Res: 3.689489027727468087e-05
niter: 1124 Res: 3.628245133671141533e-05
niter: 1125 Res: 3.592277816081361047e-05
niter: 1126 Res: 3.580732796867166834e-05
niter: 1127 Res: 3.591966486278789139e-05
niter: 1128 Res: 3.623676110374106330e-05
niter: 1129 Res: 3.673081781088596929e-05
niter: 1130 Res: 3.737125765297323501e-05
niter: 1131 Res: 3.812657711917065667e-05
niter: 1132 Res: 3.896585541087213789e-05
niter: 1133 Res: 3.985984163345467339e-05
niter: 1134 Res: 4.078163856100822359e-05
niter: 1135 Res: 4.170705500010820618e-05
niter: 1136 Res: 4.261471549259941504e-05
niter: 1137 Res: 4.348600969911940685e-05
niter: 1138 Res: 4.430494718325868016e-05
niter: 1139 Res: 4.505796487662370049e-05
niter: 1140 Res: 4.573371850752624637e-05
niter: 1141 Res: 4.632287703186380097e-05
niter: 1142 Res: 4.681793048674532813e-05
niter: 1143 Res: 4.721301602356529740e-05
niter: 1144 Res: 4.750376338716880880e-05
niter: 1145 Res: 4.768715908739372980e-05
niter: 1146 Res: 4.776142753026394345e-05
niter: 1147 Res: 4.772592696567056484e-05
niter: 1148 Res: 4.758105812646375643e-05
niter: 1149 Res: 4.732818360639875295e-05
niter: 1150 Res: 4.696955632328275325e-05
niter: 1151 Res: 4.650825570833400601e-05
niter: 1152 Res: 4.594813054520851484e-05
niter: 1153 Res: 4.529374762709270245e-05
niter: 1154 Res: 4.455034557849764723e-05
niter: 1155 Res: 4.372379333933689317e-05
niter: 1156 Res: 4.282055288681642119e-05
niter: 1157 Res: 4.184764581735778361e-05
niter: 1158 Res: 4.081262338063477925e-05
niter: 1159 Res: 3.972353948630985858e-05
niter: 1160 Res: 3.858892601069388947e-05
niter: 1161 Res: 3.741776945015758561e-05
niter: 1162 Res: 3.621948752168798407e-05
niter: 1163 Res: 3.500420808304017053e-05
niter: 1164 Res: 3.378140339570721954e-05
niter: 1165 Res: 3.256210813307727151e-05
niter: 1166 Res: 3.135703014521563361e-05
niter: 1167 Res: 3.017712347775684069e-05
niter: 1168 Res: 2.903347999256821531e-05
niter: 1169 Res: 2.793721240980969188e-05
niter: 1170 Res: 2.689926481585539237e-05
niter: 1171 Res: 2.593013325576563156e-05
niter: 1172 Res: 2.503951395678437363e-05
niter: 1173 Res: 2.423589283681012112e-05
niter: 1174 Res: 2.352609647338250670e-05
niter: 1175 Res: 2.291485331060706429e-05
niter: 1176 Res: 2.240443787930451261e-05
niter: 1177 Res: 2.199446788713936842e-05
niter: 1178 Res: 2.168189574271865060e-05
niter: 1179 Res: 2.146119764922612802e-05
niter: 1180 Res: 2.132472839484938476e-05
niter: 1181 Res: 2.126318563674472827e-05
niter: 1182 Res: 2.126611767318384896e-05
niter: 1183 Res: 2.132241471850663032e-05
niter: 1184 Res: 2.142074269660070013e-05
niter: 1185 Res: 2.154990280712747066e-05
niter: 1186 Res: 2.169912012675748617e-05
niter: 1187 Res: 2.185827422793084623e-05
niter: 1188 Res: 2.201808421688920806e-05
niter: 1189 Res: 2.217025441773091095e-05
niter: 1190 Res: 2.230758082537289682e-05
niter: 1191 Res: 2.242401595729491074e-05
niter: 1192 Res: 2.251469125985706895e-05
niter: 1193 Res: 2.257589998136309503e-05
niter: 1194 Res: 2.260504720306853239e-05
niter: 1195 Res: 2.260057608365935653e-05
niter: 1196 Res: 2.256187998408730046e-05
niter: 1197 Res: 2.248920934070485357e-05
niter: 1198 Res: 2.238358038033732818e-05
niter: 1199 Res: 2.224669038772292222e-05
niter: 1200 Res: 2.208084151538160732e-05
niter: 1201 Res: 2.188887244734347978e-05
niter: 1202 Res: 2.167409509077990168e-05
niter: 1203 Res: 2.144023233683313030e-05
niter: 1204 Res: 2.119135301192590865e-05
niter: 1205 Res: 2.093180120260032781e-05
niter: 1206 Res: 2.066611863209507526e-05
niter: 1207 Res: 2.039896000799412375e-05
niter: 1208 Res: 2.013500180553390182e-05
niter: 1209 Res: 1.987884484221170061e-05
niter: 1210 Res: 1.963491070672285910e-05
niter: 1211 Res: 1.940733224751153195e-05
niter: 1212 Res: 1.919983945910300308e-05
niter: 1213 Res: 1.901564421547288121e-05
niter: 1214 Res: 1.885732998457180843e-05
niter: 1215 Res: 1.872675501982852824e-05
niter: 1216 Res: 1.862497863811172046e-05
niter: 1217 Res: 1.855221936492192628e-05
niter: 1218 Res: 1.850785091395181219e-05
niter: 1219 Res: 1.849043771186508590e-05
niter: 1220 Res: 1.849780703721148905e-05
niter: 1221 Res: 1.852715090174363979e-05
niter: 1222 Res: 1.857514833795374782e-05
niter: 1223 Res: 1.863809805502821186e-05
niter: 1224 Res: 1.871205226391319142e-05
niter: 1225 Res: 1.879294434996927159e-05
niter: 1226 Res: 1.887670540003446931e-05
niter: 1227 Res: 1.895936683171169039e-05
niter: 1228 Res: 1.903714821897605768e-05
niter: 1229 Res: 1.910653068405132582e-05
niter: 1230 Res: 1.916431697435786846e-05
niter: 1231 Res: 1.920767965675118844e-05
niter: 1232 Res: 1.923419891311642911e-05
niter: 1233 Res: 1.924189133395516534e-05
niter: 1234 Res: 1.922923097286226066e-05
niter: 1235 Res: 1.919516378631036237e-05
niter: 1236 Res: 1.913911644909075123e-05
niter: 1237 Res: 1.906100039460209862e-05
niter: 1238 Res: 1.896121176285009066e-05
niter: 1239 Res: 1.884062774222358168e-05
niter: 1240 Res: 1.870059955038686324e-05
niter: 1241 Res: 1.854294199027484527e-05
niter: 1242 Res: 1.837076691689847177e-05
niter: 1243 Res: 1.818556508740505379e-05
niter: 1244 Res: 1.799097439686750581e-05
niter: 1245 Res: 1.778895675643073373e-05
niter: 1246 Res: 1.758495257354620919e-05
niter: 1247 Res: 1.738317630031476662e-05
niter: 1248 Res: 1.718680195218742109e-05
niter: 1249 Res: 1.700100150463436743e-05
niter: 1250 Res: 1.683035963457407377e-05
niter: 1251 Res: 1.667959606725872342e-05
niter: 1252 Res: 1.655222037788952119e-05
niter: 1253 Res: 1.645173386839442767e-05
niter: 1254 Res: 1.638150668951426399e-05
niter: 1255 Res: 1.634437100545593869e-05
niter: 1256 Res: 1.634240376328858138e-05
niter: 1257 Res: 1.637687044805427979e-05
niter: 1258 Res: 1.644816596116314617e-05
niter: 1259 Res: 1.655571487160276389e-05
niter: 1260 Res: 1.669791892593351139e-05
niter: 1261 Res: 1.687249423085319369e-05
niter: 1262 Res: 1.707583921187404323e-05
niter: 1263 Res: 1.730348435195431316e-05
niter: 1264 Res: 1.755203448560066864e-05
niter: 1265 Res: 1.781701173174233643e-05
niter: 1266 Res: 1.809328291727714137e-05
niter: 1267 Res: 1.837637320593702854e-05
niter: 1268 Res: 1.866141328775014613e-05
niter: 1269 Res: 1.894386032826475633e-05
niter: 1270 Res: 1.922033363781940396e-05
niter: 1271 Res: 1.948597453020241971e-05
niter: 1272 Res: 1.973559079728791577e-05
niter: 1273 Res: 1.996892576702547401e-05
niter: 1274 Res: 2.018054009511843598e-05
niter: 1275 Res: 2.036667325708875216e-05
niter: 1276 Res: 2.052415112176047293e-05
niter: 1277 Res: 2.065218623053121803e-05
niter: 1278 Res: 2.074983802757597725e-05
niter: 1279 Res: 2.081325383283388073e-05
niter: 1280 Res: 2.084246055872604212e-05
niter: 1281 Res: 2.083581733623135249e-05
niter: 1282 Res: 2.078936090488723060e-05
niter: 1283 Res: 2.070402053519315141e-05
niter: 1284 Res: 2.058121462730480163e-05
niter: 1285 Res: 2.042025101445160275e-05
niter: 1286 Res: 2.022341795018900724e-05
niter: 1287 Res: 1.999159477338517102e-05
niter: 1288 Res: 1.972649116955775805e-05
niter: 1289 Res: 1.942966555532277818e-05
niter: 1290 Res: 1.909970288517595039e-05
niter: 1291 Res: 1.874258579918730669e-05
niter: 1292 Res: 1.835837891507114327e-05
niter: 1293 Res: 1.795259202645487485e-05
niter: 1294 Res: 1.752647897279084352e-05
niter: 1295 Res: 1.708318020964223464e-05
niter: 1296 Res: 1.662940673449186742e-05
niter: 1297 Res: 1.616825049768820342e-05
niter: 1298 Res: 1.570081529972025520e-05
niter: 1299 Res: 1.523567167423040401e-05
niter: 1300 Res: 1.477841532517008023e-05
niter: 1301 Res: 1.433662618461482415e-05
niter: 1302 Res: 1.391477601731686220e-05
niter: 1303 Res: 1.351731484524751881e-05
niter: 1304 Res: 1.315004094171252375e-05
niter: 1305 Res: 1.282070177792108132e-05
niter: 1306 Res: 1.253654836908940832e-05
niter: 1307 Res: 1.230303824143814548e-05
niter: 1308 Res: 1.212399586033835843e-05
niter: 1309 Res: 1.200204034098693043e-05
niter: 1310 Res: 1.193569844921873748e-05
niter: 1311 Res: 1.193095685627485031e-05
niter: 1312 Res: 1.198192761557049820e-05
niter: 1313 Res: 1.208269000936116725e-05
niter: 1314 Res: 1.222667431380359759e-05
niter: 1315 Res: 1.240723190931217484e-05
niter: 1316 Res: 1.261781337405840477e-05
niter: 1317 Res: 1.285213617953235364e-05
niter: 1318 Res: 1.310432849496108961e-05
niter: 1319 Res: 1.336899786542780967e-05
niter: 1320 Res: 1.364050529665939804e-05
niter: 1321 Res: 1.391467756925366710e-05
niter: 1322 Res: 1.418608122913152897e-05
niter: 1323 Res: 1.445156821160289585e-05
niter: 1324 Res: 1.470664037747804440e-05
niter: 1325 Res: 1.494822824204638696e-05
niter: 1326 Res: 1.517350329712402941e-05
niter: 1327 Res: 1.537745317373051765e-05
niter: 1328 Res: 1.555623221779812664e-05
niter: 1329 Res: 1.570691107111071689e-05
niter: 1330 Res: 1.582740633578412812e-05
niter: 1331 Res: 1.591531468021346564e-05
niter: 1332 Res: 1.596941160366246171e-05
niter: 1333 Res: 1.598779812343391435e-05
niter: 1334 Res: 1.597026166962799360e-05
niter: 1335 Res: 1.591858356918324747e-05
niter: 1336 Res: 1.583449915639991695e-05
niter: 1337 Res: 1.571715453157918881e-05
niter: 1338 Res: 1.556562581140133461e-05
niter: 1339 Res: 1.537877985256778419e-05
niter: 1340 Res: 1.515969479428334888e-05
niter: 1341 Res: 1.490908133511695477e-05
niter: 1342 Res: 1.462656412887791933e-05
niter: 1343 Res: 1.431592601878511797e-05
niter: 1344 Res: 1.397907784810256703e-05
niter: 1345 Res: 1.361823760099175396e-05
niter: 1346 Res: 1.323616365351873883e-05
niter: 1347 Res: 1.283557605185589294e-05
niter: 1348 Res: 1.241916267775689812e-05
niter: 1349 Res: 1.199188780564247791e-05
niter: 1350 Res: 1.155460640639737961e-05
niter: 1351 Res: 1.111010834213093999e-05
niter: 1352 Res: 1.065906897193628008e-05
niter: 1353 Res: 1.020959337520761693e-05
niter: 1354 Res: 9.765634536911237264e-06
niter: 1355 Res: 9.329734446645979962e-06
niter: 1356 Res: 8.907520360318984992e-06
niter: 1357 Res: 8.500710855320665367e-06
niter: 1358 Res: 8.117454900230072868e-06
niter: 1359 Res: 7.762152376850311834e-06
niter: 1360 Res: 7.438439085222945865e-06
niter: 1361 Res: 7.154217930467743952e-06
niter: 1362 Res: 6.914780007562226015e-06
niter: 1363 Res: 6.728474539382768371e-06
niter: 1364 Res: 6.593982512906509882e-06
niter: 1365 Res: 6.511819728572974219e-06
niter: 1366 Res: 6.480610962952314910e-06
niter: 1367 Res: 6.498437125285209759e-06
niter: 1368 Res: 6.550598617607241281e-06
niter: 1369 Res: 6.637919242322116181e-06
niter: 1370 Res: 6.754441470877705654e-06
niter: 1371 Res: 6.893363687309905666e-06
niter: 1372 Res: 7.053634312113244556e-06
niter: 1373 Res: 7.213056567355858994e-06
niter: 1374 Res: 7.383911180061612377e-06
niter: 1375 Res: 7.558743685836785662e-06
niter: 1376 Res: 7.723463556446714354e-06
niter: 1377 Res: 7.880152935410120234e-06
niter: 1378 Res: 8.030640573080779346e-06
niter: 1379 Res: 8.171053036479019045e-06
niter: 1380 Res: 8.303677275853680939e-06
niter: 1381 Res: 8.428598446243374320e-06
niter: 1382 Res: 8.536048031150724800e-06
niter: 1383 Res: 8.629758390628801672e-06
niter: 1384 Res: 8.703362602570608871e-06
niter: 1385 Res: 8.753714275276060686e-06
niter: 1386 Res: 8.782951247431952378e-06
niter: 1387 Res: 8.787181380421264342e-06
niter: 1388 Res: 8.773757918588438647e-06
niter: 1389 Res: 8.736722402384814991e-06
niter: 1390 Res: 8.678736069813228595e-06
niter: 1391 Res: 8.598257817498346000e-06
niter: 1392 Res: 8.498500036030181217e-06
niter: 1393 Res: 8.383334523736593228e-06
niter: 1394 Res: 8.250805931955978615e-06
niter: 1395 Res: 8.103289837541125589e-06
niter: 1396 Res: 7.940500089240583870e-06
niter: 1397 Res: 7.769446773479704238e-06
niter: 1398 Res: 7.584687392348335093e-06
niter: 1399 Res: 7.392659781537279852e-06
niter: 1400 Res: 7.189798075717195580e-06
niter: 1401 Res: 6.978439022960915109e-06
niter: 1402 Res: 6.755510820582587378e-06
niter: 1403 Res: 6.530735555681425634e-06
niter: 1404 Res: 6.308845765045790124e-06
niter: 1405 Res: 6.094649438272711611e-06
niter: 1406 Res: 5.893075151348890037e-06
niter: 1407 Res: 5.705180006399145350e-06
niter: 1408 Res: 5.533330304790421343e-06
niter: 1409 Res: 5.363585422264486505e-06
niter: 1410 Res: 5.217328936853192510e-06
niter: 1411 Res: 5.093254929347737825e-06
niter: 1412 Res: 4.988033147414815326e-06
niter: 1413 Res: 4.899497298148703831e-06
niter: 1414 Res: 4.824273108191896993e-06
niter: 1415 Res: 4.762930268113637795e-06
niter: 1416 Res: 4.711508137825480928e-06
niter: 1417 Res: 4.671061466316244651e-06
niter: 1418 Res: 4.643185649548836482e-06
niter: 1419 Res: 4.624307391926588981e-06
niter: 1420 Res: 4.605800499063796218e-06
niter: 1421 Res: 4.584489340070173060e-06
niter: 1422 Res: 4.573439824928413073e-06
niter: 1423 Res: 4.570011916274174294e-06
niter: 1424 Res: 4.576988775305808555e-06
niter: 1425 Res: 4.597318318117875403e-06
niter: 1426 Res: 4.622970142951799848e-06
niter: 1427 Res: 4.655881133838677635e-06
niter: 1428 Res: 4.698964119153839180e-06
niter: 1429 Res: 4.752972694254076329e-06
niter: 1430 Res: 4.801992713175348601e-06
niter: 1431 Res: 4.843344895687385639e-06
niter: 1432 Res: 4.875626523895985659e-06
niter: 1433 Res: 4.900808477127788356e-06
niter: 1434 Res: 4.903044224391001227e-06
niter: 1435 Res: 4.898336301338302884e-06
niter: 1436 Res: 4.882582723568142017e-06
niter: 1437 Res: 4.850679994967309138e-06
niter: 1438 Res: 4.805304392198031452e-06
niter: 1439 Res: 4.751150891521040651e-06
niter: 1440 Res: 4.694313977092966399e-06
niter: 1441 Res: 4.636498038533770805e-06
niter: 1442 Res: 4.573807643194433903e-06
niter: 1443 Res: 4.507295240652253187e-06
niter: 1444 Res: 4.446489549826617553e-06
niter: 1445 Res: 4.384808009425778552e-06
niter: 1446 Res: 4.318573220628698649e-06
niter: 1447 Res: 4.264490758906610845e-06
niter: 1448 Res: 4.217340515035151820e-06
niter: 1449 Res: 4.171153322898049588e-06
niter: 1450 Res: 4.131403904827403518e-06
niter: 1451 Res: 4.099750089096470924e-06
niter: 1452 Res: 4.077919201953756600e-06
niter: 1453 Res: 4.061409061629649066e-06
niter: 1454 Res: 4.055268559206459976e-06
niter: 1455 Res: 4.059242940656081593e-06
niter: 1456 Res: 4.069177160455460720e-06
niter: 1457 Res: 4.089114159336364154e-06
niter: 1458 Res: 4.114057152574187250e-06
niter: 1459 Res: 4.141147526694398318e-06
niter: 1460 Res: 4.167703426404834597e-06
niter: 1461 Res: 4.192279208351908773e-06
niter: 1462 Res: 4.216973976143883863e-06
niter: 1463 Res: 4.236545769552456401e-06
niter: 1464 Res: 4.258733686697186886e-06
niter: 1465 Res: 4.278923800995775913e-06
niter: 1466 Res: 4.303078506590893674e-06
niter: 1467 Res: 4.325740614418564810e-06
niter: 1468 Res: 4.345349071360420514e-06
niter: 1469 Res: 4.368539356028692196e-06
niter: 1470 Res: 4.395141100522374616e-06
niter: 1471 Res: 4.418633988342831902e-06
niter: 1472 Res: 4.439610774511854529e-06
niter: 1473 Res: 4.455452256354947860e-06
niter: 1474 Res: 4.465613674548097566e-06
niter: 1475 Res: 4.473435737452084097e-06
niter: 1476 Res: 4.477078425429659861e-06
niter: 1477 Res: 4.468862590762027825e-06
niter: 1478 Res: 4.453408439054450892e-06
niter: 1479 Res: 4.428368589571515270e-06
niter: 1480 Res: 4.398343657054782876e-06
niter: 1481 Res: 4.352108810147702849e-06
niter: 1482 Res: 4.299461032277267102e-06
niter: 1483 Res: 4.248550470029184071e-06
niter: 1484 Res: 4.179239788154558590e-06
niter: 1485 Res: 4.112112543235848125e-06
niter: 1486 Res: 4.050640656206415058e-06
niter: 1487 Res: 3.990888526422594343e-06
niter: 1488 Res: 3.911738997515528043e-06
niter: 1489 Res: 3.834707605979604038e-06
niter: 1490 Res: 3.761016890228187009e-06
niter: 1491 Res: 3.701388468896264971e-06
niter: 1492 Res: 3.636737285961153158e-06
niter: 1493 Res: 3.574821467674708441e-06
niter: 1494 Res: 3.521415979142529720e-06
niter: 1495 Res: 3.468067709266326593e-06
niter: 1496 Res: 3.419300730424417214e-06
niter: 1497 Res: 3.381590848617908622e-06
niter: 1498 Res: 3.354900477911596963e-06
niter: 1499 Res: 3.350466979770138142e-06
niter: 1500 Res: 3.352335473295805825e-06
niter: 1501 Res: 3.370239683001094363e-06
niter: 1502 Res: 3.374541251877948670e-06
niter: 1503 Res: 3.412128207463272656e-06
niter: 1504 Res: 3.437878538831826603e-06
niter: 1505 Res: 3.489247295093272431e-06
niter: 1506 Res: 3.544556852683716617e-06
niter: 1507 Res: 3.612027338368298141e-06
niter: 1508 Res: 3.666505786956688126e-06
niter: 1509 Res: 3.713675470009756414e-06
niter: 1510 Res: 3.772891403714527942e-06
niter: 1511 Res: 3.811929420357565935e-06
niter: 1512 Res: 3.864876175602073260e-06
niter: 1513 Res: 3.905737065030573469e-06
niter: 1514 Res: 3.957819081540233069e-06
niter: 1515 Res: 4.007647029983190733e-06
niter: 1516 Res: 4.052832307067847298e-06
niter: 1517 Res: 4.088865026562869396e-06
niter: 1518 Res: 4.114482135904139323e-06
niter: 1519 Res: 4.129538680894782459e-06
niter: 1520 Res: 4.138546928809945012e-06
niter: 1521 Res: 4.136775141417901775e-06
niter: 1522 Res: 4.131913085333249992e-06
niter: 1523 Res: 4.117463698696213853e-06
niter: 1524 Res: 4.099334287419389141e-06
niter: 1525 Res: 4.067611932121697782e-06
niter: 1526 Res: 4.020616526857419382e-06
niter: 1527 Res: 3.968274814116247745e-06
niter: 1528 Res: 3.906744717426170770e-06
niter: 1529 Res: 3.846698443421887118e-06
niter: 1530 Res: 3.778221310351350220e-06
niter: 1531 Res: 3.702374076667533849e-06
niter: 1532 Res: 3.621571918824058203e-06
niter: 1533 Res: 3.538722094641534276e-06
niter: 1534 Res: 3.456486124702025061e-06
niter: 1535 Res: 3.370745993921992452e-06
niter: 1536 Res: 3.283140604435650509e-06
niter: 1537 Res: 3.189890712463893184e-06
niter: 1538 Res: 3.106034627259784081e-06
niter: 1539 Res: 3.017560524629320993e-06
niter: 1540 Res: 2.927544251588139481e-06
niter: 1541 Res: 2.849350041207738772e-06
niter: 1542 Res: 2.764007383153386995e-06
niter: 1543 Res: 2.667146262331164627e-06
niter: 1544 Res: 2.568383895788806176e-06
niter: 1545 Res: 2.468807531732488132e-06
niter: 1546 Res: 2.370299185829802495e-06
niter: 1547 Res: 2.279727103090940123e-06
niter: 1548 Res: 2.206100158011163344e-06
niter: 1549 Res: 2.125459148346456230e-06
niter: 1550 Res: 2.076406065816582552e-06
niter: 1551 Res: 2.024068451233865623e-06
niter: 1552 Res: 2.018822797988073730e-06
niter: 1553 Res: 2.014898464484171983e-06
niter: 1554 Res: 2.028838110740098771e-06
niter: 1555 Res: 2.046541490903099076e-06
niter: 1556 Res: 2.075129935994022495e-06
niter: 1557 Res: 2.120807745163047618e-06
niter: 1558 Res: 2.179746232739919765e-06
niter: 1559 Res: 2.241972046592787870e-06
niter: 1560 Res: 2.307165121787628954e-06
niter: 1561 Res: 2.359159008937426780e-06
niter: 1562 Res: 2.424431594290110555e-06
niter: 1563 Res: 2.466036676315724157e-06
niter: 1564 Res: 2.501877153741771901e-06
niter: 1565 Res: 2.519977596742261806e-06
niter: 1566 Res: 2.534694535333128139e-06
niter: 1567 Res: 2.558909210588667068e-06
niter: 1568 Res: 2.564413723060691900e-06
niter: 1569 Res: 2.568584773607244688e-06
niter: 1570 Res: 2.576026140246129080e-06
niter: 1571 Res: 2.588554483666630425e-06
niter: 1572 Res: 2.594004981374209657e-06
niter: 1573 Res: 2.610064022814336991e-06
niter: 1574 Res: 2.618447788105420788e-06
niter: 1575 Res: 2.640183384966843655e-06
niter: 1576 Res: 2.631897807019926809e-06
niter: 1577 Res: 2.634821958348812390e-06
niter: 1578 Res: 2.641749907582364303e-06
niter: 1579 Res: 2.622814195746748947e-06
niter: 1580 Res: 2.612051508948564045e-06
niter: 1581 Res: 2.595683563078705634e-06
niter: 1582 Res: 2.591815790534443702e-06
niter: 1583 Res: 2.568031589339238754e-06
niter: 1584 Res: 2.543750175242144588e-06
niter: 1585 Res: 2.512927257944783718e-06
niter: 1586 Res: 2.470936483270001304e-06
niter: 1587 Res: 2.435417530668476569e-06
niter: 1588 Res: 2.388916105312326868e-06
niter: 1589 Res: 2.342335529629914292e-06
niter: 1590 Res: 2.299477054790761321e-06
niter: 1591 Res: 2.263008565880107700e-06
niter: 1592 Res: 2.206957685540254055e-06
niter: 1593 Res: 2.144295505005851784e-06
niter: 1594 Res: 2.073451699475871101e-06
niter: 1595 Res: 1.997237877894769379e-06
niter: 1596 Res: 1.919200469160241786e-06
niter: 1597 Res: 1.848913804877072003e-06
niter: 1598 Res: 1.775139037176743800e-06
niter: 1599 Res: 1.710048991806478369e-06
niter: 1600 Res: 1.654849971386730388e-06
niter: 1601 Res: 1.596959716901212460e-06
niter: 1602 Res: 1.535074438017667783e-06
niter: 1603 Res: 1.455643970937980706e-06
niter: 1604 Res: 1.392289605421476479e-06
niter: 1605 Res: 1.315343189036895695e-06
niter: 1606 Res: 1.258198736670841357e-06
niter: 1607 Res: 1.198879396501102235e-06
niter: 1608 Res: 1.137774338334922985e-06
niter: 1609 Res: 1.115519400411143671e-06
niter: 1610 Res: 1.094902068928031083e-06
niter: 1611 Res: 1.094552157837187308e-06
niter: 1612 Res: 1.107434215495454877e-06
niter: 1613 Res: 1.115030765931691794e-06
niter: 1614 Res: 1.099609134507322886e-06
niter: 1615 Res: 1.111984313818163798e-06
niter: 1616 Res: 1.159924246110616120e-06
niter: 1617 Res: 1.148377995418487847e-06
niter: 1618 Res: 1.146371016342472408e-06
niter: 1619 Res: 1.137000759369209357e-06
niter: 1620 Res: 1.154268500011538690e-06
niter: 1621 Res: 1.155440941944829413e-06
niter: 1622 Res: 1.172341970330595239e-06
niter: 1623 Res: 1.179127257083021458e-06
niter: 1624 Res: 1.234049608318707710e-06
niter: 1625 Res: 1.260270050495462411e-06
niter: 1626 Res: 1.219104169478617753e-06
niter: 1627 Res: 1.221540357875432311e-06
niter: 1628 Res: 1.202696977355422524e-06
niter: 1629 Res: 1.218846749398692848e-06
niter: 1630 Res: 1.220738639886498221e-06
niter: 1631 Res: 1.223301621451494878e-06
niter: 1632 Res: 1.220924317330407058e-06
niter: 1633 Res: 1.212375818679879020e-06
niter: 1634 Res: 1.176544935933783872e-06
niter: 1635 Res: 1.136634140438845246e-06
niter: 1636 Res: 1.106218826470851631e-06
niter: 1637 Res: 1.091012502228004379e-06
niter: 1638 Res: 1.062940505866673199e-06
niter: 1639 Res: 1.035647017954491853e-06
niter: 1640 Res: 1.012040684401780968e-06
niter: 1641 Res: 9.570288191662312133e-07
niter: 1642 Res: 9.366201498666772194e-07
niter: 1643 Res: 9.003940293584363201e-07
niter: 1644 Res: 8.864648976782274740e-07
niter: 1645 Res: 8.667445916764494803e-07
niter: 1646 Res: 8.231426060954224714e-07
niter: 1647 Res: 7.754256875232122788e-07
niter: 1648 Res: 7.812272876581490671e-07
niter: 1649 Res: 7.771191411427002963e-07
niter: 1650 Res: 7.799504059385710892e-07
niter: 1651 Res: 7.784661638713906632e-07
niter: 1652 Res: 7.574745911237190056e-07
niter: 1653 Res: 7.541558951824997168e-07
niter: 1654 Res: 7.411029218841657006e-07
niter: 1655 Res: 7.432938136126694609e-07
niter: 1656 Res: 7.493639425164822975e-07
niter: 1657 Res: 7.571668212077480178e-07
niter: 1658 Res: 7.496073499545983682e-07
niter: 1659 Res: 7.377126555418394612e-07
niter: 1660 Res: 7.427669555545075699e-07
niter: 1661 Res: 7.338023886069084769e-07
niter: 1662 Res: 7.394531004271296940e-07
niter: 1663 Res: 7.183290343906808615e-07
niter: 1664 Res: 7.110381832365847389e-07
niter: 1665 Res: 7.114530382331167983e-07
niter: 1666 Res: 7.129199507159109082e-07
niter: 1667 Res: 7.012937716093772301e-07
niter: 1668 Res: 7.009608117939281920e-07
niter: 1669 Res: 7.006201715444320361e-07
niter: 1670 Res: 7.013970646737739572e-07
niter: 1671 Res: 7.007014070572322589e-07
niter: 1672 Res: 6.997471752148391854e-07
niter: 1673 Res: 6.989891882857519185e-07
Converged 
