2D Euler Solver: Node-Centered Finite-Volume-Method
Numerical Flux: 2D Roe flux with an entropy fix
Order of Accuracy: 1

Mesh Parameters:
Number of Elements: 400
Number of Interior Edges: 566
Number of Boundary Edges: 68

****************************************
           Simulation Start             
****************************************
niter: 1 Res: 7.097808905138014435e-01
niter: 2 Res: 5.133464932572612271e-01
niter: 3 Res: 4.223948923933629196e-01
niter: 4 Res: 3.665715318868302264e-01
niter: 5 Res: 3.433431191758998247e-01
niter: 6 Res: 3.204886204034310127e-01
niter: 7 Res: 3.029475161456401944e-01
niter: 8 Res: 2.881107379737776197e-01
niter: 9 Res: 2.725896239034095725e-01
niter: 10 Res: 2.591943094443090456e-01
niter: 11 Res: 2.487440783769370722e-01
niter: 12 Res: 2.396894954142484435e-01
niter: 13 Res: 2.313465487415776178e-01
niter: 14 Res: 2.238619986932449679e-01
niter: 15 Res: 2.170318542972338449e-01
niter: 16 Res: 2.102881491800254743e-01
niter: 17 Res: 2.033504478420410655e-01
niter: 18 Res: 1.964431498741458226e-01
niter: 19 Res: 1.899998578874615429e-01
niter: 20 Res: 1.843147093552228166e-01
niter: 21 Res: 1.794391934047320780e-01
niter: 22 Res: 1.752591423014125682e-01
niter: 23 Res: 1.716042326028970055e-01
niter: 24 Res: 1.683021662753651504e-01
niter: 25 Res: 1.651978898467401646e-01
niter: 26 Res: 1.621724205673949482e-01
niter: 27 Res: 1.591564150306028769e-01
niter: 28 Res: 1.561272212337982412e-01
niter: 29 Res: 1.531023183517112862e-01
niter: 30 Res: 1.501430013176636991e-01
niter: 31 Res: 1.473601234349610767e-01
niter: 32 Res: 1.449023778172129906e-01
niter: 33 Res: 1.429202269439423245e-01
niter: 34 Res: 1.415166906120335633e-01
niter: 35 Res: 1.407061456652378972e-01
niter: 36 Res: 1.403995872101370113e-01
niter: 37 Res: 1.404207789592828159e-01
niter: 38 Res: 1.405462986825547489e-01
niter: 39 Res: 1.405520786993414706e-01
niter: 40 Res: 1.402538575551991462e-01
niter: 41 Res: 1.395319006936899531e-01
niter: 42 Res: 1.383412277159342396e-01
niter: 43 Res: 1.367098112964936218e-01
niter: 44 Res: 1.347282534801038656e-01
niter: 45 Res: 1.325325061538005222e-01
niter: 46 Res: 1.302803309034707424e-01
niter: 47 Res: 1.281217270318601720e-01
niter: 48 Res: 1.261665481513309373e-01
niter: 49 Res: 1.244565733295289606e-01
niter: 50 Res: 1.229513915822634668e-01
niter: 51 Res: 1.215344713805132371e-01
niter: 52 Res: 1.200387403610011366e-01
niter: 53 Res: 1.182835175333517008e-01
niter: 54 Res: 1.161107507672283073e-01
niter: 55 Res: 1.134115151551900458e-01
niter: 56 Res: 1.101392737305938035e-01
niter: 57 Res: 1.063115147957154061e-01
niter: 58 Res: 1.020040560427006859e-01
niter: 59 Res: 9.734221914099261408e-02
niter: 60 Res: 9.249135501041234886e-02
niter: 61 Res: 8.764688593868014133e-02
niter: 62 Res: 8.302233240573007877e-02
niter: 63 Res: 7.883318760263581526e-02
niter: 64 Res: 7.527551362057750828e-02
niter: 65 Res: 7.250054811709231994e-02
niter: 66 Res: 7.059099726399720165e-02
niter: 67 Res: 6.954701374381960788e-02
niter: 68 Res: 6.928847799816137409e-02
niter: 69 Res: 6.967327994456358475e-02
niter: 70 Res: 7.052433100705099434e-02
niter: 71 Res: 7.165612679503158278e-02
niter: 72 Res: 7.289425700486514004e-02
niter: 73 Res: 7.408726166267008695e-02
niter: 74 Res: 7.511225298025391017e-02
niter: 75 Res: 7.587689555547548481e-02
niter: 76 Res: 7.631966998713446415e-02
niter: 77 Res: 7.640862601277419175e-02
niter: 78 Res: 7.613962903774844360e-02
niter: 79 Res: 7.553278786309548798e-02
niter: 80 Res: 7.462689237623208738e-02
niter: 81 Res: 7.347257317258791554e-02
niter: 82 Res: 7.212502283680860549e-02
niter: 83 Res: 7.063709843489450468e-02
niter: 84 Res: 6.905434367253553141e-02
niter: 85 Res: 6.741269615449785313e-02
niter: 86 Res: 6.573869215438510327e-02
niter: 87 Res: 6.405159556753675654e-02
niter: 88 Res: 6.236636536279802079e-02
niter: 89 Res: 6.069670360336724968e-02
niter: 90 Res: 5.905755538811724437e-02
niter: 91 Res: 5.746668028953425683e-02
niter: 92 Res: 5.594529918090104803e-02
niter: 93 Res: 5.451811095366868726e-02
niter: 94 Res: 5.321206467524967898e-02
niter: 95 Res: 5.205501102441279643e-02
niter: 96 Res: 5.107400699279435879e-02
niter: 97 Res: 5.029341905895497872e-02
niter: 98 Res: 4.973295868479220283e-02
niter: 99 Res: 4.940570116176822707e-02
niter: 100 Res: 4.931645885662104545e-02
niter: 101 Res: 4.946072639448507308e-02
niter: 102 Res: 4.982439098432602659e-02
niter: 103 Res: 5.038427011977836961e-02
niter: 104 Res: 5.110960617061802852e-02
niter: 105 Res: 5.196416765759637180e-02
niter: 106 Res: 5.290899436997398286e-02
niter: 107 Res: 5.390493922249157271e-02
niter: 108 Res: 5.491558707042513282e-02
niter: 109 Res: 5.590938483702217326e-02
niter: 110 Res: 5.686091581429465053e-02
niter: 111 Res: 5.775141901867996558e-02
niter: 112 Res: 5.856858144086872497e-02
niter: 113 Res: 5.930561802148686529e-02
niter: 114 Res: 5.996014844524327064e-02
niter: 115 Res: 6.053283233648797113e-02
niter: 116 Res: 6.102597629835090909e-02
niter: 117 Res: 6.144227771015375178e-02
niter: 118 Res: 6.178380839276939596e-02
niter: 119 Res: 6.205149855341288156e-02
niter: 120 Res: 6.224510252048329889e-02
niter: 121 Res: 6.236347828919383551e-02
niter: 122 Res: 6.240505734634427953e-02
niter: 123 Res: 6.236826965493885711e-02
niter: 124 Res: 6.225185082348366067e-02
niter: 125 Res: 6.205496510545006200e-02
niter: 126 Res: 6.177721399019357740e-02
niter: 127 Res: 6.141859529944985324e-02
niter: 128 Res: 6.097944916651289876e-02
niter: 129 Res: 6.046040627289665792e-02
niter: 130 Res: 5.986234707538808791e-02
niter: 131 Res: 5.918643603733311775e-02
niter: 132 Res: 5.843431716284760991e-02
niter: 133 Res: 5.760842673943636361e-02
niter: 134 Res: 5.671231105547208662e-02
niter: 135 Res: 5.575075763155643016e-02
niter: 136 Res: 5.472957916225132391e-02
niter: 137 Res: 5.365502338707679730e-02
niter: 138 Res: 5.253301223644037121e-02
niter: 139 Res: 5.136854628313572424e-02
niter: 140 Res: 5.016563102999906099e-02
niter: 141 Res: 4.892781269515278364e-02
niter: 142 Res: 4.765917963910784594e-02
niter: 143 Res: 4.636516143380212118e-02
niter: 144 Res: 4.505297610596858265e-02
niter: 145 Res: 4.373162847865286196e-02
niter: 146 Res: 4.241140590258399290e-02
niter: 147 Res: 4.110328840476899087e-02
niter: 148 Res: 3.981860322235929867e-02
niter: 149 Res: 3.856921188477559215e-02
niter: 150 Res: 3.736780131025307927e-02
niter: 151 Res: 3.622807480605361868e-02
niter: 152 Res: 3.516457591204039806e-02
niter: 153 Res: 3.419200421793015809e-02
niter: 154 Res: 3.332414269170849708e-02
niter: 155 Res: 3.257268165288850631e-02
niter: 156 Res: 3.194608174417105928e-02
niter: 157 Res: 3.144868127807824015e-02
niter: 158 Res: 3.108016168713245014e-02
niter: 159 Res: 3.083533670963535533e-02
niter: 160 Res: 3.070430580426342440e-02
niter: 161 Res: 3.067293883379906827e-02
niter: 162 Res: 3.072365633242169977e-02
niter: 163 Res: 3.083643050144953268e-02
niter: 164 Res: 3.098992384820271895e-02
niter: 165 Res: 3.116264288750266939e-02
niter: 166 Res: 3.133398005557687382e-02
niter: 167 Res: 3.148511189744185312e-02
niter: 168 Res: 3.159970652419064746e-02
niter: 169 Res: 3.166439895188043890e-02
niter: 170 Res: 3.166918184306244388e-02
niter: 171 Res: 3.160752712085194288e-02
niter: 172 Res: 3.147638767800996218e-02
niter: 173 Res: 3.127609213629341245e-02
niter: 174 Res: 3.101014142246509911e-02
niter: 175 Res: 3.068492741070407565e-02
niter: 176 Res: 3.030937818091239064e-02
niter: 177 Res: 2.989453907209207312e-02
niter: 178 Res: 2.945307976146199769e-02
niter: 179 Res: 2.899876562481878972e-02
niter: 180 Res: 2.854585326798798200e-02
niter: 181 Res: 2.810851356595598510e-02
niter: 182 Res: 2.770022832954938119e-02
niter: 183 Res: 2.733324466871447575e-02
niter: 184 Res: 2.701808940711535392e-02
niter: 185 Res: 2.676321777259799486e-02
niter: 186 Res: 2.657477910336143029e-02
niter: 187 Res: 2.645652199789113798e-02
niter: 188 Res: 2.640984106890651578e-02
niter: 189 Res: 2.643396571427068104e-02
niter: 190 Res: 2.652619930398645437e-02
niter: 191 Res: 2.668224055964665831e-02
niter: 192 Res: 2.689652566929218516e-02
niter: 193 Res: 2.716256418540045556e-02
niter: 194 Res: 2.747324107442825764e-02
niter: 195 Res: 2.782106857924860135e-02
niter: 196 Res: 2.819840555090540393e-02
niter: 197 Res: 2.859761376673035718e-02
niter: 198 Res: 2.901118024067186885e-02
niter: 199 Res: 2.943181287360497125e-02
niter: 200 Res: 2.985250215585443651e-02
niter: 201 Res: 3.026659924614441555e-02
niter: 202 Res: 3.066787361966735390e-02
niter: 203 Res: 3.105054002540900623e-02
niter: 204 Res: 3.140928797573652037e-02
niter: 205 Res: 3.173930602450691224e-02
niter: 206 Res: 3.203629326083275164e-02
niter: 207 Res: 3.229648100682742939e-02
niter: 208 Res: 3.251662996169375069e-02
niter: 209 Res: 3.269403157313876401e-02
niter: 210 Res: 3.282650607546144794e-02
niter: 211 Res: 3.291239863923516029e-02
niter: 212 Res: 3.295057522187409133e-02
niter: 213 Res: 3.294042189975662088e-02
niter: 214 Res: 3.288183558304933612e-02
niter: 215 Res: 3.277522486243916039e-02
niter: 216 Res: 3.262150271317049849e-02
niter: 217 Res: 3.242208076524027288e-02
niter: 218 Res: 3.217886403243622184e-02
niter: 219 Res: 3.189424341837500398e-02
niter: 220 Res: 3.157108233027518251e-02
niter: 221 Res: 3.121269911581352197e-02
niter: 222 Res: 3.082285036095783540e-02
niter: 223 Res: 3.040570196969605288e-02
niter: 224 Res: 2.996579101352241439e-02
niter: 225 Res: 2.950797907019659869e-02
niter: 226 Res: 2.903739843731446141e-02
niter: 227 Res: 2.855937887094503122e-02
niter: 228 Res: 2.807939171832631031e-02
niter: 229 Res: 2.760293589323999097e-02
niter: 230 Res: 2.713543671500951923e-02
niter: 231 Res: 2.668214794982559299e-02
niter: 232 Res: 2.624802312123237710e-02
niter: 233 Res: 2.583759308230194202e-02
niter: 234 Res: 2.545484222246796949e-02
niter: 235 Res: 2.510309596872336430e-02
niter: 236 Res: 2.478491753125297917e-02
niter: 237 Res: 2.450204620674771572e-02
niter: 238 Res: 2.425535166366069376e-02
niter: 239 Res: 2.404481769075234379e-02
niter: 240 Res: 2.386956589769258577e-02
niter: 241 Res: 2.372791758991367808e-02
niter: 242 Res: 2.361748544104558603e-02
niter: 243 Res: 2.353529223972375406e-02
niter: 244 Res: 2.347790482173067739e-02
niter: 245 Res: 2.344157604334904527e-02
niter: 246 Res: 2.342238526855289910e-02
niter: 247 Res: 2.341637025149012619e-02
niter: 248 Res: 2.341964442922584225e-02
niter: 249 Res: 2.342849509142926057e-02
niter: 250 Res: 2.343946040323318172e-02
niter: 251 Res: 2.344938465277226006e-02
niter: 252 Res: 2.345545261245440827e-02
niter: 253 Res: 2.345520515747143847e-02
niter: 254 Res: 2.344653771376074142e-02
niter: 255 Res: 2.342768570750058607e-02
niter: 256 Res: 2.339720020274827644e-02
niter: 257 Res: 2.335391619947560504e-02
niter: 258 Res: 2.329691629377021039e-02
niter: 259 Res: 2.322549421762160754e-02
niter: 260 Res: 2.313911781370050005e-02
niter: 261 Res: 2.303739501234213297e-02
niter: 262 Res: 2.292004481514308550e-02
niter: 263 Res: 2.278687372608448683e-02
niter: 264 Res: 2.263775842016824136e-02
niter: 265 Res: 2.247263496676218941e-02
niter: 266 Res: 2.229149436654270094e-02
niter: 267 Res: 2.209438390858845316e-02
niter: 268 Res: 2.188141358692061861e-02
niter: 269 Res: 2.165276655573221062e-02
niter: 270 Res: 2.140871241958160198e-02
niter: 271 Res: 2.114962214668523327e-02
niter: 272 Res: 2.087598298814096268e-02
niter: 273 Res: 2.058841258552326914e-02
niter: 274 Res: 2.028767080076358462e-02
niter: 275 Res: 1.997466830704295107e-02
niter: 276 Res: 1.965047111518963482e-02
niter: 277 Res: 1.931630032077408590e-02
niter: 278 Res: 1.897352678858316502e-02
niter: 279 Res: 1.862366021696631666e-02
niter: 280 Res: 1.826833280818354610e-02
niter: 281 Res: 1.790927780373593320e-02
niter: 282 Res: 1.754830323874428250e-02
niter: 283 Res: 1.718726161146268833e-02
niter: 284 Res: 1.682801650366352875e-02
niter: 285 Res: 1.647240702266682122e-02
niter: 286 Res: 1.612221150312824480e-02
niter: 287 Res: 1.577911199196591063e-02
niter: 288 Res: 1.544466097054678251e-02
niter: 289 Res: 1.512025179006093629e-02
niter: 290 Res: 1.480709442840817160e-02
niter: 291 Res: 1.450619778810083998e-02
niter: 292 Res: 1.421835957763188489e-02
niter: 293 Res: 1.394416423581076175e-02
niter: 294 Res: 1.368398896981060792e-02
niter: 295 Res: 1.343801776747613821e-02
niter: 296 Res: 1.320626210932482857e-02
niter: 297 Res: 1.298858680244522647e-02
niter: 298 Res: 1.278473966653693485e-02
niter: 299 Res: 1.259438298374265450e-02
niter: 300 Res: 1.241712459399936519e-02
niter: 301 Res: 1.225254680038797249e-02
niter: 302 Res: 1.210023194450542128e-02
niter: 303 Res: 1.195978296050525906e-02
niter: 304 Res: 1.183083853831723431e-02
niter: 305 Res: 1.171308268490570820e-02
niter: 306 Res: 1.160624888223871394e-02
niter: 307 Res: 1.151011939424854275e-02
niter: 308 Res: 1.142452066751767012e-02
niter: 309 Res: 1.134931616879277134e-02
niter: 310 Res: 1.128439737950703847e-02
niter: 311 Res: 1.122967434451138842e-02
niter: 312 Res: 1.118506676745217171e-02
niter: 313 Res: 1.115049642602181090e-02
niter: 314 Res: 1.112588145921733843e-02
niter: 315 Res: 1.111113277517163274e-02
niter: 316 Res: 1.110615250683537510e-02
niter: 317 Res: 1.111083452072819493e-02
niter: 318 Res: 1.112506649673270648e-02
niter: 319 Res: 1.114873254167839459e-02
niter: 320 Res: 1.118171609640503800e-02
niter: 321 Res: 1.122390233749702600e-02
niter: 322 Res: 1.127517955987613479e-02
niter: 323 Res: 1.133543906130575485e-02
niter: 324 Res: 1.140457356479488912e-02
niter: 325 Res: 1.148247312698040881e-02
niter: 326 Res: 1.156901973597673078e-02
niter: 327 Res: 1.166408036697028257e-02
niter: 328 Res: 1.176749861223912695e-02
niter: 329 Res: 1.187908567421628800e-02
niter: 330 Res: 1.199861118372241332e-02
niter: 331 Res: 1.212579436372783655e-02
niter: 332 Res: 1.226029607190237333e-02
niter: 333 Res: 1.240171217329070000e-02
niter: 334 Res: 1.254956861308452118e-02
niter: 335 Res: 1.270331843085019050e-02
niter: 336 Res: 1.286234081999407600e-02
niter: 337 Res: 1.302594230633046662e-02
niter: 338 Res: 1.319336020748120009e-02
niter: 339 Res: 1.336376781922581254e-02
niter: 340 Res: 1.353628119752574993e-02
niter: 341 Res: 1.370996744545000846e-02
niter: 342 Res: 1.388385409464255697e-02
niter: 343 Res: 1.405693930318204984e-02
niter: 344 Res: 1.422820253255429115e-02
niter: 345 Res: 1.439661543614619184e-02
niter: 346 Res: 1.456115270806507267e-02
niter: 347 Res: 1.472080269752364112e-02
niter: 348 Res: 1.487457759281244664e-02
niter: 349 Res: 1.502152300351829520e-02
niter: 350 Res: 1.516072681751826599e-02
niter: 351 Res: 1.529132724841827766e-02
niter: 352 Res: 1.541252001704588627e-02
niter: 353 Res: 1.552356463040929606e-02
niter: 354 Res: 1.562378973713383738e-02
niter: 355 Res: 1.571259755309807604e-02
niter: 356 Res: 1.578946736568861975e-02
niter: 357 Res: 1.585395822370107288e-02
niter: 358 Res: 1.590571060300433395e-02
niter: 359 Res: 1.594444727928979663e-02
niter: 360 Res: 1.596997348720156570e-02
niter: 361 Res: 1.598217629867898157e-02
niter: 362 Res: 1.598102334452515885e-02
niter: 363 Res: 1.596656093128600087e-02
niter: 364 Res: 1.593891159230036159e-02
niter: 365 Res: 1.589827112197563300e-02
niter: 366 Res: 1.584490514670469988e-02
niter: 367 Res: 1.577914528455118606e-02
niter: 368 Res: 1.570138494185553679e-02
niter: 369 Res: 1.561207479017205808e-02
niter: 370 Res: 1.551171796215322467e-02
niter: 371 Res: 1.540086500072601790e-02
niter: 372 Res: 1.528010859243436083e-02
niter: 373 Res: 1.515007807833230330e-02
niter: 374 Res: 1.501143389647124557e-02
niter: 375 Res: 1.486486182592789036e-02
niter: 376 Res: 1.471106711520921151e-02
niter: 377 Res: 1.455076854591174848e-02
niter: 378 Res: 1.438469241279599457e-02
niter: 379 Res: 1.421356636481517673e-02
niter: 380 Res: 1.403811378630976693e-02
niter: 381 Res: 1.385904792806301813e-02
niter: 382 Res: 1.367706591186452873e-02
niter: 383 Res: 1.349284311301257415e-02
niter: 384 Res: 1.330702787720280424e-02
niter: 385 Res: 1.312023652661554324e-02
niter: 386 Res: 1.293304873440380767e-02
niter: 387 Res: 1.274600335153638041e-02
niter: 388 Res: 1.255959477423985136e-02
niter: 389 Res: 1.237426993614654074e-02
niter: 390 Res: 1.219042597400619293e-02
niter: 391 Res: 1.200840860984010196e-02
niter: 392 Res: 1.182851128936281311e-02
niter: 393 Res: 1.165097510458852278e-02
niter: 394 Res: 1.147598951019318525e-02
niter: 395 Res: 1.130369380187074002e-02
niter: 396 Res: 1.113417940478001779e-02
niter: 397 Res: 1.096749280341172486e-02
niter: 398 Res: 1.080363911622380345e-02
niter: 399 Res: 1.064258621287768498e-02
niter: 400 Res: 1.048426927703070312e-02
niter: 401 Res: 1.032859569934609784e-02
niter: 402 Res: 1.017545018992508342e-02
niter: 403 Res: 1.002469999036021027e-02
niter: 404 Res: 9.876200073055473039e-03
niter: 405 Res: 9.729798220229618835e-03
niter: 406 Res: 9.585339883844140249e-03
niter: 407 Res: 9.442672738908827398e-03
niter: 408 Res: 9.301650855746695576e-03
niter: 409 Res: 9.162138430809511555e-03
niter: 410 Res: 9.024013030346517833e-03
niter: 411 Res: 8.887168316204683075e-03
niter: 412 Res: 8.751516237536179077e-03
niter: 413 Res: 8.616988685563176445e-03
niter: 414 Res: 8.483538620445698827e-03
niter: 415 Res: 8.351140689741189463e-03
niter: 416 Res: 8.219791366885297046e-03
niter: 417 Res: 8.089508645593180072e-03
niter: 418 Res: 7.960331332014115163e-03
niter: 419 Res: 7.832317980911494490e-03
niter: 420 Res: 7.705545499121379052e-03
niter: 421 Res: 7.580107517231451236e-03
niter: 422 Res: 7.456112634435396562e-03
niter: 423 Res: 7.333682434035124903e-03
niter: 424 Res: 7.212949332923108102e-03
niter: 425 Res: 7.094054434345083149e-03
niter: 426 Res: 6.977145384209910116e-03
niter: 427 Res: 6.862374247951753825e-03
niter: 428 Res: 6.749895441164721621e-03
niter: 429 Res: 6.639863752206858621e-03
niter: 430 Res: 6.532432491089648456e-03
niter: 431 Res: 6.427751726947226150e-03
niter: 432 Res: 6.325966847546668839e-03
niter: 433 Res: 6.227217123429397948e-03
niter: 434 Res: 6.131634391535515337e-03
niter: 435 Res: 6.039342018847847389e-03
niter: 436 Res: 5.950454046259578619e-03
niter: 437 Res: 5.865074491570678762e-03
niter: 438 Res: 5.783296792037746423e-03
niter: 439 Res: 5.705203381353362788e-03
niter: 440 Res: 5.630865397946634501e-03
niter: 441 Res: 5.560342564156286159e-03
niter: 442 Res: 5.493683012773265158e-03
niter: 443 Res: 5.430923406669715091e-03
niter: 444 Res: 5.372088997920312047e-03
niter: 445 Res: 5.317193795026321258e-03
niter: 446 Res: 5.266240803625767651e-03
niter: 447 Res: 5.219222314724969100e-03
niter: 448 Res: 5.176120238833660514e-03
niter: 449 Res: 5.136906483865529352e-03
niter: 450 Res: 5.101543368738946545e-03
niter: 451 Res: 5.069984050542496873e-03
niter: 452 Res: 5.042172966263204145e-03
niter: 453 Res: 5.018046302406492173e-03
niter: 454 Res: 4.997532500314570865e-03
niter: 455 Res: 4.980552795273123466e-03
niter: 456 Res: 4.967021781085965287e-03
niter: 457 Res: 4.956847969980348115e-03
niter: 458 Res: 4.949934403931123376e-03
niter: 459 Res: 4.946179257753055211e-03
niter: 460 Res: 4.945476399501078785e-03
niter: 461 Res: 4.947715947828429557e-03
niter: 462 Res: 4.952784823912241390e-03
niter: 463 Res: 4.960567296485022225e-03
niter: 464 Res: 4.970945503484252605e-03
niter: 465 Res: 4.983799946197751789e-03
niter: 466 Res: 4.999009952589151227e-03
niter: 467 Res: 5.016454106374855157e-03
niter: 468 Res: 5.036010638432227710e-03
niter: 469 Res: 5.057557777509909605e-03
niter: 470 Res: 5.080974057849093825e-03
niter: 471 Res: 5.106138582076573222e-03
niter: 472 Res: 5.132931238575176407e-03
niter: 473 Res: 5.161232873424301607e-03
niter: 474 Res: 5.190925409293604964e-03
niter: 475 Res: 5.221891937302961147e-03
niter: 476 Res: 5.254016773604955511e-03
niter: 477 Res: 5.287185464371026676e-03
niter: 478 Res: 5.321284760612710746e-03
niter: 479 Res: 5.356202567258210902e-03
niter: 480 Res: 5.391827871507201553e-03
niter: 481 Res: 5.428050655153318117e-03
niter: 482 Res: 5.464761796739768182e-03
niter: 483 Res: 5.501852969373461494e-03
niter: 484 Res: 5.539216539860101519e-03
niter: 485 Res: 5.576745474585754515e-03
niter: 486 Res: 5.614333257334709962e-03
niter: 487 Res: 5.651873823906525436e-03
niter: 488 Res: 5.689261517965484884e-03
niter: 489 Res: 5.726391072034362796e-03
niter: 490 Res: 5.763157616925767938e-03
niter: 491 Res: 5.799456722205254509e-03
niter: 492 Res: 5.835184469526288713e-03
niter: 493 Res: 5.870237559885836849e-03
niter: 494 Res: 5.904513455050541641e-03
niter: 495 Res: 5.937910552599233970e-03
niter: 496 Res: 5.970328393269988196e-03
niter: 497 Res: 6.001667898577664126e-03
niter: 498 Res: 6.031831636014831598e-03
niter: 499 Res: 6.060724108578088333e-03
niter: 500 Res: 6.088252064865451278e-03
niter: 501 Res: 6.114324825595563243e-03
niter: 502 Res: 6.138854622091590926e-03
niter: 503 Res: 6.161756942060499058e-03
niter: 504 Res: 6.182950877893994036e-03
niter: 505 Res: 6.202359472690391340e-03
niter: 506 Res: 6.219910059279017828e-03
niter: 507 Res: 6.235534587689398923e-03
niter: 508 Res: 6.249169936746264489e-03
niter: 509 Res: 6.260758205781294730e-03
niter: 510 Res: 6.270246982825907617e-03
niter: 511 Res: 6.277589586058241085e-03
niter: 512 Res: 6.282745275737252645e-03
niter: 513 Res: 6.285679434330411659e-03
niter: 514 Res: 6.286363713031778259e-03
niter: 515 Res: 6.284776143364883931e-03
niter: 516 Res: 6.280901213047591913e-03
niter: 517 Res: 6.274729905770884235e-03
niter: 518 Res: 6.266259704993434008e-03
niter: 519 Res: 6.255494562264384689e-03
niter: 520 Res: 6.242444830980556705e-03
niter: 521 Res: 6.227127166811293781e-03
niter: 522 Res: 6.209564396335250959e-03
niter: 523 Res: 6.189785355672608284e-03
niter: 524 Res: 6.167824701106967324e-03
niter: 525 Res: 6.143722693844900704e-03
niter: 526 Res: 6.117524961173465524e-03
niter: 527 Res: 6.089282236339263812e-03
niter: 528 Res: 6.059050079506769944e-03
niter: 529 Res: 6.026888582134031294e-03
niter: 530 Res: 5.992862057070039508e-03
niter: 531 Res: 5.957038716600679407e-03
niter: 532 Res: 5.919490340585282541e-03
niter: 533 Res: 5.880291936706685471e-03
niter: 534 Res: 5.839521394746020021e-03
niter: 535 Res: 5.797259136660504880e-03
niter: 536 Res: 5.753587764113402003e-03
niter: 537 Res: 5.708591704981865259e-03
niter: 538 Res: 5.662356860250314025e-03
niter: 539 Res: 5.614970252589093248e-03
niter: 540 Res: 5.566519677828834535e-03
niter: 541 Res: 5.517093360462556328e-03
niter: 542 Res: 5.466779617877612525e-03
niter: 543 Res: 5.415666524258401851e-03
niter: 544 Res: 5.363841586286725166e-03
niter: 545 Res: 5.311391427861471455e-03
niter: 546 Res: 5.258401471299768530e-03
niter: 547 Res: 5.204955635881635366e-03
niter: 548 Res: 5.151136054814285659e-03
niter: 549 Res: 5.097022804030196252e-03
niter: 550 Res: 5.042693643330075845e-03
niter: 551 Res: 4.988223771626896889e-03
niter: 552 Res: 4.933685598175678415e-03
niter: 553 Res: 4.879148531447189026e-03
niter: 554 Res: 4.824678787146002672e-03
niter: 555 Res: 4.770339216796471576e-03
niter: 556 Res: 4.716189158272019594e-03
niter: 557 Res: 4.662284309587881419e-03
niter: 558 Res: 4.608676627190749775e-03
niter: 559 Res: 4.555414249860576491e-03
niter: 560 Res: 4.502541449183317807e-03
niter: 561 Res: 4.450098607366808311e-03
niter: 562 Res: 4.398122222939684911e-03
niter: 563 Res: 4.346644944628803332e-03
niter: 564 Res: 4.295695633423306410e-03
niter: 565 Res: 4.245299452534082377e-03
niter: 566 Res: 4.195477984645538255e-03
niter: 567 Res: 4.146249375524913537e-03
niter: 568 Res: 4.097628502735505863e-03
niter: 569 Res: 4.049627167872647295e-03
niter: 570 Res: 4.002254310433829045e-03
niter: 571 Res: 3.955516241151012420e-03
niter: 572 Res: 3.909416892341029820e-03
niter: 573 Res: 3.863958082612187293e-03
niter: 574 Res: 3.819139793065079794e-03
niter: 575 Res: 3.774960451985151077e-03
niter: 576 Res: 3.731417224920381259e-03
niter: 577 Res: 3.688506306979318951e-03
niter: 578 Res: 3.646223214184272834e-03
niter: 579 Res: 3.604563070747419506e-03
niter: 580 Res: 3.563520889224893948e-03
niter: 581 Res: 3.523091840622557137e-03
niter: 582 Res: 3.483271511694753866e-03
niter: 583 Res: 3.444056146856919014e-03
niter: 584 Res: 3.405442872360651876e-03
niter: 585 Res: 3.367429900608256282e-03
niter: 586 Res: 3.330016712739964583e-03
niter: 587 Res: 3.293204217885445026e-03
niter: 588 Res: 3.256994887739590207e-03
niter: 589 Res: 3.221392865385498509e-03
niter: 590 Res: 3.186404047555675863e-03
niter: 591 Res: 3.152036139776929601e-03
niter: 592 Res: 3.118298684099246251e-03
niter: 593 Res: 3.085203059349058557e-03
niter: 594 Res: 3.052762454085035295e-03
niter: 595 Res: 3.020991812660346349e-03
niter: 596 Res: 2.989907755017920561e-03
niter: 597 Res: 2.959528473927950168e-03
niter: 598 Res: 2.929873594685944091e-03
niter: 599 Res: 2.900964022544407547e-03
niter: 600 Res: 2.872821800250010150e-03
niter: 601 Res: 2.845469882956217465e-03
niter: 602 Res: 2.818931925216942771e-03
niter: 603 Res: 2.793232055207330988e-03
niter: 604 Res: 2.768394634689680996e-03
niter: 605 Res: 2.744444006875769448e-03
niter: 606 Res: 2.721404233821997538e-03
niter: 607 Res: 2.699298827822647819e-03
niter: 608 Res: 2.678150481063055945e-03
niter: 609 Res: 2.657980797080608873e-03
niter: 610 Res: 2.638810026856820267e-03
niter: 611 Res: 2.620656812382810182e-03
niter: 612 Res: 2.603537940952998196e-03
niter: 613 Res: 2.587468113609433379e-03
niter: 614 Res: 2.572459731088349178e-03
niter: 615 Res: 2.558522700372896103e-03
niter: 616 Res: 2.545664265167377205e-03
niter: 617 Res: 2.533888860579802064e-03
niter: 618 Res: 2.523197997633399095e-03
niter: 619 Res: 2.513590176104105265e-03
niter: 620 Res: 2.505060828585114942e-03
niter: 621 Res: 2.497602295395782296e-03
niter: 622 Res: 2.491203830493255757e-03
niter: 623 Res: 2.485851637643227141e-03
niter: 624 Res: 2.481528935575725604e-03
niter: 625 Res: 2.478216050388377164e-03
niter: 626 Res: 2.475890533027812548e-03
niter: 627 Res: 2.474527299299900205e-03
niter: 628 Res: 2.474098789574289293e-03
niter: 629 Res: 2.474575145141563390e-03
niter: 630 Res: 2.475924398080760203e-03
niter: 631 Res: 2.478112671443123086e-03
niter: 632 Res: 2.481104386576322637e-03
niter: 633 Res: 2.484862474494081187e-03
niter: 634 Res: 2.489348588331087575e-03
niter: 635 Res: 2.494523314142153923e-03
niter: 636 Res: 2.500346377547247451e-03
niter: 637 Res: 2.506776844029513871e-03
niter: 638 Res: 2.513773310992669513e-03
niter: 639 Res: 2.521294090017417444e-03
niter: 640 Res: 2.529297378072439904e-03
niter: 641 Res: 2.537741416756433659e-03
niter: 642 Res: 2.546584638941471086e-03
niter: 643 Res: 2.555785802465525974e-03
niter: 644 Res: 2.565304110771685683e-03
niter: 645 Res: 2.575099320602683255e-03
niter: 646 Res: 2.585131837047492144e-03
niter: 647 Res: 2.595362796386823604e-03
niter: 648 Res: 2.605754137298645166e-03
niter: 649 Res: 2.616268661081088027e-03
niter: 650 Res: 2.626870081611782336e-03
niter: 651 Res: 2.637523065800815442e-03
niter: 652 Res: 2.648193265322073414e-03
niter: 653 Res: 2.658847340404019415e-03
niter: 654 Res: 2.669452976457105386e-03
niter: 655 Res: 2.679978894291025308e-03
niter: 656 Res: 2.690394854643910795e-03
niter: 657 Res: 2.700671657711860643e-03
niter: 658 Res: 2.710781138321644284e-03
niter: 659 Res: 2.720696157349574654e-03
niter: 660 Res: 2.730390589939647554e-03
niter: 661 Res: 2.739839311032633666e-03
niter: 662 Res: 2.749018178668649528e-03
niter: 663 Res: 2.757904015487291395e-03
niter: 664 Res: 2.766474588805476267e-03
niter: 665 Res: 2.774708589617618914e-03
niter: 666 Res: 2.782585610828587543e-03
niter: 667 Res: 2.790086124992807552e-03
niter: 668 Res: 2.797191461812884462e-03
niter: 669 Res: 2.803883785614915639e-03
niter: 670 Res: 2.810146073000538251e-03
niter: 671 Res: 2.815962090850164610e-03
niter: 672 Res: 2.821316374833338775e-03
niter: 673 Res: 2.826194208564688712e-03
niter: 674 Res: 2.830581603523191041e-03
niter: 675 Res: 2.834465279843993886e-03
niter: 676 Res: 2.837832648071074437e-03
niter: 677 Res: 2.840671791950404035e-03
niter: 678 Res: 2.842971452327891849e-03
niter: 679 Res: 2.844721012207189828e-03
niter: 680 Res: 2.845910483009676632e-03
niter: 681 Res: 2.846530492069305768e-03
niter: 682 Res: 2.846572271384183693e-03
niter: 683 Res: 2.846027647636118017e-03
niter: 684 Res: 2.844889033484061195e-03
niter: 685 Res: 2.843149420120527453e-03
niter: 686 Res: 2.840802371079705069e-03
niter: 687 Res: 2.837842017270654667e-03
niter: 688 Res: 2.834263053205373327e-03
niter: 689 Res: 2.830060734381968559e-03
niter: 690 Res: 2.825230875774590190e-03
niter: 691 Res: 2.819769851380320158e-03
niter: 692 Res: 2.813674594759812964e-03
niter: 693 Res: 2.806942600510074597e-03
niter: 694 Res: 2.799571926598903339e-03
niter: 695 Res: 2.791561197488283668e-03
niter: 696 Res: 2.782909607968182385e-03
niter: 697 Res: 2.773616927625245730e-03
niter: 698 Res: 2.763683505860431953e-03
niter: 699 Res: 2.753110277377610916e-03
niter: 700 Res: 2.741898768056635211e-03
niter: 701 Res: 2.730051101131395191e-03
niter: 702 Res: 2.717570003587929314e-03
niter: 703 Res: 2.704458812703627781e-03
niter: 704 Res: 2.690721482650695537e-03
niter: 705 Res: 2.676362591085690648e-03
niter: 706 Res: 2.661387345655544853e-03
niter: 707 Res: 2.645801590349670333e-03
niter: 708 Res: 2.629611811637737502e-03
niter: 709 Res: 2.612825144330641666e-03
niter: 710 Res: 2.595449377112945578e-03
niter: 711 Res: 2.577492957699661132e-03
niter: 712 Res: 2.558964997574460047e-03
niter: 713 Res: 2.539875276273554413e-03
niter: 714 Res: 2.520234245187295049e-03
niter: 715 Res: 2.500053030856276646e-03
niter: 716 Res: 2.479343437747293447e-03
niter: 717 Res: 2.458117950499303511e-03
niter: 718 Res: 2.436389735637757483e-03
niter: 719 Res: 2.414172642763582396e-03
niter: 720 Res: 2.391481205225527967e-03
niter: 721 Res: 2.368330640296689455e-03
niter: 722 Res: 2.344736848875731035e-03
niter: 723 Res: 2.320716414746033535e-03
niter: 724 Res: 2.296286603423932163e-03
niter: 725 Res: 2.271465362967549969e-03
niter: 726 Res: 2.246271295839902694e-03
niter: 727 Res: 2.220723693224220183e-03
niter: 728 Res: 2.194842543360415923e-03
niter: 729 Res: 2.168648497782388242e-03
niter: 730 Res: 2.142162869540935755e-03
niter: 731 Res: 2.115407631812635334e-03
niter: 732 Res: 2.088405424485515957e-03
niter: 733 Res: 2.061179549225419707e-03
niter: 734 Res: 2.033753967890800183e-03
niter: 735 Res: 2.006153299163967573e-03
niter: 736 Res: 1.978402814529142684e-03
niter: 737 Res: 1.950528434619385170e-03
niter: 738 Res: 1.922556726305974526e-03
niter: 739 Res: 1.894514899915341168e-03
niter: 740 Res: 1.866430806343777641e-03
niter: 741 Res: 1.838332933809371005e-03
niter: 742 Res: 1.810250404056717348e-03
niter: 743 Res: 1.782212967820382245e-03
niter: 744 Res: 1.754250999294021830e-03
niter: 745 Res: 1.726395489242483041e-03
niter: 746 Res: 1.698678036317813897e-03
niter: 747 Res: 1.671130836079395658e-03
niter: 748 Res: 1.643786667157773633e-03
niter: 749 Res: 1.616678873916552487e-03
niter: 750 Res: 1.589841344840875730e-03
niter: 751 Res: 1.563308485745245040e-03
niter: 752 Res: 1.537115186750268817e-03
niter: 753 Res: 1.511296781852854024e-03
niter: 754 Res: 1.485888999805915888e-03
niter: 755 Res: 1.460927904937327432e-03
niter: 756 Res: 1.436449826475116008e-03
niter: 757 Res: 1.412491274924516840e-03
niter: 758 Res: 1.389088844040867058e-03
niter: 759 Res: 1.366279097008256437e-03
niter: 760 Res: 1.344098435551362289e-03
niter: 761 Res: 1.322582950891772321e-03
niter: 762 Res: 1.301768255746280512e-03
niter: 763 Res: 1.281689296928162749e-03
niter: 764 Res: 1.262380148605620226e-03
niter: 765 Res: 1.243873786851845339e-03
niter: 766 Res: 1.226201846837627913e-03
niter: 767 Res: 1.209394364810893654e-03
niter: 768 Res: 1.193479507891215957e-03
niter: 769 Res: 1.178483295631177008e-03
niter: 770 Res: 1.164429318220294978e-03
niter: 771 Res: 1.151338457065652051e-03
niter: 772 Res: 1.139228614236236685e-03
niter: 773 Res: 1.128114457803946168e-03
niter: 774 Res: 1.118007190411676082e-03
niter: 775 Res: 1.108914348388099743e-03
niter: 776 Res: 1.100839638352706356e-03
niter: 777 Res: 1.093782817520712759e-03
niter: 778 Res: 1.087739622811266862e-03
niter: 779 Res: 1.082701752445192024e-03
niter: 780 Res: 1.078656902038761497e-03
niter: 781 Res: 1.075588855380624773e-03
niter: 782 Res: 1.073477628193109492e-03
niter: 783 Res: 1.072299661379782837e-03
niter: 784 Res: 1.072028058635631550e-03
niter: 785 Res: 1.072632861943741437e-03
niter: 786 Res: 1.074081357492386122e-03
niter: 787 Res: 1.076338403928564459e-03
niter: 788 Res: 1.079366774657174134e-03
niter: 789 Res: 1.083127506065509078e-03
niter: 790 Res: 1.087580244050041778e-03
niter: 791 Res: 1.092683581997156740e-03
niter: 792 Res: 1.098395384328982975e-03
niter: 793 Res: 1.104673090815106763e-03
niter: 794 Res: 1.111473997970404423e-03
niter: 795 Res: 1.118755514975942455e-03
niter: 796 Res: 1.126475392591978070e-03
niter: 797 Res: 1.134591924463453387e-03
niter: 798 Res: 1.143064121021556984e-03
niter: 799 Res: 1.151851856833106596e-03
niter: 800 Res: 1.160915992767137589e-03
niter: 801 Res: 1.170218474716726862e-03
niter: 802 Res: 1.179722410867117474e-03
niter: 803 Res: 1.189392129638351323e-03
niter: 804 Res: 1.199193220483644453e-03
niter: 805 Res: 1.209092559699174096e-03
niter: 806 Res: 1.219058323322814996e-03
niter: 807 Res: 1.229059989079497569e-03
niter: 808 Res: 1.239068329185070766e-03
niter: 809 Res: 1.249055395653541831e-03
niter: 810 Res: 1.258994499587148385e-03
niter: 811 Res: 1.268860185753532908e-03
niter: 812 Res: 1.278628203592505671e-03
niter: 813 Res: 1.288275475631598960e-03
niter: 814 Res: 1.297780064151910460e-03
niter: 815 Res: 1.307121136804805179e-03
niter: 816 Res: 1.316278931764895861e-03
niter: 817 Res: 1.325234722893210357e-03
niter: 818 Res: 1.333970785295794615e-03
niter: 819 Res: 1.342470361575563882e-03
niter: 820 Res: 1.350717629008112283e-03
niter: 821 Res: 1.358697667811003835e-03
niter: 822 Res: 1.366396430625426350e-03
niter: 823 Res: 1.373800713285143948e-03
niter: 824 Res: 1.380898126915901377e-03
niter: 825 Res: 1.387677071375697591e-03
niter: 826 Res: 1.394126710027732662e-03
niter: 827 Res: 1.400236945815261846e-03
niter: 828 Res: 1.405998398598824837e-03
niter: 829 Res: 1.411402383699572084e-03
niter: 830 Res: 1.416440891591393960e-03
niter: 831 Res: 1.421106568675269740e-03
niter: 832 Res: 1.425392699067854971e-03
niter: 833 Res: 1.429293187334090181e-03
niter: 834 Res: 1.432802542097065751e-03
niter: 835 Res: 1.435915860453184680e-03
niter: 836 Res: 1.438628813129842060e-03
niter: 837 Res: 1.440937630321029086e-03
niter: 838 Res: 1.442839088139368431e-03
niter: 839 Res: 1.444330495630023097e-03
niter: 840 Res: 1.445409682291872236e-03
niter: 841 Res: 1.446074986056568746e-03
niter: 842 Res: 1.446325241681482810e-03
niter: 843 Res: 1.446159769513567480e-03
niter: 844 Res: 1.445578364586565029e-03
niter: 845 Res: 1.444581286019033881e-03
niter: 846 Res: 1.443169246679579546e-03
niter: 847 Res: 1.441343403096078963e-03
niter: 848 Res: 1.439105345580862739e-03
niter: 849 Res: 1.436457088554101043e-03
niter: 850 Res: 1.433401061045366191e-03
niter: 851 Res: 1.429940097359064157e-03
niter: 852 Res: 1.426077427889712364e-03
niter: 853 Res: 1.421816670077140701e-03
niter: 854 Res: 1.417161819492997665e-03
niter: 855 Res: 1.412117241051071524e-03
niter: 856 Res: 1.406687660338036636e-03
niter: 857 Res: 1.400878155059642359e-03
niter: 858 Res: 1.394694146602378816e-03
niter: 859 Res: 1.388141391708857912e-03
niter: 860 Res: 1.381225974269146292e-03
niter: 861 Res: 1.373954297227983692e-03
niter: 862 Res: 1.366333074614057294e-03
niter: 863 Res: 1.358369323692047237e-03
niter: 864 Res: 1.350070357243975810e-03
niter: 865 Res: 1.341443775985172275e-03
niter: 866 Res: 1.332497461120706267e-03
niter: 867 Res: 1.323239567047721638e-03
niter: 868 Res: 1.313678514213161832e-03
niter: 869 Res: 1.303822982131132334e-03
niter: 870 Res: 1.293681902569536772e-03
niter: 871 Res: 1.283264452912753848e-03
niter: 872 Res: 1.272580049707519503e-03
niter: 873 Res: 1.261638342399554061e-03
niter: 874 Res: 1.250449207268064956e-03
niter: 875 Res: 1.239022741564850972e-03
niter: 876 Res: 1.227369257862213859e-03
niter: 877 Res: 1.215499278617472503e-03
niter: 878 Res: 1.203423530954669243e-03
niter: 879 Res: 1.191152941668863771e-03
niter: 880 Res: 1.178698632450868094e-03
niter: 881 Res: 1.166071915334935096e-03
niter: 882 Res: 1.153284288362024443e-03
niter: 883 Res: 1.140347431453412165e-03
niter: 884 Res: 1.127273202487790241e-03
niter: 885 Res: 1.114073633565402328e-03
niter: 886 Res: 1.100760927442142288e-03
niter: 887 Res: 1.087347454112465523e-03
niter: 888 Res: 1.073845747512590810e-03
niter: 889 Res: 1.060268502306342848e-03
niter: 890 Res: 1.046628570716565988e-03
niter: 891 Res: 1.032938959347432612e-03
niter: 892 Res: 1.019212825941435930e-03
niter: 893 Res: 1.005463475999157684e-03
niter: 894 Res: 9.917043591824421887e-04
niter: 895 Res: 9.779490654069316995e-04
niter: 896 Res: 9.642113205159512108e-04
niter: 897 Res: 9.505049814155218943e-04
niter: 898 Res: 9.368440305309842526e-04
niter: 899 Res: 9.232425694312845765e-04
niter: 900 Res: 9.097148114477832592e-04
niter: 901 Res: 8.962750730971268554e-04
niter: 902 Res: 8.829377640976184905e-04
niter: 903 Res: 8.697173757503543282e-04
niter: 904 Res: 8.566284674399352950e-04
niter: 905 Res: 8.436856509909533607e-04
niter: 906 Res: 8.309035726010113344e-04
niter: 907 Res: 8.182968920668255057e-04
niter: 908 Res: 8.058802589996746013e-04
niter: 909 Res: 7.936682857450623550e-04
niter: 910 Res: 7.816755167065600387e-04
niter: 911 Res: 7.699163938083383079e-04
niter: 912 Res: 7.584052178449799840e-04
niter: 913 Res: 7.471561055125634353e-04
niter: 914 Res: 7.361829419672839521e-04
niter: 915 Res: 7.254993288272246731e-04
niter: 916 Res: 7.151185276211605678e-04
niter: 917 Res: 7.050533987894442569e-04
niter: 918 Res: 6.953163364711521235e-04
niter: 919 Res: 6.859191994413680465e-04
niter: 920 Res: 6.768732387243463168e-04
niter: 921 Res: 6.681890225658811524e-04
niter: 922 Res: 6.598763596238243134e-04
niter: 923 Res: 6.519442214014554418e-04
niter: 924 Res: 6.444006651132739693e-04
niter: 925 Res: 6.372527583173384375e-04
niter: 926 Res: 6.305065067683445976e-04
niter: 927 Res: 6.241667870312037720e-04
niter: 928 Res: 6.182372854332045210e-04
niter: 929 Res: 6.127204449215538926e-04
niter: 930 Res: 6.076174213247371092e-04
niter: 931 Res: 6.029280503857648672e-04
niter: 932 Res: 5.986508267431221459e-04
niter: 933 Res: 5.947828957921100571e-04
niter: 934 Res: 5.913200590647363884e-04
niter: 935 Res: 5.882567934471673440e-04
niter: 936 Res: 5.855862842150568988e-04
niter: 937 Res: 5.833004714161211211e-04
niter: 938 Res: 5.813901087763295120e-04
niter: 939 Res: 5.798448341377863361e-04
niter: 940 Res: 5.786532501444140164e-04
niter: 941 Res: 5.778030137754706702e-04
niter: 942 Res: 5.772809326835469336e-04
niter: 943 Res: 5.770730665119586968e-04
niter: 944 Res: 5.771648313593582191e-04
niter: 945 Res: 5.775411056208143868e-04
niter: 946 Res: 5.781863354816979333e-04
niter: 947 Res: 5.790846384942852218e-04
niter: 948 Res: 5.802199038102882032e-04
niter: 949 Res: 5.815758878244849106e-04
niter: 950 Res: 5.831363042148714421e-04
niter: 951 Res: 5.848849076117571596e-04
niter: 952 Res: 5.868055703475977400e-04
niter: 953 Res: 5.888823519543261338e-04
niter: 954 Res: 5.910995612390424229e-04
niter: 955 Res: 5.934418109430572791e-04
niter: 956 Res: 5.958940651192134313e-04
niter: 957 Res: 5.984416794796320769e-04
niter: 958 Res: 6.010704350574958780e-04
niter: 959 Res: 6.037665655995696134e-04
niter: 960 Res: 6.065167791458073122e-04
niter: 961 Res: 6.093082742937856299e-04
niter: 962 Res: 6.121287516482487199e-04
niter: 963 Res: 6.149664209624327660e-04
niter: 964 Res: 6.178100044609226207e-04
niter: 965 Res: 6.206487368142392987e-04
niter: 966 Res: 6.234723622164857785e-04
niter: 967 Res: 6.262711289726787499e-04
niter: 968 Res: 6.290357819897496577e-04
niter: 969 Res: 6.317575535123215241e-04
niter: 970 Res: 6.344281524278380701e-04
niter: 971 Res: 6.370397524196747940e-04
niter: 972 Res: 6.395849792248231970e-04
niter: 973 Res: 6.420568972149863409e-04
niter: 974 Res: 6.444489954997034437e-04
niter: 975 Res: 6.467551737162045584e-04
niter: 976 Res: 6.489697276526595893e-04
niter: 977 Res: 6.510873348279085180e-04
niter: 978 Res: 6.531030401315588135e-04
niter: 979 Res: 6.550122416099959629e-04
niter: 980 Res: 6.568106764721085488e-04
niter: 981 Res: 6.584944073719674589e-04
niter: 982 Res: 6.600598090139501821e-04
niter: 983 Res: 6.615035551193580591e-04
niter: 984 Res: 6.628226057798318731e-04
niter: 985 Res: 6.640141952205130295e-04
niter: 986 Res: 6.650758199852038668e-04
niter: 987 Res: 6.660052275539215649e-04
niter: 988 Res: 6.668004053950147029e-04
niter: 989 Res: 6.674595704561484856e-04
niter: 990 Res: 6.679811590868495966e-04
niter: 991 Res: 6.683638173928263277e-04
niter: 992 Res: 6.686063920106628377e-04
niter: 993 Res: 6.687079212961291683e-04
niter: 994 Res: 6.686676269163347765e-04
niter: 995 Res: 6.684849058335557391e-04
niter: 996 Res: 6.681593226683716063e-04
niter: 997 Res: 6.676906024324467817e-04
niter: 998 Res: 6.670786236140471056e-04
niter: 999 Res: 6.663234116064617202e-04
niter: 1000 Res: 6.654251324641159357e-04
niter: 1001 Res: 6.643840869750669738e-04
niter: 1002 Res: 6.632007050350929899e-04
niter: 1003 Res: 6.618755403112972511e-04
niter: 1004 Res: 6.604092651830321481e-04
niter: 1005 Res: 6.588026659476799206e-04
niter: 1006 Res: 6.570566382786255290e-04
niter: 1007 Res: 6.551721829247984449e-04
niter: 1008 Res: 6.531504016400068629e-04
niter: 1009 Res: 6.509924933315644870e-04
niter: 1010 Res: 6.486997504177466909e-04
niter: 1011 Res: 6.462735553841672011e-04
niter: 1012 Res: 6.437153775285680852e-04
niter: 1013 Res: 6.410267698880182984e-04
niter: 1014 Res: 6.382093663343704325e-04
niter: 1015 Res: 6.352648788374247847e-04
niter: 1016 Res: 6.321950948796940545e-04
niter: 1017 Res: 6.290018750228528041e-04
niter: 1018 Res: 6.256871506144451658e-04
niter: 1019 Res: 6.222529216308219030e-04
niter: 1020 Res: 6.187012546496899364e-04
niter: 1021 Res: 6.150342809469177283e-04
niter: 1022 Res: 6.112541947136018901e-04
niter: 1023 Res: 6.073632513880234405e-04
niter: 1024 Res: 6.033637660986501108e-04
niter: 1025 Res: 5.992581122156659867e-04
niter: 1026 Res: 5.950487200063665251e-04
niter: 1027 Res: 5.907380753942248746e-04
niter: 1028 Res: 5.863287188171037142e-04
niter: 1029 Res: 5.818232441836075543e-04
niter: 1030 Res: 5.772242979283224084e-04
niter: 1031 Res: 5.725345781605486019e-04
niter: 1032 Res: 5.677568339125384049e-04
niter: 1033 Res: 5.628938644801724164e-04
niter: 1034 Res: 5.579485188624385339e-04
niter: 1035 Res: 5.529236952959652035e-04
niter: 1036 Res: 5.478223408892826229e-04
niter: 1037 Res: 5.426474508293482966e-04
niter: 1038 Res: 5.374020695834426072e-04
niter: 1039 Res: 5.320892902711465500e-04
niter: 1040 Res: 5.267122533271498741e-04
niter: 1041 Res: 5.212741472616588779e-04
niter: 1042 Res: 5.157782102751953075e-04
niter: 1043 Res: 5.102277298669197561e-04
niter: 1044 Res: 5.046260432901500999e-04
niter: 1045 Res: 4.989765382299318026e-04
niter: 1046 Res: 4.932826534254978980e-04
niter: 1047 Res: 4.875478794155255484e-04
niter: 1048 Res: 4.817757595316018255e-04
niter: 1049 Res: 4.759698910646841929e-04
niter: 1050 Res: 4.701339265423948028e-04
niter: 1051 Res: 4.642715750981937176e-04
niter: 1052 Res: 4.583866039364427650e-04
niter: 1053 Res: 4.524828399126740066e-04
niter: 1054 Res: 4.465641712426153998e-04
niter: 1055 Res: 4.406345493436148375e-04
niter: 1056 Res: 4.346979907992339466e-04
niter: 1057 Res: 4.287585794253656558e-04
niter: 1058 Res: 4.228204684164855250e-04
niter: 1059 Res: 4.168878825504944451e-04
niter: 1060 Res: 4.109651204326820626e-04
niter: 1061 Res: 4.050565567557736922e-04
niter: 1062 Res: 3.991666445561080920e-04
niter: 1063 Res: 3.932999174293758528e-04
niter: 1064 Res: 3.874609916675527147e-04
niter: 1065 Res: 3.816545682630206123e-04
niter: 1066 Res: 3.758854347180505756e-04
niter: 1067 Res: 3.701584665811543978e-04
niter: 1068 Res: 3.644786286265083264e-04
niter: 1069 Res: 3.588509755764356297e-04
niter: 1070 Res: 3.532806522676540926e-04
niter: 1071 Res: 3.477728931360359304e-04
niter: 1072 Res: 3.423330208978852054e-04
niter: 1073 Res: 3.369664442861769796e-04
niter: 1074 Res: 3.316786546852743271e-04
niter: 1075 Res: 3.264752214955191989e-04
niter: 1076 Res: 3.213617860514277123e-04
niter: 1077 Res: 3.163440538925917566e-04
niter: 1078 Res: 3.114277851944216059e-04
niter: 1079 Res: 3.066187831483545268e-04
niter: 1080 Res: 3.019228800921370127e-04
niter: 1081 Res: 2.973459211938196504e-04
niter: 1082 Res: 2.928937455120133042e-04
niter: 1083 Res: 2.885721642810351335e-04
niter: 1084 Res: 2.843869363063351147e-04
niter: 1085 Res: 2.803437404013987833e-04
niter: 1086 Res: 2.764481448666499734e-04
niter: 1087 Res: 2.727055740731043599e-04
niter: 1088 Res: 2.691212723159409968e-04
niter: 1089 Res: 2.657002651859777850e-04
niter: 1090 Res: 2.624473188297905477e-04
niter: 1091 Res: 2.593668975754674796e-04
niter: 1092 Res: 2.564631205208450543e-04
niter: 1093 Res: 2.537397177922698539e-04
niter: 1094 Res: 2.511999872870234211e-04
niter: 1095 Res: 2.488467527983399363e-04
niter: 1096 Res: 2.466823244795732771e-04
niter: 1097 Res: 2.447084626370871164e-04
niter: 1098 Res: 2.429263458356746574e-04
niter: 1099 Res: 2.413365442476333783e-04
niter: 1100 Res: 2.399389990904631171e-04
niter: 1101 Res: 2.387330088631103658e-04
niter: 1102 Res: 2.377172229224174785e-04
niter: 1103 Res: 2.368896427418593032e-04
niter: 1104 Res: 2.362476309700493513e-04
niter: 1105 Res: 2.357879281820042354e-04
niter: 1106 Res: 2.355066769836696079e-04
niter: 1107 Res: 2.353994529159118203e-04
niter: 1108 Res: 2.354613014258833455e-04
niter: 1109 Res: 2.356867800099915803e-04
niter: 1110 Res: 2.360700045320753254e-04
niter: 1111 Res: 2.366046986506541887e-04
niter: 1112 Res: 2.372842452701554635e-04
niter: 1113 Res: 2.381017389514826889e-04
niter: 1114 Res: 2.390500382821543663e-04
niter: 1115 Res: 2.401218172884846244e-04
niter: 1116 Res: 2.413096150942117195e-04
niter: 1117 Res: 2.426058831532695490e-04
niter: 1118 Res: 2.440030295187903676e-04
niter: 1119 Res: 2.454934597512934617e-04
niter: 1120 Res: 2.470696141904182397e-04
niter: 1121 Res: 2.487240014419041852e-04
niter: 1122 Res: 2.504492280308361573e-04
niter: 1123 Res: 2.522380242675350908e-04
niter: 1124 Res: 2.540832664426934291e-04
niter: 1125 Res: 2.559779955291681137e-04
niter: 1126 Res: 2.579154326110835119e-04
niter: 1127 Res: 2.598889912904268082e-04
niter: 1128 Res: 2.618922873373435403e-04
niter: 1129 Res: 2.639191458612131819e-04
niter: 1130 Res: 2.659636062758842880e-04
niter: 1131 Res: 2.680199253271456730e-04
niter: 1132 Res: 2.700825784367891832e-04
niter: 1133 Res: 2.721462596041450584e-04
niter: 1134 Res: 2.742058800848366806e-04
niter: 1135 Res: 2.762565660501140681e-04
niter: 1136 Res: 2.782936554091708782e-04
niter: 1137 Res: 2.803126939569922484e-04
niter: 1138 Res: 2.823094309912178770e-04
niter: 1139 Res: 2.842798145250121289e-04
niter: 1140 Res: 2.862199862042454838e-04
niter: 1141 Res: 2.881262760222653052e-04
niter: 1142 Res: 2.899951969135141174e-04
niter: 1143 Res: 2.918234392911039010e-04
niter: 1144 Res: 2.936078655850829760e-04
niter: 1145 Res: 2.953455048261593085e-04
niter: 1146 Res: 2.970335473139616624e-04
niter: 1147 Res: 2.986693393965284557e-04
niter: 1148 Res: 3.002503783859275781e-04
niter: 1149 Res: 3.017743076260492961e-04
niter: 1150 Res: 3.032389117263349990e-04
niter: 1151 Res: 3.046421119680105347e-04
niter: 1152 Res: 3.059819618897175451e-04
niter: 1153 Res: 3.072566430543943478e-04
niter: 1154 Res: 3.084644609960575097e-04
niter: 1155 Res: 3.096038413471335470e-04
niter: 1156 Res: 3.106733261404455676e-04
niter: 1157 Res: 3.116715702832497325e-04
niter: 1158 Res: 3.125973381972213831e-04
niter: 1159 Res: 3.134495006179558222e-04
niter: 1160 Res: 3.142270315491035924e-04
niter: 1161 Res: 3.149290053614627180e-04
niter: 1162 Res: 3.155545940337512877e-04
niter: 1163 Res: 3.161030645245395529e-04
niter: 1164 Res: 3.165737762712302452e-04
niter: 1165 Res: 3.169661788066270710e-04
niter: 1166 Res: 3.172798094890629211e-04
niter: 1167 Res: 3.175142913367565546e-04
niter: 1168 Res: 3.176693309630868761e-04
niter: 1169 Res: 3.177447166030401035e-04
niter: 1170 Res: 3.177403162303723497e-04
niter: 1171 Res: 3.176560757536056275e-04
niter: 1172 Res: 3.174920172918432523e-04
niter: 1173 Res: 3.172482375212513201e-04
niter: 1174 Res: 3.169249060899737794e-04
niter: 1175 Res: 3.165222640967908395e-04
niter: 1176 Res: 3.160406226288370139e-04
niter: 1177 Res: 3.154803613556669958e-04
niter: 1178 Res: 3.148419271771563436e-04
niter: 1179 Res: 3.141258329190633699e-04
niter: 1180 Res: 3.133326560774879520e-04
niter: 1181 Res: 3.124630376070686839e-04
niter: 1182 Res: 3.115176807510215587e-04
niter: 1183 Res: 3.104973499121583495e-04
niter: 1184 Res: 3.094028695621000224e-04
niter: 1185 Res: 3.082351231868819385e-04
niter: 1186 Res: 3.069950522680434200e-04
niter: 1187 Res: 3.056836552993814969e-04
niter: 1188 Res: 3.043019868343216014e-04
niter: 1189 Res: 3.028511565685337772e-04
niter: 1190 Res: 3.013323284522735927e-04
niter: 1191 Res: 2.997467198348280153e-04
niter: 1192 Res: 2.980956006393073454e-04
niter: 1193 Res: 2.963802925684708655e-04
niter: 1194 Res: 2.946021683403772106e-04
niter: 1195 Res: 2.927626509542896171e-04
niter: 1196 Res: 2.908632129865849490e-04
niter: 1197 Res: 2.889053759176353985e-04
niter: 1198 Res: 2.868907094875927937e-04
niter: 1199 Res: 2.848208310831183677e-04
niter: 1200 Res: 2.826974051555754784e-04
niter: 1201 Res: 2.805221426669409867e-04
niter: 1202 Res: 2.782968005683544269e-04
niter: 1203 Res: 2.760231813080934538e-04
niter: 1204 Res: 2.737031323693535204e-04
niter: 1205 Res: 2.713385458374370268e-04
niter: 1206 Res: 2.689313579961780348e-04
niter: 1207 Res: 2.664835489517711686e-04
niter: 1208 Res: 2.639971422847851097e-04
niter: 1209 Res: 2.614742047251796095e-04
niter: 1210 Res: 2.589168458527715995e-04
niter: 1211 Res: 2.563272178164329004e-04
niter: 1212 Res: 2.537075150727625332e-04
niter: 1213 Res: 2.510599741373873827e-04
niter: 1214 Res: 2.483868733450718966e-04
niter: 1215 Res: 2.456905326151141906e-04
niter: 1216 Res: 2.429733132122768673e-04
niter: 1217 Res: 2.402376174987431892e-04
niter: 1218 Res: 2.374858886650584586e-04
niter: 1219 Res: 2.347206104331383929e-04
niter: 1220 Res: 2.319443067154007315e-04
niter: 1221 Res: 2.291595412200984341e-04
niter: 1222 Res: 2.263689169836592642e-04
niter: 1223 Res: 2.235750758152258420e-04
niter: 1224 Res: 2.207806976291860381e-04
niter: 1225 Res: 2.179884996480429789e-04
niter: 1226 Res: 2.152012354452514996e-04
niter: 1227 Res: 2.124216938026987959e-04
niter: 1228 Res: 2.096526973501656001e-04
niter: 1229 Res: 2.068971009537041311e-04
niter: 1230 Res: 2.041577898140855836e-04
niter: 1231 Res: 2.014376772355122743e-04
niter: 1232 Res: 1.987397020223194226e-04
niter: 1233 Res: 1.960668254550659297e-04
niter: 1234 Res: 1.934220278012477193e-04
niter: 1235 Res: 1.908083043067413927e-04
niter: 1236 Res: 1.882286606205563336e-04
niter: 1237 Res: 1.856861075980510852e-04
niter: 1238 Res: 1.831836554359062442e-04
niter: 1239 Res: 1.807243070875460384e-04
niter: 1240 Res: 1.783110509184885359e-04
niter: 1241 Res: 1.759468525605272068e-04
niter: 1242 Res: 1.736346459385157675e-04
niter: 1243 Res: 1.713773234485418582e-04
niter: 1244 Res: 1.691777252817404918e-04
niter: 1245 Res: 1.670386279054137215e-04
niter: 1246 Res: 1.649627317305943537e-04
niter: 1247 Res: 1.629526480135061169e-04
niter: 1248 Res: 1.610108850701261890e-04
niter: 1249 Res: 1.591398338988654962e-04
niter: 1250 Res: 1.573417533446078024e-04
niter: 1251 Res: 1.556187549543335859e-04
niter: 1252 Res: 1.539727877125029955e-04
niter: 1253 Res: 1.524056228612979545e-04
niter: 1254 Res: 1.509188390430888261e-04
niter: 1255 Res: 1.495138080134169884e-04
niter: 1256 Res: 1.481916811913900971e-04
niter: 1257 Res: 1.469533773220970025e-04
niter: 1258 Res: 1.457995715166697959e-04
niter: 1259 Res: 1.447306859368546305e-04
niter: 1260 Res: 1.437468823605691744e-04
niter: 1261 Res: 1.428480568431681104e-04
niter: 1262 Res: 1.420338366501021040e-04
niter: 1263 Res: 1.413035795866187283e-04
niter: 1264 Res: 1.406563758083322242e-04
niter: 1265 Res: 1.400910521295024402e-04
niter: 1266 Res: 1.396061787974882808e-04
niter: 1267 Res: 1.392000786377260463e-04
niter: 1268 Res: 1.388708384245188618e-04
niter: 1269 Res: 1.386163222789110121e-04
niter: 1270 Res: 1.384341868555787492e-04
niter: 1271 Res: 1.383218980481708813e-04
niter: 1272 Res: 1.382767489140261197e-04
niter: 1273 Res: 1.382958785109658542e-04
niter: 1274 Res: 1.383762913337901860e-04
niter: 1275 Res: 1.385148770394171742e-04
niter: 1276 Res: 1.387084301753483328e-04
niter: 1277 Res: 1.389536696342401302e-04
niter: 1278 Res: 1.392472575962176891e-04
niter: 1279 Res: 1.395858177472311624e-04
niter: 1280 Res: 1.399659525946757267e-04
niter: 1281 Res: 1.403842597408020711e-04
niter: 1282 Res: 1.408373470050201706e-04
niter: 1283 Res: 1.413218463227744730e-04
niter: 1284 Res: 1.418344263734131632e-04
niter: 1285 Res: 1.423718039277558235e-04
niter: 1286 Res: 1.429307539145375041e-04
niter: 1287 Res: 1.435081182380486199e-04
niter: 1288 Res: 1.441008134091816776e-04
niter: 1289 Res: 1.447058370356536707e-04
niter: 1290 Res: 1.453202732022222362e-04
niter: 1291 Res: 1.459412968710826662e-04
niter: 1292 Res: 1.465661773713568792e-04
niter: 1293 Res: 1.471922810434530865e-04
niter: 1294 Res: 1.478170731200182709e-04
niter: 1295 Res: 1.484381189307057013e-04
niter: 1296 Res: 1.490530845021572086e-04
niter: 1297 Res: 1.496597366300292029e-04
niter: 1298 Res: 1.502559424891453663e-04
niter: 1299 Res: 1.508396688444558370e-04
niter: 1300 Res: 1.514089809225986931e-04
niter: 1301 Res: 1.519620409969191363e-04
niter: 1302 Res: 1.524971067341635543e-04
niter: 1303 Res: 1.530125293461249622e-04
niter: 1304 Res: 1.535067515851664484e-04
niter: 1305 Res: 1.539783056172458204e-04
niter: 1306 Res: 1.544258108022875055e-04
niter: 1307 Res: 1.548479714063695988e-04
niter: 1308 Res: 1.552435742731230102e-04
niter: 1309 Res: 1.556114864666200228e-04
niter: 1310 Res: 1.559506529103813551e-04
niter: 1311 Res: 1.562600940294008272e-04
niter: 1312 Res: 1.565389034134586092e-04
niter: 1313 Res: 1.567862455056766736e-04
niter: 1314 Res: 1.570013533296148167e-04
niter: 1315 Res: 1.571835262566509709e-04
niter: 1316 Res: 1.573321278226298583e-04
niter: 1317 Res: 1.574465835943625021e-04
niter: 1318 Res: 1.575263790913047435e-04
niter: 1319 Res: 1.575710577638702518e-04
niter: 1320 Res: 1.575802190284128306e-04
niter: 1321 Res: 1.575535163623483067e-04
niter: 1322 Res: 1.574906554566088955e-04
niter: 1323 Res: 1.573913924280137208e-04
niter: 1324 Res: 1.572555320892459255e-04
niter: 1325 Res: 1.570829262761368856e-04
niter: 1326 Res: 1.568734722325409135e-04
niter: 1327 Res: 1.566271110491846081e-04
niter: 1328 Res: 1.563438261564832621e-04
niter: 1329 Res: 1.560236418733302645e-04
niter: 1330 Res: 1.556666220019929854e-04
niter: 1331 Res: 1.552728684755327816e-04
niter: 1332 Res: 1.548425200356356535e-04
niter: 1333 Res: 1.543757509962780756e-04
niter: 1334 Res: 1.538727700623072079e-04
niter: 1335 Res: 1.533338191290646981e-04
niter: 1336 Res: 1.527591721551452611e-04
niter: 1337 Res: 1.521491340863410392e-04
niter: 1338 Res: 1.515040398138037074e-04
niter: 1339 Res: 1.508242531700370226e-04
niter: 1340 Res: 1.501101659651749368e-04
niter: 1341 Res: 1.493621970626861806e-04
niter: 1342 Res: 1.485807914883048727e-04
niter: 1343 Res: 1.477664195764255995e-04
niter: 1344 Res: 1.469195761497412995e-04
niter: 1345 Res: 1.460407797320156667e-04
niter: 1346 Res: 1.451305717973207698e-04
niter: 1347 Res: 1.441895160500656877e-04
niter: 1348 Res: 1.432181977412330795e-04
niter: 1349 Res: 1.422172230141019065e-04
niter: 1350 Res: 1.411872182853308934e-04
niter: 1351 Res: 1.401288296552769311e-04
niter: 1352 Res: 1.390427223520617937e-04
niter: 1353 Res: 1.379295802058471397e-04
niter: 1354 Res: 1.367901051564499504e-04
niter: 1355 Res: 1.356250167936935008e-04
niter: 1356 Res: 1.344350519297178191e-04
niter: 1357 Res: 1.332209642053061214e-04
niter: 1358 Res: 1.319835237306055554e-04
niter: 1359 Res: 1.307235167591769959e-04
niter: 1360 Res: 1.294417453977715247e-04
niter: 1361 Res: 1.281390273510363265e-04
niter: 1362 Res: 1.268161957032067056e-04
niter: 1363 Res: 1.254740987356176756e-04
niter: 1364 Res: 1.241135997852081761e-04
niter: 1365 Res: 1.227355771382550298e-04
niter: 1366 Res: 1.213409239685977862e-04
niter: 1367 Res: 1.199305483142693534e-04
niter: 1368 Res: 1.185053730984634922e-04
niter: 1369 Res: 1.170663361945662389e-04
niter: 1370 Res: 1.156143905345827759e-04
niter: 1371 Res: 1.141505042661725567e-04
niter: 1372 Res: 1.126756609551476701e-04
niter: 1373 Res: 1.111908598378385274e-04
niter: 1374 Res: 1.096971161214411067e-04
niter: 1375 Res: 1.081954613356645654e-04
niter: 1376 Res: 1.066869437338676524e-04
niter: 1377 Res: 1.051726287472329639e-04
niter: 1378 Res: 1.036535994870640943e-04
niter: 1379 Res: 1.021309572994841898e-04
niter: 1380 Res: 1.006058223677926274e-04
niter: 1381 Res: 9.907933436312456766e-05
niter: 1382 Res: 9.755265313910033002e-05
niter: 1383 Res: 9.602695946543394730e-05
niter: 1384 Res: 9.450345579988757890e-05
niter: 1385 Res: 9.298336708546812946e-05
niter: 1386 Res: 9.146794157145265254e-05
niter: 1387 Res: 8.995845163926958414e-05
niter: 1388 Res: 8.845619462942688185e-05
niter: 1389 Res: 8.696249364543483045e-05
niter: 1390 Res: 8.547869832120450222e-05
niter: 1391 Res: 8.400618552387671949e-05
niter: 1392 Res: 8.254635997055452274e-05
niter: 1393 Res: 8.110065472138060542e-05
niter: 1394 Res: 7.967053151475796189e-05
niter: 1395 Res: 7.825748090106738740e-05
niter: 1396 Res: 7.686302212630968117e-05
niter: 1397 Res: 7.548870270722962390e-05
niter: 1398 Res: 7.413609763919104013e-05
niter: 1399 Res: 7.280680816517123919e-05
niter: 1400 Res: 7.150246003100013106e-05
niter: 1401 Res: 7.022470114518788607e-05
niter: 1402 Res: 6.897519855881248157e-05
niter: 1403 Res: 6.775563467273406346e-05
niter: 1404 Res: 6.656770258787205157e-05
niter: 1405 Res: 6.541310050695225357e-05
niter: 1406 Res: 6.429352510796854407e-05
niter: 1407 Res: 6.321066382222175969e-05
niter: 1408 Res: 6.216618596128405138e-05
niter: 1409 Res: 6.116173266591701002e-05
niter: 1410 Res: 6.019890567775760480e-05
niter: 1411 Res: 5.927925497175852936e-05
niter: 1412 Res: 5.840426533641683132e-05
niter: 1413 Res: 5.757534202997842626e-05
niter: 1414 Res: 5.679379570980561847e-05
niter: 1415 Res: 5.606082687548972533e-05
niter: 1416 Res: 5.537751013528501606e-05
niter: 1417 Res: 5.474477864856336774e-05
niter: 1418 Res: 5.416340914717430744e-05
niter: 1419 Res: 5.363400796171561885e-05
niter: 1420 Res: 5.315699850077815089e-05
niter: 1421 Res: 5.273261061153145326e-05
niter: 1422 Res: 5.236087223101063720e-05
niter: 1423 Res: 5.204160367090873750e-05
niter: 1424 Res: 5.177441481187959100e-05
niter: 1425 Res: 5.155870538239917540e-05
niter: 1426 Res: 5.139366839029625619e-05
niter: 1427 Res: 5.127829666004426014e-05
niter: 1428 Res: 5.121139231780984545e-05
niter: 1429 Res: 5.119157895500836997e-05
niter: 1430 Res: 5.121731611810169420e-05
niter: 1431 Res: 5.128695465380886154e-05
niter: 1432 Res: 5.139867879890481930e-05
niter: 1433 Res: 5.155062093177589203e-05
niter: 1434 Res: 5.174063515686366425e-05
niter: 1435 Res: 5.196665151587923418e-05
niter: 1436 Res: 5.222644970301631875e-05
niter: 1437 Res: 5.251784062775077762e-05
niter: 1438 Res: 5.283862304469699571e-05
niter: 1439 Res: 5.318672899863697781e-05
niter: 1440 Res: 5.355965071040815720e-05
niter: 1441 Res: 5.395571989574947911e-05
niter: 1442 Res: 5.437237381290811164e-05
niter: 1443 Res: 5.480789123074380565e-05
niter: 1444 Res: 5.526043795468384671e-05
niter: 1445 Res: 5.572728353663133818e-05
niter: 1446 Res: 5.620693711334532087e-05
niter: 1447 Res: 5.669737668366969867e-05
niter: 1448 Res: 5.719711854193329666e-05
niter: 1449 Res: 5.770378343072229965e-05
niter: 1450 Res: 5.821640320202759892e-05
niter: 1451 Res: 5.873333337246075552e-05
niter: 1452 Res: 5.925304990025193660e-05
niter: 1453 Res: 5.977402829614900744e-05
niter: 1454 Res: 6.029488951637042852e-05
niter: 1455 Res: 6.081437708096504232e-05
niter: 1456 Res: 6.133131628456333143e-05
niter: 1457 Res: 6.184460819038431175e-05
niter: 1458 Res: 6.235321041109070895e-05
niter: 1459 Res: 6.285613830195087434e-05
niter: 1460 Res: 6.335245985883097256e-05
niter: 1461 Res: 6.384128304124480735e-05
niter: 1462 Res: 6.432174653208031748e-05
niter: 1463 Res: 6.479301758345483496e-05
niter: 1464 Res: 6.525429619754391812e-05
niter: 1465 Res: 6.570482473454810398e-05
niter: 1466 Res: 6.614389947685554033e-05
niter: 1467 Res: 6.657088009678067183e-05
niter: 1468 Res: 6.698519383786861775e-05
niter: 1469 Res: 6.738633277367929409e-05
niter: 1470 Res: 6.777384455926937872e-05
niter: 1471 Res: 6.814731906052821128e-05
niter: 1472 Res: 6.850637441577415282e-05
niter: 1473 Res: 6.885064606555605423e-05
niter: 1474 Res: 6.917978118143148180e-05
niter: 1475 Res: 6.949343916317936699e-05
niter: 1476 Res: 6.979129710447334412e-05
niter: 1477 Res: 7.007305790822201854e-05
niter: 1478 Res: 7.033845836685888970e-05
niter: 1479 Res: 7.058727495238352706e-05
niter: 1480 Res: 7.081932598881798520e-05
niter: 1481 Res: 7.103446993904905774e-05
niter: 1482 Res: 7.123260044444688780e-05
niter: 1483 Res: 7.141363934318215804e-05
niter: 1484 Res: 7.157752911822358314e-05
niter: 1485 Res: 7.172422612655655937e-05
niter: 1486 Res: 7.185369560236748638e-05
niter: 1487 Res: 7.196590893876715427e-05
niter: 1488 Res: 7.206084323465718699e-05
niter: 1489 Res: 7.213848267032156396e-05
niter: 1490 Res: 7.219882101164644698e-05
niter: 1491 Res: 7.224186447022245834e-05
niter: 1492 Res: 7.226763424220597324e-05
niter: 1493 Res: 7.227616826191085781e-05
niter: 1494 Res: 7.226752195985395092e-05
niter: 1495 Res: 7.224176805380827201e-05
niter: 1496 Res: 7.219899557646762263e-05
niter: 1497 Res: 7.213930843178638580e-05
niter: 1498 Res: 7.206282378493534255e-05
niter: 1499 Res: 7.196967054511846937e-05
niter: 1500 Res: 7.185998812031363077e-05
niter: 1501 Res: 7.173392553703924731e-05
niter: 1502 Res: 7.159164094081309129e-05
niter: 1503 Res: 7.143330143221579543e-05
niter: 1504 Res: 7.125908316144611654e-05
niter: 1505 Res: 7.106917158333771417e-05
niter: 1506 Res: 7.086376178103751769e-05
niter: 1507 Res: 7.064305877881243230e-05
niter: 1508 Res: 7.040727778759482561e-05
niter: 1509 Res: 7.015664434960794177e-05
niter: 1510 Res: 6.989139437346338242e-05
niter: 1511 Res: 6.961177406611374595e-05
niter: 1512 Res: 6.931803978187246046e-05
niter: 1513 Res: 6.901045781246071653e-05
niter: 1514 Res: 6.868930414069276621e-05
niter: 1515 Res: 6.835486417748197789e-05
niter: 1516 Res: 6.800743249081886183e-05
niter: 1517 Res: 6.764731253443700824e-05
niter: 1518 Res: 6.727481637411005704e-05
niter: 1519 Res: 6.689026440972640499e-05
niter: 1520 Res: 6.649398508967258254e-05
niter: 1521 Res: 6.608631461670605022e-05
niter: 1522 Res: 6.566759664358782752e-05
niter: 1523 Res: 6.523818196448517468e-05
niter: 1524 Res: 6.479842820400653967e-05
niter: 1525 Res: 6.434869951379660615e-05
niter: 1526 Res: 6.388936628095310253e-05
niter: 1527 Res: 6.342080485716717329e-05
niter: 1528 Res: 6.294339731532585950e-05
niter: 1529 Res: 6.245753123816249780e-05
niter: 1530 Res: 6.196359954377587509e-05
niter: 1531 Res: 6.146200035129703717e-05
niter: 1532 Res: 6.095313688753853311e-05
niter: 1533 Res: 6.043741743610336111e-05
niter: 1534 Res: 5.991525532601216209e-05
niter: 1535 Res: 5.938706895860224847e-05
niter: 1536 Res: 5.885328186623917112e-05
niter: 1537 Res: 5.831432279649056434e-05
niter: 1538 Res: 5.777062581032489121e-05
niter: 1539 Res: 5.722263038618557546e-05
niter: 1540 Res: 5.667078151409321774e-05
niter: 1541 Res: 5.611552976937656787e-05
niter: 1542 Res: 5.555733135362739446e-05
niter: 1543 Res: 5.499664809440189573e-05
niter: 1544 Res: 5.443394739709392046e-05
niter: 1545 Res: 5.386970214665043512e-05
niter: 1546 Res: 5.330439056050018353e-05
niter: 1547 Res: 5.273849599762775111e-05
niter: 1548 Res: 5.217250672969997021e-05
niter: 1549 Res: 5.160691568341313430e-05
niter: 1550 Res: 5.104222016196873082e-05
niter: 1551 Res: 5.047892155147921099e-05
niter: 1552 Res: 4.991752501540281246e-05
niter: 1553 Res: 4.935853917948890241e-05
niter: 1554 Res: 4.880247579827502437e-05
niter: 1555 Res: 4.824984940007821896e-05
niter: 1556 Res: 4.770117689401383055e-05
niter: 1557 Res: 4.715697712897439978e-05
niter: 1558 Res: 4.661777038582721143e-05
niter: 1559 Res: 4.608407778971170546e-05
niter: 1560 Res: 4.555642062870307422e-05
niter: 1561 Res: 4.503531956494374633e-05
niter: 1562 Res: 4.452129373222467616e-05
niter: 1563 Res: 4.401485971390154550e-05
niter: 1564 Res: 4.351653039954163761e-05
niter: 1565 Res: 4.302681372193575073e-05
niter: 1566 Res: 4.254621128089306538e-05
niter: 1567 Res: 4.207520004329579088e-05
niter: 1568 Res: 4.161411563638520411e-05
niter: 1569 Res: 4.116357244972178596e-05
niter: 1570 Res: 4.072380610877627708e-05
niter: 1571 Res: 4.029548498802665361e-05
niter: 1572 Res: 3.987944015881951699e-05
niter: 1573 Res: 3.947499153546725909e-05
niter: 1574 Res: 3.908388321985274162e-05
niter: 1575 Res: 3.870520347636068222e-05
niter: 1576 Res: 3.834052701091560225e-05
niter: 1577 Res: 3.798881992531431248e-05
niter: 1578 Res: 3.765190194720013678e-05
niter: 1579 Res: 3.732938789723280873e-05
niter: 1580 Res: 3.702088908585836287e-05
niter: 1581 Res: 3.672761895439452214e-05
niter: 1582 Res: 3.644903809659693847e-05
niter: 1583 Res: 3.618591745410133759e-05
niter: 1584 Res: 3.593779108593711215e-05
niter: 1585 Res: 3.570511225140592890e-05
niter: 1586 Res: 3.548813506009150461e-05
niter: 1587 Res: 3.528623412001613292e-05
niter: 1588 Res: 3.509884173737910676e-05
niter: 1589 Res: 3.492703162931455054e-05
niter: 1590 Res: 3.476988857625708110e-05
niter: 1591 Res: 3.462736035856770546e-05
niter: 1592 Res: 3.449914361775072434e-05
niter: 1593 Res: 3.438489467274857998e-05
niter: 1594 Res: 3.428427392864291071e-05
niter: 1595 Res: 3.419694295928852229e-05
niter: 1596 Res: 3.412255248026490240e-05
niter: 1597 Res: 3.406073499820043421e-05
niter: 1598 Res: 3.401110390273995814e-05
niter: 1599 Res: 3.397325368369209650e-05
niter: 1600 Res: 3.394676019702655396e-05
niter: 1601 Res: 3.393118042104026761e-05
niter: 1602 Res: 3.392605432346190730e-05
niter: 1603 Res: 3.393090801139375787e-05
niter: 1604 Res: 3.394525514117489184e-05
niter: 1605 Res: 3.396859471563110891e-05
niter: 1606 Res: 3.400040659497508206e-05
niter: 1607 Res: 3.404014832667954463e-05
niter: 1608 Res: 3.408725609193523598e-05
niter: 1609 Res: 3.414115019962051987e-05
niter: 1610 Res: 3.420124354065032013e-05
niter: 1611 Res: 3.426695064555928855e-05
niter: 1612 Res: 3.433769534691624969e-05
niter: 1613 Res: 3.441291599208644314e-05
niter: 1614 Res: 3.449206807378960092e-05
niter: 1615 Res: 3.457462465452909573e-05
niter: 1616 Res: 3.466007502577442181e-05
niter: 1617 Res: 3.474792189247865410e-05
niter: 1618 Res: 3.483767735030805698e-05
niter: 1619 Res: 3.492885815170281689e-05
niter: 1620 Res: 3.502098110059301310e-05
niter: 1621 Res: 3.511355961455363153e-05
niter: 1622 Res: 3.520610236333134079e-05
niter: 1623 Res: 3.529811440772883492e-05
niter: 1624 Res: 3.538910065274275551e-05
niter: 1625 Res: 3.547857090072671887e-05
niter: 1626 Res: 3.556604554424970500e-05
niter: 1627 Res: 3.565106100793468096e-05
niter: 1628 Res: 3.573317433127254014e-05
niter: 1629 Res: 3.581196663116436685e-05
niter: 1630 Res: 3.588704547022967682e-05
niter: 1631 Res: 3.595804631095014136e-05
niter: 1632 Res: 3.602463325318977353e-05
niter: 1633 Res: 3.608649920678012738e-05
niter: 1634 Res: 3.614336557015588930e-05
niter: 1635 Res: 3.619498142697043301e-05
niter: 1636 Res: 3.624112226796658546e-05
niter: 1637 Res: 3.628158825525559675e-05
niter: 1638 Res: 3.631620209075994129e-05
niter: 1639 Res: 3.634480658353392085e-05
niter: 1640 Res: 3.636726204480944828e-05
niter: 1641 Res: 3.638344364028637970e-05
niter: 1642 Res: 3.639323882711589559e-05
niter: 1643 Res: 3.639654498077983242e-05
niter: 1644 Res: 3.639326729857853020e-05
niter: 1645 Res: 3.638331703113130780e-05
niter: 1646 Res: 3.636661007475509513e-05
niter: 1647 Res: 3.634306593103154307e-05
niter: 1648 Res: 3.631260702040682727e-05
niter: 1649 Res: 3.627515832498193015e-05
niter: 1650 Res: 3.623064732050413511e-05
niter: 1651 Res: 3.617900415541828551e-05
niter: 1652 Res: 3.612016203040558553e-05
niter: 1653 Res: 3.605405772980393970e-05
niter: 1654 Res: 3.598063226090784526e-05
niter: 1655 Res: 3.589983155683368907e-05
niter: 1656 Res: 3.581160720472195474e-05
niter: 1657 Res: 3.571591716315636165e-05
niter: 1658 Res: 3.561272644040920052e-05
niter: 1659 Res: 3.550200771179903375e-05
niter: 1660 Res: 3.538374185271332320e-05
niter: 1661 Res: 3.525791837810476312e-05
niter: 1662 Res: 3.512453577856697730e-05
niter: 1663 Res: 3.498360174400693838e-05
niter: 1664 Res: 3.483513328338406606e-05
niter: 1665 Res: 3.467915673225571173e-05
niter: 1666 Res: 3.451570766947385343e-05
niter: 1667 Res: 3.434483074211828660e-05
niter: 1668 Res: 3.416657942708423910e-05
niter: 1669 Res: 3.398101573267113925e-05
niter: 1670 Res: 3.378820987131287643e-05
niter: 1671 Res: 3.358823991268168499e-05
niter: 1672 Res: 3.338119143433477865e-05
niter: 1673 Res: 3.316715718103652687e-05
niter: 1674 Res: 3.294623674317323492e-05
niter: 1675 Res: 3.271853625276546030e-05
niter: 1676 Res: 3.248416810379460649e-05
niter: 1677 Res: 3.224325069252006337e-05
niter: 1678 Res: 3.199590817543576822e-05
niter: 1679 Res: 3.174227024484381189e-05
niter: 1680 Res: 3.148247191952860277e-05
niter: 1681 Res: 3.121665334849178417e-05
niter: 1682 Res: 3.094495963178037819e-05
niter: 1683 Res: 3.066754065853630206e-05
niter: 1684 Res: 3.038455096286283964e-05
niter: 1685 Res: 3.009614960239068450e-05
niter: 1686 Res: 2.980250005882102533e-05
niter: 1687 Res: 2.950377016326342024e-05
niter: 1688 Res: 2.920013204483436466e-05
niter: 1689 Res: 2.889176210148568672e-05
niter: 1690 Res: 2.857884099308495891e-05
niter: 1691 Res: 2.826155365169292829e-05
niter: 1692 Res: 2.794008930824512553e-05
niter: 1693 Res: 2.761464153023203741e-05
niter: 1694 Res: 2.728540827227122931e-05
niter: 1695 Res: 2.695259192825139814e-05
niter: 1696 Res: 2.661639939500138940e-05
niter: 1697 Res: 2.627704213352756557e-05
niter: 1698 Res: 2.593473623660409098e-05
niter: 1699 Res: 2.558970249908261264e-05
niter: 1700 Res: 2.524216648915646245e-05
niter: 1701 Res: 2.489235862725207939e-05
niter: 1702 Res: 2.454051426937207099e-05
niter: 1703 Res: 2.418687379961769282e-05
niter: 1704 Res: 2.383168273433920650e-05
niter: 1705 Res: 2.347519183725169930e-05
niter: 1706 Res: 2.311765725192252625e-05
niter: 1707 Res: 2.275934064997981585e-05
niter: 1708 Res: 2.240050939994657370e-05
niter: 1709 Res: 2.204143675393198889e-05
niter: 1710 Res: 2.168240205624550823e-05
niter: 1711 Res: 2.132369097277985343e-05
niter: 1712 Res: 2.096559573980697630e-05
niter: 1713 Res: 2.060841543175711668e-05
niter: 1714 Res: 2.025245624483949409e-05
niter: 1715 Res: 1.989803179470963471e-05
niter: 1716 Res: 1.954546342230268212e-05
niter: 1717 Res: 1.919508050574253634e-05
niter: 1718 Res: 1.884722076721873630e-05
niter: 1719 Res: 1.850223057220163789e-05
niter: 1720 Res: 1.816046520801204822e-05
niter: 1721 Res: 1.782228913444064623e-05
niter: 1722 Res: 1.748807618698286582e-05
niter: 1723 Res: 1.715820972681265211e-05
niter: 1724 Res: 1.683147345487993104e-05
niter: 1725 Res: 1.650833028448569985e-05
niter: 1726 Res: 1.619092600970160932e-05
niter: 1727 Res: 1.588145580834095035e-05
niter: 1728 Res: 1.557928846864393155e-05
niter: 1729 Res: 1.528441435342960030e-05
niter: 1730 Res: 1.499704465346966858e-05
niter: 1731 Res: 1.471754852105363778e-05
niter: 1732 Res: 1.444634201325156869e-05
niter: 1733 Res: 1.418382706053267271e-05
niter: 1734 Res: 1.393042253853488085e-05
niter: 1735 Res: 1.368656858049247461e-05
niter: 1736 Res: 1.345271595548626502e-05
niter: 1737 Res: 1.322931356494155440e-05
niter: 1738 Res: 1.301679807206806358e-05
niter: 1739 Res: 1.281558541361632244e-05
niter: 1740 Res: 1.262606477219483772e-05
niter: 1741 Res: 1.244859478399600989e-05
niter: 1742 Res: 1.228350115568045742e-05
niter: 1743 Res: 1.213107428067436578e-05
niter: 1744 Res: 1.199156583473663579e-05
niter: 1745 Res: 1.186518411623354467e-05
niter: 1746 Res: 1.175208860359912329e-05
niter: 1747 Res: 1.165346902868900899e-05
niter: 1748 Res: 1.156669309795193839e-05
niter: 1749 Res: 1.149379624286261549e-05
niter: 1750 Res: 1.143418588426359642e-05
niter: 1751 Res: 1.138918159868804116e-05
niter: 1752 Res: 1.135509050958897685e-05
niter: 1753 Res: 1.133670454753139957e-05
niter: 1754 Res: 1.133236401505206175e-05
niter: 1755 Res: 1.133758531877334191e-05
niter: 1756 Res: 1.135462484678791790e-05
niter: 1757 Res: 1.138323643092671242e-05
niter: 1758 Res: 1.142446164292854974e-05
niter: 1759 Res: 1.147868688027651448e-05
niter: 1760 Res: 1.153658252974390187e-05
niter: 1761 Res: 1.160449316897694685e-05
niter: 1762 Res: 1.168299554611016715e-05
niter: 1763 Res: 1.177384778067377822e-05
niter: 1764 Res: 1.186758673161453165e-05
niter: 1765 Res: 1.196618205477653461e-05
niter: 1766 Res: 1.207516514354690408e-05
niter: 1767 Res: 1.218775533018852240e-05
niter: 1768 Res: 1.230708888735448361e-05
niter: 1769 Res: 1.242823721334451463e-05
niter: 1770 Res: 1.255486788529803207e-05
niter: 1771 Res: 1.268489623195604934e-05
niter: 1772 Res: 1.281830226953437554e-05
niter: 1773 Res: 1.295414995714282505e-05
niter: 1774 Res: 1.309353843920313065e-05
niter: 1775 Res: 1.323201268342382655e-05
niter: 1776 Res: 1.337249631494314180e-05
niter: 1777 Res: 1.351387838227061522e-05
niter: 1778 Res: 1.365517772807840288e-05
niter: 1779 Res: 1.379752054801306890e-05
niter: 1780 Res: 1.393669017135061397e-05
niter: 1781 Res: 1.407431037513945817e-05
niter: 1782 Res: 1.421180099260373314e-05
niter: 1783 Res: 1.434707489170660580e-05
niter: 1784 Res: 1.448102992008735709e-05
niter: 1785 Res: 1.461228883551505712e-05
niter: 1786 Res: 1.474078429159496044e-05
niter: 1787 Res: 1.486646881483799049e-05
niter: 1788 Res: 1.498759935374254716e-05
niter: 1789 Res: 1.510775389515947317e-05
niter: 1790 Res: 1.522274925312174215e-05
niter: 1791 Res: 1.533506811950281401e-05
niter: 1792 Res: 1.544330694158092452e-05
niter: 1793 Res: 1.554771037498288937e-05
niter: 1794 Res: 1.564757614592402071e-05
niter: 1795 Res: 1.574322364724018065e-05
niter: 1796 Res: 1.583452812938746299e-05
niter: 1797 Res: 1.592142925862569707e-05
niter: 1798 Res: 1.600374270790926509e-05
niter: 1799 Res: 1.608148730155667481e-05
niter: 1800 Res: 1.615470162008563677e-05
niter: 1801 Res: 1.622342931383527560e-05
niter: 1802 Res: 1.628771303363641236e-05
niter: 1803 Res: 1.634761988625504619e-05
niter: 1804 Res: 1.640321887294516741e-05
niter: 1805 Res: 1.645456576408910011e-05
niter: 1806 Res: 1.650170719371182114e-05
niter: 1807 Res: 1.654468278488944514e-05
niter: 1808 Res: 1.658352875146368820e-05
niter: 1809 Res: 1.661828318170698840e-05
niter: 1810 Res: 1.664899183322175798e-05
niter: 1811 Res: 1.667571377257751029e-05
niter: 1812 Res: 1.669852509061802535e-05
niter: 1813 Res: 1.671716879635008941e-05
niter: 1814 Res: 1.673250045106842537e-05
niter: 1815 Res: 1.674386034716684278e-05
niter: 1816 Res: 1.675208748394984125e-05
niter: 1817 Res: 1.675700650681364833e-05
niter: 1818 Res: 1.675859915594905166e-05
niter: 1819 Res: 1.675651745778933529e-05
niter: 1820 Res: 1.675182163830770695e-05
niter: 1821 Res: 1.674427405365395743e-05
niter: 1822 Res: 1.673333912780668845e-05
niter: 1823 Res: 1.671909829201137130e-05
niter: 1824 Res: 1.670194643296658233e-05
niter: 1825 Res: 1.668302118268900132e-05
niter: 1826 Res: 1.666004217667747076e-05
niter: 1827 Res: 1.663450377014406300e-05
niter: 1828 Res: 1.660567189038363603e-05
niter: 1829 Res: 1.657436425315900153e-05
niter: 1830 Res: 1.653997924027336052e-05
niter: 1831 Res: 1.650029751057801008e-05
niter: 1832 Res: 1.645912961960570444e-05
niter: 1833 Res: 1.641557854331683500e-05
niter: 1834 Res: 1.636446335949514957e-05
niter: 1835 Res: 1.631132311987392594e-05
niter: 1836 Res: 1.625564457066176096e-05
niter: 1837 Res: 1.619580715988838619e-05
niter: 1838 Res: 1.613410802572898877e-05
niter: 1839 Res: 1.606914949433926569e-05
niter: 1840 Res: 1.600322546949077375e-05
niter: 1841 Res: 1.593587079162032182e-05
niter: 1842 Res: 1.586769791712455672e-05
niter: 1843 Res: 1.579692045869730865e-05
niter: 1844 Res: 1.572533323792880063e-05
niter: 1845 Res: 1.565132392131605280e-05
niter: 1846 Res: 1.557629341688360200e-05
niter: 1847 Res: 1.549850549117207606e-05
niter: 1848 Res: 1.541982346028079409e-05
niter: 1849 Res: 1.533846134094344195e-05
niter: 1850 Res: 1.525637572906869490e-05
niter: 1851 Res: 1.517159666298272985e-05
niter: 1852 Res: 1.508606919831597096e-05
niter: 1853 Res: 1.499788700882363906e-05
niter: 1854 Res: 1.490913819701941619e-05
niter: 1855 Res: 1.481755132994109274e-05
niter: 1856 Res: 1.472555117972574897e-05
niter: 1857 Res: 1.463063183352277170e-05
niter: 1858 Res: 1.453443910879843539e-05
niter: 1859 Res: 1.443783317760171403e-05
niter: 1860 Res: 1.433854964057731022e-05
niter: 1861 Res: 1.423828552405079499e-05
niter: 1862 Res: 1.413785251925202959e-05
niter: 1863 Res: 1.403472849700983913e-05
niter: 1864 Res: 1.393057310850872666e-05
niter: 1865 Res: 1.382656543371414890e-05
niter: 1866 Res: 1.371903261310153373e-05
niter: 1867 Res: 1.361259351247636295e-05
niter: 1868 Res: 1.350280692370421508e-05
niter: 1869 Res: 1.339349732671412120e-05
niter: 1870 Res: 1.328188746506742764e-05
niter: 1871 Res: 1.317030044885496442e-05
niter: 1872 Res: 1.305594112533344617e-05
niter: 1873 Res: 1.294135945280674146e-05
niter: 1874 Res: 1.282401143622369371e-05
niter: 1875 Res: 1.270697384974642572e-05
niter: 1876 Res: 1.258837761511167901e-05
niter: 1877 Res: 1.247016171754042014e-05
niter: 1878 Res: 1.234778689552794057e-05
niter: 1879 Res: 1.222728118096957038e-05
niter: 1880 Res: 1.210433497444524066e-05
niter: 1881 Res: 1.198403774620296039e-05
niter: 1882 Res: 1.185932357657486779e-05
niter: 1883 Res: 1.173914361883854273e-05
niter: 1884 Res: 1.161726813490067338e-05
niter: 1885 Res: 1.149493865765550587e-05
niter: 1886 Res: 1.137535913970289639e-05
niter: 1887 Res: 1.125889801040546375e-05
niter: 1888 Res: 1.114159291471830310e-05
niter: 1889 Res: 1.102388329576835173e-05
niter: 1890 Res: 1.091083859228247873e-05
niter: 1891 Res: 1.080524394308269430e-05
niter: 1892 Res: 1.069317143351000911e-05
niter: 1893 Res: 1.058513163982695974e-05
niter: 1894 Res: 1.047962511153007209e-05
niter: 1895 Res: 1.037983404189407488e-05
niter: 1896 Res: 1.028083013694277641e-05
niter: 1897 Res: 1.018637526853206974e-05
niter: 1898 Res: 1.009432749090588612e-05
niter: 1899 Res: 1.000118620045897156e-05
niter: 1900 Res: 9.911592792184710998e-06
niter: 1901 Res: 9.827955363824604932e-06
niter: 1902 Res: 9.745507936947348863e-06
niter: 1903 Res: 9.671998489103685961e-06
niter: 1904 Res: 9.597793784242261733e-06
niter: 1905 Res: 9.521169395743382842e-06
niter: 1906 Res: 9.452157525436869821e-06
niter: 1907 Res: 9.382779519822807073e-06
niter: 1908 Res: 9.316209684484316319e-06
niter: 1909 Res: 9.249852582085567576e-06
niter: 1910 Res: 9.188829617742482169e-06
niter: 1911 Res: 9.126989704965049997e-06
niter: 1912 Res: 9.071741960026541418e-06
niter: 1913 Res: 9.021669546945940791e-06
niter: 1914 Res: 8.968994950503842846e-06
niter: 1915 Res: 8.927710112278396362e-06
niter: 1916 Res: 8.883946314975937653e-06
niter: 1917 Res: 8.844974298925528084e-06
niter: 1918 Res: 8.812762878072856639e-06
niter: 1919 Res: 8.775647930252226405e-06
niter: 1920 Res: 8.747742005266804287e-06
niter: 1921 Res: 8.716632279219045681e-06
niter: 1922 Res: 8.693594418611960922e-06
niter: 1923 Res: 8.663928368575528138e-06
niter: 1924 Res: 8.639534740584379314e-06
niter: 1925 Res: 8.619557090014167908e-06
niter: 1926 Res: 8.598512034388280915e-06
niter: 1927 Res: 8.582025041082797309e-06
niter: 1928 Res: 8.564264670799030167e-06
niter: 1929 Res: 8.550115361199206712e-06
niter: 1930 Res: 8.537116833132098537e-06
niter: 1931 Res: 8.526908713005646530e-06
niter: 1932 Res: 8.510875776476225976e-06
niter: 1933 Res: 8.509130193088693800e-06
niter: 1934 Res: 8.503687309092643402e-06
niter: 1935 Res: 8.491917901696874750e-06
niter: 1936 Res: 8.483323013161818123e-06
niter: 1937 Res: 8.480239536119726397e-06
niter: 1938 Res: 8.481290836924854749e-06
niter: 1939 Res: 8.472024570191138415e-06
niter: 1940 Res: 8.472434565802945200e-06
niter: 1941 Res: 8.474160800366751083e-06
niter: 1942 Res: 8.468550375796296298e-06
niter: 1943 Res: 8.473953218160059595e-06
niter: 1944 Res: 8.477187733289470324e-06
niter: 1945 Res: 8.475972014887882966e-06
niter: 1946 Res: 8.479818830485479916e-06
niter: 1947 Res: 8.481070640060264071e-06
niter: 1948 Res: 8.487156449672339728e-06
niter: 1949 Res: 8.492764506162585455e-06
niter: 1950 Res: 8.491357961036357193e-06
niter: 1951 Res: 8.491624687297140450e-06
niter: 1952 Res: 8.499998341300239884e-06
niter: 1953 Res: 8.500057687247416287e-06
niter: 1954 Res: 8.500623274237088670e-06
niter: 1955 Res: 8.502770786253739568e-06
niter: 1956 Res: 8.502591677256781327e-06
niter: 1957 Res: 8.503393402539436504e-06
niter: 1958 Res: 8.502524629624620513e-06
niter: 1959 Res: 8.501692990914888376e-06
niter: 1960 Res: 8.498752018307398486e-06
niter: 1961 Res: 8.497588964552478888e-06
niter: 1962 Res: 8.495254163952146837e-06
niter: 1963 Res: 8.491656861337536330e-06
niter: 1964 Res: 8.490880916193555613e-06
niter: 1965 Res: 8.487030909302661401e-06
niter: 1966 Res: 8.484311261258286078e-06
niter: 1967 Res: 8.479805910457962923e-06
niter: 1968 Res: 8.473175478969268082e-06
niter: 1969 Res: 8.463255677249149637e-06
niter: 1970 Res: 8.454536649746587090e-06
niter: 1971 Res: 8.444577751639579204e-06
niter: 1972 Res: 8.433968235633278385e-06
niter: 1973 Res: 8.422135770523469072e-06
niter: 1974 Res: 8.409048075347565028e-06
niter: 1975 Res: 8.395241138956076202e-06
niter: 1976 Res: 8.380490152131457308e-06
niter: 1977 Res: 8.364144299538067478e-06
niter: 1978 Res: 8.346190861918008816e-06
niter: 1979 Res: 8.327771188255660172e-06
niter: 1980 Res: 8.308290772869589137e-06
niter: 1981 Res: 8.287507387165601365e-06
niter: 1982 Res: 8.265523161966669097e-06
niter: 1983 Res: 8.242412815300088170e-06
niter: 1984 Res: 8.218174532883667848e-06
niter: 1985 Res: 8.192742302001596510e-06
niter: 1986 Res: 8.166014977021533112e-06
niter: 1987 Res: 8.137877609432996498e-06
niter: 1988 Res: 8.108219748377574882e-06
niter: 1989 Res: 8.076941911142149710e-06
niter: 1990 Res: 8.043956596491888206e-06
niter: 1991 Res: 8.009188739110804011e-06
niter: 1992 Res: 7.972572993076151106e-06
niter: 1993 Res: 7.934047078501647288e-06
niter: 1994 Res: 7.893545947396124083e-06
niter: 1995 Res: 7.850999643648629416e-06
niter: 1996 Res: 7.806335287900058808e-06
niter: 1997 Res: 7.759481375687445886e-06
niter: 1998 Res: 7.710371864257947275e-06
niter: 1999 Res: 7.658948613195924339e-06
niter: 2000 Res: 7.605162388727303128e-06
niter: 2001 Res: 7.548973534020117013e-06
niter: 2002 Res: 7.490353102028876012e-06
niter: 2003 Res: 7.429284440185876778e-06
niter: 2004 Res: 7.365764720542203350e-06
niter: 2005 Res: 7.299806000834691392e-06
niter: 2006 Res: 7.231435792509465062e-06
niter: 2007 Res: 7.160697344181946493e-06
niter: 2008 Res: 7.087649827447562180e-06
niter: 2009 Res: 7.012368396889552416e-06
niter: 2010 Res: 6.934943920648703946e-06
niter: 2011 Res: 6.855482123666787194e-06
niter: 2012 Res: 6.774102010802876652e-06
niter: 2013 Res: 6.690933633477455634e-06
niter: 2014 Res: 6.606115446732723807e-06
niter: 2015 Res: 6.519791604528066875e-06
niter: 2016 Res: 6.432109511495221296e-06
niter: 2017 Res: 6.343217831714687105e-06
niter: 2018 Res: 6.253265009016696222e-06
niter: 2019 Res: 6.162398209481040420e-06
niter: 2020 Res: 6.072152456494385579e-06
niter: 2021 Res: 5.980819758483939858e-06
niter: 2022 Res: 5.890245706611708924e-06
niter: 2023 Res: 5.797183375245414768e-06
niter: 2024 Res: 5.707084837403409511e-06
niter: 2025 Res: 5.613807014237785622e-06
niter: 2026 Res: 5.520805292973762493e-06
niter: 2027 Res: 5.428984723383871718e-06
niter: 2028 Res: 5.339439397202637117e-06
niter: 2029 Res: 5.250435713937580779e-06
niter: 2030 Res: 5.160718558547097067e-06
niter: 2031 Res: 5.070403993318276190e-06
niter: 2032 Res: 4.976903120232488560e-06
niter: 2033 Res: 4.892424448749285040e-06
niter: 2034 Res: 4.803221645657082081e-06
niter: 2035 Res: 4.721369108145432571e-06
niter: 2036 Res: 4.633977590778310028e-06
niter: 2037 Res: 4.548049287482361625e-06
niter: 2038 Res: 4.466348193819476138e-06
niter: 2039 Res: 4.382940372562062599e-06
niter: 2040 Res: 4.304993025232163974e-06
niter: 2041 Res: 4.230538084632083157e-06
niter: 2042 Res: 4.153315997384966325e-06
niter: 2043 Res: 4.079262500033233315e-06
niter: 2044 Res: 4.001716027920009028e-06
niter: 2045 Res: 3.950007401670812335e-06
niter: 2046 Res: 3.872302496428585033e-06
niter: 2047 Res: 3.811680005483126061e-06
niter: 2048 Res: 3.736606094598850406e-06
niter: 2049 Res: 3.681586501860408537e-06
niter: 2050 Res: 3.613017696882176129e-06
niter: 2051 Res: 3.555013282836674114e-06
niter: 2052 Res: 3.507648105637389753e-06
niter: 2053 Res: 3.462996356909510987e-06
niter: 2054 Res: 3.393683686530894962e-06
niter: 2055 Res: 3.349360015008532558e-06
niter: 2056 Res: 3.303241075035167974e-06
niter: 2057 Res: 3.266737637130063649e-06
niter: 2058 Res: 3.210808606684911597e-06
niter: 2059 Res: 3.185999282624892426e-06
niter: 2060 Res: 3.124785855497297877e-06
niter: 2061 Res: 3.100057901377840477e-06
niter: 2062 Res: 3.052140618218316102e-06
niter: 2063 Res: 3.023994210889106490e-06
niter: 2064 Res: 3.005894260825017952e-06
niter: 2065 Res: 2.982421323876924292e-06
niter: 2066 Res: 2.965076502474096929e-06
niter: 2067 Res: 2.960335890790799506e-06
niter: 2068 Res: 2.930318443596614235e-06
niter: 2069 Res: 2.930958779217033187e-06
niter: 2070 Res: 2.919730784562277032e-06
niter: 2071 Res: 2.919975295474922325e-06
niter: 2072 Res: 2.912693951049147660e-06
niter: 2073 Res: 2.892787627422959311e-06
niter: 2074 Res: 2.886022616761760729e-06
niter: 2075 Res: 2.889589517333239514e-06
niter: 2076 Res: 2.897495464929829420e-06
niter: 2077 Res: 2.883630556324018160e-06
niter: 2078 Res: 2.884067205618343782e-06
niter: 2079 Res: 2.877463277816157817e-06
niter: 2080 Res: 2.882457890551266261e-06
niter: 2081 Res: 2.899689620445150110e-06
niter: 2082 Res: 2.926064308247161614e-06
niter: 2083 Res: 2.928032129316244133e-06
niter: 2084 Res: 2.918713083886248271e-06
niter: 2085 Res: 2.929220478591609958e-06
niter: 2086 Res: 2.930826347247900210e-06
niter: 2087 Res: 2.942056326353409180e-06
niter: 2088 Res: 2.942028591224041920e-06
niter: 2089 Res: 2.960699992832293998e-06
niter: 2090 Res: 2.968604353825639285e-06
niter: 2091 Res: 2.987425376801501239e-06
niter: 2092 Res: 3.012774051477539575e-06
niter: 2093 Res: 3.018189786483119820e-06
niter: 2094 Res: 3.020988553252291986e-06
niter: 2095 Res: 3.026690610000239494e-06
niter: 2096 Res: 3.042627335077151621e-06
niter: 2097 Res: 3.057565949090838564e-06
niter: 2098 Res: 3.079468766386150359e-06
niter: 2099 Res: 3.091479734799167467e-06
niter: 2100 Res: 3.107466817067633159e-06
niter: 2101 Res: 3.121603364213947632e-06
niter: 2102 Res: 3.132543529393179467e-06
niter: 2103 Res: 3.144691078709113719e-06
niter: 2104 Res: 3.165894689670056581e-06
niter: 2105 Res: 3.182363617619344841e-06
niter: 2106 Res: 3.199491404043817202e-06
niter: 2107 Res: 3.219457714145978476e-06
niter: 2108 Res: 3.233297132107356979e-06
niter: 2109 Res: 3.249564038827123411e-06
niter: 2110 Res: 3.253254726800348444e-06
niter: 2111 Res: 3.264350080774100238e-06
niter: 2112 Res: 3.279746037241205490e-06
niter: 2113 Res: 3.291430844660874187e-06
niter: 2114 Res: 3.309142367463589027e-06
niter: 2115 Res: 3.311662408633600122e-06
niter: 2116 Res: 3.324970309515364607e-06
niter: 2117 Res: 3.335373669778075952e-06
niter: 2118 Res: 3.351460321845271087e-06
niter: 2119 Res: 3.366795789096293640e-06
niter: 2120 Res: 3.372085453099210784e-06
niter: 2121 Res: 3.385583738992698811e-06
niter: 2122 Res: 3.388138369356415757e-06
niter: 2123 Res: 3.402011085638522314e-06
niter: 2124 Res: 3.413283132129700446e-06
niter: 2125 Res: 3.418758256997879743e-06
niter: 2126 Res: 3.423442968426953444e-06
niter: 2127 Res: 3.436348716813876832e-06
niter: 2128 Res: 3.435911567332833265e-06
niter: 2129 Res: 3.441280512476569131e-06
niter: 2130 Res: 3.445550360542350982e-06
niter: 2131 Res: 3.441957616143538441e-06
niter: 2132 Res: 3.449281817501659664e-06
niter: 2133 Res: 3.450427820850718540e-06
niter: 2134 Res: 3.452206514083001898e-06
niter: 2135 Res: 3.444514581638619292e-06
niter: 2136 Res: 3.451810350445321421e-06
niter: 2137 Res: 3.444921530072468120e-06
niter: 2138 Res: 3.448462357682436476e-06
niter: 2139 Res: 3.451856808664220747e-06
niter: 2140 Res: 3.433079563017055733e-06
niter: 2141 Res: 3.427869172618186049e-06
niter: 2142 Res: 3.422765648844831488e-06
niter: 2143 Res: 3.418972968674590157e-06
niter: 2144 Res: 3.413862552277153142e-06
niter: 2145 Res: 3.406519999979566217e-06
niter: 2146 Res: 3.412102846764540264e-06
niter: 2147 Res: 3.391425389275105215e-06
niter: 2148 Res: 3.372088783976011443e-06
niter: 2149 Res: 3.358101468196306144e-06
niter: 2150 Res: 3.346003210376890932e-06
niter: 2151 Res: 3.338525583540759428e-06
niter: 2152 Res: 3.320455940269223134e-06
niter: 2153 Res: 3.304755545383781834e-06
niter: 2154 Res: 3.280481308917007329e-06
niter: 2155 Res: 3.255986896353940914e-06
niter: 2156 Res: 3.242616929314887448e-06
niter: 2157 Res: 3.239137333664820324e-06
niter: 2158 Res: 3.225539023158628591e-06
niter: 2159 Res: 3.211290144708285031e-06
niter: 2160 Res: 3.192774266807007873e-06
niter: 2161 Res: 3.178866761083595573e-06
niter: 2162 Res: 3.160030024101178392e-06
niter: 2163 Res: 3.148415642395770631e-06
niter: 2164 Res: 3.138435103864743408e-06
niter: 2165 Res: 3.124047874750195789e-06
niter: 2166 Res: 3.122360836193051703e-06
niter: 2167 Res: 3.112020093519795701e-06
niter: 2168 Res: 3.106631146228817633e-06
niter: 2169 Res: 3.098480495097838378e-06
niter: 2170 Res: 3.093363177928467585e-06
niter: 2171 Res: 3.090589801706905595e-06
niter: 2172 Res: 3.079757574801760921e-06
niter: 2173 Res: 3.076639878155675266e-06
niter: 2174 Res: 3.073939993702096753e-06
niter: 2175 Res: 3.076613705319974702e-06
niter: 2176 Res: 3.074053086615979934e-06
niter: 2177 Res: 3.067016501768271652e-06
niter: 2178 Res: 3.058901223188342796e-06
niter: 2179 Res: 3.049169789906263799e-06
niter: 2180 Res: 3.038815956007662568e-06
niter: 2181 Res: 3.030693822317849838e-06
niter: 2182 Res: 3.017180107957915105e-06
niter: 2183 Res: 3.003690146118157045e-06
niter: 2184 Res: 2.988900518464793087e-06
niter: 2185 Res: 2.974646069678097737e-06
niter: 2186 Res: 2.957690931452720792e-06
niter: 2187 Res: 2.941688833320179911e-06
niter: 2188 Res: 2.928486924594115261e-06
niter: 2189 Res: 2.912270676518144859e-06
niter: 2190 Res: 2.891825101383235707e-06
niter: 2191 Res: 2.876178564080827532e-06
niter: 2192 Res: 2.866036180593122242e-06
niter: 2193 Res: 2.845699491103983966e-06
niter: 2194 Res: 2.835193867443951425e-06
niter: 2195 Res: 2.821877272206743555e-06
niter: 2196 Res: 2.811252190395087170e-06
niter: 2197 Res: 2.797135708815482466e-06
niter: 2198 Res: 2.772794333418133193e-06
niter: 2199 Res: 2.762338548683096786e-06
niter: 2200 Res: 2.750214620796642572e-06
niter: 2201 Res: 2.743006131310841759e-06
niter: 2202 Res: 2.732934595441502735e-06
niter: 2203 Res: 2.718013749947123725e-06
niter: 2204 Res: 2.707263540887686916e-06
niter: 2205 Res: 2.686726905485917941e-06
niter: 2206 Res: 2.677101839917065377e-06
niter: 2207 Res: 2.656827580742379708e-06
niter: 2208 Res: 2.643172583939000525e-06
niter: 2209 Res: 2.626060690244475797e-06
niter: 2210 Res: 2.614389350430087356e-06
niter: 2211 Res: 2.595339656511394680e-06
niter: 2212 Res: 2.583897566238330303e-06
niter: 2213 Res: 2.561534801763377313e-06
niter: 2214 Res: 2.540385040996228701e-06
niter: 2215 Res: 2.516385002789052031e-06
niter: 2216 Res: 2.493085798180008315e-06
niter: 2217 Res: 2.474626804522772031e-06
niter: 2218 Res: 2.446200446361534947e-06
niter: 2219 Res: 2.431654348254657427e-06
niter: 2220 Res: 2.412620732828597509e-06
niter: 2221 Res: 2.393915879685309124e-06
niter: 2222 Res: 2.363632352051812746e-06
niter: 2223 Res: 2.332108562103632801e-06
niter: 2224 Res: 2.312402974745171381e-06
niter: 2225 Res: 2.289837184197162031e-06
niter: 2226 Res: 2.271359344761543481e-06
niter: 2227 Res: 2.251000364078501925e-06
niter: 2228 Res: 2.220452271250698393e-06
niter: 2229 Res: 2.201158955307549688e-06
niter: 2230 Res: 2.180642636712050627e-06
niter: 2231 Res: 2.164288272535295168e-06
niter: 2232 Res: 2.151160215918544167e-06
niter: 2233 Res: 2.128579459406046382e-06
niter: 2234 Res: 2.100083717470097071e-06
niter: 2235 Res: 2.082221215495592340e-06
niter: 2236 Res: 2.060041799035811154e-06
niter: 2237 Res: 2.059437205969717090e-06
niter: 2238 Res: 2.046510591014754255e-06
niter: 2239 Res: 2.033368214540274866e-06
niter: 2240 Res: 2.016499596754589361e-06
niter: 2241 Res: 2.020925586347066517e-06
niter: 2242 Res: 1.998666180051600562e-06
niter: 2243 Res: 1.999419254304041246e-06
niter: 2244 Res: 1.989622812271919315e-06
niter: 2245 Res: 1.950506118143834414e-06
niter: 2246 Res: 1.954663132959795678e-06
niter: 2247 Res: 1.947225733382633403e-06
niter: 2248 Res: 1.943155129628886867e-06
niter: 2249 Res: 1.939511600544352462e-06
niter: 2250 Res: 1.930012163301897703e-06
niter: 2251 Res: 1.931735585435943596e-06
niter: 2252 Res: 1.920971448190297056e-06
niter: 2253 Res: 1.943893159039074896e-06
niter: 2254 Res: 1.924330752299519852e-06
niter: 2255 Res: 1.936065367120127298e-06
niter: 2256 Res: 1.901602202147532892e-06
niter: 2257 Res: 1.917075384818853322e-06
niter: 2258 Res: 1.918595254149885951e-06
niter: 2259 Res: 1.912531112508487958e-06
niter: 2260 Res: 1.912861817869538842e-06
niter: 2261 Res: 1.909425262605483964e-06
niter: 2262 Res: 1.918002390115346495e-06
niter: 2263 Res: 1.896971063780207729e-06
niter: 2264 Res: 1.904491712443875485e-06
niter: 2265 Res: 1.891438660151874130e-06
niter: 2266 Res: 1.895528910075990023e-06
niter: 2267 Res: 1.877754218944974087e-06
niter: 2268 Res: 1.882203588371220076e-06
niter: 2269 Res: 1.853398051783973181e-06
niter: 2270 Res: 1.850833211944417396e-06
niter: 2271 Res: 1.845011986243869236e-06
niter: 2272 Res: 1.830462937613412586e-06
niter: 2273 Res: 1.861069787584653953e-06
niter: 2274 Res: 1.854698518272415248e-06
niter: 2275 Res: 1.829483858844194871e-06
niter: 2276 Res: 1.836830829345600514e-06
niter: 2277 Res: 1.832474130986824297e-06
niter: 2278 Res: 1.818396139133396149e-06
niter: 2279 Res: 1.807631509324478538e-06
niter: 2280 Res: 1.818536880712323145e-06
niter: 2281 Res: 1.799428469895796546e-06
niter: 2282 Res: 1.784814347990287922e-06
niter: 2283 Res: 1.752099219552608264e-06
niter: 2284 Res: 1.766907020311677658e-06
niter: 2285 Res: 1.779031146127997416e-06
niter: 2286 Res: 1.736272130246389728e-06
niter: 2287 Res: 1.737067563524762987e-06
niter: 2288 Res: 1.743990893477928862e-06
niter: 2289 Res: 1.704477401691700044e-06
niter: 2290 Res: 1.712295560782859072e-06
niter: 2291 Res: 1.700752401386271489e-06
niter: 2292 Res: 1.679980594529265066e-06
niter: 2293 Res: 1.661980094027452689e-06
niter: 2294 Res: 1.652401718449656266e-06
niter: 2295 Res: 1.613865853409492390e-06
niter: 2296 Res: 1.606768355945738645e-06
niter: 2297 Res: 1.575568015974486119e-06
niter: 2298 Res: 1.552759238269571548e-06
niter: 2299 Res: 1.522767931025249293e-06
niter: 2300 Res: 1.515767910412561388e-06
niter: 2301 Res: 1.506895276174669778e-06
niter: 2302 Res: 1.492344138245935073e-06
niter: 2303 Res: 1.489344427782338674e-06
niter: 2304 Res: 1.475168780335520036e-06
niter: 2305 Res: 1.457630200680494723e-06
niter: 2306 Res: 1.444248247421773994e-06
niter: 2307 Res: 1.431396146630002951e-06
niter: 2308 Res: 1.425365580603076253e-06
niter: 2309 Res: 1.431120004917956797e-06
niter: 2310 Res: 1.433312282832944441e-06
niter: 2311 Res: 1.426564462269432786e-06
niter: 2312 Res: 1.426883263845876543e-06
niter: 2313 Res: 1.412607201219037855e-06
niter: 2314 Res: 1.406133909746552020e-06
niter: 2315 Res: 1.397991588081945544e-06
niter: 2316 Res: 1.396688934023521886e-06
niter: 2317 Res: 1.393591973844885173e-06
niter: 2318 Res: 1.393555587602769423e-06
niter: 2319 Res: 1.399118802667793886e-06
niter: 2320 Res: 1.400535072676569192e-06
niter: 2321 Res: 1.395620290968482165e-06
niter: 2322 Res: 1.390109185854850856e-06
niter: 2323 Res: 1.388772192090580087e-06
niter: 2324 Res: 1.387690439354831854e-06
niter: 2325 Res: 1.381510374149613727e-06
niter: 2326 Res: 1.381334269621179575e-06
niter: 2327 Res: 1.382362713865133876e-06
niter: 2328 Res: 1.383445423425691532e-06
niter: 2329 Res: 1.382650672269203282e-06
niter: 2330 Res: 1.379484399549337644e-06
niter: 2331 Res: 1.383070173421041286e-06
niter: 2332 Res: 1.376081749828348899e-06
niter: 2333 Res: 1.379358261924193813e-06
niter: 2334 Res: 1.375208872969136957e-06
niter: 2335 Res: 1.370080302267642434e-06
niter: 2336 Res: 1.371665409477579750e-06
niter: 2337 Res: 1.374563960375249002e-06
niter: 2338 Res: 1.370957595912098312e-06
niter: 2339 Res: 1.375647946810279209e-06
niter: 2340 Res: 1.379595822134834705e-06
niter: 2341 Res: 1.392774467781357243e-06
niter: 2342 Res: 1.394377716322809758e-06
niter: 2343 Res: 1.382220500666332139e-06
niter: 2344 Res: 1.373851889215742422e-06
niter: 2345 Res: 1.361131808595597735e-06
niter: 2346 Res: 1.358225442447838538e-06
niter: 2347 Res: 1.358798655202920198e-06
niter: 2348 Res: 1.358497380470410991e-06
niter: 2349 Res: 1.352923255872616912e-06
niter: 2350 Res: 1.352654248920633582e-06
niter: 2351 Res: 1.351945559696464281e-06
niter: 2352 Res: 1.353079909030686182e-06
niter: 2353 Res: 1.356767495812379993e-06
niter: 2354 Res: 1.352378550215166563e-06
niter: 2355 Res: 1.354892733780095261e-06
niter: 2356 Res: 1.352184798571154385e-06
Converged 
