2D Euler Solver: Node-Centered Finite-Volume-Method
Numerical Flux: 2D Roe flux with an entropy fix
Order of Accuracy: 2

Mesh Parameters:
Number of Elements: 6400
Number of Interior Edges: 9464
Number of Boundary Edges: 272

****************************************
           Simulation Start             
****************************************
niter: 1 Res: 7.343054474537381651e-16
niter: 2 Res: 8.853162466240047162e-16
niter: 3 Res: 9.927857152729384662e-16
niter: 4 Res: 1.081110054433468417e-15
niter: 5 Res: 1.096824892274055691e-15
niter: 6 Res: 1.098647314876025879e-15
niter: 7 Res: 1.090707574711829674e-15
niter: 8 Res: 1.103566563174183733e-15
niter: 9 Res: 1.133143629691425467e-15
niter: 10 Res: 1.122546823588839709e-15
niter: 11 Res: 1.149068125869208652e-15
niter: 12 Res: 1.155437333534760666e-15
niter: 13 Res: 1.184120823958412762e-15
niter: 14 Res: 1.173155817509639565e-15
niter: 15 Res: 1.192676102322205935e-15
niter: 16 Res: 1.144861573087068454e-15
niter: 17 Res: 1.154326510327381221e-15
niter: 18 Res: 1.179817448497018989e-15
niter: 19 Res: 1.189376473223331665e-15
niter: 20 Res: 1.197698202976364943e-15
niter: 21 Res: 1.199826865475446060e-15
niter: 22 Res: 1.208167703539591555e-15
niter: 23 Res: 1.200660553144744664e-15
niter: 24 Res: 1.196905670726147595e-15
niter: 25 Res: 1.186093605505868152e-15
niter: 26 Res: 1.206772819373512868e-15
niter: 27 Res: 1.165176693352975118e-15
niter: 28 Res: 1.202338992934526983e-15
niter: 29 Res: 1.216134357759317815e-15
niter: 30 Res: 1.235541914504009234e-15
niter: 31 Res: 1.228096209196581130e-15
niter: 32 Res: 1.228704799036514036e-15
niter: 33 Res: 1.240614032647261124e-15
niter: 34 Res: 1.233025001109318445e-15
niter: 35 Res: 1.238927921749328026e-15
niter: 36 Res: 1.239145540377568594e-15
niter: 37 Res: 1.211313885409838923e-15
niter: 38 Res: 1.207400218131863994e-15
niter: 39 Res: 1.225575168076554543e-15
niter: 40 Res: 1.210077378706547975e-15
niter: 41 Res: 1.233588068294015862e-15
niter: 42 Res: 1.241166227935354880e-15
niter: 43 Res: 1.294504776745855640e-15
niter: 44 Res: 1.276705711987701477e-15
niter: 45 Res: 1.255873281803608615e-15
niter: 46 Res: 1.298794815030732117e-15
niter: 47 Res: 1.264932481612510945e-15
niter: 48 Res: 1.276361906522126788e-15
niter: 49 Res: 1.274959704886078001e-15
niter: 50 Res: 1.254345258665327640e-15
niter: 51 Res: 1.264182389696973212e-15
niter: 52 Res: 1.253800620091256285e-15
niter: 53 Res: 1.255948273504371336e-15
niter: 54 Res: 1.242187119811308122e-15
niter: 55 Res: 1.241732824387768846e-15
niter: 56 Res: 1.246392643653806343e-15
niter: 57 Res: 1.246956438792890666e-15
niter: 58 Res: 1.248113364718375145e-15
niter: 59 Res: 1.235318710356690716e-15
niter: 60 Res: 1.248852281539484493e-15
niter: 61 Res: 1.234633350352178171e-15
niter: 62 Res: 1.243265057831036099e-15
niter: 63 Res: 1.234850105748828107e-15
niter: 64 Res: 1.269636803176255391e-15
niter: 65 Res: 1.257290421273987966e-15
niter: 66 Res: 1.304087367645155669e-15
niter: 67 Res: 1.292188263420227463e-15
niter: 68 Res: 1.271851563969513428e-15
niter: 69 Res: 1.252760263945643046e-15
niter: 70 Res: 1.269347185147999892e-15
niter: 71 Res: 1.269070824280606758e-15
niter: 72 Res: 1.273638197972218304e-15
niter: 73 Res: 1.260635042172731996e-15
niter: 74 Res: 1.285525213677141280e-15
niter: 75 Res: 1.281240169124736401e-15
niter: 76 Res: 1.280529805346320350e-15
niter: 77 Res: 1.255488515001339374e-15
niter: 78 Res: 1.279017923827657049e-15
niter: 79 Res: 1.260412168883294328e-15
niter: 80 Res: 1.278334256250291711e-15
niter: 81 Res: 1.272154819863222852e-15
niter: 82 Res: 1.307103200449072180e-15
niter: 83 Res: 1.302387849542516132e-15
niter: 84 Res: 1.268058940798812912e-15
niter: 85 Res: 1.260350866570350991e-15
niter: 86 Res: 1.243182041701438320e-15
niter: 87 Res: 1.236788174564263272e-15
niter: 88 Res: 1.251269697942621938e-15
niter: 89 Res: 1.254923882580363606e-15
niter: 90 Res: 1.260405579070378809e-15
niter: 91 Res: 1.252305965970933914e-15
niter: 92 Res: 1.240977756991054269e-15
niter: 93 Res: 1.244570411030827966e-15
niter: 94 Res: 1.273302436417642761e-15
niter: 95 Res: 1.245764554375044394e-15
niter: 96 Res: 1.232076963992255289e-15
niter: 97 Res: 1.249580124389364527e-15
niter: 98 Res: 1.259868403524108882e-15
niter: 99 Res: 1.272454159767019634e-15
niter: 100 Res: 1.262630161829705815e-15
niter: 101 Res: 1.249132853654483267e-15
niter: 102 Res: 1.253714647115609740e-15
niter: 103 Res: 1.235109337070060343e-15
niter: 104 Res: 1.250876941313227876e-15
niter: 105 Res: 1.260844203384251766e-15
niter: 106 Res: 1.239003866981034158e-15
niter: 107 Res: 1.276638331472376811e-15
niter: 108 Res: 1.272579830629582289e-15
niter: 109 Res: 1.295991143147704673e-15
niter: 110 Res: 1.251108856034942061e-15
niter: 111 Res: 1.246435359792404590e-15
niter: 112 Res: 1.289758779627377903e-15
niter: 113 Res: 1.261902467979473015e-15
niter: 114 Res: 1.283509211501251576e-15
niter: 115 Res: 1.269977593191812692e-15
niter: 116 Res: 1.266161075789368589e-15
niter: 117 Res: 1.255003202091552964e-15
niter: 118 Res: 1.287176233728596656e-15
niter: 119 Res: 1.280138411603249371e-15
niter: 120 Res: 1.279511468384718836e-15
niter: 121 Res: 1.241502525128156269e-15
niter: 122 Res: 1.240822272607217932e-15
niter: 123 Res: 1.259527007356613017e-15
niter: 124 Res: 1.294547961217501174e-15
niter: 125 Res: 1.280637226088278531e-15
niter: 126 Res: 1.255852215788720173e-15
niter: 127 Res: 1.288811313262009552e-15
niter: 128 Res: 1.252949929835573176e-15
niter: 129 Res: 1.277342426602617987e-15
niter: 130 Res: 1.276520951739861431e-15
niter: 131 Res: 1.270205642820931475e-15
niter: 132 Res: 1.272542636741861563e-15
niter: 133 Res: 1.302682431315491286e-15
niter: 134 Res: 1.296526696479294640e-15
niter: 135 Res: 1.274747231128659942e-15
niter: 136 Res: 1.259708985438656458e-15
niter: 137 Res: 1.274919062120574262e-15
niter: 138 Res: 1.283256993186317487e-15
niter: 139 Res: 1.280781733661469849e-15
niter: 140 Res: 1.260267718231345927e-15
niter: 141 Res: 1.237033356087186302e-15
niter: 142 Res: 1.260172917216667976e-15
niter: 143 Res: 1.282052756778949867e-15
niter: 144 Res: 1.259931754936781894e-15
niter: 145 Res: 1.267592999420343830e-15
niter: 146 Res: 1.268022057701418344e-15
niter: 147 Res: 1.252296115761902536e-15
niter: 148 Res: 1.280171113252985730e-15
niter: 149 Res: 1.250358315543760221e-15
niter: 150 Res: 1.255992739887181475e-15
niter: 151 Res: 1.246405103728646095e-15
niter: 152 Res: 1.266433263767492158e-15
niter: 153 Res: 1.251924711312615615e-15
niter: 154 Res: 1.241536659345188517e-15
niter: 155 Res: 1.271514189668817518e-15
niter: 156 Res: 1.292140611042917719e-15
niter: 157 Res: 1.276493904281634908e-15
niter: 158 Res: 1.270856992449096044e-15
niter: 159 Res: 1.282800375491727561e-15
niter: 160 Res: 1.286878286437985584e-15
niter: 161 Res: 1.291411683779311613e-15
niter: 162 Res: 1.276515744103221602e-15
niter: 163 Res: 1.294103557534997041e-15
niter: 164 Res: 1.294798475117319527e-15
niter: 165 Res: 1.291239376825010937e-15
niter: 166 Res: 1.292772009114703348e-15
niter: 167 Res: 1.289327155751098043e-15
niter: 168 Res: 1.271651893931363776e-15
niter: 169 Res: 1.275007859651401158e-15
niter: 170 Res: 1.262817537171262854e-15
niter: 171 Res: 1.279765461173192672e-15
niter: 172 Res: 1.264290901669768384e-15
niter: 173 Res: 1.273895004377999510e-15
niter: 174 Res: 1.292761324180983787e-15
niter: 175 Res: 1.246223130204773690e-15
niter: 176 Res: 1.265229460378136284e-15
niter: 177 Res: 1.234814600318510679e-15
niter: 178 Res: 1.248883884366737750e-15
niter: 179 Res: 1.258595475254765397e-15
niter: 180 Res: 1.273025867559984445e-15
niter: 181 Res: 1.274063634363523331e-15
niter: 182 Res: 1.272130878994264532e-15
niter: 183 Res: 1.273971559826462815e-15
niter: 184 Res: 1.283389059598913638e-15
niter: 185 Res: 1.276528036784449532e-15
niter: 186 Res: 1.272500998289866789e-15
niter: 187 Res: 1.261681351935303364e-15
niter: 188 Res: 1.275662215306787711e-15
niter: 189 Res: 1.268775517431961830e-15
niter: 190 Res: 1.285322246517555131e-15
niter: 191 Res: 1.289980489641777888e-15
niter: 192 Res: 1.288639383629453459e-15
niter: 193 Res: 1.280433285318972142e-15
niter: 194 Res: 1.296116260363122663e-15
niter: 195 Res: 1.283414832554085290e-15
niter: 196 Res: 1.286161801499395466e-15
niter: 197 Res: 1.301895623897200767e-15
niter: 198 Res: 1.304936705605016340e-15
niter: 199 Res: 1.288793538285729855e-15
niter: 200 Res: 1.270300038472260560e-15
niter: 201 Res: 1.271227703995021350e-15
niter: 202 Res: 1.265398441418965227e-15
niter: 203 Res: 1.278995332349755059e-15
niter: 204 Res: 1.260896949098512235e-15
niter: 205 Res: 1.262726230070952909e-15
niter: 206 Res: 1.280156653008154702e-15
niter: 207 Res: 1.282327329374498739e-15
niter: 208 Res: 1.263325362184189404e-15
niter: 209 Res: 1.263138858050193858e-15
niter: 210 Res: 1.275575666512156724e-15
niter: 211 Res: 1.292704465449578798e-15
niter: 212 Res: 1.288229528385698627e-15
niter: 213 Res: 1.266929033695819096e-15
niter: 214 Res: 1.287583675269835630e-15
niter: 215 Res: 1.274891436469549883e-15
niter: 216 Res: 1.284033348876640840e-15
niter: 217 Res: 1.251150402220660758e-15
niter: 218 Res: 1.287093673344749043e-15
niter: 219 Res: 1.257684609088713518e-15
niter: 220 Res: 1.268303046133669802e-15
niter: 221 Res: 1.248735887997463974e-15
niter: 222 Res: 1.274605649637468728e-15
niter: 223 Res: 1.248133060489927657e-15
niter: 224 Res: 1.244115108876262003e-15
niter: 225 Res: 1.281334824444802235e-15
niter: 226 Res: 1.282731663016835767e-15
niter: 227 Res: 1.296222592128998238e-15
niter: 228 Res: 1.268247952620043748e-15
niter: 229 Res: 1.300797067557062146e-15
niter: 230 Res: 1.295569253222199796e-15
niter: 231 Res: 1.275986028887126486e-15
niter: 232 Res: 1.257968597628583207e-15
niter: 233 Res: 1.289651710871578148e-15
niter: 234 Res: 1.285525239952570009e-15
niter: 235 Res: 1.266774741699552904e-15
niter: 236 Res: 1.268677760406689891e-15
niter: 237 Res: 1.270394665977677986e-15
niter: 238 Res: 1.270212667694746189e-15
niter: 239 Res: 1.281270593199719725e-15
niter: 240 Res: 1.282253249874176968e-15
niter: 241 Res: 1.271740166233406116e-15
niter: 242 Res: 1.292189123586738491e-15
niter: 243 Res: 1.263058466843060440e-15
niter: 244 Res: 1.264006830631695538e-15
niter: 245 Res: 1.267324922380682770e-15
niter: 246 Res: 1.270188390969860831e-15
niter: 247 Res: 1.281225867849104743e-15
niter: 248 Res: 1.273477297009047318e-15
niter: 249 Res: 1.278632084504218327e-15
niter: 250 Res: 1.258453283623897200e-15
niter: 251 Res: 1.288054018758965958e-15
niter: 252 Res: 1.272694738207193995e-15
niter: 253 Res: 1.248966386763492163e-15
niter: 254 Res: 1.276412348524447844e-15
niter: 255 Res: 1.277742638938557330e-15
niter: 256 Res: 1.304242533643436730e-15
niter: 257 Res: 1.257936493979188080e-15
niter: 258 Res: 1.284434181060500508e-15
niter: 259 Res: 1.308442020595306633e-15
niter: 260 Res: 1.247947533355980292e-15
niter: 261 Res: 1.256879429354865142e-15
niter: 262 Res: 1.280421988641838142e-15
niter: 263 Res: 1.252828520581900641e-15
niter: 264 Res: 1.296616894504360983e-15
niter: 265 Res: 1.291267143825416383e-15
niter: 266 Res: 1.319681838023883950e-15
niter: 267 Res: 1.278453179993271723e-15
niter: 268 Res: 1.285276981848267380e-15
niter: 269 Res: 1.275614463241610523e-15
niter: 270 Res: 1.298172602126551744e-15
niter: 271 Res: 1.285831944800992754e-15
niter: 272 Res: 1.303930540818730897e-15
niter: 273 Res: 1.275926533661980518e-15
niter: 274 Res: 1.278834762527998099e-15
niter: 275 Res: 1.296006313051885121e-15
niter: 276 Res: 1.301767873962973155e-15
niter: 277 Res: 1.274959819412510974e-15
niter: 278 Res: 1.306634137423731092e-15
niter: 279 Res: 1.305232299092649910e-15
niter: 280 Res: 1.317611659399668986e-15
niter: 281 Res: 1.286610790041479955e-15
niter: 282 Res: 1.299144140216760723e-15
niter: 283 Res: 1.307776727433509597e-15
niter: 284 Res: 1.286672330753540087e-15
niter: 285 Res: 1.298568195191738014e-15
niter: 286 Res: 1.292484754213736796e-15
niter: 287 Res: 1.295508731831821456e-15
niter: 288 Res: 1.285423643788345173e-15
niter: 289 Res: 1.271212795041925089e-15
niter: 290 Res: 1.266339541605878690e-15
niter: 291 Res: 1.254070441308022695e-15
niter: 292 Res: 1.273637272976254086e-15
niter: 293 Res: 1.252791777346293476e-15
niter: 294 Res: 1.262065734167370719e-15
niter: 295 Res: 1.281141081884451589e-15
niter: 296 Res: 1.281619174368926519e-15
niter: 297 Res: 1.285384435868795968e-15
niter: 298 Res: 1.280209616885673998e-15
niter: 299 Res: 1.305993166693179857e-15
niter: 300 Res: 1.289388970214802507e-15
niter: 301 Res: 1.268198940928781531e-15
niter: 302 Res: 1.263845807827360298e-15
niter: 303 Res: 1.279380998429940506e-15
niter: 304 Res: 1.263258850496356755e-15
niter: 305 Res: 1.285156644832685929e-15
niter: 306 Res: 1.258199729386507275e-15
niter: 307 Res: 1.258883422851930011e-15
niter: 308 Res: 1.255456904216788973e-15
niter: 309 Res: 1.278913691776355246e-15
niter: 310 Res: 1.279846470238474550e-15
niter: 311 Res: 1.288255338469223700e-15
niter: 312 Res: 1.278907837453791786e-15
niter: 313 Res: 1.273289372225965442e-15
niter: 314 Res: 1.287097233587375984e-15
niter: 315 Res: 1.288154042506807967e-15
niter: 316 Res: 1.295635057237098879e-15
niter: 317 Res: 1.301259738141589069e-15
niter: 318 Res: 1.261148052418503123e-15
niter: 319 Res: 1.280971773201971489e-15
niter: 320 Res: 1.301915523538725970e-15
niter: 321 Res: 1.271768752070069212e-15
niter: 322 Res: 1.308567510155393308e-15
niter: 323 Res: 1.306739176431250220e-15
niter: 324 Res: 1.283361679164425420e-15
niter: 325 Res: 1.278035009983664730e-15
niter: 326 Res: 1.286410220760728639e-15
niter: 327 Res: 1.278780462940839692e-15
niter: 328 Res: 1.280249708404378640e-15
niter: 329 Res: 1.285188048416123339e-15
niter: 330 Res: 1.300468815976734859e-15
niter: 331 Res: 1.268683363335471269e-15
niter: 332 Res: 1.248894751273608831e-15
niter: 333 Res: 1.269284166431065101e-15
niter: 334 Res: 1.274384074640405515e-15
niter: 335 Res: 1.311126162095616656e-15
niter: 336 Res: 1.287887860268043793e-15
niter: 337 Res: 1.261977853646929840e-15
niter: 338 Res: 1.296073464204928139e-15
niter: 339 Res: 1.290773337792363743e-15
niter: 340 Res: 1.274724321135397586e-15
niter: 341 Res: 1.268869626361268748e-15
niter: 342 Res: 1.304314444757123213e-15
niter: 343 Res: 1.302271050467679310e-15
niter: 344 Res: 1.298837326822654156e-15
niter: 345 Res: 1.284539720219767591e-15
niter: 346 Res: 1.294375218099341624e-15
niter: 347 Res: 1.273021266212804118e-15
niter: 348 Res: 1.284859979390366656e-15
niter: 349 Res: 1.277593335021986648e-15
niter: 350 Res: 1.283179725050667084e-15
niter: 351 Res: 1.291786358096000485e-15
niter: 352 Res: 1.294159621700728082e-15
niter: 353 Res: 1.306739701303218592e-15
niter: 354 Res: 1.289302866762201413e-15
niter: 355 Res: 1.287798766511136001e-15
niter: 356 Res: 1.276594508324519666e-15
niter: 357 Res: 1.267126173099360977e-15
niter: 358 Res: 1.281388634526186032e-15
niter: 359 Res: 1.274968265808257422e-15
niter: 360 Res: 1.295949927726407516e-15
niter: 361 Res: 1.277810416276184142e-15
niter: 362 Res: 1.271252761937537436e-15
niter: 363 Res: 1.265109683607325452e-15
niter: 364 Res: 1.246024544579640134e-15
niter: 365 Res: 1.259200643968891263e-15
niter: 366 Res: 1.268890355214926269e-15
niter: 367 Res: 1.230369790509620466e-15
niter: 368 Res: 1.240538295524413184e-15
niter: 369 Res: 1.243801493180075748e-15
niter: 370 Res: 1.224864160581765777e-15
niter: 371 Res: 1.244361315575938994e-15
niter: 372 Res: 1.250607683187567660e-15
niter: 373 Res: 1.254547907973048553e-15
niter: 374 Res: 1.263752736636684800e-15
niter: 375 Res: 1.262741769882769709e-15
niter: 376 Res: 1.265134195709278195e-15
niter: 377 Res: 1.264650179682392290e-15
niter: 378 Res: 1.314549506249231770e-15
niter: 379 Res: 1.314981712728085137e-15
niter: 380 Res: 1.276738920959272721e-15
niter: 381 Res: 1.310714037761893159e-15
niter: 382 Res: 1.287287196149684672e-15
niter: 383 Res: 1.282860173614172423e-15
niter: 384 Res: 1.278692719461929199e-15
niter: 385 Res: 1.275932996730860283e-15
niter: 386 Res: 1.292591895045620241e-15
niter: 387 Res: 1.283854570035649326e-15
niter: 388 Res: 1.278063403687965836e-15
niter: 389 Res: 1.259363323005356730e-15
niter: 390 Res: 1.266640394419606768e-15
niter: 391 Res: 1.248332500823575771e-15
niter: 392 Res: 1.263048428254689788e-15
niter: 393 Res: 1.257607839196030764e-15
niter: 394 Res: 1.279393286672930684e-15
niter: 395 Res: 1.268193764988855483e-15
niter: 396 Res: 1.264961673803313235e-15
niter: 397 Res: 1.301843471611151207e-15
niter: 398 Res: 1.272386725172860084e-15
niter: 399 Res: 1.293533938013356578e-15
niter: 400 Res: 1.268956707108748870e-15
niter: 401 Res: 1.291617861402276644e-15
niter: 402 Res: 1.273466282675125387e-15
niter: 403 Res: 1.277627820948367213e-15
niter: 404 Res: 1.285297979805075398e-15
niter: 405 Res: 1.273784082868622688e-15
niter: 406 Res: 1.302443545269829549e-15
niter: 407 Res: 1.288926760655806511e-15
niter: 408 Res: 1.254967065978785769e-15
niter: 409 Res: 1.269621399997724387e-15
niter: 410 Res: 1.255378249072325824e-15
niter: 411 Res: 1.263609057799561457e-15
niter: 412 Res: 1.290591698626868302e-15
niter: 413 Res: 1.273852386157818986e-15
niter: 414 Res: 1.287413594161625543e-15
niter: 415 Res: 1.245002938750542716e-15
niter: 416 Res: 1.276311853997666517e-15
niter: 417 Res: 1.280046518717022261e-15
niter: 418 Res: 1.272965842475672530e-15
niter: 419 Res: 1.305887433341014151e-15
niter: 420 Res: 1.291314808391704105e-15
niter: 421 Res: 1.274143810832956787e-15
niter: 422 Res: 1.277013529927888818e-15
niter: 423 Res: 1.294233695699433715e-15
niter: 424 Res: 1.288822255822379304e-15
niter: 425 Res: 1.270373394470757905e-15
niter: 426 Res: 1.266280444724033832e-15
niter: 427 Res: 1.292026968147935013e-15
niter: 428 Res: 1.288749669777417519e-15
niter: 429 Res: 1.309220839980180707e-15
niter: 430 Res: 1.284722765998461242e-15
niter: 431 Res: 1.297839104831889566e-15
niter: 432 Res: 1.304451556042636119e-15
niter: 433 Res: 1.288864442719813125e-15
niter: 434 Res: 1.265727765232626372e-15
niter: 435 Res: 1.279965262316581197e-15
niter: 436 Res: 1.263067773325376920e-15
niter: 437 Res: 1.272064645922246002e-15
niter: 438 Res: 1.249072647240723625e-15
niter: 439 Res: 1.277265134593027679e-15
niter: 440 Res: 1.290143169022199332e-15
niter: 441 Res: 1.303212943838824152e-15
niter: 442 Res: 1.301153908109765556e-15
niter: 443 Res: 1.279688096493014756e-15
niter: 444 Res: 1.261537776239140137e-15
niter: 445 Res: 1.292701276554174756e-15
niter: 446 Res: 1.273797329537423796e-15
niter: 447 Res: 1.302626407859619484e-15
niter: 448 Res: 1.286110780846824990e-15
niter: 449 Res: 1.279352376001043918e-15
niter: 450 Res: 1.269393956011243143e-15
niter: 451 Res: 1.281617563040098502e-15
niter: 452 Res: 1.298239471131782750e-15
niter: 453 Res: 1.290375439411867620e-15
niter: 454 Res: 1.310008358156963422e-15
niter: 455 Res: 1.305851798532798372e-15
niter: 456 Res: 1.295456354688767371e-15
niter: 457 Res: 1.307731662907405191e-15
niter: 458 Res: 1.289229275993375047e-15
niter: 459 Res: 1.315598354916592770e-15
niter: 460 Res: 1.280525979197439793e-15
niter: 461 Res: 1.308870343420612356e-15
niter: 462 Res: 1.280480530430260866e-15
niter: 463 Res: 1.318430562144588092e-15
niter: 464 Res: 1.327714618614512143e-15
niter: 465 Res: 1.289057616468735866e-15
niter: 466 Res: 1.287146142968499290e-15
niter: 467 Res: 1.285072408397788352e-15
niter: 468 Res: 1.289814102996373764e-15
niter: 469 Res: 1.287864923372409053e-15
niter: 470 Res: 1.327333737574198810e-15
niter: 471 Res: 1.311951243200287921e-15
niter: 472 Res: 1.300282954101475951e-15
niter: 473 Res: 1.319972626131561755e-15
niter: 474 Res: 1.312895936658787758e-15
niter: 475 Res: 1.318808190160104209e-15
niter: 476 Res: 1.276143736494107468e-15
niter: 477 Res: 1.267856457618211500e-15
niter: 478 Res: 1.307325055659932820e-15
niter: 479 Res: 1.297409761825631958e-15
niter: 480 Res: 1.277545406800160530e-15
niter: 481 Res: 1.298852440083243904e-15
niter: 482 Res: 1.301249301119206981e-15
niter: 483 Res: 1.261996036494487637e-15
niter: 484 Res: 1.284516292047719904e-15
niter: 485 Res: 1.278223880294340553e-15
niter: 486 Res: 1.259267834768179659e-15
niter: 487 Res: 1.255755512641613684e-15
niter: 488 Res: 1.276727935618351498e-15
niter: 489 Res: 1.286508064622511546e-15
niter: 490 Res: 1.302391819272138273e-15
niter: 491 Res: 1.298206875514739055e-15
niter: 492 Res: 1.297737748455734838e-15
niter: 493 Res: 1.273988805891525470e-15
niter: 494 Res: 1.303499580518038899e-15
niter: 495 Res: 1.287664818250840791e-15
niter: 496 Res: 1.333580878822604103e-15
niter: 497 Res: 1.282207778193805719e-15
niter: 498 Res: 1.305218815601239956e-15
niter: 499 Res: 1.273893321066470201e-15
niter: 500 Res: 1.265012443155039699e-15
niter: 501 Res: 1.282257045361598450e-15
niter: 502 Res: 1.272322065436482810e-15
niter: 503 Res: 1.289269269340104715e-15
niter: 504 Res: 1.293350458415238118e-15
niter: 505 Res: 1.298124348604589156e-15
niter: 506 Res: 1.295292476569383490e-15
niter: 507 Res: 1.294582574427766566e-15
niter: 508 Res: 1.267024428962396675e-15
niter: 509 Res: 1.279335652074417422e-15
niter: 510 Res: 1.291314168405456235e-15
niter: 511 Res: 1.296698015100651858e-15
niter: 512 Res: 1.274868427253613726e-15
niter: 513 Res: 1.287212149410424167e-15
niter: 514 Res: 1.300811976837970937e-15
niter: 515 Res: 1.294351751857697322e-15
niter: 516 Res: 1.283513690057354281e-15
niter: 517 Res: 1.305207280583263893e-15
niter: 518 Res: 1.283654568636054001e-15
niter: 519 Res: 1.302073811277437350e-15
niter: 520 Res: 1.307256193318391678e-15
niter: 521 Res: 1.283311955092886384e-15
niter: 522 Res: 1.307931859492342957e-15
niter: 523 Res: 1.300040584455940395e-15
niter: 524 Res: 1.295376061896466263e-15
niter: 525 Res: 1.302626119994867016e-15
niter: 526 Res: 1.283367963756315579e-15
niter: 527 Res: 1.285306176110664950e-15
niter: 528 Res: 1.262334234322865238e-15
niter: 529 Res: 1.273379492595315784e-15
niter: 530 Res: 1.308598757341645473e-15
niter: 531 Res: 1.277893173132428570e-15
niter: 532 Res: 1.290045498579123607e-15
niter: 533 Res: 1.323145578381034393e-15
niter: 534 Res: 1.294405324978295200e-15
niter: 535 Res: 1.305932150362818143e-15
niter: 536 Res: 1.271232211619124531e-15
niter: 537 Res: 1.266736878435800370e-15
niter: 538 Res: 1.311740085226110093e-15
niter: 539 Res: 1.305037995036342790e-15
niter: 540 Res: 1.294078673339896419e-15
niter: 541 Res: 1.301059990153272209e-15
niter: 542 Res: 1.327820396464621320e-15
niter: 543 Res: 1.312868265938754820e-15
niter: 544 Res: 1.292971916608715598e-15
niter: 545 Res: 1.304474009469615427e-15
niter: 546 Res: 1.296371056013815842e-15
niter: 547 Res: 1.308558149841984500e-15
niter: 548 Res: 1.315677523200406686e-15
niter: 549 Res: 1.312049440505882490e-15
niter: 550 Res: 1.332477851433835852e-15
niter: 551 Res: 1.311300443169386095e-15
niter: 552 Res: 1.273743392952884894e-15
niter: 553 Res: 1.288753379464246763e-15
niter: 554 Res: 1.278447941999336088e-15
niter: 555 Res: 1.311136095082794852e-15
niter: 556 Res: 1.281271216330752131e-15
niter: 557 Res: 1.301706816660337819e-15
niter: 558 Res: 1.316768354108830735e-15
niter: 559 Res: 1.312573582384578500e-15
niter: 560 Res: 1.319883329204331278e-15
niter: 561 Res: 1.304293447386208500e-15
niter: 562 Res: 1.296797567088742685e-15
niter: 563 Res: 1.304754442927447180e-15
niter: 564 Res: 1.276829062337519556e-15
niter: 565 Res: 1.298200526207651360e-15
niter: 566 Res: 1.292643995699882432e-15
niter: 567 Res: 1.297883512934053810e-15
niter: 568 Res: 1.302244020331248513e-15
niter: 569 Res: 1.296348198715392851e-15
niter: 570 Res: 1.261646248572817685e-15
niter: 571 Res: 1.289659450148580607e-15
niter: 572 Res: 1.294972259746999296e-15
niter: 573 Res: 1.293086497690988268e-15
niter: 574 Res: 1.271915275187924053e-15
niter: 575 Res: 1.278163578456683957e-15
niter: 576 Res: 1.300196484463395658e-15
niter: 577 Res: 1.270114838901407809e-15
niter: 578 Res: 1.271764339458209530e-15
niter: 579 Res: 1.272242341427706019e-15
niter: 580 Res: 1.292807633515745614e-15
niter: 581 Res: 1.337223253427070785e-15
niter: 582 Res: 1.307429968506319518e-15
niter: 583 Res: 1.265335306180147771e-15
niter: 584 Res: 1.292881326404668778e-15
niter: 585 Res: 1.270325904211958350e-15
niter: 586 Res: 1.274296520960036478e-15
niter: 587 Res: 1.264877510411488594e-15
niter: 588 Res: 1.291705055603372631e-15
niter: 589 Res: 1.284560738177221090e-15
niter: 590 Res: 1.295870167982361289e-15
niter: 591 Res: 1.303657221863668185e-15
niter: 592 Res: 1.265849384751137421e-15
niter: 593 Res: 1.272504990722317488e-15
niter: 594 Res: 1.272235339371615877e-15
niter: 595 Res: 1.289550166355396737e-15
niter: 596 Res: 1.270266318081608314e-15
niter: 597 Res: 1.271699499208269049e-15
niter: 598 Res: 1.291936755221701506e-15
niter: 599 Res: 1.307971569412735206e-15
niter: 600 Res: 1.309963496773812764e-15
niter: 601 Res: 1.308052024133930966e-15
niter: 602 Res: 1.309073767196029314e-15
niter: 603 Res: 1.287814444676616632e-15
niter: 604 Res: 1.283273750711781267e-15
niter: 605 Res: 1.273903959684724175e-15
niter: 606 Res: 1.279055411910775886e-15
niter: 607 Res: 1.275068098351037321e-15
niter: 608 Res: 1.272376082449173588e-15
niter: 609 Res: 1.306313104630887992e-15
niter: 610 Res: 1.291827324186409309e-15
niter: 611 Res: 1.274853303437386448e-15
niter: 612 Res: 1.294546524216029970e-15
niter: 613 Res: 1.272069224266301694e-15
niter: 614 Res: 1.290809304640669807e-15
niter: 615 Res: 1.312844279256518583e-15
niter: 616 Res: 1.295865220861359949e-15
niter: 617 Res: 1.277478435635527535e-15
niter: 618 Res: 1.293116056924417222e-15
niter: 619 Res: 1.317646355759080705e-15
niter: 620 Res: 1.283731675668892073e-15
niter: 621 Res: 1.290597173332329728e-15
niter: 622 Res: 1.338208527570898258e-15
niter: 623 Res: 1.307423548553786237e-15
niter: 624 Res: 1.327716133567620795e-15
niter: 625 Res: 1.305656296000146724e-15
niter: 626 Res: 1.288280812687056229e-15
niter: 627 Res: 1.285984373266874607e-15
niter: 628 Res: 1.301875764376583479e-15
niter: 629 Res: 1.297646728241859282e-15
niter: 630 Res: 1.286433005727614664e-15
niter: 631 Res: 1.261913495893537611e-15
niter: 632 Res: 1.303939228290091513e-15
niter: 633 Res: 1.294624928315842534e-15
niter: 634 Res: 1.281342876381052383e-15
niter: 635 Res: 1.283072598266397191e-15
niter: 636 Res: 1.311539032916645944e-15
niter: 637 Res: 1.279884779918407062e-15
niter: 638 Res: 1.283636395422968627e-15
niter: 639 Res: 1.265694662567188873e-15
niter: 640 Res: 1.303606279403053151e-15
niter: 641 Res: 1.306982796304849774e-15
niter: 642 Res: 1.299133044519935653e-15
niter: 643 Res: 1.285045611989444338e-15
niter: 644 Res: 1.285083664580810851e-15
niter: 645 Res: 1.288356064579085133e-15
niter: 646 Res: 1.279762522283347095e-15
niter: 647 Res: 1.277485685899582429e-15
niter: 648 Res: 1.302110566741857997e-15
niter: 649 Res: 1.280167117246712126e-15
niter: 650 Res: 1.308255244487037626e-15
niter: 651 Res: 1.293330270192611242e-15
niter: 652 Res: 1.306794757434730646e-15
niter: 653 Res: 1.287653298410798021e-15
niter: 654 Res: 1.297552532303485173e-15
niter: 655 Res: 1.297635130412805793e-15
niter: 656 Res: 1.318662630330713106e-15
niter: 657 Res: 1.303395498718458048e-15
niter: 658 Res: 1.285610127041399042e-15
niter: 659 Res: 1.284733982641632625e-15
niter: 660 Res: 1.287982153690106015e-15
niter: 661 Res: 1.296131444582540091e-15
niter: 662 Res: 1.267538522578921346e-15
niter: 663 Res: 1.277239191482370587e-15
niter: 664 Res: 1.282311254729846197e-15
niter: 665 Res: 1.279900132651274262e-15
niter: 666 Res: 1.291266449243185607e-15
niter: 667 Res: 1.263205253746310041e-15
niter: 668 Res: 1.297209995280266139e-15
niter: 669 Res: 1.314895825811732241e-15
niter: 670 Res: 1.290517946259160538e-15
niter: 671 Res: 1.304326899164153949e-15
niter: 672 Res: 1.291534165471399556e-15
niter: 673 Res: 1.294222251043097309e-15
niter: 674 Res: 1.273165384754785330e-15
niter: 675 Res: 1.289512225924200759e-15
niter: 676 Res: 1.283917145306057606e-15
niter: 677 Res: 1.284416838466498035e-15
niter: 678 Res: 1.280249760521329271e-15
niter: 679 Res: 1.269827701257058715e-15
niter: 680 Res: 1.296839606168953080e-15
niter: 681 Res: 1.290603427067371208e-15
niter: 682 Res: 1.267640973085586682e-15
niter: 683 Res: 1.277787193520803480e-15
niter: 684 Res: 1.303288650980519957e-15
niter: 685 Res: 1.282089412619899561e-15
niter: 686 Res: 1.308931195438873824e-15
niter: 687 Res: 1.303688566899891767e-15
niter: 688 Res: 1.307526218669965386e-15
niter: 689 Res: 1.296677167996266200e-15
niter: 690 Res: 1.299520828539513876e-15
niter: 691 Res: 1.313150638545363301e-15
niter: 692 Res: 1.322712971889694219e-15
niter: 693 Res: 1.311119019580838632e-15
niter: 694 Res: 1.302994216129473815e-15
niter: 695 Res: 1.310267863301369557e-15
niter: 696 Res: 1.277055760432370582e-15
niter: 697 Res: 1.284490787756983420e-15
niter: 698 Res: 1.305908481264753899e-15
niter: 699 Res: 1.268212196523084862e-15
niter: 700 Res: 1.264622692934346948e-15
niter: 701 Res: 1.299553122847642930e-15
niter: 702 Res: 1.289066935786037197e-15
niter: 703 Res: 1.329252880297090074e-15
niter: 704 Res: 1.304731452108407215e-15
niter: 705 Res: 1.284882400199204977e-15
niter: 706 Res: 1.277593253548244214e-15
niter: 707 Res: 1.285022745866295908e-15
niter: 708 Res: 1.286513272425645597e-15
niter: 709 Res: 1.319127598454364750e-15
niter: 710 Res: 1.306388128251513327e-15
niter: 711 Res: 1.270228702921062565e-15
niter: 712 Res: 1.275808949148573658e-15
niter: 713 Res: 1.298614080190765567e-15
niter: 714 Res: 1.295584053934272880e-15
niter: 715 Res: 1.332058288862210245e-15
niter: 716 Res: 1.316328680095619876e-15
niter: 717 Res: 1.300034938023865412e-15
niter: 718 Res: 1.285118173394097513e-15
niter: 719 Res: 1.274040850631478752e-15
niter: 720 Res: 1.316063119558133528e-15
niter: 721 Res: 1.304389323180150355e-15
niter: 722 Res: 1.296458289034650282e-15
niter: 723 Res: 1.287180783841615742e-15
niter: 724 Res: 1.295926614043189184e-15
niter: 725 Res: 1.267062771061948791e-15
niter: 726 Res: 1.276363067475871444e-15
niter: 727 Res: 1.270767163840825951e-15
niter: 728 Res: 1.286762923531816352e-15
niter: 729 Res: 1.278697904044988456e-15
niter: 730 Res: 1.275929010779712671e-15
niter: 731 Res: 1.287989655049091518e-15
niter: 732 Res: 1.295039615895521513e-15
niter: 733 Res: 1.278676881594609816e-15
niter: 734 Res: 1.287183033111000963e-15
niter: 735 Res: 1.303514009065349141e-15
niter: 736 Res: 1.315742009487664218e-15
niter: 737 Res: 1.298425157104493899e-15
niter: 738 Res: 1.277203088279876926e-15
niter: 739 Res: 1.289522845272503892e-15
niter: 740 Res: 1.336852418614288293e-15
niter: 741 Res: 1.312513973014692867e-15
niter: 742 Res: 1.276724570132415167e-15
niter: 743 Res: 1.276529389719417331e-15
niter: 744 Res: 1.288033331134158280e-15
niter: 745 Res: 1.286500021980290444e-15
niter: 746 Res: 1.285894542781565211e-15
niter: 747 Res: 1.268487563906775725e-15
niter: 748 Res: 1.269099867340187112e-15
niter: 749 Res: 1.297680511634402771e-15
niter: 750 Res: 1.266190868228400449e-15
niter: 751 Res: 1.288187738412984369e-15
niter: 752 Res: 1.278060748720996906e-15
niter: 753 Res: 1.285289110626257729e-15
niter: 754 Res: 1.273190239266831731e-15
niter: 755 Res: 1.250739760348592635e-15
niter: 756 Res: 1.277824630602152990e-15
niter: 757 Res: 1.287674626327155953e-15
niter: 758 Res: 1.293837509331452996e-15
niter: 759 Res: 1.271019479719891652e-15
niter: 760 Res: 1.273722389348353049e-15
niter: 761 Res: 1.262367017619102205e-15
niter: 762 Res: 1.290200126144273625e-15
niter: 763 Res: 1.289596327234638789e-15
niter: 764 Res: 1.270206969434136996e-15
niter: 765 Res: 1.281329085630048635e-15
niter: 766 Res: 1.253593943524888683e-15
niter: 767 Res: 1.259510594610359827e-15
niter: 768 Res: 1.272723885348783797e-15
niter: 769 Res: 1.301401755541461390e-15
niter: 770 Res: 1.272959168204241209e-15
niter: 771 Res: 1.282809478442366264e-15
niter: 772 Res: 1.301323674472638341e-15
niter: 773 Res: 1.310115236309920442e-15
niter: 774 Res: 1.292249419883517144e-15
niter: 775 Res: 1.285202103560065244e-15
niter: 776 Res: 1.296724479073032899e-15
niter: 777 Res: 1.299649052852721503e-15
niter: 778 Res: 1.300725515009311670e-15
niter: 779 Res: 1.293659702755851707e-15
niter: 780 Res: 1.285164734113910506e-15
niter: 781 Res: 1.293171641422957919e-15
niter: 782 Res: 1.283646647988110520e-15
niter: 783 Res: 1.286361212000351517e-15
niter: 784 Res: 1.264885233138314690e-15
niter: 785 Res: 1.277487901534680535e-15
niter: 786 Res: 1.306291487127899735e-15
niter: 787 Res: 1.286690975601709011e-15
niter: 788 Res: 1.266236441256536592e-15
niter: 789 Res: 1.250977769744632782e-15
niter: 790 Res: 1.279105009224504275e-15
niter: 791 Res: 1.286392209066800013e-15
niter: 792 Res: 1.296166798785952436e-15
niter: 793 Res: 1.262945259462952378e-15
niter: 794 Res: 1.265672166670355695e-15
niter: 795 Res: 1.264614644104649977e-15
niter: 796 Res: 1.265766573485730297e-15
niter: 797 Res: 1.265031599834567463e-15
niter: 798 Res: 1.272432615353471584e-15
niter: 799 Res: 1.260286876638953179e-15
niter: 800 Res: 1.251403395543668896e-15
niter: 801 Res: 1.274325676816688616e-15
niter: 802 Res: 1.269050946067399615e-15
niter: 803 Res: 1.305238832078798860e-15
niter: 804 Res: 1.295449083151285284e-15
niter: 805 Res: 1.295294855320296169e-15
niter: 806 Res: 1.272924648105616342e-15
niter: 807 Res: 1.266972674486298578e-15
niter: 808 Res: 1.296931352601895494e-15
niter: 809 Res: 1.296085727874536667e-15
niter: 810 Res: 1.292136464858673571e-15
niter: 811 Res: 1.288755512520309303e-15
niter: 812 Res: 1.300698425692931772e-15
niter: 813 Res: 1.310717068926185242e-15
niter: 814 Res: 1.275249521911001592e-15
niter: 815 Res: 1.271545223280276517e-15
niter: 816 Res: 1.265170026277181782e-15
niter: 817 Res: 1.320918543608154369e-15
niter: 818 Res: 1.302095224003362667e-15
niter: 819 Res: 1.276445650565817642e-15
niter: 820 Res: 1.271920227280419311e-15
niter: 821 Res: 1.275146312797666108e-15
niter: 822 Res: 1.294664349358839518e-15
niter: 823 Res: 1.265650759521508951e-15
niter: 824 Res: 1.282354888225747821e-15
niter: 825 Res: 1.272479741480032597e-15
niter: 826 Res: 1.302501778117601805e-15
niter: 827 Res: 1.278912144442708540e-15
niter: 828 Res: 1.282748159924937641e-15
niter: 829 Res: 1.298005496770483706e-15
niter: 830 Res: 1.273551643924217028e-15
niter: 831 Res: 1.280511521025356965e-15
niter: 832 Res: 1.305125258241378810e-15
niter: 833 Res: 1.280944614432697801e-15
niter: 834 Res: 1.271337847606277174e-15
niter: 835 Res: 1.273910288233744154e-15
niter: 836 Res: 1.278680110408792733e-15
niter: 837 Res: 1.277841039006059007e-15
niter: 838 Res: 1.286868657465281826e-15
niter: 839 Res: 1.264447043869872154e-15
niter: 840 Res: 1.315403422020298231e-15
niter: 841 Res: 1.275839241390347209e-15
niter: 842 Res: 1.258578077341861179e-15
niter: 843 Res: 1.265792928853525638e-15
niter: 844 Res: 1.281305514366396513e-15
niter: 845 Res: 1.279519074392667331e-15
niter: 846 Res: 1.266398833692867973e-15
niter: 847 Res: 1.290702760374534143e-15
niter: 848 Res: 1.286873791463998885e-15
niter: 849 Res: 1.282778330715098482e-15
niter: 850 Res: 1.280846526739167452e-15
niter: 851 Res: 1.272275891365978121e-15
niter: 852 Res: 1.275758552520121782e-15
niter: 853 Res: 1.284576999347674359e-15
niter: 854 Res: 1.280934436128699501e-15
niter: 855 Res: 1.275220958628766147e-15
niter: 856 Res: 1.297999003611352737e-15
niter: 857 Res: 1.286566191854496435e-15
niter: 858 Res: 1.295564222098024411e-15
niter: 859 Res: 1.289341725242568465e-15
niter: 860 Res: 1.272758831131274275e-15
niter: 861 Res: 1.268512324503019161e-15
niter: 862 Res: 1.262038779726379568e-15
niter: 863 Res: 1.289789907786622766e-15
niter: 864 Res: 1.287631538893440846e-15
niter: 865 Res: 1.295851519852570837e-15
niter: 866 Res: 1.282297095969641281e-15
niter: 867 Res: 1.283008884863672727e-15
niter: 868 Res: 1.281494334872930928e-15
niter: 869 Res: 1.275889471101678775e-15
niter: 870 Res: 1.284146142738906008e-15
niter: 871 Res: 1.293461476484644358e-15
niter: 872 Res: 1.281877276896871793e-15
niter: 873 Res: 1.305849230119290017e-15
niter: 874 Res: 1.283297486841943894e-15
niter: 875 Res: 1.270001855533539357e-15
niter: 876 Res: 1.280858539074145054e-15
niter: 877 Res: 1.293033557819829435e-15
niter: 878 Res: 1.263890717599449310e-15
niter: 879 Res: 1.283200162395191542e-15
niter: 880 Res: 1.271529394428937364e-15
niter: 881 Res: 1.259375819205612462e-15
niter: 882 Res: 1.270892552295083877e-15
niter: 883 Res: 1.277176514057322474e-15
niter: 884 Res: 1.297404427447529441e-15
niter: 885 Res: 1.293505872495861382e-15
niter: 886 Res: 1.288093376096176833e-15
niter: 887 Res: 1.267552545397829845e-15
niter: 888 Res: 1.252798361732756905e-15
niter: 889 Res: 1.252670675559960861e-15
niter: 890 Res: 1.273669600970666049e-15
niter: 891 Res: 1.272650395974922042e-15
niter: 892 Res: 1.253666906764131893e-15
niter: 893 Res: 1.282875312926279043e-15
niter: 894 Res: 1.244507373267923809e-15
niter: 895 Res: 1.281352214296162327e-15
niter: 896 Res: 1.296669404807531482e-15
niter: 897 Res: 1.289830846347467652e-15
niter: 898 Res: 1.265115210574118580e-15
niter: 899 Res: 1.317286105312312265e-15
niter: 900 Res: 1.284834802483160519e-15
niter: 901 Res: 1.265629811836659341e-15
niter: 902 Res: 1.246525717269704626e-15
niter: 903 Res: 1.277396874175619430e-15
niter: 904 Res: 1.288855300929331849e-15
niter: 905 Res: 1.274854613143900176e-15
niter: 906 Res: 1.271436958414576898e-15
niter: 907 Res: 1.282189430531764962e-15
niter: 908 Res: 1.301581836235882156e-15
niter: 909 Res: 1.292206413325928891e-15
niter: 910 Res: 1.297132440063520847e-15
niter: 911 Res: 1.308698147889171989e-15
niter: 912 Res: 1.317199486325731120e-15
niter: 913 Res: 1.285689803187957932e-15
niter: 914 Res: 1.289906506275221193e-15
niter: 915 Res: 1.276273793007487273e-15
niter: 916 Res: 1.315830429695538588e-15
niter: 917 Res: 1.272898677798753534e-15
niter: 918 Res: 1.304565562646223086e-15
niter: 919 Res: 1.288833187862958747e-15
niter: 920 Res: 1.284957751601317517e-15
niter: 921 Res: 1.279377440513467948e-15
niter: 922 Res: 1.275623388306903328e-15
niter: 923 Res: 1.280848847993535746e-15
niter: 924 Res: 1.305735214622407060e-15
niter: 925 Res: 1.310199997772379147e-15
niter: 926 Res: 1.300516712341542969e-15
niter: 927 Res: 1.296903607649357178e-15
niter: 928 Res: 1.291376100580762558e-15
niter: 929 Res: 1.274094631888659734e-15
niter: 930 Res: 1.297593216131649034e-15
niter: 931 Res: 1.275964463668743299e-15
niter: 932 Res: 1.300463443535887970e-15
niter: 933 Res: 1.299612458726569826e-15
niter: 934 Res: 1.315829883263497989e-15
niter: 935 Res: 1.301818825069198420e-15
niter: 936 Res: 1.303879647135663272e-15
niter: 937 Res: 1.289947826901651354e-15
niter: 938 Res: 1.279819116766708349e-15
niter: 939 Res: 1.280005454857520969e-15
niter: 940 Res: 1.263375644511499685e-15
niter: 941 Res: 1.252196718185605042e-15
niter: 942 Res: 1.276792271156041905e-15
niter: 943 Res: 1.276902086339046541e-15
niter: 944 Res: 1.264247350136817735e-15
niter: 945 Res: 1.278297985917510957e-15
niter: 946 Res: 1.273363459395523908e-15
niter: 947 Res: 1.281781244771172422e-15
niter: 948 Res: 1.261698370248725742e-15
niter: 949 Res: 1.301855560777406475e-15
niter: 950 Res: 1.313785281080437758e-15
niter: 951 Res: 1.318159700084795803e-15
niter: 952 Res: 1.314011427277457573e-15
niter: 953 Res: 1.263444983193445384e-15
niter: 954 Res: 1.284010787153900875e-15
niter: 955 Res: 1.273229922195659827e-15
niter: 956 Res: 1.282676058136848088e-15
niter: 957 Res: 1.274634305676277418e-15
niter: 958 Res: 1.298023638414809524e-15
niter: 959 Res: 1.290036187635158350e-15
niter: 960 Res: 1.290481373084276108e-15
niter: 961 Res: 1.298979679913961619e-15
niter: 962 Res: 1.294291501621505859e-15
niter: 963 Res: 1.285082274358062026e-15
niter: 964 Res: 1.306561303162698614e-15
niter: 965 Res: 1.297273092779107183e-15
niter: 966 Res: 1.277913546561036066e-15
niter: 967 Res: 1.276946784000863250e-15
niter: 968 Res: 1.279148333861549067e-15
niter: 969 Res: 1.278268161350626799e-15
niter: 970 Res: 1.299256486973825019e-15
niter: 971 Res: 1.285209556105654541e-15
niter: 972 Res: 1.273671635724727646e-15
niter: 973 Res: 1.283237962955323508e-15
niter: 974 Res: 1.258040722811900905e-15
niter: 975 Res: 1.260422031124905305e-15
niter: 976 Res: 1.281777564446446973e-15
niter: 977 Res: 1.322021291490570526e-15
niter: 978 Res: 1.330428917550668934e-15
niter: 979 Res: 1.294533384653796496e-15
niter: 980 Res: 1.290970608683850109e-15
niter: 981 Res: 1.298136337558058680e-15
niter: 982 Res: 1.311940893227644917e-15
niter: 983 Res: 1.313733835251245148e-15
niter: 984 Res: 1.309896945881718909e-15
niter: 985 Res: 1.309806084873253711e-15
niter: 986 Res: 1.298526696468221235e-15
niter: 987 Res: 1.290813439683021032e-15
niter: 988 Res: 1.290091358526621193e-15
niter: 989 Res: 1.301630612325254983e-15
niter: 990 Res: 1.277720828436481464e-15
niter: 991 Res: 1.279691695990106209e-15
niter: 992 Res: 1.295008880519974233e-15
niter: 993 Res: 1.261543937866794156e-15
niter: 994 Res: 1.260837790142499042e-15
niter: 995 Res: 1.267821813463642731e-15
niter: 996 Res: 1.284946811891140081e-15
niter: 997 Res: 1.269755832072750477e-15
niter: 998 Res: 1.253179901060923847e-15
niter: 999 Res: 1.248059108631664921e-15
niter: 1000 Res: 1.281080958830385249e-15
